[ 2018-07-09T14:57:10+08:00 ] ::1 /
INFO: [ app_init ] --START--
INFO: Run Behavior\BuildLiteBehavior [ RunTime:0.000036s ]
INFO: [ app_init ] --END-- [ RunTime:0.000523s ]
INFO: [ app_begin ] --START--
INFO: Run Behavior\ReadHtmlCacheBehavior [ RunTime:0.000465s ]
INFO: [ app_begin ] --END-- [ RunTime:0.000556s ]
SQL: SHOW COLUMNS FROM `di_home_image` [ RunTime:0.0024s ]
SQL: SELECT * FROM `di_home_image` WHERE ( id not in (select max(id) from di_home_image) ) ORDER BY id desc  [ RunTime:0.0005s ]
SQL: SELECT * FROM `di_home_image` WHERE ( id in (select max(id) from di_home_image) ) LIMIT 1   [ RunTime:0.0004s ]
SQL: SELECT COUNT(*) AS tp_count FROM `di_home_image` LIMIT 1   [ RunTime:0.0003s ]
SQL: SHOW COLUMNS FROM `di_contact` [ RunTime:0.0015s ]
SQL: SELECT * FROM `di_contact` LIMIT 1   [ RunTime:0.0007s ]
SQL: SHOW COLUMNS FROM `di_information` [ RunTime:0.0027s ]
SQL: SELECT * FROM `di_information` WHERE ( if_special = 1 ) LIMIT 1   [ RunTime:0.0004s ]
SQL: SELECT * FROM `di_information` WHERE ( id = 1 ) LIMIT 1   [ RunTime:0.0004s ]
SQL: SELECT * FROM `di_information` WHERE ( type = 1   ) ORDER BY id desc LIMIT 0,9   [ RunTime:0.0003s ]
SQL: SHOW COLUMNS FROM `di_aboutus` [ RunTime:0.0015s ]
SQL: SELECT * FROM `di_aboutus` WHERE ( id = 1 ) LIMIT 1   [ RunTime:0.0004s ]
INFO: [ view_parse ] --START--
INFO: [ template_filter ] --START--
INFO: Run Behavior\ContentReplaceBehavior [ RunTime:0.000189s ]
INFO: [ template_filter ] --END-- [ RunTime:0.000278s ]
NOTIC: [8] Use of undefined constant d - assumed 'd' /Applications/MAMP/htdocs/cj/Application/Runtime/Cache/Yan/5e33b3de1bd1bfe7177922c3f561e02c.php 第 107 行.
NOTIC: [8] Use of undefined constant Y - assumed 'Y' /Applications/MAMP/htdocs/cj/Application/Runtime/Cache/Yan/5e33b3de1bd1bfe7177922c3f561e02c.php 第 108 行.
NOTIC: [8] Use of undefined constant m - assumed 'm' /Applications/MAMP/htdocs/cj/Application/Runtime/Cache/Yan/5e33b3de1bd1bfe7177922c3f561e02c.php 第 108 行.
NOTIC: [8] Use of undefined constant Y年m月d日 - assumed 'Y年m月d日' /Applications/MAMP/htdocs/cj/Application/Runtime/Cache/Yan/5e33b3de1bd1bfe7177922c3f561e02c.php 第 137 行.
NOTIC: [8] Use of undefined constant Y年m月d日 - assumed 'Y年m月d日' /Applications/MAMP/htdocs/cj/Application/Runtime/Cache/Yan/5e33b3de1bd1bfe7177922c3f561e02c.php 第 137 行.
NOTIC: [8] Use of undefined constant Y年m月d日 - assumed 'Y年m月d日' /Applications/MAMP/htdocs/cj/Application/Runtime/Cache/Yan/5e33b3de1bd1bfe7177922c3f561e02c.php 第 137 行.
INFO: Run Behavior\ParseTemplateBehavior [ RunTime:0.016429s ]
INFO: [ view_parse ] --END-- [ RunTime:0.016510s ]
INFO: [ view_filter ] --START--
INFO: Run Behavior\WriteHtmlCacheBehavior [ RunTime:0.000420s ]
INFO: [ view_filter ] --END-- [ RunTime:0.000503s ]
INFO: [ app_end ] --START--
INFO: Run Behavior\ShowPageTraceBehavior [ RunTime:0.000788s ]
INFO: [ app_end ] --END-- [ RunTime:0.001247s ]

[ 2018-07-09T14:59:00+08:00 ] ::1 /yan/information/aboutUs
INFO: [ app_init ] --START--
INFO: Run Behavior\BuildLiteBehavior [ RunTime:0.000033s ]
INFO: [ app_init ] --END-- [ RunTime:0.000515s ]
INFO: [ app_begin ] --START--
INFO: Run Behavior\ReadHtmlCacheBehavior [ RunTime:0.000543s ]
INFO: [ app_begin ] --END-- [ RunTime:0.000739s ]
SQL: SHOW COLUMNS FROM `di_contact` [ RunTime:0.0017s ]
SQL: SELECT * FROM `di_contact` LIMIT 1   [ RunTime:0.0005s ]
SQL: SHOW COLUMNS FROM `di_aboutus` [ RunTime:0.0019s ]
SQL: SELECT * FROM `di_aboutus` WHERE ( id = 1 ) LIMIT 1   [ RunTime:0.0004s ]
SQL: SELECT * FROM `di_aboutus` WHERE ( type = 3 )  [ RunTime:0.0005s ]
SQL: SELECT * FROM `di_aboutus` WHERE ( type =2 and sortby = 1 )  [ RunTime:0.0004s ]
SQL: SELECT * FROM `di_aboutus` WHERE ( type =2 and sortby = 2 )  [ RunTime:0.0003s ]
INFO: [ view_parse ] --START--
INFO: [ template_filter ] --START--
INFO: Run Behavior\ContentReplaceBehavior [ RunTime:0.000473s ]
INFO: [ template_filter ] --END-- [ RunTime:0.000580s ]
INFO: Run Behavior\ParseTemplateBehavior [ RunTime:0.014392s ]
INFO: [ view_parse ] --END-- [ RunTime:0.014497s ]
INFO: [ view_filter ] --START--
INFO: Run Behavior\WriteHtmlCacheBehavior [ RunTime:0.000231s ]
INFO: [ view_filter ] --END-- [ RunTime:0.000315s ]
INFO: [ app_end ] --START--
INFO: Run Behavior\ShowPageTraceBehavior [ RunTime:0.000738s ]
INFO: [ app_end ] --END-- [ RunTime:0.000983s ]

[ 2018-07-09T14:59:00+08:00 ] ::1 /Public/static/assets/owlcarousel/owl.carousel.js
INFO: [ app_init ] --START--
INFO: Run Behavior\BuildLiteBehavior [ RunTime:0.000038s ]
INFO: [ app_init ] --END-- [ RunTime:0.000651s ]
INFO: [ app_begin ] --START--
INFO: Run Behavior\ReadHtmlCacheBehavior [ RunTime:0.000703s ]
INFO: [ app_begin ] --END-- [ RunTime:0.000867s ]
ERR: 无法加载控制器:Public

[ 2018-07-09T14:59:00+08:00 ] ::1 /Public/yanjiu/images/close.png
INFO: [ app_init ] --START--
INFO: Run Behavior\BuildLiteBehavior [ RunTime:0.000051s ]
INFO: [ app_init ] --END-- [ RunTime:0.000775s ]

[ 2018-07-09T14:59:00+08:00 ] ::1 /Public/static/assets/owlcarousel/owl.carousel.js
INFO: [ app_init ] --START--
INFO: Run Behavior\BuildLiteBehavior [ RunTime:0.000034s ]
INFO: [ app_init ] --END-- [ RunTime:0.000595s ]
INFO: [ app_begin ] --START--
INFO: Run Behavior\ReadHtmlCacheBehavior [ RunTime:0.000689s ]
INFO: [ app_begin ] --END-- [ RunTime:0.000819s ]
ERR: 无法加载控制器:Public

[ 2018-07-09T14:59:00+08:00 ] ::1 /Public/yanjiu/images/close.png
INFO: [ app_init ] --START--
INFO: Run Behavior\BuildLiteBehavior [ RunTime:0.000025s ]
INFO: [ app_init ] --END-- [ RunTime:0.000423s ]

[ 2018-07-09T14:59:08+08:00 ] ::1 /yan/index/index
INFO: [ app_init ] --START--
INFO: Run Behavior\BuildLiteBehavior [ RunTime:0.000035s ]
INFO: [ app_init ] --END-- [ RunTime:0.000671s ]
INFO: [ app_begin ] --START--
INFO: Run Behavior\ReadHtmlCacheBehavior [ RunTime:0.000515s ]
INFO: [ app_begin ] --END-- [ RunTime:0.000607s ]
SQL: SHOW COLUMNS FROM `di_home_image` [ RunTime:0.0026s ]
SQL: SELECT * FROM `di_home_image` WHERE ( id not in (select max(id) from di_home_image) ) ORDER BY id desc  [ RunTime:0.0004s ]
SQL: SELECT * FROM `di_home_image` WHERE ( id in (select max(id) from di_home_image) ) LIMIT 1   [ RunTime:0.0004s ]
SQL: SELECT COUNT(*) AS tp_count FROM `di_home_image` LIMIT 1   [ RunTime:0.0003s ]
SQL: SHOW COLUMNS FROM `di_contact` [ RunTime:0.0017s ]
SQL: SELECT * FROM `di_contact` LIMIT 1   [ RunTime:0.0004s ]
SQL: SHOW COLUMNS FROM `di_information` [ RunTime:0.0018s ]
SQL: SELECT * FROM `di_information` WHERE ( if_special = 1 ) LIMIT 1   [ RunTime:0.0004s ]
SQL: SELECT * FROM `di_information` WHERE ( id = 1 ) LIMIT 1   [ RunTime:0.0005s ]
SQL: SELECT * FROM `di_information` WHERE ( type = 1   ) ORDER BY id desc LIMIT 0,9   [ RunTime:0.0005s ]
SQL: SHOW COLUMNS FROM `di_aboutus` [ RunTime:0.0027s ]
SQL: SELECT * FROM `di_aboutus` WHERE ( id = 1 ) LIMIT 1   [ RunTime:0.0004s ]
INFO: [ view_parse ] --START--
INFO: [ template_filter ] --START--
INFO: Run Behavior\ContentReplaceBehavior [ RunTime:0.000243s ]
INFO: [ template_filter ] --END-- [ RunTime:0.000332s ]
NOTIC: [8] Use of undefined constant d - assumed 'd' /Applications/MAMP/htdocs/cj/Application/Runtime/Cache/Yan/5e33b3de1bd1bfe7177922c3f561e02c.php 第 107 行.
NOTIC: [8] Use of undefined constant Y - assumed 'Y' /Applications/MAMP/htdocs/cj/Application/Runtime/Cache/Yan/5e33b3de1bd1bfe7177922c3f561e02c.php 第 108 行.
NOTIC: [8] Use of undefined constant m - assumed 'm' /Applications/MAMP/htdocs/cj/Application/Runtime/Cache/Yan/5e33b3de1bd1bfe7177922c3f561e02c.php 第 108 行.
NOTIC: [8] Use of undefined constant Y年m月d日 - assumed 'Y年m月d日' /Applications/MAMP/htdocs/cj/Application/Runtime/Cache/Yan/5e33b3de1bd1bfe7177922c3f561e02c.php 第 137 行.
NOTIC: [8] Use of undefined constant Y年m月d日 - assumed 'Y年m月d日' /Applications/MAMP/htdocs/cj/Application/Runtime/Cache/Yan/5e33b3de1bd1bfe7177922c3f561e02c.php 第 137 行.
NOTIC: [8] Use of undefined constant Y年m月d日 - assumed 'Y年m月d日' /Applications/MAMP/htdocs/cj/Application/Runtime/Cache/Yan/5e33b3de1bd1bfe7177922c3f561e02c.php 第 137 行.
INFO: Run Behavior\ParseTemplateBehavior [ RunTime:0.013547s ]
INFO: [ view_parse ] --END-- [ RunTime:0.013636s ]
INFO: [ view_filter ] --START--
INFO: Run Behavior\WriteHtmlCacheBehavior [ RunTime:0.000273s ]
INFO: [ view_filter ] --END-- [ RunTime:0.000356s ]
INFO: [ app_end ] --START--
INFO: Run Behavior\ShowPageTraceBehavior [ RunTime:0.000802s ]
INFO: [ app_end ] --END-- [ RunTime:0.001006s ]

[ 2018-07-09T14:59:08+08:00 ] ::1 /Public/static/assets/owlcarousel/owl.carousel.js
INFO: [ app_init ] --START--
INFO: Run Behavior\BuildLiteBehavior [ RunTime:0.000020s ]
INFO: [ app_init ] --END-- [ RunTime:0.000371s ]
INFO: [ app_begin ] --START--
INFO: Run Behavior\ReadHtmlCacheBehavior [ RunTime:0.000434s ]
INFO: [ app_begin ] --END-- [ RunTime:0.000517s ]
ERR: 无法加载控制器:Public

[ 2018-07-09T15:00:38+08:00 ] ::1 /yan/index/index
INFO: [ app_init ] --START--
INFO: Run Behavior\BuildLiteBehavior [ RunTime:0.000037s ]
INFO: [ app_init ] --END-- [ RunTime:0.000620s ]
INFO: [ app_begin ] --START--
INFO: Run Behavior\ReadHtmlCacheBehavior [ RunTime:0.000508s ]
INFO: [ app_begin ] --END-- [ RunTime:0.000594s ]
SQL: SHOW COLUMNS FROM `di_home_image` [ RunTime:0.0027s ]
SQL: SELECT * FROM `di_home_image` WHERE ( id not in (select max(id) from di_home_image) ) ORDER BY id desc  [ RunTime:0.0004s ]
SQL: SELECT * FROM `di_home_image` WHERE ( id in (select max(id) from di_home_image) ) LIMIT 1   [ RunTime:0.0003s ]
SQL: SELECT COUNT(*) AS tp_count FROM `di_home_image` LIMIT 1   [ RunTime:0.0002s ]
SQL: SHOW COLUMNS FROM `di_contact` [ RunTime:0.0017s ]
SQL: SELECT * FROM `di_contact` LIMIT 1   [ RunTime:0.0012s ]
SQL: SHOW COLUMNS FROM `di_information` [ RunTime:0.0019s ]
SQL: SELECT * FROM `di_information` WHERE ( if_special = 1 ) LIMIT 1   [ RunTime:0.0004s ]
SQL: SELECT * FROM `di_information` WHERE ( id = 1 ) LIMIT 1   [ RunTime:0.0003s ]
SQL: SELECT * FROM `di_information` WHERE ( type = 1   ) ORDER BY id desc LIMIT 0,9   [ RunTime:0.0006s ]
SQL: SHOW COLUMNS FROM `di_aboutus` [ RunTime:0.0014s ]
SQL: SELECT * FROM `di_aboutus` WHERE ( id = 1 ) LIMIT 1   [ RunTime:0.0004s ]
INFO: [ view_parse ] --START--
INFO: [ template_filter ] --START--
INFO: Run Behavior\ContentReplaceBehavior [ RunTime:0.000185s ]
INFO: [ template_filter ] --END-- [ RunTime:0.000273s ]
NOTIC: [8] Use of undefined constant d - assumed 'd' /Applications/MAMP/htdocs/cj/Application/Runtime/Cache/Yan/5e33b3de1bd1bfe7177922c3f561e02c.php 第 107 行.
NOTIC: [8] Use of undefined constant Y - assumed 'Y' /Applications/MAMP/htdocs/cj/Application/Runtime/Cache/Yan/5e33b3de1bd1bfe7177922c3f561e02c.php 第 108 行.
NOTIC: [8] Use of undefined constant m - assumed 'm' /Applications/MAMP/htdocs/cj/Application/Runtime/Cache/Yan/5e33b3de1bd1bfe7177922c3f561e02c.php 第 108 行.
NOTIC: [8] Use of undefined constant Y年m月d日 - assumed 'Y年m月d日' /Applications/MAMP/htdocs/cj/Application/Runtime/Cache/Yan/5e33b3de1bd1bfe7177922c3f561e02c.php 第 137 行.
NOTIC: [8] Use of undefined constant Y年m月d日 - assumed 'Y年m月d日' /Applications/MAMP/htdocs/cj/Application/Runtime/Cache/Yan/5e33b3de1bd1bfe7177922c3f561e02c.php 第 137 行.
NOTIC: [8] Use of undefined constant Y年m月d日 - assumed 'Y年m月d日' /Applications/MAMP/htdocs/cj/Application/Runtime/Cache/Yan/5e33b3de1bd1bfe7177922c3f561e02c.php 第 137 行.
INFO: Run Behavior\ParseTemplateBehavior [ RunTime:0.015495s ]
INFO: [ view_parse ] --END-- [ RunTime:0.015573s ]
INFO: [ view_filter ] --START--
INFO: Run Behavior\WriteHtmlCacheBehavior [ RunTime:0.000176s ]
INFO: [ view_filter ] --END-- [ RunTime:0.000345s ]
INFO: [ app_end ] --START--
INFO: Run Behavior\ShowPageTraceBehavior [ RunTime:0.000632s ]
INFO: [ app_end ] --END-- [ RunTime:0.000800s ]

[ 2018-07-09T15:00:38+08:00 ] ::1 /Public/static/assets/owlcarousel/owl.carousel.js
INFO: [ app_init ] --START--
INFO: Run Behavior\BuildLiteBehavior [ RunTime:0.000042s ]
INFO: [ app_init ] --END-- [ RunTime:0.000950s ]
INFO: [ app_begin ] --START--
INFO: Run Behavior\ReadHtmlCacheBehavior [ RunTime:0.000755s ]
INFO: [ app_begin ] --END-- [ RunTime:0.000919s ]
ERR: 无法加载控制器:Public

[ 2018-07-09T15:00:38+08:00 ] ::1 /Public/yanjiu/images/close.png
INFO: [ app_init ] --START--
INFO: Run Behavior\BuildLiteBehavior [ RunTime:0.000060s ]
INFO: [ app_init ] --END-- [ RunTime:0.000896s ]

[ 2018-07-09T15:00:39+08:00 ] ::1 /Public/static/assets/owlcarousel/owl.carousel.js
INFO: [ app_init ] --START--
INFO: Run Behavior\BuildLiteBehavior [ RunTime:0.000042s ]
INFO: [ app_init ] --END-- [ RunTime:0.000696s ]
INFO: [ app_begin ] --START--
INFO: Run Behavior\ReadHtmlCacheBehavior [ RunTime:0.001404s ]
INFO: [ app_begin ] --END-- [ RunTime:0.001610s ]
ERR: 无法加载控制器:Public

[ 2018-07-09T15:00:39+08:00 ] ::1 /Public/yanjiu/images/close.png
INFO: [ app_init ] --START--
INFO: Run Behavior\BuildLiteBehavior [ RunTime:0.000031s ]
INFO: [ app_init ] --END-- [ RunTime:0.000555s ]

[ 2018-07-09T21:58:44+08:00 ] ::1 /mmhead/ver_1/NWy1vYqUl1Zeatia1v9g3STfD378ia8EwGpcMEeCicFgibCQGIcpQicZCIfQ82REGV7DEmQaSYNSeO0XJo5LFPTenCA/132
INFO: [ app_init ] --START--
INFO: Run Behavior\BuildLiteBehavior [ RunTime:0.000051s ]
INFO: [ app_init ] --END-- [ RunTime:0.001410s ]
INFO: [ app_begin ] --START--
INFO: Run Behavior\ReadHtmlCacheBehavior [ RunTime:0.001070s ]
INFO: [ app_begin ] --END-- [ RunTime:0.001230s ]
ERR: 无法加载控制器:Mmhead

[ 2018-07-09T21:58:44+08:00 ] ::1 /mmhead/ver_1/GS8O3cgdy5OkLkdAsgkCKShglMWrtRia7TP7Tc2yshTXeSsr9RibyOGCo0VmbgthcZX3rR1Ooysn8fUhReb8KOKQ/132
INFO: [ app_init ] --START--
INFO: Run Behavior\BuildLiteBehavior [ RunTime:0.000058s ]
INFO: [ app_init ] --END-- [ RunTime:0.001128s ]
INFO: [ app_begin ] --START--
INFO: Run Behavior\ReadHtmlCacheBehavior [ RunTime:0.000843s ]
INFO: [ app_begin ] --END-- [ RunTime:0.001339s ]
ERR: 无法加载控制器:Mmhead

[ 2018-07-09T22:11:38+08:00 ] ::1 /g?b=qq&k=RiaYohZta4UV5erkMPTOauw&s=640
INFO: [ app_init ] --START--
INFO: Run Behavior\BuildLiteBehavior [ RunTime:0.000036s ]
INFO: [ app_init ] --END-- [ RunTime:0.000734s ]
INFO: [ app_begin ] --START--
INFO: Run Behavior\ReadHtmlCacheBehavior [ RunTime:0.000806s ]
INFO: [ app_begin ] --END-- [ RunTime:0.000921s ]
ERR: 无法加载控制器:640

[ 2018-07-09T22:12:16+08:00 ] ::1 /g?b=qq&k=RiaYohZta4UV5erkMPTOauw&s=640
INFO: [ app_init ] --START--
INFO: Run Behavior\BuildLiteBehavior [ RunTime:0.000036s ]
INFO: [ app_init ] --END-- [ RunTime:0.000524s ]
INFO: [ app_begin ] --START--
INFO: Run Behavior\ReadHtmlCacheBehavior [ RunTime:0.000502s ]
INFO: [ app_begin ] --END-- [ RunTime:0.000590s ]
ERR: 无法加载控制器:640

[ 2018-07-09T22:12:26+08:00 ] ::1 /g?b=qq&k=RiaYohZta4UV5erkMPTOauw&s=640
INFO: [ app_init ] --START--
INFO: Run Behavior\BuildLiteBehavior [ RunTime:0.000036s ]
INFO: [ app_init ] --END-- [ RunTime:0.001696s ]
INFO: [ app_begin ] --START--
INFO: Run Behavior\ReadHtmlCacheBehavior [ RunTime:0.000688s ]
INFO: [ app_begin ] --END-- [ RunTime:0.000828s ]
ERR: 无法加载控制器:640

[ 2018-07-09T22:14:46+08:00 ] ::1 /g?b=qq&k=RiaYohZta4UV5erkMPTOauw&s=640
INFO: [ app_init ] --START--
INFO: Run Behavior\BuildLiteBehavior [ RunTime:0.000025s ]
INFO: [ app_init ] --END-- [ RunTime:0.001642s ]
INFO: [ app_begin ] --START--
INFO: Run Behavior\ReadHtmlCacheBehavior [ RunTime:0.000869s ]
INFO: [ app_begin ] --END-- [ RunTime:0.000982s ]
ERR: 无法加载控制器:640

[ 2018-07-09T22:30:03+08:00 ] ::1 /g?b=qq&k=RiaYohZta4UV5erkMPTOauw&s=640
INFO: [ app_init ] --START--
INFO: Run Behavior\BuildLiteBehavior [ RunTime:0.000043s ]
INFO: [ app_init ] --END-- [ RunTime:0.000757s ]
INFO: [ app_begin ] --START--
INFO: Run Behavior\ReadHtmlCacheBehavior [ RunTime:0.000722s ]
INFO: [ app_begin ] --END-- [ RunTime:0.000818s ]
ERR: 无法加载控制器:640

[ 2018-07-09T22:33:40+08:00 ] ::1 /g?b=qq&k=RiaYohZta4UV5erkMPTOauw&s=640
INFO: [ app_init ] --START--
INFO: Run Behavior\BuildLiteBehavior [ RunTime:0.000067s ]
INFO: [ app_init ] --END-- [ RunTime:0.001700s ]
INFO: [ app_begin ] --START--
INFO: Run Behavior\ReadHtmlCacheBehavior [ RunTime:0.000741s ]
INFO: [ app_begin ] --END-- [ RunTime:0.000834s ]
ERR: 无法加载控制器:640

[ 2018-07-09T23:12:59+08:00 ] ::1 /mmhead/ver_1/o4hdoYfIUbHVGpJQ17UMicrsDof30t053kXeHTjUcChWP45zEXA2I0sIdkjTF1a8B4BZGNMwsHpyMLmhjYEp3ZA9ibNTHIia7CPrIy0GnMU0FY/132
INFO: [ app_init ] --START--
INFO: Run Behavior\BuildLiteBehavior [ RunTime:0.000074s ]
INFO: [ app_init ] --END-- [ RunTime:0.001824s ]
INFO: [ app_begin ] --START--
INFO: Run Behavior\ReadHtmlCacheBehavior [ RunTime:0.000727s ]
INFO: [ app_begin ] --END-- [ RunTime:0.000864s ]
ERR: 无法加载控制器:Mmhead

