[ 2018-07-10T07:51:08+08:00 ] ::1 /yan/information/aboutUs
INFO: [ app_init ] --START--
INFO: Run Behavior\BuildLiteBehavior [ RunTime:0.000039s ]
INFO: [ app_init ] --END-- [ RunTime:0.000915s ]
INFO: [ app_begin ] --START--
INFO: Run Behavior\ReadHtmlCacheBehavior [ RunTime:0.000690s ]
INFO: [ app_begin ] --END-- [ RunTime:0.000789s ]
ERR: SQLSTATE[HY000] [1045] Access denied for user 'cj'@'localhost' (using password: YES)

[ 2018-07-10T07:51:14+08:00 ] ::1 /Public/static/assets/owlcarousel/owl.carousel.js
INFO: [ app_init ] --START--
INFO: Run Behavior\BuildLiteBehavior [ RunTime:0.000027s ]
INFO: [ app_init ] --END-- [ RunTime:0.000567s ]
INFO: [ app_begin ] --START--
INFO: Run Behavior\ReadHtmlCacheBehavior [ RunTime:0.000618s ]
INFO: [ app_begin ] --END-- [ RunTime:0.000776s ]
ERR: 无法加载控制器:Public

[ 2018-07-10T07:51:16+08:00 ] ::1 /yan/information/aboutUs
INFO: [ app_init ] --START--
INFO: Run Behavior\BuildLiteBehavior [ RunTime:0.000095s ]
INFO: [ app_init ] --END-- [ RunTime:0.002287s ]
INFO: [ app_begin ] --START--
INFO: Run Behavior\ReadHtmlCacheBehavior [ RunTime:0.000916s ]
INFO: [ app_begin ] --END-- [ RunTime:0.001044s ]
ERR: SQLSTATE[HY000] [1045] Access denied for user 'cj'@'localhost' (using password: YES)

[ 2018-07-10T07:51:19+08:00 ] ::1 /Public/static/assets/owlcarousel/owl.carousel.js
INFO: [ app_init ] --START--
INFO: Run Behavior\BuildLiteBehavior [ RunTime:0.000043s ]
INFO: [ app_init ] --END-- [ RunTime:0.000707s ]
INFO: [ app_begin ] --START--
INFO: Run Behavior\ReadHtmlCacheBehavior [ RunTime:0.000773s ]
INFO: [ app_begin ] --END-- [ RunTime:0.000981s ]
ERR: 无法加载控制器:Public

[ 2018-07-10T07:51:23+08:00 ] ::1 /yan/information/production
INFO: [ app_init ] --START--
INFO: Run Behavior\BuildLiteBehavior [ RunTime:0.000027s ]
INFO: [ app_init ] --END-- [ RunTime:0.000402s ]
INFO: [ app_begin ] --START--
INFO: Run Behavior\ReadHtmlCacheBehavior [ RunTime:0.000977s ]
INFO: [ app_begin ] --END-- [ RunTime:0.003656s ]
ERR: SQLSTATE[HY000] [1045] Access denied for user 'cj'@'localhost' (using password: YES)

[ 2018-07-10T07:51:25+08:00 ] ::1 /Public/static/assets/owlcarousel/owl.carousel.js
INFO: [ app_init ] --START--
INFO: Run Behavior\BuildLiteBehavior [ RunTime:0.000043s ]
INFO: [ app_init ] --END-- [ RunTime:0.000829s ]
INFO: [ app_begin ] --START--
INFO: Run Behavior\ReadHtmlCacheBehavior [ RunTime:0.000689s ]
INFO: [ app_begin ] --END-- [ RunTime:0.000889s ]
ERR: 无法加载控制器:Public

[ 2018-07-10T14:49:28+08:00 ] ::1 /mmcrhead/PiajxSqBRaEIiag9IWKYq5FrJF43wAJ7PZSUOEl8FJWUdttrx5MAjgudghiaCwZMEjboH96HYJ415bor16Ua3x4VLzwIxLl3GPm/0
INFO: [ app_init ] --START--
INFO: Run Behavior\BuildLiteBehavior [ RunTime:0.000025s ]
INFO: [ app_init ] --END-- [ RunTime:0.000797s ]
INFO: [ app_begin ] --START--
INFO: Run Behavior\ReadHtmlCacheBehavior [ RunTime:0.000757s ]
INFO: [ app_begin ] --END-- [ RunTime:0.000858s ]
ERR: 无法加载控制器:Mmcrhead

[ 2018-07-10T14:49:29+08:00 ] ::1 /mmhead/ver_1/5ukVmR7RKV3Mh3p4fC2tjptz6ltJeichxy05NELkqlw4TPfjcMabkgEgCbjXOVEotsibokKsGRTqLSgevmTypc8ANcZr2pQeGia3QOpxpSicDk0/132
INFO: [ app_init ] --START--
INFO: Run Behavior\BuildLiteBehavior [ RunTime:0.000033s ]
INFO: [ app_init ] --END-- [ RunTime:0.000664s ]
INFO: [ app_begin ] --START--
INFO: Run Behavior\ReadHtmlCacheBehavior [ RunTime:0.000919s ]
INFO: [ app_begin ] --END-- [ RunTime:0.001066s ]
ERR: 无法加载控制器:Mmhead

[ 2018-07-10T14:49:29+08:00 ] ::1 /mmhead/ver_1/8ydSiaOOlwlAKKIK5ZsVnRfWEEicX221MSJibdeRt9xGtejWp9pZJicY9BfWNibIY3xic7ZnEYMxMzke6K2AXzTA8jx4I5rBgYMxYHexL9xWwEBkk/132
INFO: [ app_init ] --START--
INFO: Run Behavior\BuildLiteBehavior [ RunTime:0.000030s ]
INFO: [ app_init ] --END-- [ RunTime:0.000747s ]
INFO: [ app_begin ] --START--
INFO: Run Behavior\ReadHtmlCacheBehavior [ RunTime:0.001539s ]
INFO: [ app_begin ] --END-- [ RunTime:0.001675s ]
ERR: 无法加载控制器:Mmhead

[ 2018-07-10T14:49:29+08:00 ] ::1 /mmhead/ver_1/P5tSxA83oXHN4glibFz6mAzDNUEztibCjcwmDV4E4wpfN9Un79TbiaFHfrzuv39AxKc57RkKs31PxSpvWQmH49Jv6gGFAWF2BjXgcvXYQ5U0uE/132
INFO: [ app_init ] --START--
INFO: Run Behavior\BuildLiteBehavior [ RunTime:0.000140s ]
INFO: [ app_init ] --END-- [ RunTime:0.003213s ]
INFO: [ app_begin ] --START--
INFO: Run Behavior\ReadHtmlCacheBehavior [ RunTime:0.000669s ]
INFO: [ app_begin ] --END-- [ RunTime:0.000811s ]
ERR: 无法加载控制器:Mmhead

[ 2018-07-10T14:49:29+08:00 ] ::1 /mmcrhead/6mXOeYa4HU8bBG5R0LC9QuunK8sUgvXicceoOaOfFYXiah9vVuU7j1IUkINQCdX2cQKvDZiaqnDZ0IMs3CyulP9jmTIYe9Kyx6M/0
INFO: [ app_init ] --START--
INFO: Run Behavior\BuildLiteBehavior [ RunTime:0.000063s ]
INFO: [ app_init ] --END-- [ RunTime:0.002744s ]
INFO: [ app_begin ] --START--
INFO: Run Behavior\ReadHtmlCacheBehavior [ RunTime:0.000727s ]
INFO: [ app_begin ] --END-- [ RunTime:0.000875s ]
ERR: 无法加载控制器:Mmcrhead

[ 2018-07-10T14:49:29+08:00 ] ::1 /mmhead/ver_1/yUicP80rAh2ic2FsceqR5H97KdFuzDZWZ4xiaYuoYAGAzsbM6wsvx3UngvH1Ft0lrYIxP5dyD2ytwIjYMG7XL2bZFC0rRrSIBgniaPiamib8evV7U/132
INFO: [ app_init ] --START--
INFO: Run Behavior\BuildLiteBehavior [ RunTime:0.000021s ]
INFO: [ app_init ] --END-- [ RunTime:0.000399s ]
INFO: [ app_begin ] --START--
INFO: Run Behavior\ReadHtmlCacheBehavior [ RunTime:0.000739s ]
INFO: [ app_begin ] --END-- [ RunTime:0.000831s ]
ERR: 无法加载控制器:Mmhead

[ 2018-07-10T14:49:30+08:00 ] ::1 /mmcrhead/6mXOeYa4HU8bBG5R0LC9QuunK8sUgvXicceoOaOfFYXiah9vVuU7j1IUkINQCdX2cQKvDZiaqnDZ0IMs3CyulP9jmTIYe9Kyx6M/0
INFO: [ app_init ] --START--
INFO: Run Behavior\BuildLiteBehavior [ RunTime:0.000020s ]
INFO: [ app_init ] --END-- [ RunTime:0.000376s ]
INFO: [ app_begin ] --START--
INFO: Run Behavior\ReadHtmlCacheBehavior [ RunTime:0.000500s ]
INFO: [ app_begin ] --END-- [ RunTime:0.000588s ]
ERR: 无法加载控制器:Mmcrhead

[ 2018-07-10T14:49:30+08:00 ] ::1 /mmcrhead/PiajxSqBRaEIiag9IWKYq5FrJF43wAJ7PZSUOEl8FJWUdttrx5MAjgudghiaCwZMEjboH96HYJ415bor16Ua3x4VLzwIxLl3GPm/0
INFO: [ app_init ] --START--
INFO: Run Behavior\BuildLiteBehavior [ RunTime:0.000023s ]
INFO: [ app_init ] --END-- [ RunTime:0.000445s ]
INFO: [ app_begin ] --START--
INFO: Run Behavior\ReadHtmlCacheBehavior [ RunTime:0.000510s ]
INFO: [ app_begin ] --END-- [ RunTime:0.000668s ]
ERR: 无法加载控制器:Mmcrhead

[ 2018-07-10T14:51:54+08:00 ] ::1 /mmhead/ver_1/yUicP80rAh2ic2FsceqR5H97KdFuzDZWZ4xiaYuoYAGAzsbM6wsvx3UngvH1Ft0lrYIxP5dyD2ytwIjYMG7XL2bZFC0rRrSIBgniaPiamib8evV7U/132
INFO: [ app_init ] --START--
INFO: Run Behavior\BuildLiteBehavior [ RunTime:0.000020s ]
INFO: [ app_init ] --END-- [ RunTime:0.000372s ]
INFO: [ app_begin ] --START--
INFO: Run Behavior\ReadHtmlCacheBehavior [ RunTime:0.000691s ]
INFO: [ app_begin ] --END-- [ RunTime:0.000857s ]
ERR: 无法加载控制器:Mmhead

[ 2018-07-10T14:51:54+08:00 ] ::1 /mmhead/ver_1/L99cEwDsKE2iauTCDibIlBFtkF6NlaP0WSDg6Fw2EYHhly9czq01H75hEctf8icPXZZjVWrIg8e0WwagPmrPkic8I25uzwAOpvvlznwRmKNG4Kc/132
INFO: [ app_init ] --START--
INFO: Run Behavior\BuildLiteBehavior [ RunTime:0.000039s ]
INFO: [ app_init ] --END-- [ RunTime:0.000676s ]
INFO: [ app_begin ] --START--
INFO: Run Behavior\ReadHtmlCacheBehavior [ RunTime:0.001515s ]
INFO: [ app_begin ] --END-- [ RunTime:0.001805s ]
ERR: 无法加载控制器:Mmhead

[ 2018-07-10T14:52:14+08:00 ] ::1 /mmcrhead/PiajxSqBRaEIiag9IWKYq5FrJF43wAJ7PZSUOEl8FJWUdttrx5MAjgudghiaCwZMEjboH96HYJ415bor16Ua3x4VLzwIxLl3GPm/0
INFO: [ app_init ] --START--
INFO: Run Behavior\BuildLiteBehavior [ RunTime:0.000022s ]
INFO: [ app_init ] --END-- [ RunTime:0.000517s ]
INFO: [ app_begin ] --START--
INFO: Run Behavior\ReadHtmlCacheBehavior [ RunTime:0.000504s ]
INFO: [ app_begin ] --END-- [ RunTime:0.000586s ]
ERR: 无法加载控制器:Mmcrhead

[ 2018-07-10T15:12:05+08:00 ] ::1 /mmcrhead/PiajxSqBRaEIiag9IWKYq5FrJF43wAJ7PZSUOEl8FJWUdttrx5MAjgudghiaCwZMEjboH96HYJ415bor16Ua3x4VLzwIxLl3GPm/0
INFO: [ app_init ] --START--
INFO: Run Behavior\BuildLiteBehavior [ RunTime:0.000023s ]
INFO: [ app_init ] --END-- [ RunTime:0.000770s ]
INFO: [ app_begin ] --START--
INFO: Run Behavior\ReadHtmlCacheBehavior [ RunTime:0.000855s ]
INFO: [ app_begin ] --END-- [ RunTime:0.000956s ]
ERR: 无法加载控制器:Mmcrhead

[ 2018-07-10T15:12:10+08:00 ] ::1 /mmcrhead/PiajxSqBRaEIiag9IWKYq5FrJF43wAJ7PZSUOEl8FJWUdttrx5MAjgudghiaCwZMEjboH96HYJ415bor16Ua3x4VLzwIxLl3GPm/0
INFO: [ app_init ] --START--
INFO: Run Behavior\BuildLiteBehavior [ RunTime:0.000022s ]
INFO: [ app_init ] --END-- [ RunTime:0.000437s ]
INFO: [ app_begin ] --START--
INFO: Run Behavior\ReadHtmlCacheBehavior [ RunTime:0.000640s ]
INFO: [ app_begin ] --END-- [ RunTime:0.000781s ]
ERR: 无法加载控制器:Mmcrhead

[ 2018-07-10T15:20:33+08:00 ] ::1 /mmcrhead/PiajxSqBRaEIiag9IWKYq5FrJF43wAJ7PZSUOEl8FJWUdttrx5MAjgudghiaCwZMEjboH96HYJ415bor16Ua3x4VLzwIxLl3GPm/0
INFO: [ app_init ] --START--
INFO: Run Behavior\BuildLiteBehavior [ RunTime:0.000033s ]
INFO: [ app_init ] --END-- [ RunTime:0.000616s ]
INFO: [ app_begin ] --START--
INFO: Run Behavior\ReadHtmlCacheBehavior [ RunTime:0.000551s ]
INFO: [ app_begin ] --END-- [ RunTime:0.000648s ]
ERR: 无法加载控制器:Mmcrhead

[ 2018-07-10T15:20:42+08:00 ] ::1 /mmcrhead/PiajxSqBRaEIiag9IWKYq5FrJF43wAJ7PZSUOEl8FJWUdttrx5MAjgudghiaCwZMEjboH96HYJ415bor16Ua3x4VLzwIxLl3GPm/0
INFO: [ app_init ] --START--
INFO: Run Behavior\BuildLiteBehavior [ RunTime:0.000070s ]
INFO: [ app_init ] --END-- [ RunTime:0.001488s ]
INFO: [ app_begin ] --START--
INFO: Run Behavior\ReadHtmlCacheBehavior [ RunTime:0.001961s ]
INFO: [ app_begin ] --END-- [ RunTime:0.002819s ]
ERR: 无法加载控制器:Mmcrhead

[ 2018-07-10T15:25:24+08:00 ] ::1 /mmcrhead/PiajxSqBRaEIiag9IWKYq5FrJF43wAJ7PZSUOEl8FJWUdttrx5MAjgudghiaCwZMEjboH96HYJ415bor16Ua3x4VLzwIxLl3GPm/0
INFO: [ app_init ] --START--
INFO: Run Behavior\BuildLiteBehavior [ RunTime:0.000036s ]
INFO: [ app_init ] --END-- [ RunTime:0.001211s ]
INFO: [ app_begin ] --START--
INFO: Run Behavior\ReadHtmlCacheBehavior [ RunTime:0.001557s ]
INFO: [ app_begin ] --END-- [ RunTime:0.001761s ]
ERR: 无法加载控制器:Mmcrhead

[ 2018-07-10T15:25:55+08:00 ] ::1 /mmcrhead/PiajxSqBRaEIiag9IWKYq5FrJF43wAJ7PZSUOEl8FJWUdttrx5MAjgudghiaCwZMEjboH96HYJ415bor16Ua3x4VLzwIxLl3GPm/0
INFO: [ app_init ] --START--
INFO: Run Behavior\BuildLiteBehavior [ RunTime:0.000039s ]
INFO: [ app_init ] --END-- [ RunTime:0.001183s ]
INFO: [ app_begin ] --START--
INFO: Run Behavior\ReadHtmlCacheBehavior [ RunTime:0.000603s ]
INFO: [ app_begin ] --END-- [ RunTime:0.000716s ]
ERR: 无法加载控制器:Mmcrhead

[ 2018-07-10T15:25:55+08:00 ] ::1 /mmcrhead/PiajxSqBRaEIiag9IWKYq5FrJF43wAJ7PZSUOEl8FJWUdttrx5MAjgudghiaCwZMEjboH96HYJ415bor16Ua3x4VLzwIxLl3GPm/0
INFO: [ app_init ] --START--
INFO: Run Behavior\BuildLiteBehavior [ RunTime:0.000038s ]
INFO: [ app_init ] --END-- [ RunTime:0.001039s ]
INFO: [ app_begin ] --START--
INFO: Run Behavior\ReadHtmlCacheBehavior [ RunTime:0.000550s ]
INFO: [ app_begin ] --END-- [ RunTime:0.000691s ]
ERR: 无法加载控制器:Mmcrhead

[ 2018-07-10T15:26:57+08:00 ] ::1 /mmcrhead/PiajxSqBRaEIiag9IWKYq5FrJF43wAJ7PZSUOEl8FJWUdttrx5MAjgudghiaCwZMEjboH96HYJ415bor16Ua3x4VLzwIxLl3GPm/0
INFO: [ app_init ] --START--
INFO: Run Behavior\BuildLiteBehavior [ RunTime:0.000022s ]
INFO: [ app_init ] --END-- [ RunTime:0.000476s ]
INFO: [ app_begin ] --START--
INFO: Run Behavior\ReadHtmlCacheBehavior [ RunTime:0.000525s ]
INFO: [ app_begin ] --END-- [ RunTime:0.000634s ]
ERR: 无法加载控制器:Mmcrhead

[ 2018-07-10T15:27:05+08:00 ] ::1 /mmcrhead/PiajxSqBRaEIiag9IWKYq5FrJF43wAJ7PZSUOEl8FJWUdttrx5MAjgudghiaCwZMEjboH96HYJ415bor16Ua3x4VLzwIxLl3GPm/0
INFO: [ app_init ] --START--
INFO: Run Behavior\BuildLiteBehavior [ RunTime:0.000024s ]
INFO: [ app_init ] --END-- [ RunTime:0.000992s ]
INFO: [ app_begin ] --START--
INFO: Run Behavior\ReadHtmlCacheBehavior [ RunTime:0.001207s ]
INFO: [ app_begin ] --END-- [ RunTime:0.001319s ]
ERR: 无法加载控制器:Mmcrhead

[ 2018-07-10T15:27:16+08:00 ] ::1 /mmcrhead/PiajxSqBRaEIiag9IWKYq5FrJF43wAJ7PZSUOEl8FJWUdttrx5MAjgudghiaCwZMEjboH96HYJ415bor16Ua3x4VLzwIxLl3GPm/0
INFO: [ app_init ] --START--
INFO: Run Behavior\BuildLiteBehavior [ RunTime:0.000023s ]
INFO: [ app_init ] --END-- [ RunTime:0.000414s ]
INFO: [ app_begin ] --START--
INFO: Run Behavior\ReadHtmlCacheBehavior [ RunTime:0.000489s ]
INFO: [ app_begin ] --END-- [ RunTime:0.000576s ]
ERR: 无法加载控制器:Mmcrhead

[ 2018-07-10T15:27:20+08:00 ] ::1 /mmcrhead/PiajxSqBRaEIiag9IWKYq5FrJF43wAJ7PZSUOEl8FJWUdttrx5MAjgudghiaCwZMEjboH96HYJ415bor16Ua3x4VLzwIxLl3GPm/0
INFO: [ app_init ] --START--
INFO: Run Behavior\BuildLiteBehavior [ RunTime:0.000022s ]
INFO: [ app_init ] --END-- [ RunTime:0.000426s ]
INFO: [ app_begin ] --START--
INFO: Run Behavior\ReadHtmlCacheBehavior [ RunTime:0.001453s ]
INFO: [ app_begin ] --END-- [ RunTime:0.001682s ]
ERR: 无法加载控制器:Mmcrhead

[ 2018-07-10T15:27:24+08:00 ] ::1 /mmcrhead/PiajxSqBRaEIiag9IWKYq5FrJF43wAJ7PZSUOEl8FJWUdttrx5MAjgudghiaCwZMEjboH96HYJ415bor16Ua3x4VLzwIxLl3GPm/0
INFO: [ app_init ] --START--
INFO: Run Behavior\BuildLiteBehavior [ RunTime:0.000021s ]
INFO: [ app_init ] --END-- [ RunTime:0.000386s ]
INFO: [ app_begin ] --START--
INFO: Run Behavior\ReadHtmlCacheBehavior [ RunTime:0.000455s ]
INFO: [ app_begin ] --END-- [ RunTime:0.000544s ]
ERR: 无法加载控制器:Mmcrhead

[ 2018-07-10T15:27:26+08:00 ] ::1 /mmcrhead/PiajxSqBRaEIiag9IWKYq5FrJF43wAJ7PZSUOEl8FJWUdttrx5MAjgudghiaCwZMEjboH96HYJ415bor16Ua3x4VLzwIxLl3GPm/0
INFO: [ app_init ] --START--
INFO: Run Behavior\BuildLiteBehavior [ RunTime:0.000025s ]
INFO: [ app_init ] --END-- [ RunTime:0.000437s ]
INFO: [ app_begin ] --START--
INFO: Run Behavior\ReadHtmlCacheBehavior [ RunTime:0.000507s ]
INFO: [ app_begin ] --END-- [ RunTime:0.000621s ]
ERR: 无法加载控制器:Mmcrhead

[ 2018-07-10T15:27:31+08:00 ] ::1 /mmcrhead/PiajxSqBRaEIiag9IWKYq5FrJF43wAJ7PZSUOEl8FJWUdttrx5MAjgudghiaCwZMEjboH96HYJ415bor16Ua3x4VLzwIxLl3GPm/0
INFO: [ app_init ] --START--
INFO: Run Behavior\BuildLiteBehavior [ RunTime:0.000022s ]
INFO: [ app_init ] --END-- [ RunTime:0.000393s ]
INFO: [ app_begin ] --START--
INFO: Run Behavior\ReadHtmlCacheBehavior [ RunTime:0.000488s ]
INFO: [ app_begin ] --END-- [ RunTime:0.000584s ]
ERR: 无法加载控制器:Mmcrhead

[ 2018-07-10T15:28:46+08:00 ] ::1 /mmcrhead/PiajxSqBRaEIiag9IWKYq5FrJF43wAJ7PZSUOEl8FJWUdttrx5MAjgudghiaCwZMEjboH96HYJ415bor16Ua3x4VLzwIxLl3GPm/0
INFO: [ app_init ] --START--
INFO: Run Behavior\BuildLiteBehavior [ RunTime:0.000039s ]
INFO: [ app_init ] --END-- [ RunTime:0.000553s ]
INFO: [ app_begin ] --START--
INFO: Run Behavior\ReadHtmlCacheBehavior [ RunTime:0.000503s ]
INFO: [ app_begin ] --END-- [ RunTime:0.000598s ]
ERR: 无法加载控制器:Mmcrhead

[ 2018-07-10T15:35:14+08:00 ] ::1 /mmcrhead/PiajxSqBRaEIiag9IWKYq5FrJF43wAJ7PZSUOEl8FJWUdttrx5MAjgudghiaCwZMEjboH96HYJ415bor16Ua3x4VLzwIxLl3GPm/0
INFO: [ app_init ] --START--
INFO: Run Behavior\BuildLiteBehavior [ RunTime:0.000025s ]
INFO: [ app_init ] --END-- [ RunTime:0.000754s ]
INFO: [ app_begin ] --START--
INFO: Run Behavior\ReadHtmlCacheBehavior [ RunTime:0.000678s ]
INFO: [ app_begin ] --END-- [ RunTime:0.000777s ]
ERR: 无法加载控制器:Mmcrhead

[ 2018-07-10T15:38:53+08:00 ] ::1 /mmcrhead/PiajxSqBRaEIiag9IWKYq5FrJF43wAJ7PZSUOEl8FJWUdttrx5MAjgudghiaCwZMEjboH96HYJ415bor16Ua3x4VLzwIxLl3GPm/0
INFO: [ app_init ] --START--
INFO: Run Behavior\BuildLiteBehavior [ RunTime:0.000024s ]
INFO: [ app_init ] --END-- [ RunTime:0.000654s ]
INFO: [ app_begin ] --START--
INFO: Run Behavior\ReadHtmlCacheBehavior [ RunTime:0.000687s ]
INFO: [ app_begin ] --END-- [ RunTime:0.000784s ]
ERR: 无法加载控制器:Mmcrhead

[ 2018-07-10T15:49:26+08:00 ] ::1 /mmcrhead/PiajxSqBRaEIiag9IWKYq5FrJF43wAJ7PZSUOEl8FJWUdttrx5MAjgudghiaCwZMEjboH96HYJ415bor16Ua3x4VLzwIxLl3GPm/0
INFO: [ app_init ] --START--
INFO: Run Behavior\BuildLiteBehavior [ RunTime:0.000024s ]
INFO: [ app_init ] --END-- [ RunTime:0.000649s ]
INFO: [ app_begin ] --START--
INFO: Run Behavior\ReadHtmlCacheBehavior [ RunTime:0.000762s ]
INFO: [ app_begin ] --END-- [ RunTime:0.000889s ]
ERR: 无法加载控制器:Mmcrhead

[ 2018-07-10T15:51:16+08:00 ] ::1 /mmcrhead/PiajxSqBRaEIiag9IWKYq5FrJF43wAJ7PZSUOEl8FJWUdttrx5MAjgudghiaCwZMEjboH96HYJ415bor16Ua3x4VLzwIxLl3GPm/0
INFO: [ app_init ] --START--
INFO: Run Behavior\BuildLiteBehavior [ RunTime:0.000021s ]
INFO: [ app_init ] --END-- [ RunTime:0.000371s ]
INFO: [ app_begin ] --START--
INFO: Run Behavior\ReadHtmlCacheBehavior [ RunTime:0.000602s ]
INFO: [ app_begin ] --END-- [ RunTime:0.000752s ]
ERR: 无法加载控制器:Mmcrhead

[ 2018-07-10T15:53:39+08:00 ] ::1 /mmcrhead/PiajxSqBRaEIiag9IWKYq5FrJF43wAJ7PZSUOEl8FJWUdttrx5MAjgudghiaCwZMEjboH96HYJ415bor16Ua3x4VLzwIxLl3GPm/0
INFO: [ app_init ] --START--
INFO: Run Behavior\BuildLiteBehavior [ RunTime:0.000033s ]
INFO: [ app_init ] --END-- [ RunTime:0.000617s ]
INFO: [ app_begin ] --START--
INFO: Run Behavior\ReadHtmlCacheBehavior [ RunTime:0.000478s ]
INFO: [ app_begin ] --END-- [ RunTime:0.000577s ]
ERR: 无法加载控制器:Mmcrhead

[ 2018-07-10T15:53:50+08:00 ] ::1 /mmcrhead/PiajxSqBRaEIiag9IWKYq5FrJF43wAJ7PZSUOEl8FJWUdttrx5MAjgudghiaCwZMEjboH96HYJ415bor16Ua3x4VLzwIxLl3GPm/0
INFO: [ app_init ] --START--
INFO: Run Behavior\BuildLiteBehavior [ RunTime:0.000023s ]
INFO: [ app_init ] --END-- [ RunTime:0.000428s ]
INFO: [ app_begin ] --START--
INFO: Run Behavior\ReadHtmlCacheBehavior [ RunTime:0.000577s ]
INFO: [ app_begin ] --END-- [ RunTime:0.000680s ]
ERR: 无法加载控制器:Mmcrhead

[ 2018-07-10T15:54:07+08:00 ] ::1 /mmcrhead/PiajxSqBRaEIiag9IWKYq5FrJF43wAJ7PZSUOEl8FJWUdttrx5MAjgudghiaCwZMEjboH96HYJ415bor16Ua3x4VLzwIxLl3GPm/0
INFO: [ app_init ] --START--
INFO: Run Behavior\BuildLiteBehavior [ RunTime:0.000022s ]
INFO: [ app_init ] --END-- [ RunTime:0.000405s ]
INFO: [ app_begin ] --START--
INFO: Run Behavior\ReadHtmlCacheBehavior [ RunTime:0.000486s ]
INFO: [ app_begin ] --END-- [ RunTime:0.000583s ]
ERR: 无法加载控制器:Mmcrhead

[ 2018-07-10T15:54:15+08:00 ] ::1 /mmcrhead/PiajxSqBRaEIiag9IWKYq5FrJF43wAJ7PZSUOEl8FJWUdttrx5MAjgudghiaCwZMEjboH96HYJ415bor16Ua3x4VLzwIxLl3GPm/0
INFO: [ app_init ] --START--
INFO: Run Behavior\BuildLiteBehavior [ RunTime:0.000022s ]
INFO: [ app_init ] --END-- [ RunTime:0.000399s ]
INFO: [ app_begin ] --START--
INFO: Run Behavior\ReadHtmlCacheBehavior [ RunTime:0.000721s ]
INFO: [ app_begin ] --END-- [ RunTime:0.000897s ]
ERR: 无法加载控制器:Mmcrhead

[ 2018-07-10T15:54:18+08:00 ] ::1 /mmcrhead/PiajxSqBRaEIiag9IWKYq5FrJF43wAJ7PZSUOEl8FJWUdttrx5MAjgudghiaCwZMEjboH96HYJ415bor16Ua3x4VLzwIxLl3GPm/0
INFO: [ app_init ] --START--
INFO: Run Behavior\BuildLiteBehavior [ RunTime:0.000024s ]
INFO: [ app_init ] --END-- [ RunTime:0.000458s ]
INFO: [ app_begin ] --START--
INFO: Run Behavior\ReadHtmlCacheBehavior [ RunTime:0.000563s ]
INFO: [ app_begin ] --END-- [ RunTime:0.000681s ]
ERR: 无法加载控制器:Mmcrhead

[ 2018-07-10T15:54:22+08:00 ] ::1 /mmcrhead/PiajxSqBRaEIiag9IWKYq5FrJF43wAJ7PZSUOEl8FJWUdttrx5MAjgudghiaCwZMEjboH96HYJ415bor16Ua3x4VLzwIxLl3GPm/0
INFO: [ app_init ] --START--
INFO: Run Behavior\BuildLiteBehavior [ RunTime:0.000023s ]
INFO: [ app_init ] --END-- [ RunTime:0.000407s ]
INFO: [ app_begin ] --START--
INFO: Run Behavior\ReadHtmlCacheBehavior [ RunTime:0.000497s ]
INFO: [ app_begin ] --END-- [ RunTime:0.000594s ]
ERR: 无法加载控制器:Mmcrhead

[ 2018-07-10T15:54:38+08:00 ] ::1 /mmcrhead/PiajxSqBRaEIiag9IWKYq5FrJF43wAJ7PZSUOEl8FJWUdttrx5MAjgudghiaCwZMEjboH96HYJ415bor16Ua3x4VLzwIxLl3GPm/0
INFO: [ app_init ] --START--
INFO: Run Behavior\BuildLiteBehavior [ RunTime:0.000025s ]
INFO: [ app_init ] --END-- [ RunTime:0.000488s ]
INFO: [ app_begin ] --START--
INFO: Run Behavior\ReadHtmlCacheBehavior [ RunTime:0.000736s ]
INFO: [ app_begin ] --END-- [ RunTime:0.000868s ]
ERR: 无法加载控制器:Mmcrhead

[ 2018-07-10T15:54:40+08:00 ] ::1 /mmcrhead/PiajxSqBRaEIiag9IWKYq5FrJF43wAJ7PZSUOEl8FJWUdttrx5MAjgudghiaCwZMEjboH96HYJ415bor16Ua3x4VLzwIxLl3GPm/0
INFO: [ app_init ] --START--
INFO: Run Behavior\BuildLiteBehavior [ RunTime:0.000022s ]
INFO: [ app_init ] --END-- [ RunTime:0.000446s ]
INFO: [ app_begin ] --START--
INFO: Run Behavior\ReadHtmlCacheBehavior [ RunTime:0.000550s ]
INFO: [ app_begin ] --END-- [ RunTime:0.000664s ]
ERR: 无法加载控制器:Mmcrhead

[ 2018-07-10T15:54:49+08:00 ] ::1 /mmcrhead/PiajxSqBRaEIiag9IWKYq5FrJF43wAJ7PZSUOEl8FJWUdttrx5MAjgudghiaCwZMEjboH96HYJ415bor16Ua3x4VLzwIxLl3GPm/0
INFO: [ app_init ] --START--
INFO: Run Behavior\BuildLiteBehavior [ RunTime:0.000023s ]
INFO: [ app_init ] --END-- [ RunTime:0.000433s ]
INFO: [ app_begin ] --START--
INFO: Run Behavior\ReadHtmlCacheBehavior [ RunTime:0.000504s ]
INFO: [ app_begin ] --END-- [ RunTime:0.000618s ]
ERR: 无法加载控制器:Mmcrhead

[ 2018-07-10T15:55:03+08:00 ] ::1 /mmcrhead/PiajxSqBRaEIiag9IWKYq5FrJF43wAJ7PZSUOEl8FJWUdttrx5MAjgudghiaCwZMEjboH96HYJ415bor16Ua3x4VLzwIxLl3GPm/0
INFO: [ app_init ] --START--
INFO: Run Behavior\BuildLiteBehavior [ RunTime:0.000027s ]
INFO: [ app_init ] --END-- [ RunTime:0.002001s ]
INFO: [ app_begin ] --START--
INFO: Run Behavior\ReadHtmlCacheBehavior [ RunTime:0.000528s ]
INFO: [ app_begin ] --END-- [ RunTime:0.000657s ]
ERR: 无法加载控制器:Mmcrhead

[ 2018-07-10T15:55:25+08:00 ] ::1 /mmcrhead/PiajxSqBRaEIiag9IWKYq5FrJF43wAJ7PZSUOEl8FJWUdttrx5MAjgudghiaCwZMEjboH96HYJ415bor16Ua3x4VLzwIxLl3GPm/0
INFO: [ app_init ] --START--
INFO: Run Behavior\BuildLiteBehavior [ RunTime:0.000021s ]
INFO: [ app_init ] --END-- [ RunTime:0.000407s ]
INFO: [ app_begin ] --START--
INFO: Run Behavior\ReadHtmlCacheBehavior [ RunTime:0.000705s ]
INFO: [ app_begin ] --END-- [ RunTime:0.000858s ]
ERR: 无法加载控制器:Mmcrhead

[ 2018-07-10T15:55:28+08:00 ] ::1 /mmcrhead/PiajxSqBRaEIiag9IWKYq5FrJF43wAJ7PZSUOEl8FJWUdttrx5MAjgudghiaCwZMEjboH96HYJ415bor16Ua3x4VLzwIxLl3GPm/0
INFO: [ app_init ] --START--
INFO: Run Behavior\BuildLiteBehavior [ RunTime:0.000025s ]
INFO: [ app_init ] --END-- [ RunTime:0.000422s ]
INFO: [ app_begin ] --START--
INFO: Run Behavior\ReadHtmlCacheBehavior [ RunTime:0.000663s ]
INFO: [ app_begin ] --END-- [ RunTime:0.000772s ]
ERR: 无法加载控制器:Mmcrhead

[ 2018-07-10T15:55:30+08:00 ] ::1 /mmcrhead/PiajxSqBRaEIiag9IWKYq5FrJF43wAJ7PZSUOEl8FJWUdttrx5MAjgudghiaCwZMEjboH96HYJ415bor16Ua3x4VLzwIxLl3GPm/0
INFO: [ app_init ] --START--
INFO: Run Behavior\BuildLiteBehavior [ RunTime:0.000026s ]
INFO: [ app_init ] --END-- [ RunTime:0.000467s ]
INFO: [ app_begin ] --START--
INFO: Run Behavior\ReadHtmlCacheBehavior [ RunTime:0.000526s ]
INFO: [ app_begin ] --END-- [ RunTime:0.000628s ]
ERR: 无法加载控制器:Mmcrhead

[ 2018-07-10T15:55:33+08:00 ] ::1 /mmcrhead/PiajxSqBRaEIiag9IWKYq5FrJF43wAJ7PZSUOEl8FJWUdttrx5MAjgudghiaCwZMEjboH96HYJ415bor16Ua3x4VLzwIxLl3GPm/0
INFO: [ app_init ] --START--
INFO: Run Behavior\BuildLiteBehavior [ RunTime:0.000025s ]
INFO: [ app_init ] --END-- [ RunTime:0.000645s ]
INFO: [ app_begin ] --START--
INFO: Run Behavior\ReadHtmlCacheBehavior [ RunTime:0.000591s ]
INFO: [ app_begin ] --END-- [ RunTime:0.000690s ]
ERR: 无法加载控制器:Mmcrhead

[ 2018-07-10T15:55:38+08:00 ] ::1 /mmcrhead/PiajxSqBRaEIiag9IWKYq5FrJF43wAJ7PZSUOEl8FJWUdttrx5MAjgudghiaCwZMEjboH96HYJ415bor16Ua3x4VLzwIxLl3GPm/0
INFO: [ app_init ] --START--
INFO: Run Behavior\BuildLiteBehavior [ RunTime:0.000025s ]
INFO: [ app_init ] --END-- [ RunTime:0.000525s ]
INFO: [ app_begin ] --START--
INFO: Run Behavior\ReadHtmlCacheBehavior [ RunTime:0.000577s ]
INFO: [ app_begin ] --END-- [ RunTime:0.000673s ]
ERR: 无法加载控制器:Mmcrhead

[ 2018-07-10T15:55:42+08:00 ] ::1 /mmcrhead/PiajxSqBRaEIiag9IWKYq5FrJF43wAJ7PZSUOEl8FJWUdttrx5MAjgudghiaCwZMEjboH96HYJ415bor16Ua3x4VLzwIxLl3GPm/0
INFO: [ app_init ] --START--
INFO: Run Behavior\BuildLiteBehavior [ RunTime:0.000022s ]
INFO: [ app_init ] --END-- [ RunTime:0.000434s ]
INFO: [ app_begin ] --START--
INFO: Run Behavior\ReadHtmlCacheBehavior [ RunTime:0.000486s ]
INFO: [ app_begin ] --END-- [ RunTime:0.000582s ]
ERR: 无法加载控制器:Mmcrhead

[ 2018-07-10T15:55:51+08:00 ] ::1 /mmcrhead/PiajxSqBRaEIiag9IWKYq5FrJF43wAJ7PZSUOEl8FJWUdttrx5MAjgudghiaCwZMEjboH96HYJ415bor16Ua3x4VLzwIxLl3GPm/0
INFO: [ app_init ] --START--
INFO: Run Behavior\BuildLiteBehavior [ RunTime:0.000022s ]
INFO: [ app_init ] --END-- [ RunTime:0.000403s ]
INFO: [ app_begin ] --START--
INFO: Run Behavior\ReadHtmlCacheBehavior [ RunTime:0.000517s ]
INFO: [ app_begin ] --END-- [ RunTime:0.000625s ]
ERR: 无法加载控制器:Mmcrhead

[ 2018-07-10T15:56:08+08:00 ] ::1 /mmcrhead/PiajxSqBRaEIiag9IWKYq5FrJF43wAJ7PZSUOEl8FJWUdttrx5MAjgudghiaCwZMEjboH96HYJ415bor16Ua3x4VLzwIxLl3GPm/0
INFO: [ app_init ] --START--
INFO: Run Behavior\BuildLiteBehavior [ RunTime:0.000032s ]
INFO: [ app_init ] --END-- [ RunTime:0.000578s ]
INFO: [ app_begin ] --START--
INFO: Run Behavior\ReadHtmlCacheBehavior [ RunTime:0.000674s ]
INFO: [ app_begin ] --END-- [ RunTime:0.000852s ]
ERR: 无法加载控制器:Mmcrhead

[ 2018-07-10T15:56:17+08:00 ] ::1 /mmcrhead/PiajxSqBRaEIiag9IWKYq5FrJF43wAJ7PZSUOEl8FJWUdttrx5MAjgudghiaCwZMEjboH96HYJ415bor16Ua3x4VLzwIxLl3GPm/0
INFO: [ app_init ] --START--
INFO: Run Behavior\BuildLiteBehavior [ RunTime:0.000027s ]
INFO: [ app_init ] --END-- [ RunTime:0.000455s ]
INFO: [ app_begin ] --START--
INFO: Run Behavior\ReadHtmlCacheBehavior [ RunTime:0.000530s ]
INFO: [ app_begin ] --END-- [ RunTime:0.000636s ]
ERR: 无法加载控制器:Mmcrhead

[ 2018-07-10T15:57:45+08:00 ] ::1 /mmcrhead/PiajxSqBRaEIiag9IWKYq5FrJF43wAJ7PZSUOEl8FJWUdttrx5MAjgudghiaCwZMEjboH96HYJ415bor16Ua3x4VLzwIxLl3GPm/0
INFO: [ app_init ] --START--
INFO: Run Behavior\BuildLiteBehavior [ RunTime:0.000023s ]
INFO: [ app_init ] --END-- [ RunTime:0.000680s ]
INFO: [ app_begin ] --START--
INFO: Run Behavior\ReadHtmlCacheBehavior [ RunTime:0.000711s ]
INFO: [ app_begin ] --END-- [ RunTime:0.000809s ]
ERR: 无法加载控制器:Mmcrhead

[ 2018-07-10T16:01:58+08:00 ] ::1 /mmcrhead/PiajxSqBRaEIiag9IWKYq5FrJF43wAJ7PZSUOEl8FJWUdttrx5MAjgudghiaCwZMEjboH96HYJ415bor16Ua3x4VLzwIxLl3GPm/0
INFO: [ app_init ] --START--
INFO: Run Behavior\BuildLiteBehavior [ RunTime:0.000036s ]
INFO: [ app_init ] --END-- [ RunTime:0.000831s ]
INFO: [ app_begin ] --START--
INFO: Run Behavior\ReadHtmlCacheBehavior [ RunTime:0.000698s ]
INFO: [ app_begin ] --END-- [ RunTime:0.000794s ]
ERR: 无法加载控制器:Mmcrhead

