[ 2018-07-17T15:58:04+08:00 ] ::1 /yan/index/index
INFO: [ app_init ] --START--
INFO: Run Behavior\BuildLiteBehavior [ RunTime:0.000022s ]
INFO: [ app_init ] --END-- [ RunTime:0.000437s ]
INFO: [ app_begin ] --START--
INFO: Run Behavior\ReadHtmlCacheBehavior [ RunTime:0.000567s ]
INFO: [ app_begin ] --END-- [ RunTime:0.000691s ]
SQL: SHOW COLUMNS FROM `di_home_image` [ RunTime:0.0042s ]
SQL: SELECT * FROM `di_home_image` WHERE ( id not in (select max(id) from di_home_image) ) ORDER BY id desc  [ RunTime:0.0006s ]
SQL: SELECT * FROM `di_home_image` WHERE ( id in (select max(id) from di_home_image) ) LIMIT 1   [ RunTime:0.0004s ]
SQL: SELECT COUNT(*) AS tp_count FROM `di_home_image` LIMIT 1   [ RunTime:0.0003s ]
SQL: SHOW COLUMNS FROM `di_contact` [ RunTime:0.0043s ]
SQL: SELECT * FROM `di_contact` LIMIT 1   [ RunTime:0.0004s ]
SQL: SHOW COLUMNS FROM `di_information` [ RunTime:0.0038s ]
SQL: SELECT * FROM `di_information` WHERE ( if_special = 1 ) LIMIT 1   [ RunTime:0.0004s ]
SQL: SELECT * FROM `di_information` WHERE ( id = 1 ) LIMIT 1   [ RunTime:0.0007s ]
SQL: SELECT * FROM `di_information` WHERE ( type = 1   ) ORDER BY id desc LIMIT 0,9   [ RunTime:0.0004s ]
SQL: SHOW COLUMNS FROM `di_aboutus` [ RunTime:0.0040s ]
SQL: SELECT * FROM `di_aboutus` WHERE ( id = 1 ) LIMIT 1   [ RunTime:0.0004s ]
INFO: [ view_parse ] --START--
INFO: [ template_filter ] --START--
INFO: Run Behavior\ContentReplaceBehavior [ RunTime:0.000211s ]
INFO: [ template_filter ] --END-- [ RunTime:0.000307s ]
NOTIC: [8] Use of undefined constant d - assumed 'd' /Applications/MAMP/htdocs/cj/Application/Runtime/Cache/Yan/5e33b3de1bd1bfe7177922c3f561e02c.php 第 107 行.
NOTIC: [8] Use of undefined constant Y - assumed 'Y' /Applications/MAMP/htdocs/cj/Application/Runtime/Cache/Yan/5e33b3de1bd1bfe7177922c3f561e02c.php 第 108 行.
NOTIC: [8] Use of undefined constant m - assumed 'm' /Applications/MAMP/htdocs/cj/Application/Runtime/Cache/Yan/5e33b3de1bd1bfe7177922c3f561e02c.php 第 108 行.
NOTIC: [8] Use of undefined constant Y年m月d日 - assumed 'Y年m月d日' /Applications/MAMP/htdocs/cj/Application/Runtime/Cache/Yan/5e33b3de1bd1bfe7177922c3f561e02c.php 第 137 行.
NOTIC: [8] Use of undefined constant Y年m月d日 - assumed 'Y年m月d日' /Applications/MAMP/htdocs/cj/Application/Runtime/Cache/Yan/5e33b3de1bd1bfe7177922c3f561e02c.php 第 137 行.
NOTIC: [8] Use of undefined constant Y年m月d日 - assumed 'Y年m月d日' /Applications/MAMP/htdocs/cj/Application/Runtime/Cache/Yan/5e33b3de1bd1bfe7177922c3f561e02c.php 第 137 行.
INFO: Run Behavior\ParseTemplateBehavior [ RunTime:0.015016s ]
INFO: [ view_parse ] --END-- [ RunTime:0.015100s ]
INFO: [ view_filter ] --START--
INFO: Run Behavior\WriteHtmlCacheBehavior [ RunTime:0.000208s ]
INFO: [ view_filter ] --END-- [ RunTime:0.000283s ]
INFO: [ app_end ] --START--
INFO: Run Behavior\ShowPageTraceBehavior [ RunTime:0.000752s ]
INFO: [ app_end ] --END-- [ RunTime:0.000884s ]

[ 2018-07-17T15:58:06+08:00 ] ::1 /yan
INFO: [ app_init ] --START--
INFO: Run Behavior\BuildLiteBehavior [ RunTime:0.000023s ]
INFO: [ app_init ] --END-- [ RunTime:0.000429s ]
INFO: [ app_begin ] --START--
INFO: Run Behavior\ReadHtmlCacheBehavior [ RunTime:0.000635s ]
INFO: [ app_begin ] --END-- [ RunTime:0.000748s ]
SQL: SHOW COLUMNS FROM `di_home_image` [ RunTime:0.0019s ]
SQL: SELECT * FROM `di_home_image` WHERE ( id not in (select max(id) from di_home_image) ) ORDER BY id desc  [ RunTime:0.0008s ]
SQL: SELECT * FROM `di_home_image` WHERE ( id in (select max(id) from di_home_image) ) LIMIT 1   [ RunTime:0.0004s ]
SQL: SELECT COUNT(*) AS tp_count FROM `di_home_image` LIMIT 1   [ RunTime:0.0003s ]
SQL: SHOW COLUMNS FROM `di_contact` [ RunTime:0.0014s ]
SQL: SELECT * FROM `di_contact` LIMIT 1   [ RunTime:0.0003s ]
SQL: SHOW COLUMNS FROM `di_information` [ RunTime:0.0017s ]
SQL: SELECT * FROM `di_information` WHERE ( if_special = 1 ) LIMIT 1   [ RunTime:0.0004s ]
SQL: SELECT * FROM `di_information` WHERE ( id = 1 ) LIMIT 1   [ RunTime:0.0003s ]
SQL: SELECT * FROM `di_information` WHERE ( type = 1   ) ORDER BY id desc LIMIT 0,9   [ RunTime:0.0004s ]
SQL: SHOW COLUMNS FROM `di_aboutus` [ RunTime:0.0016s ]
SQL: SELECT * FROM `di_aboutus` WHERE ( id = 1 ) LIMIT 1   [ RunTime:0.0003s ]
INFO: [ view_parse ] --START--
INFO: [ template_filter ] --START--
INFO: Run Behavior\ContentReplaceBehavior [ RunTime:0.000157s ]
INFO: [ template_filter ] --END-- [ RunTime:0.000241s ]
NOTIC: [8] Use of undefined constant d - assumed 'd' /Applications/MAMP/htdocs/cj/Application/Runtime/Cache/Yan/5e33b3de1bd1bfe7177922c3f561e02c.php 第 107 行.
NOTIC: [8] Use of undefined constant Y - assumed 'Y' /Applications/MAMP/htdocs/cj/Application/Runtime/Cache/Yan/5e33b3de1bd1bfe7177922c3f561e02c.php 第 108 行.
NOTIC: [8] Use of undefined constant m - assumed 'm' /Applications/MAMP/htdocs/cj/Application/Runtime/Cache/Yan/5e33b3de1bd1bfe7177922c3f561e02c.php 第 108 行.
NOTIC: [8] Use of undefined constant Y年m月d日 - assumed 'Y年m月d日' /Applications/MAMP/htdocs/cj/Application/Runtime/Cache/Yan/5e33b3de1bd1bfe7177922c3f561e02c.php 第 137 行.
NOTIC: [8] Use of undefined constant Y年m月d日 - assumed 'Y年m月d日' /Applications/MAMP/htdocs/cj/Application/Runtime/Cache/Yan/5e33b3de1bd1bfe7177922c3f561e02c.php 第 137 行.
NOTIC: [8] Use of undefined constant Y年m月d日 - assumed 'Y年m月d日' /Applications/MAMP/htdocs/cj/Application/Runtime/Cache/Yan/5e33b3de1bd1bfe7177922c3f561e02c.php 第 137 行.
INFO: Run Behavior\ParseTemplateBehavior [ RunTime:0.010394s ]
INFO: [ view_parse ] --END-- [ RunTime:0.010477s ]
INFO: [ view_filter ] --START--
INFO: Run Behavior\WriteHtmlCacheBehavior [ RunTime:0.000175s ]
INFO: [ view_filter ] --END-- [ RunTime:0.000243s ]
INFO: [ app_end ] --START--
INFO: Run Behavior\ShowPageTraceBehavior [ RunTime:0.000672s ]
INFO: [ app_end ] --END-- [ RunTime:0.000776s ]

[ 2018-07-17T15:58:09+08:00 ] ::1 /yan/information/aboutUs
INFO: [ app_init ] --START--
INFO: Run Behavior\BuildLiteBehavior [ RunTime:0.000019s ]
INFO: [ app_init ] --END-- [ RunTime:0.000340s ]
INFO: [ app_begin ] --START--
INFO: Run Behavior\ReadHtmlCacheBehavior [ RunTime:0.000534s ]
INFO: [ app_begin ] --END-- [ RunTime:0.000685s ]
SQL: SHOW COLUMNS FROM `di_contact` [ RunTime:0.0015s ]
SQL: SELECT * FROM `di_contact` LIMIT 1   [ RunTime:0.0003s ]
SQL: SHOW COLUMNS FROM `di_aboutus` [ RunTime:0.0019s ]
SQL: SELECT * FROM `di_aboutus` WHERE ( id = 1 ) LIMIT 1   [ RunTime:0.0003s ]
SQL: SELECT * FROM `di_aboutus` WHERE ( type = 3 )  [ RunTime:0.0006s ]
SQL: SELECT * FROM `di_aboutus` WHERE ( type =2 and sortby = 1 )  [ RunTime:0.0003s ]
SQL: SELECT * FROM `di_aboutus` WHERE ( type =2 and sortby = 2 )  [ RunTime:0.0006s ]
INFO: [ view_parse ] --START--
INFO: [ template_filter ] --START--
INFO: Run Behavior\ContentReplaceBehavior [ RunTime:0.000191s ]
INFO: [ template_filter ] --END-- [ RunTime:0.000286s ]
INFO: Run Behavior\ParseTemplateBehavior [ RunTime:0.010789s ]
INFO: [ view_parse ] --END-- [ RunTime:0.010876s ]
INFO: [ view_filter ] --START--
INFO: Run Behavior\WriteHtmlCacheBehavior [ RunTime:0.000173s ]
INFO: [ view_filter ] --END-- [ RunTime:0.000245s ]
INFO: [ app_end ] --START--
INFO: Run Behavior\ShowPageTraceBehavior [ RunTime:0.000693s ]
INFO: [ app_end ] --END-- [ RunTime:0.000794s ]

[ 2018-07-17T19:39:20+08:00 ] ::1 /yan/index/index
INFO: [ app_init ] --START--
INFO: Run Behavior\BuildLiteBehavior [ RunTime:0.000023s ]
INFO: [ app_init ] --END-- [ RunTime:0.000619s ]
INFO: [ app_begin ] --START--
INFO: Run Behavior\ReadHtmlCacheBehavior [ RunTime:0.000637s ]
INFO: [ app_begin ] --END-- [ RunTime:0.000787s ]
SQL: SHOW COLUMNS FROM `di_home_image` [ RunTime:0.0030s ]
SQL: SELECT * FROM `di_home_image` WHERE ( id not in (select max(id) from di_home_image) ) ORDER BY id desc  [ RunTime:0.0012s ]
SQL: SELECT * FROM `di_home_image` WHERE ( id in (select max(id) from di_home_image) ) LIMIT 1   [ RunTime:0.0004s ]
SQL: SELECT COUNT(*) AS tp_count FROM `di_home_image` LIMIT 1   [ RunTime:0.0004s ]
SQL: SHOW COLUMNS FROM `di_contact` [ RunTime:0.0024s ]
SQL: SELECT * FROM `di_contact` LIMIT 1   [ RunTime:0.0004s ]
SQL: SHOW COLUMNS FROM `di_information` [ RunTime:0.0022s ]
SQL: SELECT * FROM `di_information` WHERE ( if_special = 1 ) LIMIT 1   [ RunTime:0.0010s ]
SQL: SELECT * FROM `di_information` WHERE ( id = 1 ) LIMIT 1   [ RunTime:0.0003s ]
SQL: SELECT * FROM `di_information` WHERE ( type = 1   ) ORDER BY id desc LIMIT 0,9   [ RunTime:0.0003s ]
SQL: SHOW COLUMNS FROM `di_aboutus` [ RunTime:0.0018s ]
SQL: SELECT * FROM `di_aboutus` WHERE ( id = 1 ) LIMIT 1   [ RunTime:0.0003s ]
INFO: [ view_parse ] --START--
INFO: [ template_filter ] --START--
INFO: Run Behavior\ContentReplaceBehavior [ RunTime:0.000183s ]
INFO: [ template_filter ] --END-- [ RunTime:0.000267s ]
NOTIC: [8] Use of undefined constant d - assumed 'd' /Applications/MAMP/htdocs/cj/Application/Runtime/Cache/Yan/5e33b3de1bd1bfe7177922c3f561e02c.php 第 107 行.
NOTIC: [8] Use of undefined constant Y - assumed 'Y' /Applications/MAMP/htdocs/cj/Application/Runtime/Cache/Yan/5e33b3de1bd1bfe7177922c3f561e02c.php 第 108 行.
NOTIC: [8] Use of undefined constant m - assumed 'm' /Applications/MAMP/htdocs/cj/Application/Runtime/Cache/Yan/5e33b3de1bd1bfe7177922c3f561e02c.php 第 108 行.
NOTIC: [8] Use of undefined constant Y年m月d日 - assumed 'Y年m月d日' /Applications/MAMP/htdocs/cj/Application/Runtime/Cache/Yan/5e33b3de1bd1bfe7177922c3f561e02c.php 第 137 行.
NOTIC: [8] Use of undefined constant Y年m月d日 - assumed 'Y年m月d日' /Applications/MAMP/htdocs/cj/Application/Runtime/Cache/Yan/5e33b3de1bd1bfe7177922c3f561e02c.php 第 137 行.
NOTIC: [8] Use of undefined constant Y年m月d日 - assumed 'Y年m月d日' /Applications/MAMP/htdocs/cj/Application/Runtime/Cache/Yan/5e33b3de1bd1bfe7177922c3f561e02c.php 第 137 行.
INFO: Run Behavior\ParseTemplateBehavior [ RunTime:0.017234s ]
INFO: [ view_parse ] --END-- [ RunTime:0.017313s ]
INFO: [ view_filter ] --START--
INFO: Run Behavior\WriteHtmlCacheBehavior [ RunTime:0.000367s ]
INFO: [ view_filter ] --END-- [ RunTime:0.000441s ]
INFO: [ app_end ] --START--
INFO: Run Behavior\ShowPageTraceBehavior [ RunTime:0.000982s ]
INFO: [ app_end ] --END-- [ RunTime:0.001132s ]

