[ 2018-07-17T15:42:17+08:00 ] ::1 /mmcrhead/uQzdT9B68bUPCyyWqBciaVUx5CYricueCGnupzrN2zdn6NkIJZg40NwSK9656Qia2fyAMWL7vc3DL0pxSZuWjbaxBIB4Via8ibwcA/0
INFO: [ app_init ] --START--
INFO: Run Behavior\BuildLiteBehavior [ RunTime:0.000042s ]
INFO: [ app_init ] --END-- [ RunTime:0.000875s ]
INFO: [ app_begin ] --START--
INFO: Run Behavior\ReadHtmlCacheBehavior [ RunTime:0.000880s ]
INFO: [ app_begin ] --END-- [ RunTime:0.001015s ]
ERR: 无法加载控制器:Mmcrhead

[ 2018-07-17T15:42:18+08:00 ] ::1 /mmcrhead/uQzdT9B68bUPCyyWqBciaVUx5CYricueCGnupzrN2zdn6NkIJZg40NwSK9656Qia2fyAMWL7vc3DL0pxSZuWjbaxBIB4Via8ibwcA/0
INFO: [ app_init ] --START--
INFO: Run Behavior\BuildLiteBehavior [ RunTime:0.000032s ]
INFO: [ app_init ] --END-- [ RunTime:0.000614s ]
INFO: [ app_begin ] --START--
INFO: Run Behavior\ReadHtmlCacheBehavior [ RunTime:0.000816s ]
INFO: [ app_begin ] --END-- [ RunTime:0.000944s ]
ERR: 无法加载控制器:Mmcrhead

[ 2018-07-17T15:42:19+08:00 ] ::1 /mmhead/ver_1/1CHlvt82w0GuA6IVwh76crCYCw7ic9GECOgbuk5xBdmc7WHyXKUr6OcAjicQYibnFdPynRraSLo0wXkNcvzd6cguQ/132
INFO: [ app_init ] --START--
INFO: Run Behavior\BuildLiteBehavior [ RunTime:0.000021s ]
INFO: [ app_init ] --END-- [ RunTime:0.000364s ]
INFO: [ app_begin ] --START--
INFO: Run Behavior\ReadHtmlCacheBehavior [ RunTime:0.000428s ]
INFO: [ app_begin ] --END-- [ RunTime:0.000514s ]
ERR: 无法加载控制器:Mmhead

[ 2018-07-17T15:42:19+08:00 ] ::1 /mmcrhead/uQzdT9B68bUPCyyWqBciaVUx5CYricueCGnupzrN2zdn6NkIJZg40NwSK9656Qia2fyAMWL7vc3DL0pxSZuWjbaxBIB4Via8ibwcA/0
INFO: [ app_init ] --START--
INFO: Run Behavior\BuildLiteBehavior [ RunTime:0.000037s ]
INFO: [ app_init ] --END-- [ RunTime:0.000555s ]
INFO: [ app_begin ] --START--
INFO: Run Behavior\ReadHtmlCacheBehavior [ RunTime:0.000459s ]
INFO: [ app_begin ] --END-- [ RunTime:0.000551s ]
ERR: 无法加载控制器:Mmcrhead

[ 2018-07-17T15:44:56+08:00 ] ::1 /mmcrhead/vqe0QqfnvyeNMuXicLmtjVQfLjicmxeN7KdicYa6u1eW63TnVcdsoLZR8sL0JCs7jJkDMAfsqosVUibKaiayd8HDsfvnAxG1Px0RF/0
INFO: [ app_init ] --START--
INFO: Run Behavior\BuildLiteBehavior [ RunTime:0.000038s ]
INFO: [ app_init ] --END-- [ RunTime:0.000758s ]
INFO: [ app_begin ] --START--
INFO: Run Behavior\ReadHtmlCacheBehavior [ RunTime:0.000836s ]
INFO: [ app_begin ] --END-- [ RunTime:0.000937s ]
ERR: 无法加载控制器:Mmcrhead

[ 2018-07-17T15:45:42+08:00 ] ::1 /
INFO: [ app_init ] --START--
INFO: Run Behavior\BuildLiteBehavior [ RunTime:0.000071s ]
INFO: [ app_init ] --END-- [ RunTime:0.001363s ]
INFO: [ app_begin ] --START--
INFO: Run Behavior\ReadHtmlCacheBehavior [ RunTime:0.000738s ]
INFO: [ app_begin ] --END-- [ RunTime:0.000919s ]
SQL: SHOW COLUMNS FROM `home_image` [ RunTime:0.0406s ]
SQL: SELECT * FROM `home_image` WHERE ( id not in (select max(id) from home_image) ) ORDER BY id desc  [ RunTime:0.0047s ]
SQL: SELECT * FROM `home_image` WHERE ( id in (select max(id) from home_image) ) LIMIT 1   [ RunTime:0.0005s ]
SQL: SELECT COUNT(*) AS tp_count FROM `home_image` LIMIT 1   [ RunTime:0.0010s ]
SQL: SHOW COLUMNS FROM `contact` [ RunTime:0.0075s ]
SQL: SELECT * FROM `contact` LIMIT 1   [ RunTime:0.0004s ]
SQL: SHOW COLUMNS FROM `information` [ RunTime:0.0035s ]
SQL: SELECT * FROM `information` WHERE ( if_special = 1 ) LIMIT 1   [ RunTime:0.0018s ]
SQL: SELECT * FROM `information` WHERE ( id = 21 ) LIMIT 1   [ RunTime:0.0010s ]
SQL: SELECT * FROM `information` WHERE ( type = 1 and information_images_path != ""  ) ORDER BY id desc LIMIT 0,9   [ RunTime:0.0010s ]
INFO: [ view_parse ] --START--
INFO: [ template_filter ] --START--
INFO: Run Behavior\ContentReplaceBehavior [ RunTime:0.000496s ]
INFO: [ template_filter ] --END-- [ RunTime:0.000601s ]
NOTIC: [8] Use of undefined constant d - assumed 'd' /Applications/MAMP/htdocs/cj/Application/Runtime/Cache/Home/2a94b8bda04ff446dcedd42276fc99ee.php 第 138 行.
NOTIC: [8] Use of undefined constant Y - assumed 'Y' /Applications/MAMP/htdocs/cj/Application/Runtime/Cache/Home/2a94b8bda04ff446dcedd42276fc99ee.php 第 139 行.
NOTIC: [8] Use of undefined constant m - assumed 'm' /Applications/MAMP/htdocs/cj/Application/Runtime/Cache/Home/2a94b8bda04ff446dcedd42276fc99ee.php 第 139 行.
NOTIC: [8] Use of undefined constant Y年m月d日 - assumed 'Y年m月d日' /Applications/MAMP/htdocs/cj/Application/Runtime/Cache/Home/2a94b8bda04ff446dcedd42276fc99ee.php 第 168 行.
NOTIC: [8] Use of undefined constant Y年m月d日 - assumed 'Y年m月d日' /Applications/MAMP/htdocs/cj/Application/Runtime/Cache/Home/2a94b8bda04ff446dcedd42276fc99ee.php 第 168 行.
NOTIC: [8] Use of undefined constant Y年m月d日 - assumed 'Y年m月d日' /Applications/MAMP/htdocs/cj/Application/Runtime/Cache/Home/2a94b8bda04ff446dcedd42276fc99ee.php 第 168 行.
INFO: Run Behavior\ParseTemplateBehavior [ RunTime:0.029457s ]
INFO: [ view_parse ] --END-- [ RunTime:0.029553s ]
INFO: [ view_filter ] --START--
INFO: Run Behavior\WriteHtmlCacheBehavior [ RunTime:0.000635s ]
INFO: [ view_filter ] --END-- [ RunTime:0.000845s ]
INFO: [ app_end ] --START--
INFO: Run Behavior\ShowPageTraceBehavior [ RunTime:0.001503s ]
INFO: [ app_end ] --END-- [ RunTime:0.001717s ]

[ 2018-07-17T15:46:08+08:00 ] ::1 /home/Index/index
INFO: [ app_init ] --START--
INFO: Run Behavior\BuildLiteBehavior [ RunTime:0.000033s ]
INFO: [ app_init ] --END-- [ RunTime:0.000810s ]
INFO: [ app_begin ] --START--
INFO: Run Behavior\ReadHtmlCacheBehavior [ RunTime:0.000945s ]
INFO: [ app_begin ] --END-- [ RunTime:0.001141s ]
SQL: SHOW COLUMNS FROM `home_image` [ RunTime:0.0016s ]
SQL: SELECT * FROM `home_image` WHERE ( id not in (select max(id) from home_image) ) ORDER BY id desc  [ RunTime:0.0004s ]
SQL: SELECT * FROM `home_image` WHERE ( id in (select max(id) from home_image) ) LIMIT 1   [ RunTime:0.0003s ]
SQL: SELECT COUNT(*) AS tp_count FROM `home_image` LIMIT 1   [ RunTime:0.0002s ]
SQL: SHOW COLUMNS FROM `contact` [ RunTime:0.0019s ]
SQL: SELECT * FROM `contact` LIMIT 1   [ RunTime:0.0004s ]
SQL: SHOW COLUMNS FROM `information` [ RunTime:0.0023s ]
SQL: SELECT * FROM `information` WHERE ( if_special = 1 ) LIMIT 1   [ RunTime:0.0007s ]
SQL: SELECT * FROM `information` WHERE ( id = 21 ) LIMIT 1   [ RunTime:0.0006s ]
SQL: SELECT * FROM `information` WHERE ( type = 1 and information_images_path != ""  ) ORDER BY id desc LIMIT 0,9   [ RunTime:0.0005s ]
INFO: [ view_parse ] --START--
INFO: [ template_filter ] --START--
INFO: Run Behavior\ContentReplaceBehavior [ RunTime:0.000590s ]
INFO: [ template_filter ] --END-- [ RunTime:0.000718s ]
NOTIC: [8] Use of undefined constant d - assumed 'd' /Applications/MAMP/htdocs/cj/Application/Runtime/Cache/Home/2a94b8bda04ff446dcedd42276fc99ee.php 第 138 行.
NOTIC: [8] Use of undefined constant Y - assumed 'Y' /Applications/MAMP/htdocs/cj/Application/Runtime/Cache/Home/2a94b8bda04ff446dcedd42276fc99ee.php 第 139 行.
NOTIC: [8] Use of undefined constant m - assumed 'm' /Applications/MAMP/htdocs/cj/Application/Runtime/Cache/Home/2a94b8bda04ff446dcedd42276fc99ee.php 第 139 行.
NOTIC: [8] Use of undefined constant Y年m月d日 - assumed 'Y年m月d日' /Applications/MAMP/htdocs/cj/Application/Runtime/Cache/Home/2a94b8bda04ff446dcedd42276fc99ee.php 第 168 行.
NOTIC: [8] Use of undefined constant Y年m月d日 - assumed 'Y年m月d日' /Applications/MAMP/htdocs/cj/Application/Runtime/Cache/Home/2a94b8bda04ff446dcedd42276fc99ee.php 第 168 行.
NOTIC: [8] Use of undefined constant Y年m月d日 - assumed 'Y年m月d日' /Applications/MAMP/htdocs/cj/Application/Runtime/Cache/Home/2a94b8bda04ff446dcedd42276fc99ee.php 第 168 行.
INFO: Run Behavior\ParseTemplateBehavior [ RunTime:0.026481s ]
INFO: [ view_parse ] --END-- [ RunTime:0.026568s ]
INFO: [ view_filter ] --START--
INFO: Run Behavior\WriteHtmlCacheBehavior [ RunTime:0.000450s ]
INFO: [ view_filter ] --END-- [ RunTime:0.000532s ]
INFO: [ app_end ] --START--
INFO: Run Behavior\ShowPageTraceBehavior [ RunTime:0.000776s ]
INFO: [ app_end ] --END-- [ RunTime:0.000893s ]

[ 2018-07-17T15:46:10+08:00 ] ::1 /home/Information/aboutUs
INFO: [ app_init ] --START--
INFO: Run Behavior\BuildLiteBehavior [ RunTime:0.000021s ]
INFO: [ app_init ] --END-- [ RunTime:0.000387s ]
INFO: [ app_begin ] --START--
INFO: Run Behavior\ReadHtmlCacheBehavior [ RunTime:0.000416s ]
INFO: [ app_begin ] --END-- [ RunTime:0.000490s ]
SQL: SHOW COLUMNS FROM `contact` [ RunTime:0.0015s ]
SQL: SELECT * FROM `contact` LIMIT 1   [ RunTime:0.0003s ]
SQL: SHOW COLUMNS FROM `aboutus` [ RunTime:0.0031s ]
SQL: SELECT * FROM `aboutus` WHERE ( type =1 ) LIMIT 1   [ RunTime:0.0004s ]
SQL: SELECT * FROM `aboutus` WHERE ( type =2 and sortby = 1 )  [ RunTime:0.0009s ]
SQL: SELECT * FROM `aboutus` WHERE ( type =2 and sortby = 2 )  [ RunTime:0.0007s ]
INFO: [ view_parse ] --START--
INFO: [ template_filter ] --START--
INFO: Run Behavior\ContentReplaceBehavior [ RunTime:0.000180s ]
INFO: [ template_filter ] --END-- [ RunTime:0.000276s ]
INFO: Run Behavior\ParseTemplateBehavior [ RunTime:0.010334s ]
INFO: [ view_parse ] --END-- [ RunTime:0.010439s ]
INFO: [ view_filter ] --START--
INFO: Run Behavior\WriteHtmlCacheBehavior [ RunTime:0.000176s ]
INFO: [ view_filter ] --END-- [ RunTime:0.000247s ]
INFO: [ app_end ] --START--
INFO: Run Behavior\ShowPageTraceBehavior [ RunTime:0.000696s ]
INFO: [ app_end ] --END-- [ RunTime:0.000797s ]

[ 2018-07-17T15:47:50+08:00 ] ::1 /home/Information/aboutUs
INFO: [ app_init ] --START--
INFO: Run Behavior\BuildLiteBehavior [ RunTime:0.000040s ]
INFO: [ app_init ] --END-- [ RunTime:0.000780s ]
INFO: [ app_begin ] --START--
INFO: Run Behavior\ReadHtmlCacheBehavior [ RunTime:0.001279s ]
INFO: [ app_begin ] --END-- [ RunTime:0.001471s ]
SQL: SHOW COLUMNS FROM `contact` [ RunTime:0.0041s ]
SQL: SELECT * FROM `contact` LIMIT 1   [ RunTime:0.0004s ]
SQL: SHOW COLUMNS FROM `aboutus` [ RunTime:0.0015s ]
SQL: SELECT * FROM `aboutus` WHERE ( type =1 ) LIMIT 1   [ RunTime:0.0004s ]
SQL: SELECT * FROM `aboutus` WHERE ( type =2 and sortby = 1 )  [ RunTime:0.0003s ]
SQL: SELECT * FROM `aboutus` WHERE ( type =2 and sortby = 2 )  [ RunTime:0.0003s ]
INFO: [ view_parse ] --START--
INFO: [ template_filter ] --START--
INFO: Run Behavior\ContentReplaceBehavior [ RunTime:0.000206s ]
INFO: [ template_filter ] --END-- [ RunTime:0.000305s ]
INFO: Run Behavior\ParseTemplateBehavior [ RunTime:0.013902s ]
INFO: [ view_parse ] --END-- [ RunTime:0.013994s ]
INFO: [ view_filter ] --START--
INFO: Run Behavior\WriteHtmlCacheBehavior [ RunTime:0.000354s ]
INFO: [ view_filter ] --END-- [ RunTime:0.000434s ]
INFO: [ app_end ] --START--
INFO: Run Behavior\ShowPageTraceBehavior [ RunTime:0.000834s ]
INFO: [ app_end ] --END-- [ RunTime:0.000944s ]

[ 2018-07-17T15:48:30+08:00 ] ::1 /home/Information/aboutUs
INFO: [ app_init ] --START--
INFO: Run Behavior\BuildLiteBehavior [ RunTime:0.000033s ]
INFO: [ app_init ] --END-- [ RunTime:0.000489s ]
INFO: [ app_begin ] --START--
INFO: Run Behavior\ReadHtmlCacheBehavior [ RunTime:0.000484s ]
INFO: [ app_begin ] --END-- [ RunTime:0.000569s ]
SQL: SHOW COLUMNS FROM `contact` [ RunTime:0.0024s ]
SQL: SELECT * FROM `contact` LIMIT 1   [ RunTime:0.0003s ]
SQL: SHOW COLUMNS FROM `aboutus` [ RunTime:0.0017s ]
SQL: SELECT * FROM `aboutus` WHERE ( type =1 ) LIMIT 1   [ RunTime:0.0004s ]
SQL: SELECT * FROM `aboutus` WHERE ( type =2 and sortby = 1 )  [ RunTime:0.0003s ]
SQL: SELECT * FROM `aboutus` WHERE ( type =2 and sortby = 2 )  [ RunTime:0.0003s ]
INFO: [ view_parse ] --START--
INFO: [ template_filter ] --START--
INFO: Run Behavior\ContentReplaceBehavior [ RunTime:0.000194s ]
INFO: [ template_filter ] --END-- [ RunTime:0.000283s ]
INFO: Run Behavior\ParseTemplateBehavior [ RunTime:0.012912s ]
INFO: [ view_parse ] --END-- [ RunTime:0.013076s ]
INFO: [ view_filter ] --START--
INFO: Run Behavior\WriteHtmlCacheBehavior [ RunTime:0.000243s ]
INFO: [ view_filter ] --END-- [ RunTime:0.000330s ]
INFO: [ app_end ] --START--
INFO: Run Behavior\ShowPageTraceBehavior [ RunTime:0.000703s ]
INFO: [ app_end ] --END-- [ RunTime:0.000808s ]

[ 2018-07-17T15:51:31+08:00 ] ::1 /Public/static/css/bootstrap-reset.css
INFO: [ app_init ] --START--
INFO: Run Behavior\BuildLiteBehavior [ RunTime:0.000033s ]
INFO: [ app_init ] --END-- [ RunTime:0.000740s ]
INFO: [ app_begin ] --START--
INFO: Run Behavior\ReadHtmlCacheBehavior [ RunTime:0.002096s ]
INFO: [ app_begin ] --END-- [ RunTime:0.002470s ]
ERR: 无法加载控制器:Public

[ 2018-07-17T15:51:31+08:00 ] ::1 /Public/static/css/component.css
INFO: [ app_init ] --START--
INFO: Run Behavior\BuildLiteBehavior [ RunTime:0.000077s ]
INFO: [ app_init ] --END-- [ RunTime:0.000438s ]
INFO: [ app_begin ] --START--
INFO: Run Behavior\ReadHtmlCacheBehavior [ RunTime:0.000505s ]
INFO: [ app_begin ] --END-- [ RunTime:0.000598s ]
ERR: 无法加载控制器:Public

[ 2018-07-17T15:51:31+08:00 ] ::1 /Public/static/css/parallax-slider/parallax-slider.css
INFO: [ app_init ] --START--
INFO: Run Behavior\BuildLiteBehavior [ RunTime:0.000040s ]
INFO: [ app_init ] --END-- [ RunTime:0.000710s ]
INFO: [ app_begin ] --START--
INFO: Run Behavior\ReadHtmlCacheBehavior [ RunTime:0.000627s ]
INFO: [ app_begin ] --END-- [ RunTime:0.000758s ]
ERR: 无法加载控制器:Public

[ 2018-07-17T15:51:32+08:00 ] ::1 /Public/static/css/bootstrap-reset.css
INFO: [ app_init ] --START--
INFO: Run Behavior\BuildLiteBehavior [ RunTime:0.000031s ]
INFO: [ app_init ] --END-- [ RunTime:0.000506s ]
INFO: [ app_begin ] --START--
INFO: Run Behavior\ReadHtmlCacheBehavior [ RunTime:0.000761s ]
INFO: [ app_begin ] --END-- [ RunTime:0.000901s ]
ERR: 无法加载控制器:Public

[ 2018-07-17T15:51:32+08:00 ] ::1 /Public/static/css/component.css
INFO: [ app_init ] --START--
INFO: Run Behavior\BuildLiteBehavior [ RunTime:0.000070s ]
INFO: [ app_init ] --END-- [ RunTime:0.000670s ]
INFO: [ app_begin ] --START--
INFO: Run Behavior\ReadHtmlCacheBehavior [ RunTime:0.000753s ]
INFO: [ app_begin ] --END-- [ RunTime:0.000887s ]
ERR: 无法加载控制器:Public

[ 2018-07-17T15:51:32+08:00 ] ::1 /Public/static/css/parallax-slider/parallax-slider.css
INFO: [ app_init ] --START--
INFO: Run Behavior\BuildLiteBehavior [ RunTime:0.000031s ]
INFO: [ app_init ] --END-- [ RunTime:0.000539s ]
INFO: [ app_begin ] --START--
INFO: Run Behavior\ReadHtmlCacheBehavior [ RunTime:0.001067s ]
INFO: [ app_begin ] --END-- [ RunTime:0.001203s ]
ERR: 无法加载控制器:Public

[ 2018-07-17T15:51:32+08:00 ] ::1 /Public/static/css/component.css
INFO: [ app_init ] --START--
INFO: Run Behavior\BuildLiteBehavior [ RunTime:0.000116s ]
INFO: [ app_init ] --END-- [ RunTime:0.000927s ]
INFO: [ app_begin ] --START--
INFO: Run Behavior\ReadHtmlCacheBehavior [ RunTime:0.003490s ]
INFO: [ app_begin ] --END-- [ RunTime:0.004246s ]
ERR: 无法加载控制器:Public

[ 2018-07-17T15:51:32+08:00 ] ::1 /Publicassets/bxslider/jquery.bxslider.js
INFO: [ app_init ] --START--
INFO: Run Behavior\BuildLiteBehavior [ RunTime:0.000553s ]
INFO: [ app_init ] --END-- [ RunTime:0.002928s ]
INFO: [ app_begin ] --START--
INFO: Run Behavior\ReadHtmlCacheBehavior [ RunTime:0.001010s ]
INFO: [ app_begin ] --END-- [ RunTime:0.001416s ]
ERR: 无法加载控制器:Publicassets

[ 2018-07-17T15:51:32+08:00 ] ::1 /Public/static/css/parallax-slider/parallax-slider.css
INFO: [ app_init ] --START--
INFO: Run Behavior\BuildLiteBehavior [ RunTime:0.000043s ]
INFO: [ app_init ] --END-- [ RunTime:0.000896s ]
INFO: [ app_begin ] --START--
INFO: Run Behavior\ReadHtmlCacheBehavior [ RunTime:0.011424s ]
INFO: [ app_begin ] --END-- [ RunTime:0.011629s ]
ERR: 无法加载控制器:Public

[ 2018-07-17T15:51:32+08:00 ] ::1 /Public/static/assets/owlcarousel/owl.carousel.js
INFO: [ app_init ] --START--
INFO: Run Behavior\BuildLiteBehavior [ RunTime:0.000055s ]
INFO: [ app_init ] --END-- [ RunTime:0.000882s ]
INFO: [ app_begin ] --START--
INFO: Run Behavior\ReadHtmlCacheBehavior [ RunTime:0.000802s ]
INFO: [ app_begin ] --END-- [ RunTime:0.000977s ]
ERR: 无法加载控制器:Public

[ 2018-07-17T15:51:32+08:00 ] ::1 /js/common-scripts.js
INFO: [ app_init ] --START--
INFO: Run Behavior\BuildLiteBehavior [ RunTime:0.000023s ]
INFO: [ app_init ] --END-- [ RunTime:0.000411s ]
INFO: [ app_begin ] --START--
INFO: Run Behavior\ReadHtmlCacheBehavior [ RunTime:0.000528s ]
INFO: [ app_begin ] --END-- [ RunTime:0.000621s ]
ERR: 无法加载控制器:Js

[ 2018-07-17T15:51:32+08:00 ] ::1 /Publicassets/bxslider/jquery.bxslider.js
INFO: [ app_init ] --START--
INFO: Run Behavior\BuildLiteBehavior [ RunTime:0.000042s ]
INFO: [ app_init ] --END-- [ RunTime:0.000765s ]
INFO: [ app_begin ] --START--
INFO: Run Behavior\ReadHtmlCacheBehavior [ RunTime:0.000722s ]
INFO: [ app_begin ] --END-- [ RunTime:0.000870s ]
ERR: 无法加载控制器:Publicassets

[ 2018-07-17T15:51:32+08:00 ] ::1 /Public/static/assets/owlcarousel/owl.carousel.js
INFO: [ app_init ] --START--
INFO: Run Behavior\BuildLiteBehavior [ RunTime:0.000029s ]
INFO: [ app_init ] --END-- [ RunTime:0.000533s ]
INFO: [ app_begin ] --START--
INFO: Run Behavior\ReadHtmlCacheBehavior [ RunTime:0.001174s ]
INFO: [ app_begin ] --END-- [ RunTime:0.001441s ]
ERR: 无法加载控制器:Public

[ 2018-07-17T15:51:32+08:00 ] ::1 /js/common-scripts.js
INFO: [ app_init ] --START--
INFO: Run Behavior\BuildLiteBehavior [ RunTime:0.000020s ]
INFO: [ app_init ] --END-- [ RunTime:0.000360s ]
INFO: [ app_begin ] --START--
INFO: Run Behavior\ReadHtmlCacheBehavior [ RunTime:0.000427s ]
INFO: [ app_begin ] --END-- [ RunTime:0.000507s ]
ERR: 无法加载控制器:Js

[ 2018-07-17T15:51:35+08:00 ] ::1 /Public/static/css/bootstrap-reset.css
INFO: [ app_init ] --START--
INFO: Run Behavior\BuildLiteBehavior [ RunTime:0.000035s ]
INFO: [ app_init ] --END-- [ RunTime:0.000615s ]
INFO: [ app_begin ] --START--
INFO: Run Behavior\ReadHtmlCacheBehavior [ RunTime:0.000674s ]
INFO: [ app_begin ] --END-- [ RunTime:0.000826s ]
ERR: 无法加载控制器:Public

[ 2018-07-17T15:51:35+08:00 ] ::1 /Public/static/css/component.css
INFO: [ app_init ] --START--
INFO: Run Behavior\BuildLiteBehavior [ RunTime:0.000036s ]
INFO: [ app_init ] --END-- [ RunTime:0.000546s ]
INFO: [ app_begin ] --START--
INFO: Run Behavior\ReadHtmlCacheBehavior [ RunTime:0.000654s ]
INFO: [ app_begin ] --END-- [ RunTime:0.000807s ]
ERR: 无法加载控制器:Public

[ 2018-07-17T15:51:35+08:00 ] ::1 /Public/static/css/parallax-slider/parallax-slider.css
INFO: [ app_init ] --START--
INFO: Run Behavior\BuildLiteBehavior [ RunTime:0.000034s ]
INFO: [ app_init ] --END-- [ RunTime:0.000549s ]
INFO: [ app_begin ] --START--
INFO: Run Behavior\ReadHtmlCacheBehavior [ RunTime:0.000705s ]
INFO: [ app_begin ] --END-- [ RunTime:0.000887s ]
ERR: 无法加载控制器:Public

[ 2018-07-17T15:51:35+08:00 ] ::1 /Publicassets/bxslider/jquery.bxslider.js
INFO: [ app_init ] --START--
INFO: Run Behavior\BuildLiteBehavior [ RunTime:0.000059s ]
INFO: [ app_init ] --END-- [ RunTime:0.000605s ]
INFO: [ app_begin ] --START--
INFO: Run Behavior\ReadHtmlCacheBehavior [ RunTime:0.002072s ]
INFO: [ app_begin ] --END-- [ RunTime:0.002218s ]
ERR: 无法加载控制器:Publicassets

[ 2018-07-17T15:51:35+08:00 ] ::1 /Public/static/assets/owlcarousel/owl.carousel.js
INFO: [ app_init ] --START--
INFO: Run Behavior\BuildLiteBehavior [ RunTime:0.000048s ]
INFO: [ app_init ] --END-- [ RunTime:0.000808s ]
INFO: [ app_begin ] --START--
INFO: Run Behavior\ReadHtmlCacheBehavior [ RunTime:0.000755s ]
INFO: [ app_begin ] --END-- [ RunTime:0.000946s ]
ERR: 无法加载控制器:Public

[ 2018-07-17T15:51:42+08:00 ] ::1 /Public/static/css/bootstrap-reset.css
INFO: [ app_init ] --START--
INFO: Run Behavior\BuildLiteBehavior [ RunTime:0.000057s ]
INFO: [ app_init ] --END-- [ RunTime:0.000770s ]
INFO: [ app_begin ] --START--
INFO: Run Behavior\ReadHtmlCacheBehavior [ RunTime:0.001384s ]
INFO: [ app_begin ] --END-- [ RunTime:0.001551s ]
ERR: 无法加载控制器:Public

[ 2018-07-17T15:51:42+08:00 ] ::1 /Public/static/css/parallax-slider/parallax-slider.css
INFO: [ app_init ] --START--
INFO: Run Behavior\BuildLiteBehavior [ RunTime:0.000035s ]
INFO: [ app_init ] --END-- [ RunTime:0.000587s ]
INFO: [ app_begin ] --START--
INFO: Run Behavior\ReadHtmlCacheBehavior [ RunTime:0.000741s ]
INFO: [ app_begin ] --END-- [ RunTime:0.000899s ]
ERR: 无法加载控制器:Public

[ 2018-07-17T15:51:42+08:00 ] ::1 /Public/static/css/component.css
INFO: [ app_init ] --START--
INFO: Run Behavior\BuildLiteBehavior [ RunTime:0.000038s ]
INFO: [ app_init ] --END-- [ RunTime:0.000587s ]
INFO: [ app_begin ] --START--
INFO: Run Behavior\ReadHtmlCacheBehavior [ RunTime:0.000840s ]
INFO: [ app_begin ] --END-- [ RunTime:0.001007s ]
ERR: 无法加载控制器:Public

[ 2018-07-17T15:52:07+08:00 ] ::1 /Public/static/css/bootstrap-reset.css
INFO: [ app_init ] --START--
INFO: Run Behavior\BuildLiteBehavior [ RunTime:0.000033s ]
INFO: [ app_init ] --END-- [ RunTime:0.000547s ]
INFO: [ app_begin ] --START--
INFO: Run Behavior\ReadHtmlCacheBehavior [ RunTime:0.003986s ]
INFO: [ app_begin ] --END-- [ RunTime:0.004208s ]
ERR: 无法加载控制器:Public

[ 2018-07-17T15:52:07+08:00 ] ::1 /Public/static/css/component.css
INFO: [ app_init ] --START--
INFO: Run Behavior\BuildLiteBehavior [ RunTime:0.000040s ]
INFO: [ app_init ] --END-- [ RunTime:0.000889s ]
INFO: [ app_begin ] --START--
INFO: Run Behavior\ReadHtmlCacheBehavior [ RunTime:0.000750s ]
INFO: [ app_begin ] --END-- [ RunTime:0.000894s ]
ERR: 无法加载控制器:Public

[ 2018-07-17T15:52:07+08:00 ] ::1 /Public/static/css/parallax-slider/parallax-slider.css
INFO: [ app_init ] --START--
INFO: Run Behavior\BuildLiteBehavior [ RunTime:0.000032s ]
INFO: [ app_init ] --END-- [ RunTime:0.000539s ]
INFO: [ app_begin ] --START--
INFO: Run Behavior\ReadHtmlCacheBehavior [ RunTime:0.001299s ]
INFO: [ app_begin ] --END-- [ RunTime:0.001438s ]
ERR: 无法加载控制器:Public

[ 2018-07-17T15:52:08+08:00 ] ::1 /Public/static/assets/owlcarousel/owl.carousel.js
INFO: [ app_init ] --START--
INFO: Run Behavior\BuildLiteBehavior [ RunTime:0.000032s ]
INFO: [ app_init ] --END-- [ RunTime:0.000531s ]
INFO: [ app_begin ] --START--
INFO: Run Behavior\ReadHtmlCacheBehavior [ RunTime:0.000625s ]
INFO: [ app_begin ] --END-- [ RunTime:0.000764s ]
ERR: 无法加载控制器:Public

[ 2018-07-17T15:52:08+08:00 ] ::1 /Publicassets/bxslider/jquery.bxslider.js
INFO: [ app_init ] --START--
INFO: Run Behavior\BuildLiteBehavior [ RunTime:0.000031s ]
INFO: [ app_init ] --END-- [ RunTime:0.000509s ]
INFO: [ app_begin ] --START--
INFO: Run Behavior\ReadHtmlCacheBehavior [ RunTime:0.000669s ]
INFO: [ app_begin ] --END-- [ RunTime:0.000822s ]
ERR: 无法加载控制器:Publicassets

[ 2018-07-17T15:52:08+08:00 ] ::1 /Public/static/assets/owlcarousel/owl.carousel.js
INFO: [ app_init ] --START--
INFO: Run Behavior\BuildLiteBehavior [ RunTime:0.000039s ]
INFO: [ app_init ] --END-- [ RunTime:0.001197s ]
INFO: [ app_begin ] --START--
INFO: Run Behavior\ReadHtmlCacheBehavior [ RunTime:0.017747s ]
INFO: [ app_begin ] --END-- [ RunTime:0.017935s ]
ERR: 无法加载控制器:Public

[ 2018-07-17T15:57:55+08:00 ] ::1 /Public/static/css/bootstrap-reset.css
INFO: [ app_init ] --START--
INFO: Run Behavior\BuildLiteBehavior [ RunTime:0.000033s ]
INFO: [ app_init ] --END-- [ RunTime:0.000529s ]
INFO: [ app_begin ] --START--
INFO: Run Behavior\ReadHtmlCacheBehavior [ RunTime:0.000640s ]
INFO: [ app_begin ] --END-- [ RunTime:0.000784s ]
ERR: 无法加载控制器:Public

[ 2018-07-17T15:57:55+08:00 ] ::1 /Public/static/css/component.css
INFO: [ app_init ] --START--
INFO: Run Behavior\BuildLiteBehavior [ RunTime:0.000030s ]
INFO: [ app_init ] --END-- [ RunTime:0.000670s ]
INFO: [ app_begin ] --START--
INFO: Run Behavior\ReadHtmlCacheBehavior [ RunTime:0.000700s ]
INFO: [ app_begin ] --END-- [ RunTime:0.000891s ]
ERR: 无法加载控制器:Public

[ 2018-07-17T15:57:55+08:00 ] ::1 /Public/static/css/parallax-slider/parallax-slider.css
INFO: [ app_init ] --START--
INFO: Run Behavior\BuildLiteBehavior [ RunTime:0.000032s ]
INFO: [ app_init ] --END-- [ RunTime:0.000560s ]
INFO: [ app_begin ] --START--
INFO: Run Behavior\ReadHtmlCacheBehavior [ RunTime:0.000700s ]
INFO: [ app_begin ] --END-- [ RunTime:0.000881s ]
ERR: 无法加载控制器:Public

[ 2018-07-17T15:57:55+08:00 ] ::1 /Publicassets/bxslider/jquery.bxslider.js
INFO: [ app_init ] --START--
INFO: Run Behavior\BuildLiteBehavior [ RunTime:0.000038s ]
INFO: [ app_init ] --END-- [ RunTime:0.000618s ]
INFO: [ app_begin ] --START--
INFO: Run Behavior\ReadHtmlCacheBehavior [ RunTime:0.000658s ]
INFO: [ app_begin ] --END-- [ RunTime:0.000939s ]
ERR: 无法加载控制器:Publicassets

[ 2018-07-17T15:57:55+08:00 ] ::1 /Public/static/css/component.css
INFO: [ app_init ] --START--
INFO: Run Behavior\BuildLiteBehavior [ RunTime:0.000019s ]
INFO: [ app_init ] --END-- [ RunTime:0.000342s ]
INFO: [ app_begin ] --START--
INFO: Run Behavior\ReadHtmlCacheBehavior [ RunTime:0.000405s ]
INFO: [ app_begin ] --END-- [ RunTime:0.000481s ]
ERR: 无法加载控制器:Public

[ 2018-07-17T15:57:55+08:00 ] ::1 /Public/static/css/parallax-slider/parallax-slider.css
INFO: [ app_init ] --START--
INFO: Run Behavior\BuildLiteBehavior [ RunTime:0.000027s ]
INFO: [ app_init ] --END-- [ RunTime:0.000475s ]
INFO: [ app_begin ] --START--
INFO: Run Behavior\ReadHtmlCacheBehavior [ RunTime:0.000672s ]
INFO: [ app_begin ] --END-- [ RunTime:0.000870s ]
ERR: 无法加载控制器:Public

[ 2018-07-17T15:57:55+08:00 ] ::1 /Public/static/assets/owlcarousel/owl.carousel.js
INFO: [ app_init ] --START--
INFO: Run Behavior\BuildLiteBehavior [ RunTime:0.000035s ]
INFO: [ app_init ] --END-- [ RunTime:0.000501s ]
INFO: [ app_begin ] --START--
INFO: Run Behavior\ReadHtmlCacheBehavior [ RunTime:0.000948s ]
INFO: [ app_begin ] --END-- [ RunTime:0.001121s ]
ERR: 无法加载控制器:Public

[ 2018-07-17T15:57:56+08:00 ] ::1 /Publicassets/bxslider/jquery.bxslider.js
INFO: [ app_init ] --START--
INFO: Run Behavior\BuildLiteBehavior [ RunTime:0.000037s ]
INFO: [ app_init ] --END-- [ RunTime:0.000621s ]
INFO: [ app_begin ] --START--
INFO: Run Behavior\ReadHtmlCacheBehavior [ RunTime:0.000831s ]
INFO: [ app_begin ] --END-- [ RunTime:0.001071s ]
ERR: 无法加载控制器:Publicassets

[ 2018-07-17T15:57:56+08:00 ] ::1 /Public/static/assets/owlcarousel/owl.carousel.js
INFO: [ app_init ] --START--
INFO: Run Behavior\BuildLiteBehavior [ RunTime:0.000021s ]
INFO: [ app_init ] --END-- [ RunTime:0.000355s ]
INFO: [ app_begin ] --START--
INFO: Run Behavior\ReadHtmlCacheBehavior [ RunTime:0.000486s ]
INFO: [ app_begin ] --END-- [ RunTime:0.000571s ]
ERR: 无法加载控制器:Public

[ 2018-07-17T15:58:07+08:00 ] ::1 /Public/static/assets/owlcarousel/owl.carousel.js
INFO: [ app_init ] --START--
INFO: Run Behavior\BuildLiteBehavior [ RunTime:0.000043s ]
INFO: [ app_init ] --END-- [ RunTime:0.000566s ]
INFO: [ app_begin ] --START--
INFO: Run Behavior\ReadHtmlCacheBehavior [ RunTime:0.000910s ]
INFO: [ app_begin ] --END-- [ RunTime:0.001107s ]
ERR: 无法加载控制器:Public

[ 2018-07-17T15:58:07+08:00 ] ::1 /Public/yanjiu/images/close.png
INFO: [ app_init ] --START--
INFO: Run Behavior\BuildLiteBehavior [ RunTime:0.000021s ]
INFO: [ app_init ] --END-- [ RunTime:0.000353s ]

[ 2018-07-17T15:58:08+08:00 ] ::1 /Public/static/assets/owlcarousel/owl.carousel.js
INFO: [ app_init ] --START--
INFO: Run Behavior\BuildLiteBehavior [ RunTime:0.000023s ]
INFO: [ app_init ] --END-- [ RunTime:0.000405s ]
INFO: [ app_begin ] --START--
INFO: Run Behavior\ReadHtmlCacheBehavior [ RunTime:0.000532s ]
INFO: [ app_begin ] --END-- [ RunTime:0.000665s ]
ERR: 无法加载控制器:Public

[ 2018-07-17T15:58:08+08:00 ] ::1 /Public/yanjiu/images/close.png
INFO: [ app_init ] --START--
INFO: Run Behavior\BuildLiteBehavior [ RunTime:0.000037s ]
INFO: [ app_init ] --END-- [ RunTime:0.000676s ]

[ 2018-07-17T15:58:09+08:00 ] ::1 /Public/static/assets/owlcarousel/owl.carousel.js
INFO: [ app_init ] --START--
INFO: Run Behavior\BuildLiteBehavior [ RunTime:0.000022s ]
INFO: [ app_init ] --END-- [ RunTime:0.000387s ]
INFO: [ app_begin ] --START--
INFO: Run Behavior\ReadHtmlCacheBehavior [ RunTime:0.000567s ]
INFO: [ app_begin ] --END-- [ RunTime:0.000689s ]
ERR: 无法加载控制器:Public

[ 2018-07-17T15:58:09+08:00 ] ::1 /Public/yanjiu/images/close.png
INFO: [ app_init ] --START--
INFO: Run Behavior\BuildLiteBehavior [ RunTime:0.000025s ]
INFO: [ app_init ] --END-- [ RunTime:0.000581s ]

[ 2018-07-17T16:01:29+08:00 ] ::1 /mmcrhead/vqe0Qqfnvyd0s5LsMGWYbuj3NmvRAwTjS9SESb82icU4Thnkoiaphu7Thzzy2sSGvJcwf3cUUOcibeCicgzVoOiaWibibKY0U4egGBS/0
INFO: [ app_init ] --START--
INFO: Run Behavior\BuildLiteBehavior [ RunTime:0.000041s ]
INFO: [ app_init ] --END-- [ RunTime:0.000913s ]
INFO: [ app_begin ] --START--
INFO: Run Behavior\ReadHtmlCacheBehavior [ RunTime:0.000816s ]
INFO: [ app_begin ] --END-- [ RunTime:0.000965s ]
ERR: 无法加载控制器:Mmcrhead

[ 2018-07-17T16:01:30+08:00 ] ::1 /mmcrhead/vqe0Qqfnvyd0s5LsMGWYbuj3NmvRAwTjS9SESb82icU4Thnkoiaphu7Thzzy2sSGvJcwf3cUUOcibeCicgzVoOiaWibibKY0U4egGBS/0
INFO: [ app_init ] --START--
INFO: Run Behavior\BuildLiteBehavior [ RunTime:0.000032s ]
INFO: [ app_init ] --END-- [ RunTime:0.000487s ]
INFO: [ app_begin ] --START--
INFO: Run Behavior\ReadHtmlCacheBehavior [ RunTime:0.000592s ]
INFO: [ app_begin ] --END-- [ RunTime:0.000751s ]
ERR: 无法加载控制器:Mmcrhead

[ 2018-07-17T16:01:30+08:00 ] ::1 /mmhead/ver_1/1CHlvt82w0GuA6IVwh76crCYCw7ic9GECOgbuk5xBdmc7WHyXKUr6OcAjicQYibnFdPynRraSLo0wXkNcvzd6cguQ/132
INFO: [ app_init ] --START--
INFO: Run Behavior\BuildLiteBehavior [ RunTime:0.000082s ]
INFO: [ app_init ] --END-- [ RunTime:0.000458s ]
INFO: [ app_begin ] --START--
INFO: Run Behavior\ReadHtmlCacheBehavior [ RunTime:0.000546s ]
INFO: [ app_begin ] --END-- [ RunTime:0.000647s ]
ERR: 无法加载控制器:Mmhead

[ 2018-07-17T16:01:30+08:00 ] ::1 /mmcrhead/vqe0Qqfnvyd0s5LsMGWYbuj3NmvRAwTjS9SESb82icU4Thnkoiaphu7Thzzy2sSGvJcwf3cUUOcibeCicgzVoOiaWibibKY0U4egGBS/0
INFO: [ app_init ] --START--
INFO: Run Behavior\BuildLiteBehavior [ RunTime:0.000050s ]
INFO: [ app_init ] --END-- [ RunTime:0.001836s ]
INFO: [ app_begin ] --START--
INFO: Run Behavior\ReadHtmlCacheBehavior [ RunTime:0.001613s ]
INFO: [ app_begin ] --END-- [ RunTime:0.001754s ]
ERR: 无法加载控制器:Mmcrhead

[ 2018-07-17T17:33:56+08:00 ] ::1 /mmhead/ver_1/XyD5dZibw8oB58Qv9PSibTJ45X11ZsLFmCMrNP1WOZqvks0Awf6FnZSiaSKKHHfickiaxv5XlFW7mX5fxuPUia9sI8FENqcZyc5Jv4Lziar0hXJ5YU/132
INFO: [ app_init ] --START--
INFO: Run Behavior\BuildLiteBehavior [ RunTime:0.000035s ]
INFO: [ app_init ] --END-- [ RunTime:0.000605s ]
INFO: [ app_begin ] --START--
INFO: Run Behavior\ReadHtmlCacheBehavior [ RunTime:0.000659s ]
INFO: [ app_begin ] --END-- [ RunTime:0.000801s ]
ERR: 无法加载控制器:Mmhead

[ 2018-07-17T17:33:56+08:00 ] ::1 /mmhead/ver_1/1CHlvt82w0GuA6IVwh76crCYCw7ic9GECOgbuk5xBdmc7WHyXKUr6OcAjicQYibnFdPynRraSLo0wXkNcvzd6cguQ/132
INFO: [ app_init ] --START--
INFO: Run Behavior\BuildLiteBehavior [ RunTime:0.000046s ]
INFO: [ app_init ] --END-- [ RunTime:0.000670s ]
INFO: [ app_begin ] --START--
INFO: Run Behavior\ReadHtmlCacheBehavior [ RunTime:0.000484s ]
INFO: [ app_begin ] --END-- [ RunTime:0.000575s ]
ERR: 无法加载控制器:Mmhead

[ 2018-07-17T17:33:57+08:00 ] ::1 /mmhead/ver_1/1CHlvt82w0GuA6IVwh76crCYCw7ic9GECOgbuk5xBdmc7WHyXKUr6OcAjicQYibnFdPynRraSLo0wXkNcvzd6cguQ/132
INFO: [ app_init ] --START--
INFO: Run Behavior\BuildLiteBehavior [ RunTime:0.000024s ]
INFO: [ app_init ] --END-- [ RunTime:0.000573s ]
INFO: [ app_begin ] --START--
INFO: Run Behavior\ReadHtmlCacheBehavior [ RunTime:0.003693s ]
INFO: [ app_begin ] --END-- [ RunTime:0.003914s ]
ERR: 无法加载控制器:Mmhead

[ 2018-07-17T17:33:58+08:00 ] ::1 /mmhead/ver_1/XyD5dZibw8oB58Qv9PSibTJ45X11ZsLFmCMrNP1WOZqvks0Awf6FnZSiaSKKHHfickiaxv5XlFW7mX5fxuPUia9sI8FENqcZyc5Jv4Lziar0hXJ5YU/132
INFO: [ app_init ] --START--
INFO: Run Behavior\BuildLiteBehavior [ RunTime:0.000034s ]
INFO: [ app_init ] --END-- [ RunTime:0.000615s ]
INFO: [ app_begin ] --START--
INFO: Run Behavior\ReadHtmlCacheBehavior [ RunTime:0.001670s ]
INFO: [ app_begin ] --END-- [ RunTime:0.001848s ]
ERR: 无法加载控制器:Mmhead

[ 2018-07-17T17:33:58+08:00 ] ::1 /mmhead/ver_1/1CHlvt82w0GuA6IVwh76crCYCw7ic9GECOgbuk5xBdmc7WHyXKUr6OcAjicQYibnFdPynRraSLo0wXkNcvzd6cguQ/132
INFO: [ app_init ] --START--
INFO: Run Behavior\BuildLiteBehavior [ RunTime:0.000057s ]
INFO: [ app_init ] --END-- [ RunTime:0.003372s ]
INFO: [ app_begin ] --START--
INFO: Run Behavior\ReadHtmlCacheBehavior [ RunTime:0.000599s ]
INFO: [ app_begin ] --END-- [ RunTime:0.001059s ]
ERR: 无法加载控制器:Mmhead

[ 2018-07-17T17:33:58+08:00 ] ::1 /mmhead/ver_1/1CHlvt82w0GuA6IVwh76crCYCw7ic9GECOgbuk5xBdmc7WHyXKUr6OcAjicQYibnFdPynRraSLo0wXkNcvzd6cguQ/132
INFO: [ app_init ] --START--
INFO: Run Behavior\BuildLiteBehavior [ RunTime:0.000213s ]
INFO: [ app_init ] --END-- [ RunTime:0.002341s ]
INFO: [ app_begin ] --START--
INFO: Run Behavior\ReadHtmlCacheBehavior [ RunTime:0.000692s ]
INFO: [ app_begin ] --END-- [ RunTime:0.000818s ]
ERR: 无法加载控制器:Mmhead

[ 2018-07-17T17:33:58+08:00 ] ::1 /mmhead/ver_1/XyD5dZibw8oB58Qv9PSibTJ45X11ZsLFmCMrNP1WOZqvks0Awf6FnZSiaSKKHHfickiaxv5XlFW7mX5fxuPUia9sI8FENqcZyc5Jv4Lziar0hXJ5YU/132
INFO: [ app_init ] --START--
INFO: Run Behavior\BuildLiteBehavior [ RunTime:0.000052s ]
INFO: [ app_init ] --END-- [ RunTime:0.000908s ]
INFO: [ app_begin ] --START--
INFO: Run Behavior\ReadHtmlCacheBehavior [ RunTime:0.001091s ]
INFO: [ app_begin ] --END-- [ RunTime:0.001462s ]
ERR: 无法加载控制器:Mmhead

[ 2018-07-17T17:34:13+08:00 ] ::1 /mmhead/ver_1/1CHlvt82w0GuA6IVwh76crCYCw7ic9GECOgbuk5xBdmc7WHyXKUr6OcAjicQYibnFdPynRraSLo0wXkNcvzd6cguQ/132
INFO: [ app_init ] --START--
INFO: Run Behavior\BuildLiteBehavior [ RunTime:0.000023s ]
INFO: [ app_init ] --END-- [ RunTime:0.000513s ]
INFO: [ app_begin ] --START--
INFO: Run Behavior\ReadHtmlCacheBehavior [ RunTime:0.000519s ]
INFO: [ app_begin ] --END-- [ RunTime:0.000614s ]
ERR: 无法加载控制器:Mmhead

[ 2018-07-17T17:34:13+08:00 ] ::1 /mmhead/ver_1/1CHlvt82w0GuA6IVwh76crCYCw7ic9GECOgbuk5xBdmc7WHyXKUr6OcAjicQYibnFdPynRraSLo0wXkNcvzd6cguQ/132
INFO: [ app_init ] --START--
INFO: Run Behavior\BuildLiteBehavior [ RunTime:0.000037s ]
INFO: [ app_init ] --END-- [ RunTime:0.000549s ]
INFO: [ app_begin ] --START--
INFO: Run Behavior\ReadHtmlCacheBehavior [ RunTime:0.000544s ]
INFO: [ app_begin ] --END-- [ RunTime:0.000641s ]
ERR: 无法加载控制器:Mmhead

[ 2018-07-17T17:34:45+08:00 ] ::1 /mmhead/ver_1/1CHlvt82w0GuA6IVwh76crCYCw7ic9GECOgbuk5xBdmc7WHyXKUr6OcAjicQYibnFdPynRraSLo0wXkNcvzd6cguQ/132
INFO: [ app_init ] --START--
INFO: Run Behavior\BuildLiteBehavior [ RunTime:0.000027s ]
INFO: [ app_init ] --END-- [ RunTime:0.000448s ]
INFO: [ app_begin ] --START--
INFO: Run Behavior\ReadHtmlCacheBehavior [ RunTime:0.000904s ]
INFO: [ app_begin ] --END-- [ RunTime:0.001043s ]
ERR: 无法加载控制器:Mmhead

[ 2018-07-17T17:43:28+08:00 ] ::1 /mmhead/ver_1/LicXQzdhEKDsHgy3gM3xnYjxHt5pJicUE434jhqbDPLJueFDvWLAIUUC1dJsq5eIeMhmktswz8UVSNah9C9kvQ0y7TP5NcIicO9eCvoibQrwoQA/132
INFO: [ app_init ] --START--
INFO: Run Behavior\BuildLiteBehavior [ RunTime:0.000054s ]
INFO: [ app_init ] --END-- [ RunTime:0.000956s ]
INFO: [ app_begin ] --START--
INFO: Run Behavior\ReadHtmlCacheBehavior [ RunTime:0.000912s ]
INFO: [ app_begin ] --END-- [ RunTime:0.001055s ]
ERR: 无法加载控制器:Mmhead

[ 2018-07-17T17:43:34+08:00 ] ::1 /mmhead/ver_1/1CHlvt82w0GuA6IVwh76crCYCw7ic9GECOgbuk5xBdmc7WHyXKUr6OcAjicQYibnFdPynRraSLo0wXkNcvzd6cguQ/132
INFO: [ app_init ] --START--
INFO: Run Behavior\BuildLiteBehavior [ RunTime:0.000022s ]
INFO: [ app_init ] --END-- [ RunTime:0.000413s ]
INFO: [ app_begin ] --START--
INFO: Run Behavior\ReadHtmlCacheBehavior [ RunTime:0.000649s ]
INFO: [ app_begin ] --END-- [ RunTime:0.000779s ]
ERR: 无法加载控制器:Mmhead

[ 2018-07-17T17:54:16+08:00 ] ::1 /mmhead/ver_1/XyD5dZibw8oB58Qv9PSibTJ45X11ZsLFmCMrNP1WOZqvks0Awf6FnZSiaSKKHHfickiaxv5XlFW7mX5fxuPUia9sI8FENqcZyc5Jv4Lziar0hXJ5YU/132
INFO: [ app_init ] --START--
INFO: Run Behavior\BuildLiteBehavior [ RunTime:0.000023s ]
INFO: [ app_init ] --END-- [ RunTime:0.000386s ]
INFO: [ app_begin ] --START--
INFO: Run Behavior\ReadHtmlCacheBehavior [ RunTime:0.000614s ]
INFO: [ app_begin ] --END-- [ RunTime:0.000765s ]
ERR: 无法加载控制器:Mmhead

[ 2018-07-17T17:54:37+08:00 ] ::1 /mmhead/ver_1/1CHlvt82w0GuA6IVwh76crCYCw7ic9GECOgbuk5xBdmc7WHyXKUr6OcAjicQYibnFdPynRraSLo0wXkNcvzd6cguQ/132
INFO: [ app_init ] --START--
INFO: Run Behavior\BuildLiteBehavior [ RunTime:0.000020s ]
INFO: [ app_init ] --END-- [ RunTime:0.000397s ]
INFO: [ app_begin ] --START--
INFO: Run Behavior\ReadHtmlCacheBehavior [ RunTime:0.000429s ]
INFO: [ app_begin ] --END-- [ RunTime:0.000577s ]
ERR: 无法加载控制器:Mmhead

[ 2018-07-17T17:54:37+08:00 ] ::1 /mmhead/ver_1/1CHlvt82w0GuA6IVwh76crCYCw7ic9GECOgbuk5xBdmc7WHyXKUr6OcAjicQYibnFdPynRraSLo0wXkNcvzd6cguQ/132
INFO: [ app_init ] --START--
INFO: Run Behavior\BuildLiteBehavior [ RunTime:0.000037s ]
INFO: [ app_init ] --END-- [ RunTime:0.001124s ]
INFO: [ app_begin ] --START--
INFO: Run Behavior\ReadHtmlCacheBehavior [ RunTime:0.000606s ]
INFO: [ app_begin ] --END-- [ RunTime:0.000699s ]
ERR: 无法加载控制器:Mmhead

[ 2018-07-17T17:55:12+08:00 ] ::1 /mmhead/ver_1/XyD5dZibw8oB58Qv9PSibTJ45X11ZsLFmCMrNP1WOZqvks0Awf6FnZSiaSKKHHfickiaxv5XlFW7mX5fxuPUia9sI8FENqcZyc5Jv4Lziar0hXJ5YU/132
INFO: [ app_init ] --START--
INFO: Run Behavior\BuildLiteBehavior [ RunTime:0.000032s ]
INFO: [ app_init ] --END-- [ RunTime:0.000568s ]
INFO: [ app_begin ] --START--
INFO: Run Behavior\ReadHtmlCacheBehavior [ RunTime:0.000509s ]
INFO: [ app_begin ] --END-- [ RunTime:0.000632s ]
ERR: 无法加载控制器:Mmhead

[ 2018-07-17T17:55:12+08:00 ] ::1 /mmhead/ver_1/1CHlvt82w0GuA6IVwh76crCYCw7ic9GECOgbuk5xBdmc7WHyXKUr6OcAjicQYibnFdPynRraSLo0wXkNcvzd6cguQ/132
INFO: [ app_init ] --START--
INFO: Run Behavior\BuildLiteBehavior [ RunTime:0.000032s ]
INFO: [ app_init ] --END-- [ RunTime:0.000564s ]
INFO: [ app_begin ] --START--
INFO: Run Behavior\ReadHtmlCacheBehavior [ RunTime:0.000611s ]
INFO: [ app_begin ] --END-- [ RunTime:0.000733s ]
ERR: 无法加载控制器:Mmhead

[ 2018-07-17T17:55:12+08:00 ] ::1 /mmhead/ver_1/XyD5dZibw8oB58Qv9PSibTJ45X11ZsLFmCMrNP1WOZqvks0Awf6FnZSiaSKKHHfickiaxv5XlFW7mX5fxuPUia9sI8FENqcZyc5Jv4Lziar0hXJ5YU/132
INFO: [ app_init ] --START--
INFO: Run Behavior\BuildLiteBehavior [ RunTime:0.000044s ]
INFO: [ app_init ] --END-- [ RunTime:0.002089s ]
INFO: [ app_begin ] --START--
INFO: Run Behavior\ReadHtmlCacheBehavior [ RunTime:0.000884s ]
INFO: [ app_begin ] --END-- [ RunTime:0.001061s ]
ERR: 无法加载控制器:Mmhead

[ 2018-07-17T17:55:25+08:00 ] ::1 /mmhead/ver_1/1CHlvt82w0GuA6IVwh76crCYCw7ic9GECOgbuk5xBdmc7WHyXKUr6OcAjicQYibnFdPynRraSLo0wXkNcvzd6cguQ/132
INFO: [ app_init ] --START--
INFO: Run Behavior\BuildLiteBehavior [ RunTime:0.000023s ]
INFO: [ app_init ] --END-- [ RunTime:0.000412s ]
INFO: [ app_begin ] --START--
INFO: Run Behavior\ReadHtmlCacheBehavior [ RunTime:0.000469s ]
INFO: [ app_begin ] --END-- [ RunTime:0.000555s ]
ERR: 无法加载控制器:Mmhead

[ 2018-07-17T17:55:25+08:00 ] ::1 /mmhead/ver_1/1CHlvt82w0GuA6IVwh76crCYCw7ic9GECOgbuk5xBdmc7WHyXKUr6OcAjicQYibnFdPynRraSLo0wXkNcvzd6cguQ/132
INFO: [ app_init ] --START--
INFO: Run Behavior\BuildLiteBehavior [ RunTime:0.000027s ]
INFO: [ app_init ] --END-- [ RunTime:0.000445s ]
INFO: [ app_begin ] --START--
INFO: Run Behavior\ReadHtmlCacheBehavior [ RunTime:0.000464s ]
INFO: [ app_begin ] --END-- [ RunTime:0.000556s ]
ERR: 无法加载控制器:Mmhead

[ 2018-07-17T17:55:25+08:00 ] ::1 /mmhead/ver_1/XyD5dZibw8oB58Qv9PSibTJ45X11ZsLFmCMrNP1WOZqvks0Awf6FnZSiaSKKHHfickiaxv5XlFW7mX5fxuPUia9sI8FENqcZyc5Jv4Lziar0hXJ5YU/132
INFO: [ app_init ] --START--
INFO: Run Behavior\BuildLiteBehavior [ RunTime:0.000034s ]
INFO: [ app_init ] --END-- [ RunTime:0.000576s ]
INFO: [ app_begin ] --START--
INFO: Run Behavior\ReadHtmlCacheBehavior [ RunTime:0.000760s ]
INFO: [ app_begin ] --END-- [ RunTime:0.000902s ]
ERR: 无法加载控制器:Mmhead

[ 2018-07-17T17:57:21+08:00 ] ::1 /mmhead/ver_1/XyD5dZibw8oB58Qv9PSibTJ45X11ZsLFmCMrNP1WOZqvks0Awf6FnZSiaSKKHHfickiaxv5XlFW7mX5fxuPUia9sI8FENqcZyc5Jv4Lziar0hXJ5YU/132
INFO: [ app_init ] --START--
INFO: Run Behavior\BuildLiteBehavior [ RunTime:0.000025s ]
INFO: [ app_init ] --END-- [ RunTime:0.000498s ]
INFO: [ app_begin ] --START--
INFO: Run Behavior\ReadHtmlCacheBehavior [ RunTime:0.000539s ]
INFO: [ app_begin ] --END-- [ RunTime:0.000637s ]
ERR: 无法加载控制器:Mmhead

[ 2018-07-17T17:58:09+08:00 ] ::1 /mmhead/ver_1/1CHlvt82w0GuA6IVwh76crCYCw7ic9GECOgbuk5xBdmc7WHyXKUr6OcAjicQYibnFdPynRraSLo0wXkNcvzd6cguQ/132
INFO: [ app_init ] --START--
INFO: Run Behavior\BuildLiteBehavior [ RunTime:0.000022s ]
INFO: [ app_init ] --END-- [ RunTime:0.000413s ]
INFO: [ app_begin ] --START--
INFO: Run Behavior\ReadHtmlCacheBehavior [ RunTime:0.000510s ]
INFO: [ app_begin ] --END-- [ RunTime:0.000604s ]
ERR: 无法加载控制器:Mmhead

[ 2018-07-17T17:58:09+08:00 ] ::1 /mmhead/ver_1/1CHlvt82w0GuA6IVwh76crCYCw7ic9GECOgbuk5xBdmc7WHyXKUr6OcAjicQYibnFdPynRraSLo0wXkNcvzd6cguQ/132
INFO: [ app_init ] --START--
INFO: Run Behavior\BuildLiteBehavior [ RunTime:0.000022s ]
INFO: [ app_init ] --END-- [ RunTime:0.000370s ]
INFO: [ app_begin ] --START--
INFO: Run Behavior\ReadHtmlCacheBehavior [ RunTime:0.000458s ]
INFO: [ app_begin ] --END-- [ RunTime:0.000546s ]
ERR: 无法加载控制器:Mmhead

[ 2018-07-17T17:58:42+08:00 ] ::1 /mmhead/ver_1/1CHlvt82w0GuA6IVwh76crCYCw7ic9GECOgbuk5xBdmc7WHyXKUr6OcAjicQYibnFdPynRraSLo0wXkNcvzd6cguQ/132
INFO: [ app_init ] --START--
INFO: Run Behavior\BuildLiteBehavior [ RunTime:0.000022s ]
INFO: [ app_init ] --END-- [ RunTime:0.000397s ]
INFO: [ app_begin ] --START--
INFO: Run Behavior\ReadHtmlCacheBehavior [ RunTime:0.000624s ]
INFO: [ app_begin ] --END-- [ RunTime:0.000750s ]
ERR: 无法加载控制器:Mmhead

[ 2018-07-17T17:58:42+08:00 ] ::1 /mmhead/ver_1/XyD5dZibw8oB58Qv9PSibTJ45X11ZsLFmCMrNP1WOZqvks0Awf6FnZSiaSKKHHfickiaxv5XlFW7mX5fxuPUia9sI8FENqcZyc5Jv4Lziar0hXJ5YU/132
INFO: [ app_init ] --START--
INFO: Run Behavior\BuildLiteBehavior [ RunTime:0.000038s ]
INFO: [ app_init ] --END-- [ RunTime:0.000398s ]
INFO: [ app_begin ] --START--
INFO: Run Behavior\ReadHtmlCacheBehavior [ RunTime:0.000515s ]
INFO: [ app_begin ] --END-- [ RunTime:0.000627s ]
ERR: 无法加载控制器:Mmhead

[ 2018-07-17T17:58:42+08:00 ] ::1 /mmhead/ver_1/XyD5dZibw8oB58Qv9PSibTJ45X11ZsLFmCMrNP1WOZqvks0Awf6FnZSiaSKKHHfickiaxv5XlFW7mX5fxuPUia9sI8FENqcZyc5Jv4Lziar0hXJ5YU/132
INFO: [ app_init ] --START--
INFO: Run Behavior\BuildLiteBehavior [ RunTime:0.000023s ]
INFO: [ app_init ] --END-- [ RunTime:0.000402s ]
INFO: [ app_begin ] --START--
INFO: Run Behavior\ReadHtmlCacheBehavior [ RunTime:0.000529s ]
INFO: [ app_begin ] --END-- [ RunTime:0.000621s ]
ERR: 无法加载控制器:Mmhead

[ 2018-07-17T18:01:13+08:00 ] ::1 /mmhead/ver_1/XyD5dZibw8oB58Qv9PSibTJ45X11ZsLFmCMrNP1WOZqvks0Awf6FnZSiaSKKHHfickiaxv5XlFW7mX5fxuPUia9sI8FENqcZyc5Jv4Lziar0hXJ5YU/132
INFO: [ app_init ] --START--
INFO: Run Behavior\BuildLiteBehavior [ RunTime:0.000028s ]
INFO: [ app_init ] --END-- [ RunTime:0.000666s ]
INFO: [ app_begin ] --START--
INFO: Run Behavior\ReadHtmlCacheBehavior [ RunTime:0.000794s ]
INFO: [ app_begin ] --END-- [ RunTime:0.000910s ]
ERR: 无法加载控制器:Mmhead

[ 2018-07-17T18:01:13+08:00 ] ::1 /mmhead/ver_1/1CHlvt82w0GuA6IVwh76crCYCw7ic9GECOgbuk5xBdmc7WHyXKUr6OcAjicQYibnFdPynRraSLo0wXkNcvzd6cguQ/132
INFO: [ app_init ] --START--
INFO: Run Behavior\BuildLiteBehavior [ RunTime:0.000025s ]
INFO: [ app_init ] --END-- [ RunTime:0.000421s ]
INFO: [ app_begin ] --START--
INFO: Run Behavior\ReadHtmlCacheBehavior [ RunTime:0.000484s ]
INFO: [ app_begin ] --END-- [ RunTime:0.000576s ]
ERR: 无法加载控制器:Mmhead

[ 2018-07-17T18:01:13+08:00 ] ::1 /mmhead/ver_1/1CHlvt82w0GuA6IVwh76crCYCw7ic9GECOgbuk5xBdmc7WHyXKUr6OcAjicQYibnFdPynRraSLo0wXkNcvzd6cguQ/132
INFO: [ app_init ] --START--
INFO: Run Behavior\BuildLiteBehavior [ RunTime:0.000020s ]
INFO: [ app_init ] --END-- [ RunTime:0.000357s ]
INFO: [ app_begin ] --START--
INFO: Run Behavior\ReadHtmlCacheBehavior [ RunTime:0.000410s ]
INFO: [ app_begin ] --END-- [ RunTime:0.000492s ]
ERR: 无法加载控制器:Mmhead

[ 2018-07-17T18:01:46+08:00 ] ::1 /mmhead/ver_1/1CHlvt82w0GuA6IVwh76crCYCw7ic9GECOgbuk5xBdmc7WHyXKUr6OcAjicQYibnFdPynRraSLo0wXkNcvzd6cguQ/132
INFO: [ app_init ] --START--
INFO: Run Behavior\BuildLiteBehavior [ RunTime:0.000021s ]
INFO: [ app_init ] --END-- [ RunTime:0.000361s ]
INFO: [ app_begin ] --START--
INFO: Run Behavior\ReadHtmlCacheBehavior [ RunTime:0.000627s ]
INFO: [ app_begin ] --END-- [ RunTime:0.000757s ]
ERR: 无法加载控制器:Mmhead

[ 2018-07-17T18:01:46+08:00 ] ::1 /mmhead/ver_1/XyD5dZibw8oB58Qv9PSibTJ45X11ZsLFmCMrNP1WOZqvks0Awf6FnZSiaSKKHHfickiaxv5XlFW7mX5fxuPUia9sI8FENqcZyc5Jv4Lziar0hXJ5YU/132
INFO: [ app_init ] --START--
INFO: Run Behavior\BuildLiteBehavior [ RunTime:0.000024s ]
INFO: [ app_init ] --END-- [ RunTime:0.000504s ]
INFO: [ app_begin ] --START--
INFO: Run Behavior\ReadHtmlCacheBehavior [ RunTime:0.000553s ]
INFO: [ app_begin ] --END-- [ RunTime:0.000661s ]
ERR: 无法加载控制器:Mmhead

[ 2018-07-17T18:01:46+08:00 ] ::1 /mmhead/ver_1/1CHlvt82w0GuA6IVwh76crCYCw7ic9GECOgbuk5xBdmc7WHyXKUr6OcAjicQYibnFdPynRraSLo0wXkNcvzd6cguQ/132
INFO: [ app_init ] --START--
INFO: Run Behavior\BuildLiteBehavior [ RunTime:0.000033s ]
INFO: [ app_init ] --END-- [ RunTime:0.000410s ]
INFO: [ app_begin ] --START--
INFO: Run Behavior\ReadHtmlCacheBehavior [ RunTime:0.000487s ]
INFO: [ app_begin ] --END-- [ RunTime:0.000594s ]
ERR: 无法加载控制器:Mmhead

[ 2018-07-17T18:01:46+08:00 ] ::1 /mmhead/ver_1/XyD5dZibw8oB58Qv9PSibTJ45X11ZsLFmCMrNP1WOZqvks0Awf6FnZSiaSKKHHfickiaxv5XlFW7mX5fxuPUia9sI8FENqcZyc5Jv4Lziar0hXJ5YU/132
INFO: [ app_init ] --START--
INFO: Run Behavior\BuildLiteBehavior [ RunTime:0.000020s ]
INFO: [ app_init ] --END-- [ RunTime:0.000346s ]
INFO: [ app_begin ] --START--
INFO: Run Behavior\ReadHtmlCacheBehavior [ RunTime:0.000399s ]
INFO: [ app_begin ] --END-- [ RunTime:0.000473s ]
ERR: 无法加载控制器:Mmhead

[ 2018-07-17T18:02:06+08:00 ] ::1 /mmhead/ver_1/XyD5dZibw8oB58Qv9PSibTJ45X11ZsLFmCMrNP1WOZqvks0Awf6FnZSiaSKKHHfickiaxv5XlFW7mX5fxuPUia9sI8FENqcZyc5Jv4Lziar0hXJ5YU/132
INFO: [ app_init ] --START--
INFO: Run Behavior\BuildLiteBehavior [ RunTime:0.000023s ]
INFO: [ app_init ] --END-- [ RunTime:0.000394s ]
INFO: [ app_begin ] --START--
INFO: Run Behavior\ReadHtmlCacheBehavior [ RunTime:0.000730s ]
INFO: [ app_begin ] --END-- [ RunTime:0.000851s ]
ERR: 无法加载控制器:Mmhead

[ 2018-07-17T18:02:06+08:00 ] ::1 /mmhead/ver_1/1CHlvt82w0GuA6IVwh76crCYCw7ic9GECOgbuk5xBdmc7WHyXKUr6OcAjicQYibnFdPynRraSLo0wXkNcvzd6cguQ/132
INFO: [ app_init ] --START--
INFO: Run Behavior\BuildLiteBehavior [ RunTime:0.000037s ]
INFO: [ app_init ] --END-- [ RunTime:0.000651s ]
INFO: [ app_begin ] --START--
INFO: Run Behavior\ReadHtmlCacheBehavior [ RunTime:0.000697s ]
INFO: [ app_begin ] --END-- [ RunTime:0.000872s ]
ERR: 无法加载控制器:Mmhead

[ 2018-07-17T18:02:06+08:00 ] ::1 /mmhead/ver_1/1CHlvt82w0GuA6IVwh76crCYCw7ic9GECOgbuk5xBdmc7WHyXKUr6OcAjicQYibnFdPynRraSLo0wXkNcvzd6cguQ/132
INFO: [ app_init ] --START--
INFO: Run Behavior\BuildLiteBehavior [ RunTime:0.000032s ]
INFO: [ app_init ] --END-- [ RunTime:0.000552s ]
INFO: [ app_begin ] --START--
INFO: Run Behavior\ReadHtmlCacheBehavior [ RunTime:0.000835s ]
INFO: [ app_begin ] --END-- [ RunTime:0.000981s ]
ERR: 无法加载控制器:Mmhead

[ 2018-07-17T18:02:46+08:00 ] ::1 /mmhead/ver_1/XyD5dZibw8oB58Qv9PSibTJ45X11ZsLFmCMrNP1WOZqvks0Awf6FnZSiaSKKHHfickiaxv5XlFW7mX5fxuPUia9sI8FENqcZyc5Jv4Lziar0hXJ5YU/132
INFO: [ app_init ] --START--
INFO: Run Behavior\BuildLiteBehavior [ RunTime:0.000021s ]
INFO: [ app_init ] --END-- [ RunTime:0.000408s ]
INFO: [ app_begin ] --START--
INFO: Run Behavior\ReadHtmlCacheBehavior [ RunTime:0.000492s ]
INFO: [ app_begin ] --END-- [ RunTime:0.000587s ]
ERR: 无法加载控制器:Mmhead

[ 2018-07-17T18:02:46+08:00 ] ::1 /mmhead/ver_1/1CHlvt82w0GuA6IVwh76crCYCw7ic9GECOgbuk5xBdmc7WHyXKUr6OcAjicQYibnFdPynRraSLo0wXkNcvzd6cguQ/132
INFO: [ app_init ] --START--
INFO: Run Behavior\BuildLiteBehavior [ RunTime:0.000022s ]
INFO: [ app_init ] --END-- [ RunTime:0.000380s ]
INFO: [ app_begin ] --START--
INFO: Run Behavior\ReadHtmlCacheBehavior [ RunTime:0.000439s ]
INFO: [ app_begin ] --END-- [ RunTime:0.000525s ]
ERR: 无法加载控制器:Mmhead

[ 2018-07-17T18:03:13+08:00 ] ::1 /mmhead/ver_1/1CHlvt82w0GuA6IVwh76crCYCw7ic9GECOgbuk5xBdmc7WHyXKUr6OcAjicQYibnFdPynRraSLo0wXkNcvzd6cguQ/132
INFO: [ app_init ] --START--
INFO: Run Behavior\BuildLiteBehavior [ RunTime:0.000089s ]
INFO: [ app_init ] --END-- [ RunTime:0.001239s ]
INFO: [ app_begin ] --START--
INFO: Run Behavior\ReadHtmlCacheBehavior [ RunTime:0.000813s ]
INFO: [ app_begin ] --END-- [ RunTime:0.001017s ]
ERR: 无法加载控制器:Mmhead

[ 2018-07-17T18:03:13+08:00 ] ::1 /mmhead/ver_1/XyD5dZibw8oB58Qv9PSibTJ45X11ZsLFmCMrNP1WOZqvks0Awf6FnZSiaSKKHHfickiaxv5XlFW7mX5fxuPUia9sI8FENqcZyc5Jv4Lziar0hXJ5YU/132
INFO: [ app_init ] --START--
INFO: Run Behavior\BuildLiteBehavior [ RunTime:0.000027s ]
INFO: [ app_init ] --END-- [ RunTime:0.000520s ]
INFO: [ app_begin ] --START--
INFO: Run Behavior\ReadHtmlCacheBehavior [ RunTime:0.000604s ]
INFO: [ app_begin ] --END-- [ RunTime:0.000764s ]
ERR: 无法加载控制器:Mmhead

[ 2018-07-17T18:04:13+08:00 ] ::1 /mmhead/ver_1/XyD5dZibw8oB58Qv9PSibTJ45X11ZsLFmCMrNP1WOZqvks0Awf6FnZSiaSKKHHfickiaxv5XlFW7mX5fxuPUia9sI8FENqcZyc5Jv4Lziar0hXJ5YU/132
INFO: [ app_init ] --START--
INFO: Run Behavior\BuildLiteBehavior [ RunTime:0.000022s ]
INFO: [ app_init ] --END-- [ RunTime:0.000393s ]
INFO: [ app_begin ] --START--
INFO: Run Behavior\ReadHtmlCacheBehavior [ RunTime:0.000485s ]
INFO: [ app_begin ] --END-- [ RunTime:0.000577s ]
ERR: 无法加载控制器:Mmhead

[ 2018-07-17T18:04:20+08:00 ] ::1 /mmhead/ver_1/1CHlvt82w0GuA6IVwh76crCYCw7ic9GECOgbuk5xBdmc7WHyXKUr6OcAjicQYibnFdPynRraSLo0wXkNcvzd6cguQ/132
INFO: [ app_init ] --START--
INFO: Run Behavior\BuildLiteBehavior [ RunTime:0.000024s ]
INFO: [ app_init ] --END-- [ RunTime:0.000430s ]
INFO: [ app_begin ] --START--
INFO: Run Behavior\ReadHtmlCacheBehavior [ RunTime:0.000544s ]
INFO: [ app_begin ] --END-- [ RunTime:0.000648s ]
ERR: 无法加载控制器:Mmhead

[ 2018-07-17T18:04:20+08:00 ] ::1 /mmhead/ver_1/XyD5dZibw8oB58Qv9PSibTJ45X11ZsLFmCMrNP1WOZqvks0Awf6FnZSiaSKKHHfickiaxv5XlFW7mX5fxuPUia9sI8FENqcZyc5Jv4Lziar0hXJ5YU/132
INFO: [ app_init ] --START--
INFO: Run Behavior\BuildLiteBehavior [ RunTime:0.000032s ]
INFO: [ app_init ] --END-- [ RunTime:0.000551s ]
INFO: [ app_begin ] --START--
INFO: Run Behavior\ReadHtmlCacheBehavior [ RunTime:0.000688s ]
INFO: [ app_begin ] --END-- [ RunTime:0.000841s ]
ERR: 无法加载控制器:Mmhead

[ 2018-07-17T18:04:20+08:00 ] ::1 /mmhead/ver_1/1CHlvt82w0GuA6IVwh76crCYCw7ic9GECOgbuk5xBdmc7WHyXKUr6OcAjicQYibnFdPynRraSLo0wXkNcvzd6cguQ/132
INFO: [ app_init ] --START--
INFO: Run Behavior\BuildLiteBehavior [ RunTime:0.000025s ]
INFO: [ app_init ] --END-- [ RunTime:0.000500s ]
INFO: [ app_begin ] --START--
INFO: Run Behavior\ReadHtmlCacheBehavior [ RunTime:0.000760s ]
INFO: [ app_begin ] --END-- [ RunTime:0.001044s ]
ERR: 无法加载控制器:Mmhead

[ 2018-07-17T18:04:58+08:00 ] ::1 /mmhead/ver_1/XyD5dZibw8oB58Qv9PSibTJ45X11ZsLFmCMrNP1WOZqvks0Awf6FnZSiaSKKHHfickiaxv5XlFW7mX5fxuPUia9sI8FENqcZyc5Jv4Lziar0hXJ5YU/132
INFO: [ app_init ] --START--
INFO: Run Behavior\BuildLiteBehavior [ RunTime:0.000020s ]
INFO: [ app_init ] --END-- [ RunTime:0.000420s ]
INFO: [ app_begin ] --START--
INFO: Run Behavior\ReadHtmlCacheBehavior [ RunTime:0.000408s ]
INFO: [ app_begin ] --END-- [ RunTime:0.000484s ]
ERR: 无法加载控制器:Mmhead

[ 2018-07-17T18:05:00+08:00 ] ::1 /mmhead/ver_1/1CHlvt82w0GuA6IVwh76crCYCw7ic9GECOgbuk5xBdmc7WHyXKUr6OcAjicQYibnFdPynRraSLo0wXkNcvzd6cguQ/132
INFO: [ app_init ] --START--
INFO: Run Behavior\BuildLiteBehavior [ RunTime:0.000022s ]
INFO: [ app_init ] --END-- [ RunTime:0.000431s ]
INFO: [ app_begin ] --START--
INFO: Run Behavior\ReadHtmlCacheBehavior [ RunTime:0.000523s ]
INFO: [ app_begin ] --END-- [ RunTime:0.000628s ]
ERR: 无法加载控制器:Mmhead

[ 2018-07-17T18:05:00+08:00 ] ::1 /mmhead/ver_1/1CHlvt82w0GuA6IVwh76crCYCw7ic9GECOgbuk5xBdmc7WHyXKUr6OcAjicQYibnFdPynRraSLo0wXkNcvzd6cguQ/132
INFO: [ app_init ] --START--
INFO: Run Behavior\BuildLiteBehavior [ RunTime:0.000021s ]
INFO: [ app_init ] --END-- [ RunTime:0.000372s ]
INFO: [ app_begin ] --START--
INFO: Run Behavior\ReadHtmlCacheBehavior [ RunTime:0.000522s ]
INFO: [ app_begin ] --END-- [ RunTime:0.000616s ]
ERR: 无法加载控制器:Mmhead

[ 2018-07-17T18:05:00+08:00 ] ::1 /mmhead/ver_1/XyD5dZibw8oB58Qv9PSibTJ45X11ZsLFmCMrNP1WOZqvks0Awf6FnZSiaSKKHHfickiaxv5XlFW7mX5fxuPUia9sI8FENqcZyc5Jv4Lziar0hXJ5YU/132
INFO: [ app_init ] --START--
INFO: Run Behavior\BuildLiteBehavior [ RunTime:0.000019s ]
INFO: [ app_init ] --END-- [ RunTime:0.000340s ]
INFO: [ app_begin ] --START--
INFO: Run Behavior\ReadHtmlCacheBehavior [ RunTime:0.000403s ]
INFO: [ app_begin ] --END-- [ RunTime:0.000481s ]
ERR: 无法加载控制器:Mmhead

[ 2018-07-17T18:05:06+08:00 ] ::1 /mmhead/ver_1/XyD5dZibw8oB58Qv9PSibTJ45X11ZsLFmCMrNP1WOZqvks0Awf6FnZSiaSKKHHfickiaxv5XlFW7mX5fxuPUia9sI8FENqcZyc5Jv4Lziar0hXJ5YU/132
INFO: [ app_init ] --START--
INFO: Run Behavior\BuildLiteBehavior [ RunTime:0.000021s ]
INFO: [ app_init ] --END-- [ RunTime:0.000369s ]
INFO: [ app_begin ] --START--
INFO: Run Behavior\ReadHtmlCacheBehavior [ RunTime:0.000454s ]
INFO: [ app_begin ] --END-- [ RunTime:0.000543s ]
ERR: 无法加载控制器:Mmhead

[ 2018-07-17T18:05:06+08:00 ] ::1 /mmhead/ver_1/1CHlvt82w0GuA6IVwh76crCYCw7ic9GECOgbuk5xBdmc7WHyXKUr6OcAjicQYibnFdPynRraSLo0wXkNcvzd6cguQ/132
INFO: [ app_init ] --START--
INFO: Run Behavior\BuildLiteBehavior [ RunTime:0.000020s ]
INFO: [ app_init ] --END-- [ RunTime:0.000348s ]
INFO: [ app_begin ] --START--
INFO: Run Behavior\ReadHtmlCacheBehavior [ RunTime:0.000405s ]
INFO: [ app_begin ] --END-- [ RunTime:0.000484s ]
ERR: 无法加载控制器:Mmhead

[ 2018-07-17T18:05:31+08:00 ] ::1 /mmhead/ver_1/XyD5dZibw8oB58Qv9PSibTJ45X11ZsLFmCMrNP1WOZqvks0Awf6FnZSiaSKKHHfickiaxv5XlFW7mX5fxuPUia9sI8FENqcZyc5Jv4Lziar0hXJ5YU/132
INFO: [ app_init ] --START--
INFO: Run Behavior\BuildLiteBehavior [ RunTime:0.000032s ]
INFO: [ app_init ] --END-- [ RunTime:0.000410s ]
INFO: [ app_begin ] --START--
INFO: Run Behavior\ReadHtmlCacheBehavior [ RunTime:0.000508s ]
INFO: [ app_begin ] --END-- [ RunTime:0.000632s ]
ERR: 无法加载控制器:Mmhead

[ 2018-07-17T18:05:31+08:00 ] ::1 /mmhead/ver_1/1CHlvt82w0GuA6IVwh76crCYCw7ic9GECOgbuk5xBdmc7WHyXKUr6OcAjicQYibnFdPynRraSLo0wXkNcvzd6cguQ/132
INFO: [ app_init ] --START--
INFO: Run Behavior\BuildLiteBehavior [ RunTime:0.000018s ]
INFO: [ app_init ] --END-- [ RunTime:0.000339s ]
INFO: [ app_begin ] --START--
INFO: Run Behavior\ReadHtmlCacheBehavior [ RunTime:0.000417s ]
INFO: [ app_begin ] --END-- [ RunTime:0.000494s ]
ERR: 无法加载控制器:Mmhead

[ 2018-07-17T18:05:45+08:00 ] ::1 /mmhead/ver_1/XyD5dZibw8oB58Qv9PSibTJ45X11ZsLFmCMrNP1WOZqvks0Awf6FnZSiaSKKHHfickiaxv5XlFW7mX5fxuPUia9sI8FENqcZyc5Jv4Lziar0hXJ5YU/132
INFO: [ app_init ] --START--
INFO: Run Behavior\BuildLiteBehavior [ RunTime:0.000023s ]
INFO: [ app_init ] --END-- [ RunTime:0.000424s ]
INFO: [ app_begin ] --START--
INFO: Run Behavior\ReadHtmlCacheBehavior [ RunTime:0.000502s ]
INFO: [ app_begin ] --END-- [ RunTime:0.000595s ]
ERR: 无法加载控制器:Mmhead

[ 2018-07-17T18:05:45+08:00 ] ::1 /mmhead/ver_1/1CHlvt82w0GuA6IVwh76crCYCw7ic9GECOgbuk5xBdmc7WHyXKUr6OcAjicQYibnFdPynRraSLo0wXkNcvzd6cguQ/132
INFO: [ app_init ] --START--
INFO: Run Behavior\BuildLiteBehavior [ RunTime:0.000022s ]
INFO: [ app_init ] --END-- [ RunTime:0.000404s ]
INFO: [ app_begin ] --START--
INFO: Run Behavior\ReadHtmlCacheBehavior [ RunTime:0.000447s ]
INFO: [ app_begin ] --END-- [ RunTime:0.000526s ]
ERR: 无法加载控制器:Mmhead

[ 2018-07-17T18:06:00+08:00 ] ::1 /mmhead/ver_1/XyD5dZibw8oB58Qv9PSibTJ45X11ZsLFmCMrNP1WOZqvks0Awf6FnZSiaSKKHHfickiaxv5XlFW7mX5fxuPUia9sI8FENqcZyc5Jv4Lziar0hXJ5YU/132
INFO: [ app_init ] --START--
INFO: Run Behavior\BuildLiteBehavior [ RunTime:0.000028s ]
INFO: [ app_init ] --END-- [ RunTime:0.000401s ]
INFO: [ app_begin ] --START--
INFO: Run Behavior\ReadHtmlCacheBehavior [ RunTime:0.000641s ]
INFO: [ app_begin ] --END-- [ RunTime:0.000760s ]
ERR: 无法加载控制器:Mmhead

[ 2018-07-17T18:06:00+08:00 ] ::1 /mmhead/ver_1/1CHlvt82w0GuA6IVwh76crCYCw7ic9GECOgbuk5xBdmc7WHyXKUr6OcAjicQYibnFdPynRraSLo0wXkNcvzd6cguQ/132
INFO: [ app_init ] --START--
INFO: Run Behavior\BuildLiteBehavior [ RunTime:0.000022s ]
INFO: [ app_init ] --END-- [ RunTime:0.000390s ]
INFO: [ app_begin ] --START--
INFO: Run Behavior\ReadHtmlCacheBehavior [ RunTime:0.000434s ]
INFO: [ app_begin ] --END-- [ RunTime:0.000515s ]
ERR: 无法加载控制器:Mmhead

[ 2018-07-17T18:06:04+08:00 ] ::1 /mmhead/ver_1/1CHlvt82w0GuA6IVwh76crCYCw7ic9GECOgbuk5xBdmc7WHyXKUr6OcAjicQYibnFdPynRraSLo0wXkNcvzd6cguQ/132
INFO: [ app_init ] --START--
INFO: Run Behavior\BuildLiteBehavior [ RunTime:0.000031s ]
INFO: [ app_init ] --END-- [ RunTime:0.000546s ]
INFO: [ app_begin ] --START--
INFO: Run Behavior\ReadHtmlCacheBehavior [ RunTime:0.000791s ]
INFO: [ app_begin ] --END-- [ RunTime:0.000985s ]
ERR: 无法加载控制器:Mmhead

[ 2018-07-17T18:06:04+08:00 ] ::1 /mmhead/ver_1/XyD5dZibw8oB58Qv9PSibTJ45X11ZsLFmCMrNP1WOZqvks0Awf6FnZSiaSKKHHfickiaxv5XlFW7mX5fxuPUia9sI8FENqcZyc5Jv4Lziar0hXJ5YU/132
INFO: [ app_init ] --START--
INFO: Run Behavior\BuildLiteBehavior [ RunTime:0.000040s ]
INFO: [ app_init ] --END-- [ RunTime:0.000728s ]
INFO: [ app_begin ] --START--
INFO: Run Behavior\ReadHtmlCacheBehavior [ RunTime:0.000641s ]
INFO: [ app_begin ] --END-- [ RunTime:0.000780s ]
ERR: 无法加载控制器:Mmhead

[ 2018-07-17T18:06:04+08:00 ] ::1 /mmhead/ver_1/XyD5dZibw8oB58Qv9PSibTJ45X11ZsLFmCMrNP1WOZqvks0Awf6FnZSiaSKKHHfickiaxv5XlFW7mX5fxuPUia9sI8FENqcZyc5Jv4Lziar0hXJ5YU/132
INFO: [ app_init ] --START--
INFO: Run Behavior\BuildLiteBehavior [ RunTime:0.000023s ]
INFO: [ app_init ] --END-- [ RunTime:0.000438s ]
INFO: [ app_begin ] --START--
INFO: Run Behavior\ReadHtmlCacheBehavior [ RunTime:0.000480s ]
INFO: [ app_begin ] --END-- [ RunTime:0.000584s ]
ERR: 无法加载控制器:Mmhead

[ 2018-07-17T18:07:11+08:00 ] ::1 /mmhead/ver_1/XyD5dZibw8oB58Qv9PSibTJ45X11ZsLFmCMrNP1WOZqvks0Awf6FnZSiaSKKHHfickiaxv5XlFW7mX5fxuPUia9sI8FENqcZyc5Jv4Lziar0hXJ5YU/132
INFO: [ app_init ] --START--
INFO: Run Behavior\BuildLiteBehavior [ RunTime:0.000022s ]
INFO: [ app_init ] --END-- [ RunTime:0.000378s ]
INFO: [ app_begin ] --START--
INFO: Run Behavior\ReadHtmlCacheBehavior [ RunTime:0.000493s ]
INFO: [ app_begin ] --END-- [ RunTime:0.000592s ]
ERR: 无法加载控制器:Mmhead

[ 2018-07-17T18:07:11+08:00 ] ::1 /mmhead/ver_1/1CHlvt82w0GuA6IVwh76crCYCw7ic9GECOgbuk5xBdmc7WHyXKUr6OcAjicQYibnFdPynRraSLo0wXkNcvzd6cguQ/132
INFO: [ app_init ] --START--
INFO: Run Behavior\BuildLiteBehavior [ RunTime:0.000019s ]
INFO: [ app_init ] --END-- [ RunTime:0.000341s ]
INFO: [ app_begin ] --START--
INFO: Run Behavior\ReadHtmlCacheBehavior [ RunTime:0.000451s ]
INFO: [ app_begin ] --END-- [ RunTime:0.000532s ]
ERR: 无法加载控制器:Mmhead

[ 2018-07-17T18:07:50+08:00 ] ::1 /mmhead/ver_1/1CHlvt82w0GuA6IVwh76crCYCw7ic9GECOgbuk5xBdmc7WHyXKUr6OcAjicQYibnFdPynRraSLo0wXkNcvzd6cguQ/132
INFO: [ app_init ] --START--
INFO: Run Behavior\BuildLiteBehavior [ RunTime:0.000040s ]
INFO: [ app_init ] --END-- [ RunTime:0.000717s ]
INFO: [ app_begin ] --START--
INFO: Run Behavior\ReadHtmlCacheBehavior [ RunTime:0.000685s ]
INFO: [ app_begin ] --END-- [ RunTime:0.000838s ]
ERR: 无法加载控制器:Mmhead

[ 2018-07-17T18:08:05+08:00 ] ::1 /mmhead/ver_1/1CHlvt82w0GuA6IVwh76crCYCw7ic9GECOgbuk5xBdmc7WHyXKUr6OcAjicQYibnFdPynRraSLo0wXkNcvzd6cguQ/132
INFO: [ app_init ] --START--
INFO: Run Behavior\BuildLiteBehavior [ RunTime:0.000032s ]
INFO: [ app_init ] --END-- [ RunTime:0.000436s ]
INFO: [ app_begin ] --START--
INFO: Run Behavior\ReadHtmlCacheBehavior [ RunTime:0.000537s ]
INFO: [ app_begin ] --END-- [ RunTime:0.000686s ]
ERR: 无法加载控制器:Mmhead

[ 2018-07-17T18:08:59+08:00 ] ::1 /mmhead/ver_1/1CHlvt82w0GuA6IVwh76crCYCw7ic9GECOgbuk5xBdmc7WHyXKUr6OcAjicQYibnFdPynRraSLo0wXkNcvzd6cguQ/132
INFO: [ app_init ] --START--
INFO: Run Behavior\BuildLiteBehavior [ RunTime:0.000024s ]
INFO: [ app_init ] --END-- [ RunTime:0.000466s ]
INFO: [ app_begin ] --START--
INFO: Run Behavior\ReadHtmlCacheBehavior [ RunTime:0.000740s ]
INFO: [ app_begin ] --END-- [ RunTime:0.000906s ]
ERR: 无法加载控制器:Mmhead

[ 2018-07-17T18:10:32+08:00 ] ::1 /mmhead/ver_1/1CHlvt82w0GuA6IVwh76crCYCw7ic9GECOgbuk5xBdmc7WHyXKUr6OcAjicQYibnFdPynRraSLo0wXkNcvzd6cguQ/132
INFO: [ app_init ] --START--
INFO: Run Behavior\BuildLiteBehavior [ RunTime:0.000019s ]
INFO: [ app_init ] --END-- [ RunTime:0.000340s ]
INFO: [ app_begin ] --START--
INFO: Run Behavior\ReadHtmlCacheBehavior [ RunTime:0.000404s ]
INFO: [ app_begin ] --END-- [ RunTime:0.000482s ]
ERR: 无法加载控制器:Mmhead

[ 2018-07-17T18:11:33+08:00 ] ::1 /mmhead/ver_1/1CHlvt82w0GuA6IVwh76crCYCw7ic9GECOgbuk5xBdmc7WHyXKUr6OcAjicQYibnFdPynRraSLo0wXkNcvzd6cguQ/132
INFO: [ app_init ] --START--
INFO: Run Behavior\BuildLiteBehavior [ RunTime:0.000023s ]
INFO: [ app_init ] --END-- [ RunTime:0.000398s ]
INFO: [ app_begin ] --START--
INFO: Run Behavior\ReadHtmlCacheBehavior [ RunTime:0.000564s ]
INFO: [ app_begin ] --END-- [ RunTime:0.000675s ]
ERR: 无法加载控制器:Mmhead

[ 2018-07-17T18:15:01+08:00 ] ::1 /mmhead/ver_1/1CHlvt82w0GuA6IVwh76crCYCw7ic9GECOgbuk5xBdmc7WHyXKUr6OcAjicQYibnFdPynRraSLo0wXkNcvzd6cguQ/132
INFO: [ app_init ] --START--
INFO: Run Behavior\BuildLiteBehavior [ RunTime:0.000020s ]
INFO: [ app_init ] --END-- [ RunTime:0.000376s ]
INFO: [ app_begin ] --START--
INFO: Run Behavior\ReadHtmlCacheBehavior [ RunTime:0.000425s ]
INFO: [ app_begin ] --END-- [ RunTime:0.000501s ]
ERR: 无法加载控制器:Mmhead

[ 2018-07-17T18:15:58+08:00 ] ::1 /mmhead/ver_1/1CHlvt82w0GuA6IVwh76crCYCw7ic9GECOgbuk5xBdmc7WHyXKUr6OcAjicQYibnFdPynRraSLo0wXkNcvzd6cguQ/132
INFO: [ app_init ] --START--
INFO: Run Behavior\BuildLiteBehavior [ RunTime:0.000023s ]
INFO: [ app_init ] --END-- [ RunTime:0.000496s ]
INFO: [ app_begin ] --START--
INFO: Run Behavior\ReadHtmlCacheBehavior [ RunTime:0.000457s ]
INFO: [ app_begin ] --END-- [ RunTime:0.000548s ]
ERR: 无法加载控制器:Mmhead

[ 2018-07-17T18:17:39+08:00 ] ::1 /mmhead/ver_1/1CHlvt82w0GuA6IVwh76crCYCw7ic9GECOgbuk5xBdmc7WHyXKUr6OcAjicQYibnFdPynRraSLo0wXkNcvzd6cguQ/132
INFO: [ app_init ] --START--
INFO: Run Behavior\BuildLiteBehavior [ RunTime:0.000096s ]
INFO: [ app_init ] --END-- [ RunTime:0.001322s ]
INFO: [ app_begin ] --START--
INFO: Run Behavior\ReadHtmlCacheBehavior [ RunTime:0.000484s ]
INFO: [ app_begin ] --END-- [ RunTime:0.000578s ]
ERR: 无法加载控制器:Mmhead

[ 2018-07-17T18:17:39+08:00 ] ::1 /mmhead/ver_1/1CHlvt82w0GuA6IVwh76crCYCw7ic9GECOgbuk5xBdmc7WHyXKUr6OcAjicQYibnFdPynRraSLo0wXkNcvzd6cguQ/132
INFO: [ app_init ] --START--
INFO: Run Behavior\BuildLiteBehavior [ RunTime:0.000019s ]
INFO: [ app_init ] --END-- [ RunTime:0.000347s ]
INFO: [ app_begin ] --START--
INFO: Run Behavior\ReadHtmlCacheBehavior [ RunTime:0.000399s ]
INFO: [ app_begin ] --END-- [ RunTime:0.000487s ]
ERR: 无法加载控制器:Mmhead

[ 2018-07-17T19:36:23+08:00 ] ::1 /mmhead/ver_1/1CHlvt82w0GuA6IVwh76crCYCw7ic9GECOgbuk5xBdmc7WHyXKUr6OcAjicQYibnFdPynRraSLo0wXkNcvzd6cguQ/132
INFO: [ app_init ] --START--
INFO: Run Behavior\BuildLiteBehavior [ RunTime:0.000034s ]
INFO: [ app_init ] --END-- [ RunTime:0.000497s ]
INFO: [ app_begin ] --START--
INFO: Run Behavior\ReadHtmlCacheBehavior [ RunTime:0.000607s ]
INFO: [ app_begin ] --END-- [ RunTime:0.000704s ]
ERR: 无法加载控制器:Mmhead

[ 2018-07-17T19:36:38+08:00 ] ::1 /mmhead/ver_1/1CHlvt82w0GuA6IVwh76crCYCw7ic9GECOgbuk5xBdmc7WHyXKUr6OcAjicQYibnFdPynRraSLo0wXkNcvzd6cguQ/132
INFO: [ app_init ] --START--
INFO: Run Behavior\BuildLiteBehavior [ RunTime:0.000050s ]
INFO: [ app_init ] --END-- [ RunTime:0.001257s ]
INFO: [ app_begin ] --START--
INFO: Run Behavior\ReadHtmlCacheBehavior [ RunTime:0.002624s ]
INFO: [ app_begin ] --END-- [ RunTime:0.002982s ]
ERR: 无法加载控制器:Mmhead

[ 2018-07-17T19:36:40+08:00 ] ::1 /mmhead/ver_1/1CHlvt82w0GuA6IVwh76crCYCw7ic9GECOgbuk5xBdmc7WHyXKUr6OcAjicQYibnFdPynRraSLo0wXkNcvzd6cguQ/132
INFO: [ app_init ] --START--
INFO: Run Behavior\BuildLiteBehavior [ RunTime:0.000126s ]
INFO: [ app_init ] --END-- [ RunTime:0.004121s ]
INFO: [ app_begin ] --START--
INFO: Run Behavior\ReadHtmlCacheBehavior [ RunTime:0.000855s ]
INFO: [ app_begin ] --END-- [ RunTime:0.001013s ]
ERR: 无法加载控制器:Mmhead

[ 2018-07-17T19:36:41+08:00 ] ::1 /mmhead/ver_1/YUhCiaRNUgNkQLA1olic1FHTpUCyhHEsdSPZ6KQEJFeFQReWyVPwra650CnmxKSXoMYARl4dk7MzFiaiaNPYEtJvZqA60C5XyqXUpmAicj1zUfeo/132
INFO: [ app_init ] --START--
INFO: Run Behavior\BuildLiteBehavior [ RunTime:0.000021s ]
INFO: [ app_init ] --END-- [ RunTime:0.000392s ]
INFO: [ app_begin ] --START--
INFO: Run Behavior\ReadHtmlCacheBehavior [ RunTime:0.000739s ]
INFO: [ app_begin ] --END-- [ RunTime:0.000878s ]
ERR: 无法加载控制器:Mmhead

[ 2018-07-17T19:39:20+08:00 ] ::1 /Public/static/assets/owlcarousel/owl.carousel.js
INFO: [ app_init ] --START--
INFO: Run Behavior\BuildLiteBehavior [ RunTime:0.000021s ]
INFO: [ app_init ] --END-- [ RunTime:0.000365s ]
INFO: [ app_begin ] --START--
INFO: Run Behavior\ReadHtmlCacheBehavior [ RunTime:0.000647s ]
INFO: [ app_begin ] --END-- [ RunTime:0.000783s ]
ERR: 无法加载控制器:Public

[ 2018-07-17T19:39:20+08:00 ] ::1 /Public/yanjiu/images/close.png
INFO: [ app_init ] --START--
INFO: Run Behavior\BuildLiteBehavior [ RunTime:0.000037s ]
INFO: [ app_init ] --END-- [ RunTime:0.000600s ]

[ 2018-07-17T19:39:20+08:00 ] ::1 /Public/static/assets/owlcarousel/owl.carousel.js
INFO: [ app_init ] --START--
INFO: Run Behavior\BuildLiteBehavior [ RunTime:0.000040s ]
INFO: [ app_init ] --END-- [ RunTime:0.000712s ]
INFO: [ app_begin ] --START--
INFO: Run Behavior\ReadHtmlCacheBehavior [ RunTime:0.001277s ]
INFO: [ app_begin ] --END-- [ RunTime:0.001460s ]
ERR: 无法加载控制器:Public

[ 2018-07-17T19:39:20+08:00 ] ::1 /Public/yanjiu/images/close.png
INFO: [ app_init ] --START--
INFO: Run Behavior\BuildLiteBehavior [ RunTime:0.000021s ]
INFO: [ app_init ] --END-- [ RunTime:0.000374s ]

[ 2018-07-17T21:03:21+08:00 ] ::1 /g?b=sdk&k=HvibPFyAyeXQqB77mpBoPwA&s=140&t=1531654373
INFO: [ app_init ] --START--
INFO: Run Behavior\BuildLiteBehavior [ RunTime:0.000514s ]
INFO: [ app_init ] --END-- [ RunTime:0.002026s ]
INFO: [ app_begin ] --START--
INFO: Run Behavior\ReadHtmlCacheBehavior [ RunTime:0.001757s ]
INFO: [ app_begin ] --END-- [ RunTime:0.001985s ]
ERR: 无法加载控制器:140

[ 2018-07-17T21:03:21+08:00 ] ::1 /g?b=sdk&k=HvibPFyAyeXQqB77mpBoPwA&s=140&t=1531654373
INFO: [ app_init ] --START--
INFO: Run Behavior\BuildLiteBehavior [ RunTime:0.000064s ]
INFO: [ app_init ] --END-- [ RunTime:0.000547s ]
INFO: [ app_begin ] --START--
INFO: Run Behavior\ReadHtmlCacheBehavior [ RunTime:0.001061s ]
INFO: [ app_begin ] --END-- [ RunTime:0.001239s ]
ERR: 无法加载控制器:140

[ 2018-07-17T21:29:00+08:00 ] ::1 /mmhead/ver_1/XyD5dZibw8oB58Qv9PSibTJ45X11ZsLFmCMrNP1WOZqvks0Awf6FnZSiaSKKHHfickiaxv5XlFW7mX5fxuPUia9sI8FENqcZyc5Jv4Lziar0hXJ5YU/132
INFO: [ app_init ] --START--
INFO: Run Behavior\BuildLiteBehavior [ RunTime:0.000052s ]
INFO: [ app_init ] --END-- [ RunTime:0.002851s ]
INFO: [ app_begin ] --START--
INFO: Run Behavior\ReadHtmlCacheBehavior [ RunTime:0.002958s ]
INFO: [ app_begin ] --END-- [ RunTime:0.003351s ]
ERR: 无法加载控制器:Mmhead

[ 2018-07-17T22:04:55+08:00 ] ::1 /mmhead/ver_1/7dpm15ac8ibOIDGECAoa9aRA9hX8gM2HdxZOMH3g7LvJKkbaXXPWgshDMRia9X6FuYg8oJiclz8MwCOj0BIbans7Q/132
INFO: [ app_init ] --START--
INFO: Run Behavior\BuildLiteBehavior [ RunTime:0.000023s ]
INFO: [ app_init ] --END-- [ RunTime:0.000401s ]
INFO: [ app_begin ] --START--
INFO: Run Behavior\ReadHtmlCacheBehavior [ RunTime:0.000494s ]
INFO: [ app_begin ] --END-- [ RunTime:0.000594s ]
ERR: 无法加载控制器:Mmhead

