[ 2019-03-15T10:39:57+08:00 ] 127.0.0.1 /favicon.ico
INFO: [ app_init ] --START--
INFO: Run Behavior\BuildLiteBehavior [ RunTime:0.000066s ]
INFO: [ app_init ] --END-- [ RunTime:0.001962s ]

[ 2019-03-15T15:26:28+08:00 ] 127.0.0.1 /
INFO: [ app_init ] --START--
INFO: Run Behavior\BuildLiteBehavior [ RunTime:0.000032s ]
INFO: [ app_init ] --END-- [ RunTime:0.001025s ]
INFO: [ app_begin ] --START--
INFO: Run Behavior\ReadHtmlCacheBehavior [ RunTime:0.001662s ]
INFO: [ app_begin ] --END-- [ RunTime:0.001832s ]
SQL: SHOW COLUMNS FROM `home_image` [ RunTime:0.0261s ]
SQL: SELECT * FROM `home_image` WHERE ( id not in (select max(id) from home_image) ) ORDER BY id desc  [ RunTime:0.0065s ]
SQL: SELECT * FROM `home_image` WHERE ( id in (select max(id) from home_image) ) LIMIT 1   [ RunTime:0.0051s ]
SQL: SELECT COUNT(*) AS tp_count FROM `home_image` LIMIT 1   [ RunTime:0.0070s ]
SQL: SHOW COLUMNS FROM `contact_us` [ RunTime:0.0142s ]
SQL: SELECT * FROM `contact_us` LIMIT 1   [ RunTime:0.0071s ]
SQL: SHOW COLUMNS FROM `news` [ RunTime:0.0119s ]
SQL: SELECT * FROM `news` WHERE ( content != '' ) ORDER BY save_time desc LIMIT 4   [ RunTime:0.0085s ]
SQL: SHOW COLUMNS FROM `center_introduction` [ RunTime:0.0147s ]
SQL: SELECT * FROM `center_introduction` LIMIT 1   [ RunTime:0.0073s ]
SQL: SHOW COLUMNS FROM `lab_image` [ RunTime:0.0110s ]
SQL: SELECT * FROM `lab_image` ORDER BY id desc  [ RunTime:0.0067s ]
SQL: SHOW COLUMNS FROM `inspection_scope` [ RunTime:0.0143s ]
SQL: SELECT * FROM `inspection_scope` WHERE ( content !='' ) ORDER BY save_time desc LIMIT 4   [ RunTime:0.0070s ]
SQL: SHOW COLUMNS FROM `footer` [ RunTime:0.0160s ]
SQL: SELECT * FROM `footer` LIMIT 1   [ RunTime:0.0063s ]
INFO: [ view_parse ] --START--
INFO: [ template_filter ] --START--
INFO: Run Behavior\ContentReplaceBehavior [ RunTime:0.000251s ]
INFO: [ template_filter ] --END-- [ RunTime:0.000449s ]
NOTIC: [8] Undefined variable: rs C:\BUPT\PHP\WAMPserver\www\jcweb\Application\Runtime\Cache\Home\2a94b8bda04ff446dcedd42276fc99ee.php 第 366 行.
NOTIC: [8] Undefined variable: rs C:\BUPT\PHP\WAMPserver\www\jcweb\Application\Runtime\Cache\Home\2a94b8bda04ff446dcedd42276fc99ee.php 第 368 行.
NOTIC: [8] Undefined variable: rs C:\BUPT\PHP\WAMPserver\www\jcweb\Application\Runtime\Cache\Home\2a94b8bda04ff446dcedd42276fc99ee.php 第 370 行.
INFO: Run Behavior\ParseTemplateBehavior [ RunTime:0.030040s ]
INFO: [ view_parse ] --END-- [ RunTime:0.030222s ]
INFO: [ view_filter ] --START--
INFO: Run Behavior\WriteHtmlCacheBehavior [ RunTime:0.001627s ]
INFO: [ view_filter ] --END-- [ RunTime:0.001776s ]
INFO: [ app_end ] --START--
INFO: Run Behavior\ShowPageTraceBehavior [ RunTime:0.001754s ]
INFO: [ app_end ] --END-- [ RunTime:0.001918s ]

[ 2019-03-15T15:26:33+08:00 ] 127.0.0.1 /Home/Information/contact
INFO: [ app_init ] --START--
INFO: Run Behavior\BuildLiteBehavior [ RunTime:0.000034s ]
INFO: [ app_init ] --END-- [ RunTime:0.000724s ]
INFO: [ app_begin ] --START--
INFO: Run Behavior\ReadHtmlCacheBehavior [ RunTime:0.000859s ]
INFO: [ app_begin ] --END-- [ RunTime:0.001002s ]
SQL: SHOW COLUMNS FROM `footer` [ RunTime:0.0132s ]
SQL: SELECT * FROM `footer` LIMIT 1   [ RunTime:0.0039s ]
SQL: SHOW COLUMNS FROM `contact_us` [ RunTime:0.0177s ]
SQL: SELECT * FROM `contact_us` LIMIT 1   [ RunTime:0.0071s ]
INFO: [ view_parse ] --START--
INFO: [ template_filter ] --START--
INFO: Run Behavior\ContentReplaceBehavior [ RunTime:0.000092s ]
INFO: [ template_filter ] --END-- [ RunTime:0.000211s ]
NOTIC: [8] Undefined variable: rs C:\BUPT\PHP\WAMPserver\www\jcweb\Application\Runtime\Cache\Home\4620d908095e837259c8c224dfccaff2.php 第 88 行.
NOTIC: [8] Undefined variable: rs C:\BUPT\PHP\WAMPserver\www\jcweb\Application\Runtime\Cache\Home\4620d908095e837259c8c224dfccaff2.php 第 90 行.
NOTIC: [8] Undefined variable: rs C:\BUPT\PHP\WAMPserver\www\jcweb\Application\Runtime\Cache\Home\4620d908095e837259c8c224dfccaff2.php 第 92 行.
INFO: Run Behavior\ParseTemplateBehavior [ RunTime:0.011852s ]
INFO: [ view_parse ] --END-- [ RunTime:0.011981s ]
INFO: [ view_filter ] --START--
INFO: Run Behavior\WriteHtmlCacheBehavior [ RunTime:0.000663s ]
INFO: [ view_filter ] --END-- [ RunTime:0.000764s ]
INFO: [ app_end ] --START--
INFO: Run Behavior\ShowPageTraceBehavior [ RunTime:0.000802s ]
INFO: [ app_end ] --END-- [ RunTime:0.000908s ]

