[ 2019-02-12T13:46:25+08:00 ] 127.0.0.1 /
INFO: [ app_init ] --START--
INFO: Run Behavior\BuildLiteBehavior [ RunTime:0.000057s ]
INFO: [ app_init ] --END-- [ RunTime:0.002947s ]
INFO: [ app_begin ] --START--
INFO: Run Behavior\ReadHtmlCacheBehavior [ RunTime:0.003781s ]
INFO: [ app_begin ] --END-- [ RunTime:0.004050s ]
SQL: SHOW COLUMNS FROM `home_image` [ RunTime:0.0267s ]
SQL: SELECT * FROM `home_image` WHERE ( id not in (select max(id) from home_image) ) ORDER BY id desc  [ RunTime:0.0181s ]
SQL: SELECT * FROM `home_image` WHERE ( id in (select max(id) from home_image) ) LIMIT 1   [ RunTime:0.0013s ]
SQL: SELECT COUNT(*) AS tp_count FROM `home_image` LIMIT 1   [ RunTime:0.0012s ]
SQL: SHOW COLUMNS FROM `contact` [ RunTime:0.0114s ]
SQL: SELECT * FROM `contact` LIMIT 1   [ RunTime:0.0010s ]
SQL: SHOW COLUMNS FROM `information` [ RunTime:0.0096s ]
SQL: SELECT * FROM `information` WHERE ( if_special = 1 ) LIMIT 1   [ RunTime:0.0028s ]
SQL: SELECT * FROM `information` WHERE ( id = 21 ) LIMIT 1   [ RunTime:0.0016s ]
SQL: SELECT * FROM `information` WHERE ( type = 1 and information_images_path != ""  ) ORDER BY id desc LIMIT 0,9   [ RunTime:0.0021s ]
INFO: [ view_parse ] --START--
INFO: [ template_filter ] --START--
INFO: Run Behavior\ContentReplaceBehavior [ RunTime:0.000252s ]
INFO: [ template_filter ] --END-- [ RunTime:0.000665s ]
NOTIC: [8] Use of undefined constant d - assumed 'd' C:\BUPT\PHP\WAMPserver\www\chaojing\Application\Runtime\Cache\Home\2a94b8bda04ff446dcedd42276fc99ee.php 第 138 行.
NOTIC: [8] Use of undefined constant Y - assumed 'Y' C:\BUPT\PHP\WAMPserver\www\chaojing\Application\Runtime\Cache\Home\2a94b8bda04ff446dcedd42276fc99ee.php 第 139 行.
NOTIC: [8] Use of undefined constant m - assumed 'm' C:\BUPT\PHP\WAMPserver\www\chaojing\Application\Runtime\Cache\Home\2a94b8bda04ff446dcedd42276fc99ee.php 第 139 行.
NOTIC: [8] Use of undefined constant Y年m月d日 - assumed 'Y年m月d日' C:\BUPT\PHP\WAMPserver\www\chaojing\Application\Runtime\Cache\Home\2a94b8bda04ff446dcedd42276fc99ee.php 第 168 行.
NOTIC: [8] Use of undefined constant Y年m月d日 - assumed 'Y年m月d日' C:\BUPT\PHP\WAMPserver\www\chaojing\Application\Runtime\Cache\Home\2a94b8bda04ff446dcedd42276fc99ee.php 第 168 行.
NOTIC: [8] Use of undefined constant Y年m月d日 - assumed 'Y年m月d日' C:\BUPT\PHP\WAMPserver\www\chaojing\Application\Runtime\Cache\Home\2a94b8bda04ff446dcedd42276fc99ee.php 第 168 行.
NOTIC: [8] Use of undefined constant Y年m月d日 - assumed 'Y年m月d日' C:\BUPT\PHP\WAMPserver\www\chaojing\Application\Runtime\Cache\Home\2a94b8bda04ff446dcedd42276fc99ee.php 第 168 行.
INFO: Run Behavior\ParseTemplateBehavior [ RunTime:0.068902s ]
INFO: [ view_parse ] --END-- [ RunTime:0.069229s ]
INFO: [ view_filter ] --START--
INFO: Run Behavior\WriteHtmlCacheBehavior [ RunTime:0.002406s ]
INFO: [ view_filter ] --END-- [ RunTime:0.002624s ]
INFO: [ app_end ] --START--
INFO: Run Behavior\ShowPageTraceBehavior [ RunTime:0.003266s ]
INFO: [ app_end ] --END-- [ RunTime:0.003523s ]

[ 2019-02-12T13:46:25+08:00 ] 127.0.0.1 /Public/attached/2018-09-19/jiancai.jpg
INFO: [ app_init ] --START--
INFO: Run Behavior\BuildLiteBehavior [ RunTime:0.000030s ]
INFO: [ app_init ] --END-- [ RunTime:0.000669s ]

[ 2019-02-12T13:46:37+08:00 ] 127.0.0.1 /home/Index/index
INFO: [ app_init ] --START--
INFO: Run Behavior\BuildLiteBehavior [ RunTime:0.000026s ]
INFO: [ app_init ] --END-- [ RunTime:0.000539s ]
INFO: [ app_begin ] --START--
INFO: Run Behavior\ReadHtmlCacheBehavior [ RunTime:0.001427s ]
INFO: [ app_begin ] --END-- [ RunTime:0.001589s ]
SQL: SHOW COLUMNS FROM `home_image` [ RunTime:0.0049s ]
SQL: SELECT * FROM `home_image` WHERE ( id not in (select max(id) from home_image) ) ORDER BY id desc  [ RunTime:0.0043s ]
SQL: SELECT * FROM `home_image` WHERE ( id in (select max(id) from home_image) ) LIMIT 1   [ RunTime:0.0005s ]
SQL: SELECT COUNT(*) AS tp_count FROM `home_image` LIMIT 1   [ RunTime:0.0004s ]
SQL: SHOW COLUMNS FROM `contact` [ RunTime:0.0060s ]
SQL: SELECT * FROM `contact` LIMIT 1   [ RunTime:0.0005s ]
SQL: SHOW COLUMNS FROM `information` [ RunTime:0.0039s ]
SQL: SELECT * FROM `information` WHERE ( if_special = 1 ) LIMIT 1   [ RunTime:0.0005s ]
SQL: SELECT * FROM `information` WHERE ( id = 21 ) LIMIT 1   [ RunTime:0.0004s ]
SQL: SELECT * FROM `information` WHERE ( type = 1 and information_images_path != ""  ) ORDER BY id desc LIMIT 0,9   [ RunTime:0.0005s ]
INFO: [ view_parse ] --START--
INFO: [ template_filter ] --START--
INFO: Run Behavior\ContentReplaceBehavior [ RunTime:0.001260s ]
INFO: [ template_filter ] --END-- [ RunTime:0.001439s ]
NOTIC: [8] Use of undefined constant d - assumed 'd' C:\BUPT\PHP\WAMPserver\www\chaojing\Application\Runtime\Cache\Home\2a94b8bda04ff446dcedd42276fc99ee.php 第 138 行.
NOTIC: [8] Use of undefined constant Y - assumed 'Y' C:\BUPT\PHP\WAMPserver\www\chaojing\Application\Runtime\Cache\Home\2a94b8bda04ff446dcedd42276fc99ee.php 第 139 行.
NOTIC: [8] Use of undefined constant m - assumed 'm' C:\BUPT\PHP\WAMPserver\www\chaojing\Application\Runtime\Cache\Home\2a94b8bda04ff446dcedd42276fc99ee.php 第 139 行.
NOTIC: [8] Use of undefined constant Y年m月d日 - assumed 'Y年m月d日' C:\BUPT\PHP\WAMPserver\www\chaojing\Application\Runtime\Cache\Home\2a94b8bda04ff446dcedd42276fc99ee.php 第 168 行.
NOTIC: [8] Use of undefined constant Y年m月d日 - assumed 'Y年m月d日' C:\BUPT\PHP\WAMPserver\www\chaojing\Application\Runtime\Cache\Home\2a94b8bda04ff446dcedd42276fc99ee.php 第 168 行.
NOTIC: [8] Use of undefined constant Y年m月d日 - assumed 'Y年m月d日' C:\BUPT\PHP\WAMPserver\www\chaojing\Application\Runtime\Cache\Home\2a94b8bda04ff446dcedd42276fc99ee.php 第 168 行.
NOTIC: [8] Use of undefined constant Y年m月d日 - assumed 'Y年m月d日' C:\BUPT\PHP\WAMPserver\www\chaojing\Application\Runtime\Cache\Home\2a94b8bda04ff446dcedd42276fc99ee.php 第 168 行.
INFO: Run Behavior\ParseTemplateBehavior [ RunTime:0.025041s ]
INFO: [ view_parse ] --END-- [ RunTime:0.025182s ]
INFO: [ view_filter ] --START--
INFO: Run Behavior\WriteHtmlCacheBehavior [ RunTime:0.001573s ]
INFO: [ view_filter ] --END-- [ RunTime:0.001735s ]
INFO: [ app_end ] --START--
INFO: Run Behavior\ShowPageTraceBehavior [ RunTime:0.002091s ]
INFO: [ app_end ] --END-- [ RunTime:0.002341s ]

[ 2019-02-12T13:46:37+08:00 ] 127.0.0.1 /Public/attached/2018-09-19/jiancai.jpg
INFO: [ app_init ] --START--
INFO: Run Behavior\BuildLiteBehavior [ RunTime:0.000044s ]
INFO: [ app_init ] --END-- [ RunTime:0.000854s ]

[ 2019-02-12T17:01:57+08:00 ] 127.0.0.1 /home/Information/information
INFO: [ app_init ] --START--
INFO: Run Behavior\BuildLiteBehavior [ RunTime:0.000021s ]
INFO: [ app_init ] --END-- [ RunTime:0.001014s ]
INFO: [ app_begin ] --START--
INFO: Run Behavior\ReadHtmlCacheBehavior [ RunTime:0.001730s ]
INFO: [ app_begin ] --END-- [ RunTime:0.001851s ]
SQL: SHOW COLUMNS FROM `contact` [ RunTime:0.0008s ]
SQL: SELECT * FROM `contact` LIMIT 1   [ RunTime:0.0009s ]
SQL: SHOW COLUMNS FROM `information` [ RunTime:0.0006s ]
SQL: SELECT * FROM `information` WHERE ( type = 1 ) ORDER BY id desc LIMIT 0,9   [ RunTime:0.0004s ]
SQL: SELECT COUNT(*) AS tp_count FROM `information` WHERE ( type = 1 ) LIMIT 1   [ RunTime:0.0006s ]
INFO: [ view_parse ] --START--
INFO: [ template_filter ] --START--
INFO: Run Behavior\ContentReplaceBehavior [ RunTime:0.000092s ]
INFO: [ template_filter ] --END-- [ RunTime:0.000190s ]
NOTIC: [8] Use of undefined constant Y年m月d日 - assumed 'Y年m月d日' C:\BUPT\PHP\WAMPserver\www\chaojing\Application\Runtime\Cache\Home\01a1e56ae010515f5125848dc37f4991.php 第 148 行.
NOTIC: [8] Use of undefined constant Y年m月d日 - assumed 'Y年m月d日' C:\BUPT\PHP\WAMPserver\www\chaojing\Application\Runtime\Cache\Home\01a1e56ae010515f5125848dc37f4991.php 第 148 行.
NOTIC: [8] Use of undefined constant Y年m月d日 - assumed 'Y年m月d日' C:\BUPT\PHP\WAMPserver\www\chaojing\Application\Runtime\Cache\Home\01a1e56ae010515f5125848dc37f4991.php 第 148 行.
NOTIC: [8] Use of undefined constant Y年m月d日 - assumed 'Y年m月d日' C:\BUPT\PHP\WAMPserver\www\chaojing\Application\Runtime\Cache\Home\01a1e56ae010515f5125848dc37f4991.php 第 148 行.
INFO: Run Behavior\ParseTemplateBehavior [ RunTime:0.017623s ]
INFO: [ view_parse ] --END-- [ RunTime:0.017724s ]
INFO: [ view_filter ] --START--
INFO: Run Behavior\WriteHtmlCacheBehavior [ RunTime:0.001396s ]
INFO: [ view_filter ] --END-- [ RunTime:0.001486s ]
INFO: [ app_end ] --START--
INFO: Run Behavior\ShowPageTraceBehavior [ RunTime:0.001758s ]
INFO: [ app_end ] --END-- [ RunTime:0.001907s ]

[ 2019-02-12T17:01:57+08:00 ] 127.0.0.1 /Public/attached/2018-09-19/touzi.jpg
INFO: [ app_init ] --START--
INFO: Run Behavior\BuildLiteBehavior [ RunTime:0.000022s ]
INFO: [ app_init ] --END-- [ RunTime:0.000441s ]

[ 2019-02-12T17:01:57+08:00 ] 127.0.0.1 /Public/attached/2018-09-19/byc3.jpg
INFO: [ app_init ] --START--
INFO: Run Behavior\BuildLiteBehavior [ RunTime:0.000023s ]
INFO: [ app_init ] --END-- [ RunTime:0.000526s ]

[ 2019-02-12T17:01:59+08:00 ] 127.0.0.1 /Public/attached/2018-09-19/sichuan.jpg
INFO: [ app_init ] --START--
INFO: Run Behavior\BuildLiteBehavior [ RunTime:0.000019s ]
INFO: [ app_init ] --END-- [ RunTime:0.000428s ]

[ 2019-02-12T17:01:59+08:00 ] 127.0.0.1 /Public/attached/2018-09-19/jiancai.jpg
INFO: [ app_init ] --START--
INFO: Run Behavior\BuildLiteBehavior [ RunTime:0.000022s ]
INFO: [ app_init ] --END-- [ RunTime:0.000473s ]

[ 2019-02-12T17:02:09+08:00 ] 127.0.0.1 /home/Information/production
INFO: [ app_init ] --START--
INFO: Run Behavior\BuildLiteBehavior [ RunTime:0.000022s ]
INFO: [ app_init ] --END-- [ RunTime:0.000517s ]
INFO: [ app_begin ] --START--
INFO: Run Behavior\ReadHtmlCacheBehavior [ RunTime:0.000851s ]
INFO: [ app_begin ] --END-- [ RunTime:0.000947s ]
SQL: SHOW COLUMNS FROM `contact` [ RunTime:0.0024s ]
SQL: SELECT * FROM `contact` LIMIT 1   [ RunTime:0.0003s ]
SQL: SHOW COLUMNS FROM `production` [ RunTime:0.0005s ]
SQL: SELECT * FROM `production` WHERE ( type = "A" ) ORDER BY id desc LIMIT 0,12   [ RunTime:0.0004s ]
SQL: SELECT COUNT(*) AS tp_count FROM `production` WHERE ( type = "A" ) LIMIT 1   [ RunTime:0.0022s ]
SQL: SELECT * FROM `production` WHERE ( type = "B" ) ORDER BY id desc LIMIT 0,12   [ RunTime:0.0003s ]
SQL: SELECT COUNT(*) AS tp_count FROM `production` WHERE ( type = "B" ) LIMIT 1   [ RunTime:0.0002s ]
INFO: [ view_parse ] --START--
INFO: [ template_filter ] --START--
INFO: Run Behavior\ContentReplaceBehavior [ RunTime:0.000100s ]
INFO: [ template_filter ] --END-- [ RunTime:0.000193s ]
NOTIC: [8] Undefined variable: service C:\BUPT\PHP\WAMPserver\www\chaojing\Application\Runtime\Cache\Home\93634bf83262b5e3a9f0c19b6e581665.php 第 188 行.
NOTIC: [8] Undefined variable: service C:\BUPT\PHP\WAMPserver\www\chaojing\Application\Runtime\Cache\Home\93634bf83262b5e3a9f0c19b6e581665.php 第 196 行.
NOTIC: [8] Undefined variable: service C:\BUPT\PHP\WAMPserver\www\chaojing\Application\Runtime\Cache\Home\93634bf83262b5e3a9f0c19b6e581665.php 第 204 行.
NOTIC: [8] Undefined variable: service C:\BUPT\PHP\WAMPserver\www\chaojing\Application\Runtime\Cache\Home\93634bf83262b5e3a9f0c19b6e581665.php 第 212 行.
INFO: Run Behavior\ParseTemplateBehavior [ RunTime:0.015836s ]
INFO: [ view_parse ] --END-- [ RunTime:0.015930s ]
INFO: [ view_filter ] --START--
INFO: Run Behavior\WriteHtmlCacheBehavior [ RunTime:0.000741s ]
INFO: [ view_filter ] --END-- [ RunTime:0.000827s ]
INFO: [ app_end ] --START--
INFO: Run Behavior\ShowPageTraceBehavior [ RunTime:0.000966s ]
INFO: [ app_end ] --END-- [ RunTime:0.001081s ]

[ 2019-02-12T17:02:09+08:00 ] 127.0.0.1 /Public/attached/2018-09-19/dianying3.jpg
INFO: [ app_init ] --START--
INFO: Run Behavior\BuildLiteBehavior [ RunTime:0.000024s ]
INFO: [ app_init ] --END-- [ RunTime:0.000813s ]

[ 2019-02-12T17:02:09+08:00 ] 127.0.0.1 /Public/attached/2018-09-19/tubiao2.jpg
INFO: [ app_init ] --START--
INFO: Run Behavior\BuildLiteBehavior [ RunTime:0.000039s ]
INFO: [ app_init ] --END-- [ RunTime:0.000703s ]

[ 2019-02-12T17:02:09+08:00 ] 127.0.0.1 /Public/attached/2018-09-19/gongbao2.jpg
INFO: [ app_init ] --START--
INFO: Run Behavior\BuildLiteBehavior [ RunTime:0.000023s ]
INFO: [ app_init ] --END-- [ RunTime:0.000546s ]

[ 2019-02-12T17:02:09+08:00 ] 127.0.0.1 /Public/attached/2018-09-19/dili2.jpg
INFO: [ app_init ] --START--
INFO: Run Behavior\BuildLiteBehavior [ RunTime:0.000023s ]
INFO: [ app_init ] --END-- [ RunTime:0.000535s ]

[ 2019-02-12T17:02:19+08:00 ] 127.0.0.1 /home/Information/information
INFO: [ app_init ] --START--
INFO: Run Behavior\BuildLiteBehavior [ RunTime:0.000028s ]
INFO: [ app_init ] --END-- [ RunTime:0.000638s ]
INFO: [ app_begin ] --START--
INFO: Run Behavior\ReadHtmlCacheBehavior [ RunTime:0.000885s ]
INFO: [ app_begin ] --END-- [ RunTime:0.000984s ]
SQL: SHOW COLUMNS FROM `contact` [ RunTime:0.0022s ]
SQL: SELECT * FROM `contact` LIMIT 1   [ RunTime:0.0003s ]
SQL: SHOW COLUMNS FROM `information` [ RunTime:0.0030s ]
SQL: SELECT * FROM `information` WHERE ( type = 1 ) ORDER BY id desc LIMIT 0,9   [ RunTime:0.0003s ]
SQL: SELECT COUNT(*) AS tp_count FROM `information` WHERE ( type = 1 ) LIMIT 1   [ RunTime:0.0002s ]
INFO: [ view_parse ] --START--
INFO: [ template_filter ] --START--
INFO: Run Behavior\ContentReplaceBehavior [ RunTime:0.000096s ]
INFO: [ template_filter ] --END-- [ RunTime:0.000199s ]
NOTIC: [8] Use of undefined constant Y年m月d日 - assumed 'Y年m月d日' C:\BUPT\PHP\WAMPserver\www\chaojing\Application\Runtime\Cache\Home\01a1e56ae010515f5125848dc37f4991.php 第 148 行.
NOTIC: [8] Use of undefined constant Y年m月d日 - assumed 'Y年m月d日' C:\BUPT\PHP\WAMPserver\www\chaojing\Application\Runtime\Cache\Home\01a1e56ae010515f5125848dc37f4991.php 第 148 行.
NOTIC: [8] Use of undefined constant Y年m月d日 - assumed 'Y年m月d日' C:\BUPT\PHP\WAMPserver\www\chaojing\Application\Runtime\Cache\Home\01a1e56ae010515f5125848dc37f4991.php 第 148 行.
NOTIC: [8] Use of undefined constant Y年m月d日 - assumed 'Y年m月d日' C:\BUPT\PHP\WAMPserver\www\chaojing\Application\Runtime\Cache\Home\01a1e56ae010515f5125848dc37f4991.php 第 148 行.
INFO: Run Behavior\ParseTemplateBehavior [ RunTime:0.012094s ]
INFO: [ view_parse ] --END-- [ RunTime:0.012188s ]
INFO: [ view_filter ] --START--
INFO: Run Behavior\WriteHtmlCacheBehavior [ RunTime:0.000826s ]
INFO: [ view_filter ] --END-- [ RunTime:0.000916s ]
INFO: [ app_end ] --START--
INFO: Run Behavior\ShowPageTraceBehavior [ RunTime:0.001886s ]
INFO: [ app_end ] --END-- [ RunTime:0.002012s ]

[ 2019-02-12T17:02:19+08:00 ] 127.0.0.1 /Public/attached/2018-09-19/byc3.jpg
INFO: [ app_init ] --START--
INFO: Run Behavior\BuildLiteBehavior [ RunTime:0.000021s ]
INFO: [ app_init ] --END-- [ RunTime:0.000467s ]

[ 2019-02-12T17:02:19+08:00 ] 127.0.0.1 /Public/attached/2018-09-19/touzi.jpg
INFO: [ app_init ] --START--
INFO: Run Behavior\BuildLiteBehavior [ RunTime:0.000036s ]
INFO: [ app_init ] --END-- [ RunTime:0.000699s ]

[ 2019-02-12T17:02:19+08:00 ] 127.0.0.1 /Public/attached/2018-09-19/sichuan.jpg
INFO: [ app_init ] --START--
INFO: Run Behavior\BuildLiteBehavior [ RunTime:0.000021s ]
INFO: [ app_init ] --END-- [ RunTime:0.000430s ]

[ 2019-02-12T17:02:19+08:00 ] 127.0.0.1 /Public/attached/2018-09-19/jiancai.jpg
INFO: [ app_init ] --START--
INFO: Run Behavior\BuildLiteBehavior [ RunTime:0.000021s ]
INFO: [ app_init ] --END-- [ RunTime:0.000423s ]

[ 2019-02-12T17:02:22+08:00 ] 127.0.0.1 /home/Information/aboutUs
INFO: [ app_init ] --START--
INFO: Run Behavior\BuildLiteBehavior [ RunTime:0.000019s ]
INFO: [ app_init ] --END-- [ RunTime:0.000416s ]
INFO: [ app_begin ] --START--
INFO: Run Behavior\ReadHtmlCacheBehavior [ RunTime:0.000889s ]
INFO: [ app_begin ] --END-- [ RunTime:0.000989s ]
SQL: SHOW COLUMNS FROM `contact` [ RunTime:0.0020s ]
SQL: SELECT * FROM `contact` LIMIT 1   [ RunTime:0.0002s ]
SQL: SHOW COLUMNS FROM `aboutus` [ RunTime:0.0028s ]
SQL: SELECT * FROM `aboutus` WHERE ( type =1 ) LIMIT 1   [ RunTime:0.0003s ]
SQL: SELECT * FROM `aboutus` WHERE ( type =2 and sortby = 1 )  [ RunTime:0.0002s ]
SQL: SELECT * FROM `aboutus` WHERE ( type =2 and sortby = 2 )  [ RunTime:0.0002s ]
INFO: [ view_parse ] --START--
INFO: [ template_filter ] --START--
INFO: Run Behavior\ContentReplaceBehavior [ RunTime:0.000089s ]
INFO: [ template_filter ] --END-- [ RunTime:0.000182s ]
INFO: Run Behavior\ParseTemplateBehavior [ RunTime:0.012972s ]
INFO: [ view_parse ] --END-- [ RunTime:0.013086s ]
INFO: [ view_filter ] --START--
INFO: Run Behavior\WriteHtmlCacheBehavior [ RunTime:0.000719s ]
INFO: [ view_filter ] --END-- [ RunTime:0.000805s ]
INFO: [ app_end ] --START--
INFO: Run Behavior\ShowPageTraceBehavior [ RunTime:0.001045s ]
INFO: [ app_end ] --END-- [ RunTime:0.001197s ]

[ 2019-02-12T17:02:28+08:00 ] 127.0.0.1 /home/Index/index
INFO: [ app_init ] --START--
INFO: Run Behavior\BuildLiteBehavior [ RunTime:0.000022s ]
INFO: [ app_init ] --END-- [ RunTime:0.000428s ]
INFO: [ app_begin ] --START--
INFO: Run Behavior\ReadHtmlCacheBehavior [ RunTime:0.010316s ]
INFO: [ app_begin ] --END-- [ RunTime:0.010443s ]
SQL: SHOW COLUMNS FROM `home_image` [ RunTime:0.0022s ]
SQL: SELECT * FROM `home_image` WHERE ( id not in (select max(id) from home_image) ) ORDER BY id desc  [ RunTime:0.0016s ]
SQL: SELECT * FROM `home_image` WHERE ( id in (select max(id) from home_image) ) LIMIT 1   [ RunTime:0.0002s ]
SQL: SELECT COUNT(*) AS tp_count FROM `home_image` LIMIT 1   [ RunTime:0.0002s ]
SQL: SHOW COLUMNS FROM `contact` [ RunTime:0.0018s ]
SQL: SELECT * FROM `contact` LIMIT 1   [ RunTime:0.0002s ]
SQL: SHOW COLUMNS FROM `information` [ RunTime:0.0018s ]
SQL: SELECT * FROM `information` WHERE ( if_special = 1 ) LIMIT 1   [ RunTime:0.0003s ]
SQL: SELECT * FROM `information` WHERE ( id = 21 ) LIMIT 1   [ RunTime:0.0003s ]
SQL: SELECT * FROM `information` WHERE ( type = 1 and information_images_path != ""  ) ORDER BY id desc LIMIT 0,9   [ RunTime:0.0005s ]
INFO: [ view_parse ] --START--
INFO: [ template_filter ] --START--
INFO: Run Behavior\ContentReplaceBehavior [ RunTime:0.000095s ]
INFO: [ template_filter ] --END-- [ RunTime:0.000222s ]
NOTIC: [8] Use of undefined constant d - assumed 'd' C:\BUPT\PHP\WAMPserver\www\chaojing\Application\Runtime\Cache\Home\2a94b8bda04ff446dcedd42276fc99ee.php 第 138 行.
NOTIC: [8] Use of undefined constant Y - assumed 'Y' C:\BUPT\PHP\WAMPserver\www\chaojing\Application\Runtime\Cache\Home\2a94b8bda04ff446dcedd42276fc99ee.php 第 139 行.
NOTIC: [8] Use of undefined constant m - assumed 'm' C:\BUPT\PHP\WAMPserver\www\chaojing\Application\Runtime\Cache\Home\2a94b8bda04ff446dcedd42276fc99ee.php 第 139 行.
NOTIC: [8] Use of undefined constant Y年m月d日 - assumed 'Y年m月d日' C:\BUPT\PHP\WAMPserver\www\chaojing\Application\Runtime\Cache\Home\2a94b8bda04ff446dcedd42276fc99ee.php 第 168 行.
NOTIC: [8] Use of undefined constant Y年m月d日 - assumed 'Y年m月d日' C:\BUPT\PHP\WAMPserver\www\chaojing\Application\Runtime\Cache\Home\2a94b8bda04ff446dcedd42276fc99ee.php 第 168 行.
NOTIC: [8] Use of undefined constant Y年m月d日 - assumed 'Y年m月d日' C:\BUPT\PHP\WAMPserver\www\chaojing\Application\Runtime\Cache\Home\2a94b8bda04ff446dcedd42276fc99ee.php 第 168 行.
NOTIC: [8] Use of undefined constant Y年m月d日 - assumed 'Y年m月d日' C:\BUPT\PHP\WAMPserver\www\chaojing\Application\Runtime\Cache\Home\2a94b8bda04ff446dcedd42276fc99ee.php 第 168 行.
INFO: Run Behavior\ParseTemplateBehavior [ RunTime:0.014579s ]
INFO: [ view_parse ] --END-- [ RunTime:0.014679s ]
INFO: [ view_filter ] --START--
INFO: Run Behavior\WriteHtmlCacheBehavior [ RunTime:0.000790s ]
INFO: [ view_filter ] --END-- [ RunTime:0.000878s ]
INFO: [ app_end ] --START--
INFO: Run Behavior\ShowPageTraceBehavior [ RunTime:0.001108s ]
INFO: [ app_end ] --END-- [ RunTime:0.001248s ]

[ 2019-02-12T17:02:28+08:00 ] 127.0.0.1 /Public/attached/2018-09-19/jiancai.jpg
INFO: [ app_init ] --START--
INFO: Run Behavior\BuildLiteBehavior [ RunTime:0.000026s ]
INFO: [ app_init ] --END-- [ RunTime:0.000656s ]

[ 2019-02-12T17:07:23+08:00 ] 127.0.0.1 /home/Information/aboutUs
INFO: [ app_init ] --START--
INFO: Run Behavior\BuildLiteBehavior [ RunTime:0.000030s ]
INFO: [ app_init ] --END-- [ RunTime:0.000726s ]
INFO: [ app_begin ] --START--
INFO: Run Behavior\ReadHtmlCacheBehavior [ RunTime:0.001024s ]
INFO: [ app_begin ] --END-- [ RunTime:0.001144s ]
SQL: SHOW COLUMNS FROM `contact` [ RunTime:0.0025s ]
SQL: SELECT * FROM `contact` LIMIT 1   [ RunTime:0.0003s ]
SQL: SHOW COLUMNS FROM `aboutus` [ RunTime:0.0019s ]
SQL: SELECT * FROM `aboutus` WHERE ( type =1 ) LIMIT 1   [ RunTime:0.0003s ]
SQL: SELECT * FROM `aboutus` WHERE ( type =2 and sortby = 1 )  [ RunTime:0.0002s ]
SQL: SELECT * FROM `aboutus` WHERE ( type =2 and sortby = 2 )  [ RunTime:0.0002s ]
INFO: [ view_parse ] --START--
INFO: [ template_filter ] --START--
INFO: Run Behavior\ContentReplaceBehavior [ RunTime:0.000107s ]
INFO: [ template_filter ] --END-- [ RunTime:0.000215s ]
INFO: Run Behavior\ParseTemplateBehavior [ RunTime:0.012587s ]
INFO: [ view_parse ] --END-- [ RunTime:0.012701s ]
INFO: [ view_filter ] --START--
INFO: Run Behavior\WriteHtmlCacheBehavior [ RunTime:0.000767s ]
INFO: [ view_filter ] --END-- [ RunTime:0.000854s ]
INFO: [ app_end ] --START--
INFO: Run Behavior\ShowPageTraceBehavior [ RunTime:0.000936s ]
INFO: [ app_end ] --END-- [ RunTime:0.001038s ]

[ 2019-02-12T17:07:24+08:00 ] 127.0.0.1 /home/Information/information
INFO: [ app_init ] --START--
INFO: Run Behavior\BuildLiteBehavior [ RunTime:0.000023s ]
INFO: [ app_init ] --END-- [ RunTime:0.000494s ]
INFO: [ app_begin ] --START--
INFO: Run Behavior\ReadHtmlCacheBehavior [ RunTime:0.001186s ]
INFO: [ app_begin ] --END-- [ RunTime:0.001344s ]
SQL: SHOW COLUMNS FROM `contact` [ RunTime:0.0020s ]
SQL: SELECT * FROM `contact` LIMIT 1   [ RunTime:0.0002s ]
SQL: SHOW COLUMNS FROM `information` [ RunTime:0.0018s ]
SQL: SELECT * FROM `information` WHERE ( type = 1 ) ORDER BY id desc LIMIT 0,9   [ RunTime:0.0003s ]
SQL: SELECT COUNT(*) AS tp_count FROM `information` WHERE ( type = 1 ) LIMIT 1   [ RunTime:0.0002s ]
INFO: [ view_parse ] --START--
INFO: [ template_filter ] --START--
INFO: Run Behavior\ContentReplaceBehavior [ RunTime:0.000091s ]
INFO: [ template_filter ] --END-- [ RunTime:0.000186s ]
NOTIC: [8] Use of undefined constant Y年m月d日 - assumed 'Y年m月d日' C:\BUPT\PHP\WAMPserver\www\chaojing\Application\Runtime\Cache\Home\01a1e56ae010515f5125848dc37f4991.php 第 148 行.
NOTIC: [8] Use of undefined constant Y年m月d日 - assumed 'Y年m月d日' C:\BUPT\PHP\WAMPserver\www\chaojing\Application\Runtime\Cache\Home\01a1e56ae010515f5125848dc37f4991.php 第 148 行.
NOTIC: [8] Use of undefined constant Y年m月d日 - assumed 'Y年m月d日' C:\BUPT\PHP\WAMPserver\www\chaojing\Application\Runtime\Cache\Home\01a1e56ae010515f5125848dc37f4991.php 第 148 行.
NOTIC: [8] Use of undefined constant Y年m月d日 - assumed 'Y年m月d日' C:\BUPT\PHP\WAMPserver\www\chaojing\Application\Runtime\Cache\Home\01a1e56ae010515f5125848dc37f4991.php 第 148 行.
INFO: Run Behavior\ParseTemplateBehavior [ RunTime:0.014116s ]
INFO: [ view_parse ] --END-- [ RunTime:0.014213s ]
INFO: [ view_filter ] --START--
INFO: Run Behavior\WriteHtmlCacheBehavior [ RunTime:0.000733s ]
INFO: [ view_filter ] --END-- [ RunTime:0.000828s ]
INFO: [ app_end ] --START--
INFO: Run Behavior\ShowPageTraceBehavior [ RunTime:0.000922s ]
INFO: [ app_end ] --END-- [ RunTime:0.001027s ]

[ 2019-02-12T17:07:25+08:00 ] 127.0.0.1 /Public/attached/2018-09-19/touzi.jpg
INFO: [ app_init ] --START--
INFO: Run Behavior\BuildLiteBehavior [ RunTime:0.000021s ]
INFO: [ app_init ] --END-- [ RunTime:0.000485s ]

[ 2019-02-12T17:07:25+08:00 ] 127.0.0.1 /Public/attached/2018-09-19/byc3.jpg
INFO: [ app_init ] --START--
INFO: Run Behavior\BuildLiteBehavior [ RunTime:0.000026s ]
INFO: [ app_init ] --END-- [ RunTime:0.003641s ]

[ 2019-02-12T17:07:25+08:00 ] 127.0.0.1 /Public/attached/2018-09-19/jiancai.jpg
INFO: [ app_init ] --START--
INFO: Run Behavior\BuildLiteBehavior [ RunTime:0.000039s ]
INFO: [ app_init ] --END-- [ RunTime:0.000742s ]

[ 2019-02-12T17:07:25+08:00 ] 127.0.0.1 /Public/attached/2018-09-19/sichuan.jpg
INFO: [ app_init ] --START--
INFO: Run Behavior\BuildLiteBehavior [ RunTime:0.000046s ]
INFO: [ app_init ] --END-- [ RunTime:0.000792s ]

[ 2019-02-12T17:07:27+08:00 ] 127.0.0.1 /home/Information/production
INFO: [ app_init ] --START--
INFO: Run Behavior\BuildLiteBehavior [ RunTime:0.000021s ]
INFO: [ app_init ] --END-- [ RunTime:0.000427s ]
INFO: [ app_begin ] --START--
INFO: Run Behavior\ReadHtmlCacheBehavior [ RunTime:0.001487s ]
INFO: [ app_begin ] --END-- [ RunTime:0.001700s ]
SQL: SHOW COLUMNS FROM `contact` [ RunTime:0.0006s ]
SQL: SELECT * FROM `contact` LIMIT 1   [ RunTime:0.0003s ]
SQL: SHOW COLUMNS FROM `production` [ RunTime:0.0022s ]
SQL: SELECT * FROM `production` WHERE ( type = "A" ) ORDER BY id desc LIMIT 0,12   [ RunTime:0.0004s ]
SQL: SELECT COUNT(*) AS tp_count FROM `production` WHERE ( type = "A" ) LIMIT 1   [ RunTime:0.0003s ]
SQL: SELECT * FROM `production` WHERE ( type = "B" ) ORDER BY id desc LIMIT 0,12   [ RunTime:0.0005s ]
SQL: SELECT COUNT(*) AS tp_count FROM `production` WHERE ( type = "B" ) LIMIT 1   [ RunTime:0.0002s ]
INFO: [ view_parse ] --START--
INFO: [ template_filter ] --START--
INFO: Run Behavior\ContentReplaceBehavior [ RunTime:0.000102s ]
INFO: [ template_filter ] --END-- [ RunTime:0.000200s ]
NOTIC: [8] Undefined variable: service C:\BUPT\PHP\WAMPserver\www\chaojing\Application\Runtime\Cache\Home\93634bf83262b5e3a9f0c19b6e581665.php 第 188 行.
NOTIC: [8] Undefined variable: service C:\BUPT\PHP\WAMPserver\www\chaojing\Application\Runtime\Cache\Home\93634bf83262b5e3a9f0c19b6e581665.php 第 196 行.
NOTIC: [8] Undefined variable: service C:\BUPT\PHP\WAMPserver\www\chaojing\Application\Runtime\Cache\Home\93634bf83262b5e3a9f0c19b6e581665.php 第 204 行.
NOTIC: [8] Undefined variable: service C:\BUPT\PHP\WAMPserver\www\chaojing\Application\Runtime\Cache\Home\93634bf83262b5e3a9f0c19b6e581665.php 第 212 行.
INFO: Run Behavior\ParseTemplateBehavior [ RunTime:0.015297s ]
INFO: [ view_parse ] --END-- [ RunTime:0.015395s ]
INFO: [ view_filter ] --START--
INFO: Run Behavior\WriteHtmlCacheBehavior [ RunTime:0.000745s ]
INFO: [ view_filter ] --END-- [ RunTime:0.000834s ]
INFO: [ app_end ] --START--
INFO: Run Behavior\ShowPageTraceBehavior [ RunTime:0.001027s ]
INFO: [ app_end ] --END-- [ RunTime:0.001161s ]

[ 2019-02-12T17:07:27+08:00 ] 127.0.0.1 /Public/attached/2018-09-19/dianying3.jpg
INFO: [ app_init ] --START--
INFO: Run Behavior\BuildLiteBehavior [ RunTime:0.000022s ]
INFO: [ app_init ] --END-- [ RunTime:0.000449s ]

[ 2019-02-12T17:07:27+08:00 ] 127.0.0.1 /Public/attached/2018-09-19/tubiao2.jpg
INFO: [ app_init ] --START--
INFO: Run Behavior\BuildLiteBehavior [ RunTime:0.000027s ]
INFO: [ app_init ] --END-- [ RunTime:0.000472s ]

[ 2019-02-12T17:07:27+08:00 ] 127.0.0.1 /Public/attached/2018-09-19/gongbao2.jpg
INFO: [ app_init ] --START--
INFO: Run Behavior\BuildLiteBehavior [ RunTime:0.000021s ]
INFO: [ app_init ] --END-- [ RunTime:0.000501s ]

[ 2019-02-12T17:07:27+08:00 ] 127.0.0.1 /Public/attached/2018-09-19/dili2.jpg
INFO: [ app_init ] --START--
INFO: Run Behavior\BuildLiteBehavior [ RunTime:0.000036s ]
INFO: [ app_init ] --END-- [ RunTime:0.000790s ]

[ 2019-02-12T17:07:29+08:00 ] 127.0.0.1 /home/Information/recruitment
INFO: [ app_init ] --START--
INFO: Run Behavior\BuildLiteBehavior [ RunTime:0.000042s ]
INFO: [ app_init ] --END-- [ RunTime:0.000693s ]
INFO: [ app_begin ] --START--
INFO: Run Behavior\ReadHtmlCacheBehavior [ RunTime:0.000915s ]
INFO: [ app_begin ] --END-- [ RunTime:0.001032s ]
SQL: SHOW COLUMNS FROM `contact` [ RunTime:0.0006s ]
SQL: SELECT * FROM `contact` LIMIT 1   [ RunTime:0.0003s ]
SQL: SHOW COLUMNS FROM `recruitment` [ RunTime:0.0151s ]
SQL: SELECT * FROM `recruitment` LIMIT 1   [ RunTime:0.0032s ]
SQL: SHOW COLUMNS FROM `yuangong_picture` [ RunTime:0.0043s ]
SQL: SELECT * FROM `yuangong_picture`  [ RunTime:0.0003s ]
INFO: [ view_parse ] --START--
INFO: [ template_filter ] --START--
INFO: Run Behavior\ContentReplaceBehavior [ RunTime:0.000093s ]
INFO: [ template_filter ] --END-- [ RunTime:0.000190s ]
INFO: Run Behavior\ParseTemplateBehavior [ RunTime:0.014865s ]
INFO: [ view_parse ] --END-- [ RunTime:0.014977s ]
INFO: [ view_filter ] --START--
INFO: Run Behavior\WriteHtmlCacheBehavior [ RunTime:0.000728s ]
INFO: [ view_filter ] --END-- [ RunTime:0.000812s ]
INFO: [ app_end ] --START--
INFO: Run Behavior\ShowPageTraceBehavior [ RunTime:0.000898s ]
INFO: [ app_end ] --END-- [ RunTime:0.000995s ]

[ 2019-02-12T17:07:33+08:00 ] 127.0.0.1 /home/Contact/contact
INFO: [ app_init ] --START--
INFO: Run Behavior\BuildLiteBehavior [ RunTime:0.000020s ]
INFO: [ app_init ] --END-- [ RunTime:0.000501s ]
INFO: [ app_begin ] --START--
INFO: Run Behavior\ReadHtmlCacheBehavior [ RunTime:0.000878s ]
INFO: [ app_begin ] --END-- [ RunTime:0.000982s ]
SQL: SHOW COLUMNS FROM `contact` [ RunTime:0.0021s ]
SQL: SELECT * FROM `contact` LIMIT 1   [ RunTime:0.0002s ]
INFO: [ view_parse ] --START--
INFO: [ template_filter ] --START--
INFO: Run Behavior\ContentReplaceBehavior [ RunTime:0.000088s ]
INFO: [ template_filter ] --END-- [ RunTime:0.000186s ]
INFO: Run Behavior\ParseTemplateBehavior [ RunTime:0.011986s ]
INFO: [ view_parse ] --END-- [ RunTime:0.012142s ]
INFO: [ view_filter ] --START--
INFO: Run Behavior\WriteHtmlCacheBehavior [ RunTime:0.000734s ]
INFO: [ view_filter ] --END-- [ RunTime:0.000836s ]
INFO: [ app_end ] --START--
INFO: Run Behavior\ShowPageTraceBehavior [ RunTime:0.000951s ]
INFO: [ app_end ] --END-- [ RunTime:0.001049s ]

[ 2019-02-12T17:07:40+08:00 ] 127.0.0.1 /home/Information/aboutUs
INFO: [ app_init ] --START--
INFO: Run Behavior\BuildLiteBehavior [ RunTime:0.000022s ]
INFO: [ app_init ] --END-- [ RunTime:0.000486s ]
INFO: [ app_begin ] --START--
INFO: Run Behavior\ReadHtmlCacheBehavior [ RunTime:0.000864s ]
INFO: [ app_begin ] --END-- [ RunTime:0.000963s ]
SQL: SHOW COLUMNS FROM `contact` [ RunTime:0.0020s ]
SQL: SELECT * FROM `contact` LIMIT 1   [ RunTime:0.0002s ]
SQL: SHOW COLUMNS FROM `aboutus` [ RunTime:0.0025s ]
SQL: SELECT * FROM `aboutus` WHERE ( type =1 ) LIMIT 1   [ RunTime:0.0003s ]
SQL: SELECT * FROM `aboutus` WHERE ( type =2 and sortby = 1 )  [ RunTime:0.0002s ]
SQL: SELECT * FROM `aboutus` WHERE ( type =2 and sortby = 2 )  [ RunTime:0.0002s ]
INFO: [ view_parse ] --START--
INFO: [ template_filter ] --START--
INFO: Run Behavior\ContentReplaceBehavior [ RunTime:0.000090s ]
INFO: [ template_filter ] --END-- [ RunTime:0.000183s ]
INFO: Run Behavior\ParseTemplateBehavior [ RunTime:0.020642s ]
INFO: [ view_parse ] --END-- [ RunTime:0.020745s ]
INFO: [ view_filter ] --START--
INFO: Run Behavior\WriteHtmlCacheBehavior [ RunTime:0.000728s ]
INFO: [ view_filter ] --END-- [ RunTime:0.000812s ]
INFO: [ app_end ] --START--
INFO: Run Behavior\ShowPageTraceBehavior [ RunTime:0.000895s ]
INFO: [ app_end ] --END-- [ RunTime:0.000992s ]

[ 2019-02-12T17:07:44+08:00 ] 127.0.0.1 /home/Index/index
INFO: [ app_init ] --START--
INFO: Run Behavior\BuildLiteBehavior [ RunTime:0.000020s ]
INFO: [ app_init ] --END-- [ RunTime:0.000479s ]
INFO: [ app_begin ] --START--
INFO: Run Behavior\ReadHtmlCacheBehavior [ RunTime:0.000978s ]
INFO: [ app_begin ] --END-- [ RunTime:0.001084s ]
SQL: SHOW COLUMNS FROM `home_image` [ RunTime:0.0005s ]
SQL: SELECT * FROM `home_image` WHERE ( id not in (select max(id) from home_image) ) ORDER BY id desc  [ RunTime:0.0003s ]
SQL: SELECT * FROM `home_image` WHERE ( id in (select max(id) from home_image) ) LIMIT 1   [ RunTime:0.0002s ]
SQL: SELECT COUNT(*) AS tp_count FROM `home_image` LIMIT 1   [ RunTime:0.0002s ]
SQL: SHOW COLUMNS FROM `contact` [ RunTime:0.0005s ]
SQL: SELECT * FROM `contact` LIMIT 1   [ RunTime:0.0002s ]
SQL: SHOW COLUMNS FROM `information` [ RunTime:0.0004s ]
SQL: SELECT * FROM `information` WHERE ( if_special = 1 ) LIMIT 1   [ RunTime:0.0003s ]
SQL: SELECT * FROM `information` WHERE ( id = 21 ) LIMIT 1   [ RunTime:0.0002s ]
SQL: SELECT * FROM `information` WHERE ( type = 1 and information_images_path != ""  ) ORDER BY id desc LIMIT 0,9   [ RunTime:0.0002s ]
INFO: [ view_parse ] --START--
INFO: [ template_filter ] --START--
INFO: Run Behavior\ContentReplaceBehavior [ RunTime:0.000126s ]
INFO: [ template_filter ] --END-- [ RunTime:0.000264s ]
NOTIC: [8] Use of undefined constant d - assumed 'd' C:\BUPT\PHP\WAMPserver\www\chaojing\Application\Runtime\Cache\Home\2a94b8bda04ff446dcedd42276fc99ee.php 第 138 行.
NOTIC: [8] Use of undefined constant Y - assumed 'Y' C:\BUPT\PHP\WAMPserver\www\chaojing\Application\Runtime\Cache\Home\2a94b8bda04ff446dcedd42276fc99ee.php 第 139 行.
NOTIC: [8] Use of undefined constant m - assumed 'm' C:\BUPT\PHP\WAMPserver\www\chaojing\Application\Runtime\Cache\Home\2a94b8bda04ff446dcedd42276fc99ee.php 第 139 行.
NOTIC: [8] Use of undefined constant Y年m月d日 - assumed 'Y年m月d日' C:\BUPT\PHP\WAMPserver\www\chaojing\Application\Runtime\Cache\Home\2a94b8bda04ff446dcedd42276fc99ee.php 第 168 行.
NOTIC: [8] Use of undefined constant Y年m月d日 - assumed 'Y年m月d日' C:\BUPT\PHP\WAMPserver\www\chaojing\Application\Runtime\Cache\Home\2a94b8bda04ff446dcedd42276fc99ee.php 第 168 行.
NOTIC: [8] Use of undefined constant Y年m月d日 - assumed 'Y年m月d日' C:\BUPT\PHP\WAMPserver\www\chaojing\Application\Runtime\Cache\Home\2a94b8bda04ff446dcedd42276fc99ee.php 第 168 行.
NOTIC: [8] Use of undefined constant Y年m月d日 - assumed 'Y年m月d日' C:\BUPT\PHP\WAMPserver\www\chaojing\Application\Runtime\Cache\Home\2a94b8bda04ff446dcedd42276fc99ee.php 第 168 行.
INFO: Run Behavior\ParseTemplateBehavior [ RunTime:0.023309s ]
INFO: [ view_parse ] --END-- [ RunTime:0.023408s ]
INFO: [ view_filter ] --START--
INFO: Run Behavior\WriteHtmlCacheBehavior [ RunTime:0.000733s ]
INFO: [ view_filter ] --END-- [ RunTime:0.000815s ]
INFO: [ app_end ] --START--
INFO: Run Behavior\ShowPageTraceBehavior [ RunTime:0.000927s ]
INFO: [ app_end ] --END-- [ RunTime:0.001024s ]

[ 2019-02-12T17:07:44+08:00 ] 127.0.0.1 /Public/attached/2018-09-19/jiancai.jpg
INFO: [ app_init ] --START--
INFO: Run Behavior\BuildLiteBehavior [ RunTime:0.000037s ]
INFO: [ app_init ] --END-- [ RunTime:0.000783s ]

