[ 2019-04-02T10:18:48+08:00 ] 127.0.0.1 /index.php/home/Information/newDetail.html?type=1&id=6
INFO: [ app_init ] --START--
INFO: Run Behavior\BuildLiteBehavior [ RunTime:0.000014s ]
INFO: [ app_init ] --END-- [ RunTime:0.000189s ]
INFO: [ app_begin ] --START--
INFO: Run Behavior\ReadHtmlCacheBehavior [ RunTime:0.000226s ]
INFO: [ app_begin ] --END-- [ RunTime:0.000277s ]
SQL: SHOW COLUMNS FROM `footer` [ RunTime:0.0099s ]
SQL: SELECT * FROM `footer` LIMIT 1   [ RunTime:0.0036s ]
SQL: SHOW COLUMNS FROM `news` [ RunTime:0.0079s ]
SQL: SELECT * FROM `news` WHERE ( id = 6 ) LIMIT 1   [ RunTime:0.0030s ]
INFO: [ view_parse ] --START--
INFO: [ template_filter ] --START--
INFO: Run Behavior\ContentReplaceBehavior [ RunTime:0.000052s ]
INFO: [ template_filter ] --END-- [ RunTime:0.000105s ]
NOTIC: [8] Undefined variable: rs C:\Coding\Php\Wampserver\www\jcweb\Application\Runtime\Cache\Home\512bc51d2dbfee5ead279be6ccb3cf45.php 第 139 行.
NOTIC: [8] Undefined variable: rs C:\Coding\Php\Wampserver\www\jcweb\Application\Runtime\Cache\Home\512bc51d2dbfee5ead279be6ccb3cf45.php 第 141 行.
NOTIC: [8] Undefined variable: rs C:\Coding\Php\Wampserver\www\jcweb\Application\Runtime\Cache\Home\512bc51d2dbfee5ead279be6ccb3cf45.php 第 143 行.
INFO: Run Behavior\ParseTemplateBehavior [ RunTime:0.018253s ]
INFO: [ view_parse ] --END-- [ RunTime:0.018308s ]
INFO: [ view_filter ] --START--
INFO: Run Behavior\WriteHtmlCacheBehavior [ RunTime:0.000252s ]
INFO: [ view_filter ] --END-- [ RunTime:0.000295s ]
INFO: [ app_end ] --START--
INFO: Run Behavior\ShowPageTraceBehavior [ RunTime:0.000208s ]
INFO: [ app_end ] --END-- [ RunTime:0.000254s ]

