[ 2019-04-08T09:26:10+08:00 ] 127.0.0.1 /Uploads/ueditor/image/20190329/5c9decc2463fc.png
INFO: [ app_init ] --START--
INFO: Run Behavior\BuildLiteBehavior [ RunTime:0.000022s ]
INFO: [ app_init ] --END-- [ RunTime:0.000125s ]

[ 2019-04-08T09:31:31+08:00 ] 127.0.0.1 /Uploads/ueditor/image/20190329/5c9decc2463fc.png
INFO: [ app_init ] --START--
INFO: Run Behavior\BuildLiteBehavior [ RunTime:0.000030s ]
INFO: [ app_init ] --END-- [ RunTime:0.000175s ]

[ 2019-04-08T09:33:32+08:00 ] 127.0.0.1 /favicon.ico
INFO: [ app_init ] --START--
INFO: Run Behavior\BuildLiteBehavior [ RunTime:0.000016s ]
INFO: [ app_init ] --END-- [ RunTime:0.000086s ]

[ 2019-04-08T09:33:35+08:00 ] 127.0.0.1 /Uploads/ueditor/image/20190329/5c9decc2463fc.png
INFO: [ app_init ] --START--
INFO: Run Behavior\BuildLiteBehavior [ RunTime:0.000016s ]
INFO: [ app_init ] --END-- [ RunTime:0.000092s ]

[ 2019-04-08T09:34:07+08:00 ] 127.0.0.1 /Uploads/ueditor/image/20190329/5c9decc2463fc.png
INFO: [ app_init ] --START--
INFO: Run Behavior\BuildLiteBehavior [ RunTime:0.000015s ]
INFO: [ app_init ] --END-- [ RunTime:0.000098s ]

[ 2019-04-08T09:34:49+08:00 ] 127.0.0.1 /Uploads/ueditor/image/20190329/5c9decc2463fc.png
INFO: [ app_init ] --START--
INFO: Run Behavior\BuildLiteBehavior [ RunTime:0.000043s ]
INFO: [ app_init ] --END-- [ RunTime:0.000222s ]

[ 2019-04-08T09:34:56+08:00 ] 127.0.0.1 /Uploads/ueditor/image/20190329/5c9decc2463fc.png
INFO: [ app_init ] --START--
INFO: Run Behavior\BuildLiteBehavior [ RunTime:0.000014s ]
INFO: [ app_init ] --END-- [ RunTime:0.000079s ]

[ 2019-04-08T09:35:00+08:00 ] 127.0.0.1 /Uploads/ueditor/image/20190329/5c9decc2463fc.png
INFO: [ app_init ] --START--
INFO: Run Behavior\BuildLiteBehavior [ RunTime:0.000013s ]
INFO: [ app_init ] --END-- [ RunTime:0.000074s ]

[ 2019-04-08T09:35:21+08:00 ] 127.0.0.1 /Uploads/ueditor/image/20190329/5c9decc2463fc.png
INFO: [ app_init ] --START--
INFO: Run Behavior\BuildLiteBehavior [ RunTime:0.000014s ]
INFO: [ app_init ] --END-- [ RunTime:0.000079s ]

[ 2019-04-08T09:35:24+08:00 ] 127.0.0.1 /Uploads/ueditor/image/20190329/5c9decc2463fc.png
INFO: [ app_init ] --START--
INFO: Run Behavior\BuildLiteBehavior [ RunTime:0.000028s ]
INFO: [ app_init ] --END-- [ RunTime:0.000167s ]

[ 2019-04-08T09:35:30+08:00 ] 127.0.0.1 /Uploads/ueditor/image/20190329/5c9decc2463fc.png
INFO: [ app_init ] --START--
INFO: Run Behavior\BuildLiteBehavior [ RunTime:0.000022s ]
INFO: [ app_init ] --END-- [ RunTime:0.000114s ]

[ 2019-04-08T14:35:05+08:00 ] 127.0.0.1 /Uploads/ueditor/image/20190329/5c9decc2463fc.png
INFO: [ app_init ] --START--
INFO: Run Behavior\BuildLiteBehavior [ RunTime:0.000029s ]
INFO: [ app_init ] --END-- [ RunTime:0.000116s ]

[ 2019-04-08T14:36:06+08:00 ] 127.0.0.1 /Uploads/ueditor/image/20190329/5c9decc2463fc.png
INFO: [ app_init ] --START--
INFO: Run Behavior\BuildLiteBehavior [ RunTime:0.000014s ]
INFO: [ app_init ] --END-- [ RunTime:0.000081s ]

[ 2019-04-08T14:39:22+08:00 ] 127.0.0.1 /Uploads/ueditor/image/20190329/5c9decc2463fc.png
INFO: [ app_init ] --START--
INFO: Run Behavior\BuildLiteBehavior [ RunTime:0.000022s ]
INFO: [ app_init ] --END-- [ RunTime:0.000163s ]

[ 2019-04-08T14:46:52+08:00 ] 127.0.0.1 /Uploads/ueditor/image/20190329/5c9decc2463fc.png
INFO: [ app_init ] --START--
INFO: Run Behavior\BuildLiteBehavior [ RunTime:0.000016s ]
INFO: [ app_init ] --END-- [ RunTime:0.000098s ]

[ 2019-04-08T14:47:53+08:00 ] 127.0.0.1 /Uploads/ueditor/image/20190329/5c9decc2463fc.png
INFO: [ app_init ] --START--
INFO: Run Behavior\BuildLiteBehavior [ RunTime:0.000018s ]
INFO: [ app_init ] --END-- [ RunTime:0.000094s ]

[ 2019-04-08T14:48:03+08:00 ] 127.0.0.1 /Uploads/ueditor/image/20190329/5c9decc2463fc.png
INFO: [ app_init ] --START--
INFO: Run Behavior\BuildLiteBehavior [ RunTime:0.000033s ]
INFO: [ app_init ] --END-- [ RunTime:0.000113s ]

[ 2019-04-08T14:48:31+08:00 ] 127.0.0.1 /Uploads/ueditor/image/20190329/5c9decc2463fc.png
INFO: [ app_init ] --START--
INFO: Run Behavior\BuildLiteBehavior [ RunTime:0.000017s ]
INFO: [ app_init ] --END-- [ RunTime:0.000122s ]

[ 2019-04-08T14:55:06+08:00 ] 127.0.0.1 /Uploads/ueditor/image/20190329/5c9decc2463fc.png
INFO: [ app_init ] --START--
INFO: Run Behavior\BuildLiteBehavior [ RunTime:0.000021s ]
INFO: [ app_init ] --END-- [ RunTime:0.000108s ]

[ 2019-04-08T14:57:55+08:00 ] 127.0.0.1 /Uploads/ueditor/image/20190329/5c9decc2463fc.png
INFO: [ app_init ] --START--
INFO: Run Behavior\BuildLiteBehavior [ RunTime:0.000016s ]
INFO: [ app_init ] --END-- [ RunTime:0.000134s ]

[ 2019-04-08T15:04:21+08:00 ] 127.0.0.1 /Uploads/ueditor/image/20190329/5c9decc2463fc.png
INFO: [ app_init ] --START--
INFO: Run Behavior\BuildLiteBehavior [ RunTime:0.000016s ]
INFO: [ app_init ] --END-- [ RunTime:0.000128s ]

[ 2019-04-08T15:08:30+08:00 ] 127.0.0.1 /Uploads/ueditor/image/20190329/5c9decc2463fc.png
INFO: [ app_init ] --START--
INFO: Run Behavior\BuildLiteBehavior [ RunTime:0.000050s ]
INFO: [ app_init ] --END-- [ RunTime:0.000321s ]

[ 2019-04-08T15:15:15+08:00 ] 127.0.0.1 /Uploads/ueditor/image/20190329/5c9decc2463fc.png
INFO: [ app_init ] --START--
INFO: Run Behavior\BuildLiteBehavior [ RunTime:0.000029s ]
INFO: [ app_init ] --END-- [ RunTime:0.000153s ]

[ 2019-04-08T15:15:42+08:00 ] 127.0.0.1 /Uploads/ueditor/image/20190329/5c9decc2463fc.png
INFO: [ app_init ] --START--
INFO: Run Behavior\BuildLiteBehavior [ RunTime:0.000018s ]
INFO: [ app_init ] --END-- [ RunTime:0.000096s ]

[ 2019-04-08T15:17:01+08:00 ] 127.0.0.1 /Uploads/ueditor/image/20190329/5c9decc2463fc.png
INFO: [ app_init ] --START--
INFO: Run Behavior\BuildLiteBehavior [ RunTime:0.000051s ]
INFO: [ app_init ] --END-- [ RunTime:0.000308s ]

[ 2019-04-08T15:19:39+08:00 ] 127.0.0.1 /Uploads/ueditor/image/20190329/5c9decc2463fc.png
INFO: [ app_init ] --START--
INFO: Run Behavior\BuildLiteBehavior [ RunTime:0.000016s ]
INFO: [ app_init ] --END-- [ RunTime:0.000091s ]

[ 2019-04-08T15:21:52+08:00 ] 127.0.0.1 /Uploads/ueditor/image/20190329/5c9decc2463fc.png
INFO: [ app_init ] --START--
INFO: Run Behavior\BuildLiteBehavior [ RunTime:0.000018s ]
INFO: [ app_init ] --END-- [ RunTime:0.000122s ]

[ 2019-04-08T15:24:20+08:00 ] 127.0.0.1 /Uploads/ueditor/image/20190329/5c9decc2463fc.png
INFO: [ app_init ] --START--
INFO: Run Behavior\BuildLiteBehavior [ RunTime:0.000018s ]
INFO: [ app_init ] --END-- [ RunTime:0.000104s ]

[ 2019-04-08T15:26:37+08:00 ] 127.0.0.1 /Uploads/ueditor/image/20190329/5c9decc2463fc.png
INFO: [ app_init ] --START--
INFO: Run Behavior\BuildLiteBehavior [ RunTime:0.000021s ]
INFO: [ app_init ] --END-- [ RunTime:0.000116s ]

[ 2019-04-08T15:27:57+08:00 ] 127.0.0.1 /Uploads/ueditor/image/20190329/5c9decc2463fc.png
INFO: [ app_init ] --START--
INFO: Run Behavior\BuildLiteBehavior [ RunTime:0.000042s ]
INFO: [ app_init ] --END-- [ RunTime:0.000252s ]

[ 2019-04-08T15:44:00+08:00 ] 127.0.0.1 /Uploads/ueditor/image/20190329/5c9decc2463fc.png
INFO: [ app_init ] --START--
INFO: Run Behavior\BuildLiteBehavior [ RunTime:0.000047s ]
INFO: [ app_init ] --END-- [ RunTime:0.000270s ]

[ 2019-04-08T15:50:42+08:00 ] 127.0.0.1 /favicon.ico
INFO: [ app_init ] --START--
INFO: Run Behavior\BuildLiteBehavior [ RunTime:0.000044s ]
INFO: [ app_init ] --END-- [ RunTime:0.000255s ]

[ 2019-04-08T15:50:55+08:00 ] 127.0.0.1 /favicon.ico
INFO: [ app_init ] --START--
INFO: Run Behavior\BuildLiteBehavior [ RunTime:0.000052s ]
INFO: [ app_init ] --END-- [ RunTime:0.000862s ]

[ 2019-04-08T15:51:12+08:00 ] 127.0.0.1 /Uploads/ueditor/image/20190329/5c9decc2463fc.png
INFO: [ app_init ] --START--
INFO: Run Behavior\BuildLiteBehavior [ RunTime:0.000031s ]
INFO: [ app_init ] --END-- [ RunTime:0.000188s ]

[ 2019-04-08T15:53:04+08:00 ] 127.0.0.1 /Uploads/ueditor/image/20190329/5c9decc2463fc.png
INFO: [ app_init ] --START--
INFO: Run Behavior\BuildLiteBehavior [ RunTime:0.000017s ]
INFO: [ app_init ] --END-- [ RunTime:0.000097s ]

[ 2019-04-08T15:55:25+08:00 ] 127.0.0.1 /Uploads/ueditor/image/20190329/5c9decc2463fc.png
INFO: [ app_init ] --START--
INFO: Run Behavior\BuildLiteBehavior [ RunTime:0.000020s ]
INFO: [ app_init ] --END-- [ RunTime:0.000115s ]

[ 2019-04-08T15:57:03+08:00 ] 127.0.0.1 /Uploads/ueditor/image/20190329/5c9decc2463fc.png
INFO: [ app_init ] --START--
INFO: Run Behavior\BuildLiteBehavior [ RunTime:0.000050s ]
INFO: [ app_init ] --END-- [ RunTime:0.000331s ]

[ 2019-04-08T15:57:43+08:00 ] 127.0.0.1 /Uploads/ueditor/image/20190329/5c9decc2463fc.png
INFO: [ app_init ] --START--
INFO: Run Behavior\BuildLiteBehavior [ RunTime:0.000017s ]
INFO: [ app_init ] --END-- [ RunTime:0.000097s ]

[ 2019-04-08T16:01:16+08:00 ] 127.0.0.1 /Uploads/ueditor/image/20190329/5c9decc2463fc.png
INFO: [ app_init ] --START--
INFO: Run Behavior\BuildLiteBehavior [ RunTime:0.000016s ]
INFO: [ app_init ] --END-- [ RunTime:0.000094s ]

[ 2019-04-08T16:02:41+08:00 ] 127.0.0.1 /Uploads/ueditor/image/20190329/5c9decc2463fc.png
INFO: [ app_init ] --START--
INFO: Run Behavior\BuildLiteBehavior [ RunTime:0.000014s ]
INFO: [ app_init ] --END-- [ RunTime:0.000078s ]

[ 2019-04-08T16:41:07+08:00 ] 127.0.0.1 /Uploads/ueditor/image/20190329/5c9decc2463fc.png
INFO: [ app_init ] --START--
INFO: Run Behavior\BuildLiteBehavior [ RunTime:0.000016s ]
INFO: [ app_init ] --END-- [ RunTime:0.000090s ]

[ 2019-04-08T16:44:58+08:00 ] 127.0.0.1 /Uploads/ueditor/image/20190329/5c9decc2463fc.png
INFO: [ app_init ] --START--
INFO: Run Behavior\BuildLiteBehavior [ RunTime:0.000053s ]
INFO: [ app_init ] --END-- [ RunTime:0.000333s ]

[ 2019-04-08T16:48:10+08:00 ] 127.0.0.1 /Uploads/ueditor/image/20190329/5c9decc2463fc.png
INFO: [ app_init ] --START--
INFO: Run Behavior\BuildLiteBehavior [ RunTime:0.000046s ]
INFO: [ app_init ] --END-- [ RunTime:0.000263s ]

[ 2019-04-08T17:12:33+08:00 ] 127.0.0.1 /Uploads/ueditor/image/20190329/5c9decc2463fc.png
INFO: [ app_init ] --START--
INFO: Run Behavior\BuildLiteBehavior [ RunTime:0.000020s ]
INFO: [ app_init ] --END-- [ RunTime:0.000112s ]

[ 2019-04-08T17:23:26+08:00 ] 127.0.0.1 /Uploads/ueditor/image/20190329/5c9decc2463fc.png
INFO: [ app_init ] --START--
INFO: Run Behavior\BuildLiteBehavior [ RunTime:0.000070s ]
INFO: [ app_init ] --END-- [ RunTime:0.000393s ]

[ 2019-04-08T18:14:15+08:00 ] 127.0.0.1 /
INFO: [ app_init ] --START--
INFO: Run Behavior\BuildLiteBehavior [ RunTime:0.000025s ]
INFO: [ app_init ] --END-- [ RunTime:0.000357s ]
INFO: [ app_begin ] --START--
INFO: Run Behavior\ReadHtmlCacheBehavior [ RunTime:0.000480s ]
INFO: [ app_begin ] --END-- [ RunTime:0.000610s ]
SQL: SHOW COLUMNS FROM `home_image` [ RunTime:0.0101s ]
SQL: SELECT * FROM `home_image` WHERE ( id not in (select max(id) from home_image) ) ORDER BY id desc  [ RunTime:0.0031s ]
SQL: SELECT * FROM `home_image` WHERE ( id in (select max(id) from home_image) ) LIMIT 1   [ RunTime:0.0027s ]
SQL: SELECT COUNT(*) AS tp_count FROM `home_image` LIMIT 1   [ RunTime:0.0026s ]
SQL: SHOW COLUMNS FROM `contact_us` [ RunTime:0.0079s ]
SQL: SELECT * FROM `contact_us` LIMIT 1   [ RunTime:0.0029s ]
SQL: SHOW COLUMNS FROM `news` [ RunTime:0.0081s ]
SQL: SELECT * FROM `news` WHERE ( content != '' ) ORDER BY save_time desc LIMIT 4   [ RunTime:0.0033s ]
SQL: SHOW COLUMNS FROM `center_introduction` [ RunTime:0.0084s ]
SQL: SELECT * FROM `center_introduction` LIMIT 1   [ RunTime:0.0028s ]
SQL: SHOW COLUMNS FROM `lab_image` [ RunTime:0.0068s ]
SQL: SELECT * FROM `lab_image` ORDER BY id desc  [ RunTime:0.0029s ]
SQL: SHOW COLUMNS FROM `inspection_scope` [ RunTime:0.0066s ]
SQL: SELECT * FROM `inspection_scope` WHERE ( content !='' ) ORDER BY save_time desc LIMIT 4   [ RunTime:0.0029s ]
SQL: SHOW COLUMNS FROM `footer` [ RunTime:0.0076s ]
SQL: SELECT * FROM `footer` LIMIT 1   [ RunTime:0.0029s ]
INFO: [ view_parse ] --START--
INFO: [ template_filter ] --START--
INFO: Run Behavior\ContentReplaceBehavior [ RunTime:0.000091s ]
INFO: [ template_filter ] --END-- [ RunTime:0.000147s ]
INFO: Run Behavior\ParseTemplateBehavior [ RunTime:0.018587s ]
INFO: [ view_parse ] --END-- [ RunTime:0.018661s ]
INFO: [ view_filter ] --START--
INFO: Run Behavior\WriteHtmlCacheBehavior [ RunTime:0.000281s ]
INFO: [ view_filter ] --END-- [ RunTime:0.000331s ]
INFO: [ app_end ] --START--
INFO: Run Behavior\ShowPageTraceBehavior [ RunTime:0.000321s ]
INFO: [ app_end ] --END-- [ RunTime:0.000394s ]

[ 2019-04-08T18:14:29+08:00 ] 127.0.0.1 /
INFO: [ app_init ] --START--
INFO: Run Behavior\BuildLiteBehavior [ RunTime:0.000024s ]
INFO: [ app_init ] --END-- [ RunTime:0.000296s ]
INFO: [ app_begin ] --START--
INFO: Run Behavior\ReadHtmlCacheBehavior [ RunTime:0.000233s ]
INFO: [ app_begin ] --END-- [ RunTime:0.000298s ]
SQL: SHOW COLUMNS FROM `home_image` [ RunTime:0.0095s ]
SQL: SELECT * FROM `home_image` WHERE ( id not in (select max(id) from home_image) ) ORDER BY id desc  [ RunTime:0.0028s ]
SQL: SELECT * FROM `home_image` WHERE ( id in (select max(id) from home_image) ) LIMIT 1   [ RunTime:0.0021s ]
SQL: SELECT COUNT(*) AS tp_count FROM `home_image` LIMIT 1   [ RunTime:0.0018s ]
SQL: SHOW COLUMNS FROM `contact_us` [ RunTime:0.0070s ]
SQL: SELECT * FROM `contact_us` LIMIT 1   [ RunTime:0.0026s ]
SQL: SHOW COLUMNS FROM `news` [ RunTime:0.0080s ]
SQL: SELECT * FROM `news` WHERE ( content != '' ) ORDER BY save_time desc LIMIT 4   [ RunTime:0.0020s ]
SQL: SHOW COLUMNS FROM `center_introduction` [ RunTime:0.0071s ]
SQL: SELECT * FROM `center_introduction` LIMIT 1   [ RunTime:0.0021s ]
SQL: SHOW COLUMNS FROM `lab_image` [ RunTime:0.0055s ]
SQL: SELECT * FROM `lab_image` ORDER BY id desc  [ RunTime:0.0021s ]
SQL: SHOW COLUMNS FROM `inspection_scope` [ RunTime:0.0065s ]
SQL: SELECT * FROM `inspection_scope` WHERE ( content !='' ) ORDER BY save_time desc LIMIT 4   [ RunTime:0.0023s ]
SQL: SHOW COLUMNS FROM `footer` [ RunTime:0.0072s ]
SQL: SELECT * FROM `footer` LIMIT 1   [ RunTime:0.0026s ]
INFO: [ view_parse ] --START--
INFO: [ template_filter ] --START--
INFO: Run Behavior\ContentReplaceBehavior [ RunTime:0.000126s ]
INFO: [ template_filter ] --END-- [ RunTime:0.000204s ]
INFO: Run Behavior\ParseTemplateBehavior [ RunTime:0.018756s ]
INFO: [ view_parse ] --END-- [ RunTime:0.018867s ]
INFO: [ view_filter ] --START--
INFO: Run Behavior\WriteHtmlCacheBehavior [ RunTime:0.000207s ]
INFO: [ view_filter ] --END-- [ RunTime:0.000260s ]
INFO: [ app_end ] --START--
INFO: Run Behavior\ShowPageTraceBehavior [ RunTime:0.000257s ]
INFO: [ app_end ] --END-- [ RunTime:0.000364s ]

[ 2019-04-08T18:17:43+08:00 ] 127.0.0.1 /Home/Information/news
INFO: [ app_init ] --START--
INFO: Run Behavior\BuildLiteBehavior [ RunTime:0.000017s ]
INFO: [ app_init ] --END-- [ RunTime:0.000184s ]
INFO: [ app_begin ] --START--
INFO: Run Behavior\ReadHtmlCacheBehavior [ RunTime:0.000357s ]
INFO: [ app_begin ] --END-- [ RunTime:0.000446s ]
SQL: SHOW COLUMNS FROM `footer` [ RunTime:0.0316s ]
SQL: SELECT * FROM `footer` LIMIT 1   [ RunTime:0.0020s ]
SQL: SHOW COLUMNS FROM `news` [ RunTime:0.0229s ]
SQL: SELECT * FROM `news` WHERE ( type=0 ) ORDER BY id desc LIMIT 0,4   [ RunTime:0.0029s ]
SQL: SELECT COUNT(*) AS tp_count FROM `news` WHERE ( type = 0 ) LIMIT 1   [ RunTime:0.0026s ]
SQL: SELECT * FROM `news` WHERE ( type=1 ) ORDER BY id desc LIMIT 0,4   [ RunTime:0.0020s ]
SQL: SELECT COUNT(*) AS tp_count FROM `news` WHERE ( type = 1 ) LIMIT 1   [ RunTime:0.0019s ]
INFO: [ view_parse ] --START--
INFO: [ template_filter ] --START--
INFO: Run Behavior\ContentReplaceBehavior [ RunTime:0.000127s ]
INFO: [ template_filter ] --END-- [ RunTime:0.000204s ]
NOTIC: [8] Undefined variable: type C:\Coding\Php\Wampserver\www\jcweb\Application\Runtime\Cache\Home\77a814446ea1d9a4d011f19ccdbe5997.php 第 107 行.
NOTIC: [2] Use of undefined constant i - assumed 'i' (this will throw an Error in a future version of PHP) C:\Coding\Php\Wampserver\www\jcweb\Application\Runtime\Cache\Home\77a814446ea1d9a4d011f19ccdbe5997.php 第 126 行.
NOTIC: [2] Use of undefined constant i - assumed 'i' (this will throw an Error in a future version of PHP) C:\Coding\Php\Wampserver\www\jcweb\Application\Runtime\Cache\Home\77a814446ea1d9a4d011f19ccdbe5997.php 第 126 行.
NOTIC: [2] Use of undefined constant i - assumed 'i' (this will throw an Error in a future version of PHP) C:\Coding\Php\Wampserver\www\jcweb\Application\Runtime\Cache\Home\77a814446ea1d9a4d011f19ccdbe5997.php 第 126 行.
NOTIC: [2] Use of undefined constant i - assumed 'i' (this will throw an Error in a future version of PHP) C:\Coding\Php\Wampserver\www\jcweb\Application\Runtime\Cache\Home\77a814446ea1d9a4d011f19ccdbe5997.php 第 126 行.
NOTIC: [2] Use of undefined constant i - assumed 'i' (this will throw an Error in a future version of PHP) C:\Coding\Php\Wampserver\www\jcweb\Application\Runtime\Cache\Home\77a814446ea1d9a4d011f19ccdbe5997.php 第 126 行.
NOTIC: [2] Use of undefined constant i - assumed 'i' (this will throw an Error in a future version of PHP) C:\Coding\Php\Wampserver\www\jcweb\Application\Runtime\Cache\Home\77a814446ea1d9a4d011f19ccdbe5997.php 第 126 行.
NOTIC: [2] Use of undefined constant i - assumed 'i' (this will throw an Error in a future version of PHP) C:\Coding\Php\Wampserver\www\jcweb\Application\Runtime\Cache\Home\77a814446ea1d9a4d011f19ccdbe5997.php 第 126 行.
NOTIC: [2] Use of undefined constant i - assumed 'i' (this will throw an Error in a future version of PHP) C:\Coding\Php\Wampserver\www\jcweb\Application\Runtime\Cache\Home\77a814446ea1d9a4d011f19ccdbe5997.php 第 126 行.
NOTIC: [2] Use of undefined constant i - assumed 'i' (this will throw an Error in a future version of PHP) C:\Coding\Php\Wampserver\www\jcweb\Application\Runtime\Cache\Home\77a814446ea1d9a4d011f19ccdbe5997.php 第 126 行.
INFO: Run Behavior\ParseTemplateBehavior [ RunTime:0.030413s ]
INFO: [ view_parse ] --END-- [ RunTime:0.030470s ]
INFO: [ view_filter ] --START--
INFO: Run Behavior\WriteHtmlCacheBehavior [ RunTime:0.000271s ]
INFO: [ view_filter ] --END-- [ RunTime:0.000318s ]
INFO: [ app_end ] --START--
INFO: Run Behavior\ShowPageTraceBehavior [ RunTime:0.000350s ]
INFO: [ app_end ] --END-- [ RunTime:0.000456s ]

[ 2019-04-08T18:17:48+08:00 ] 127.0.0.1 /Home/Information/notice
INFO: [ app_init ] --START--
INFO: Run Behavior\BuildLiteBehavior [ RunTime:0.000035s ]
INFO: [ app_init ] --END-- [ RunTime:0.000274s ]
INFO: [ app_begin ] --START--
INFO: Run Behavior\ReadHtmlCacheBehavior [ RunTime:0.000232s ]
INFO: [ app_begin ] --END-- [ RunTime:0.000286s ]
INFO: [ view_parse ] --START--
INFO: [ template_filter ] --START--
INFO: Run Behavior\ContentReplaceBehavior [ RunTime:0.000069s ]
INFO: [ template_filter ] --END-- [ RunTime:0.000129s ]
NOTIC: [8] Undefined variable: type C:\Coding\Php\Wampserver\www\jcweb\Application\Runtime\Cache\Home\f844fb8cfd2c81c0d4b6685e32c69682.php 第 107 行.
NOTIC: [8] Undefined variable: notice C:\Coding\Php\Wampserver\www\jcweb\Application\Runtime\Cache\Home\f844fb8cfd2c81c0d4b6685e32c69682.php 第 127 行.
NOTIC: [8] Undefined variable: pagination1 C:\Coding\Php\Wampserver\www\jcweb\Application\Runtime\Cache\Home\f844fb8cfd2c81c0d4b6685e32c69682.php 第 241 行.
NOTIC: [8] Undefined variable: footer C:\Coding\Php\Wampserver\www\jcweb\Application\Runtime\Cache\Home\f844fb8cfd2c81c0d4b6685e32c69682.php 第 253 行.
NOTIC: [8] Undefined variable: footer C:\Coding\Php\Wampserver\www\jcweb\Application\Runtime\Cache\Home\f844fb8cfd2c81c0d4b6685e32c69682.php 第 254 行.
NOTIC: [8] Undefined variable: footer C:\Coding\Php\Wampserver\www\jcweb\Application\Runtime\Cache\Home\f844fb8cfd2c81c0d4b6685e32c69682.php 第 257 行.
NOTIC: [8] Undefined variable: footer C:\Coding\Php\Wampserver\www\jcweb\Application\Runtime\Cache\Home\f844fb8cfd2c81c0d4b6685e32c69682.php 第 258 行.
INFO: Run Behavior\ParseTemplateBehavior [ RunTime:0.026306s ]
INFO: [ view_parse ] --END-- [ RunTime:0.026374s ]
INFO: [ view_filter ] --START--
INFO: Run Behavior\WriteHtmlCacheBehavior [ RunTime:0.000469s ]
INFO: [ view_filter ] --END-- [ RunTime:0.000653s ]
INFO: [ app_end ] --START--
INFO: Run Behavior\ShowPageTraceBehavior [ RunTime:0.000252s ]
INFO: [ app_end ] --END-- [ RunTime:0.000326s ]

[ 2019-04-08T18:17:51+08:00 ] 127.0.0.1 /Home/Information/process
INFO: [ app_init ] --START--
INFO: Run Behavior\BuildLiteBehavior [ RunTime:0.000021s ]
INFO: [ app_init ] --END-- [ RunTime:0.000174s ]
INFO: [ app_begin ] --START--
INFO: Run Behavior\ReadHtmlCacheBehavior [ RunTime:0.000140s ]
INFO: [ app_begin ] --END-- [ RunTime:0.000206s ]
SQL: SHOW COLUMNS FROM `footer` [ RunTime:0.0088s ]
SQL: SELECT * FROM `footer` LIMIT 1   [ RunTime:0.0022s ]
SQL: SHOW COLUMNS FROM `inspection_process` [ RunTime:0.0070s ]
SQL: SELECT * FROM `inspection_process` LIMIT 1   [ RunTime:0.0024s ]
INFO: [ view_parse ] --START--
INFO: [ template_filter ] --START--
INFO: Run Behavior\ContentReplaceBehavior [ RunTime:0.000056s ]
INFO: [ template_filter ] --END-- [ RunTime:0.000115s ]
INFO: Run Behavior\ParseTemplateBehavior [ RunTime:0.015593s ]
INFO: [ view_parse ] --END-- [ RunTime:0.015691s ]
INFO: [ view_filter ] --START--
INFO: Run Behavior\WriteHtmlCacheBehavior [ RunTime:0.000165s ]
INFO: [ view_filter ] --END-- [ RunTime:0.000223s ]
INFO: [ app_end ] --START--
INFO: Run Behavior\ShowPageTraceBehavior [ RunTime:0.000295s ]
INFO: [ app_end ] --END-- [ RunTime:0.000389s ]

[ 2019-04-08T18:17:51+08:00 ] 127.0.0.1 /Uploads/ueditor/image/20190329/5c9decc2463fc.png
INFO: [ app_init ] --START--
INFO: Run Behavior\BuildLiteBehavior [ RunTime:0.000016s ]
INFO: [ app_init ] --END-- [ RunTime:0.000087s ]

[ 2019-04-08T18:17:53+08:00 ] 127.0.0.1 /Home/Information/notice
INFO: [ app_init ] --START--
INFO: Run Behavior\BuildLiteBehavior [ RunTime:0.000024s ]
INFO: [ app_init ] --END-- [ RunTime:0.000155s ]
INFO: [ app_begin ] --START--
INFO: Run Behavior\ReadHtmlCacheBehavior [ RunTime:0.000182s ]
INFO: [ app_begin ] --END-- [ RunTime:0.000259s ]
INFO: [ view_parse ] --START--
INFO: [ template_filter ] --START--
INFO: Run Behavior\ContentReplaceBehavior [ RunTime:0.000087s ]
INFO: [ template_filter ] --END-- [ RunTime:0.000207s ]
NOTIC: [8] Undefined variable: type C:\Coding\Php\Wampserver\www\jcweb\Application\Runtime\Cache\Home\f844fb8cfd2c81c0d4b6685e32c69682.php 第 107 行.
NOTIC: [8] Undefined variable: notice C:\Coding\Php\Wampserver\www\jcweb\Application\Runtime\Cache\Home\f844fb8cfd2c81c0d4b6685e32c69682.php 第 127 行.
NOTIC: [8] Undefined variable: pagination1 C:\Coding\Php\Wampserver\www\jcweb\Application\Runtime\Cache\Home\f844fb8cfd2c81c0d4b6685e32c69682.php 第 241 行.
NOTIC: [8] Undefined variable: footer C:\Coding\Php\Wampserver\www\jcweb\Application\Runtime\Cache\Home\f844fb8cfd2c81c0d4b6685e32c69682.php 第 253 行.
NOTIC: [8] Undefined variable: footer C:\Coding\Php\Wampserver\www\jcweb\Application\Runtime\Cache\Home\f844fb8cfd2c81c0d4b6685e32c69682.php 第 254 行.
NOTIC: [8] Undefined variable: footer C:\Coding\Php\Wampserver\www\jcweb\Application\Runtime\Cache\Home\f844fb8cfd2c81c0d4b6685e32c69682.php 第 257 行.
NOTIC: [8] Undefined variable: footer C:\Coding\Php\Wampserver\www\jcweb\Application\Runtime\Cache\Home\f844fb8cfd2c81c0d4b6685e32c69682.php 第 258 行.
INFO: Run Behavior\ParseTemplateBehavior [ RunTime:0.024627s ]
INFO: [ view_parse ] --END-- [ RunTime:0.024689s ]
INFO: [ view_filter ] --START--
INFO: Run Behavior\WriteHtmlCacheBehavior [ RunTime:0.000101s ]
INFO: [ view_filter ] --END-- [ RunTime:0.000153s ]
INFO: [ app_end ] --START--
INFO: Run Behavior\ShowPageTraceBehavior [ RunTime:0.000132s ]
INFO: [ app_end ] --END-- [ RunTime:0.000200s ]

[ 2019-04-08T18:18:09+08:00 ] 127.0.0.1 /Home/Information/project
INFO: [ app_init ] --START--
INFO: Run Behavior\BuildLiteBehavior [ RunTime:0.000015s ]
INFO: [ app_init ] --END-- [ RunTime:0.000139s ]
INFO: [ app_begin ] --START--
INFO: Run Behavior\ReadHtmlCacheBehavior [ RunTime:0.000193s ]
INFO: [ app_begin ] --END-- [ RunTime:0.000281s ]
INFO: [ view_parse ] --START--
INFO: [ template_filter ] --START--
INFO: Run Behavior\ContentReplaceBehavior [ RunTime:0.000051s ]
INFO: [ template_filter ] --END-- [ RunTime:0.000100s ]
NOTIC: [8] Undefined variable: scope C:\Coding\Php\Wampserver\www\jcweb\Application\Runtime\Cache\Home\1557b2edbcadf09d5e2ede12e7c00cbe.php 第 114 行.
NOTIC: [8] Undefined variable: pagination C:\Coding\Php\Wampserver\www\jcweb\Application\Runtime\Cache\Home\1557b2edbcadf09d5e2ede12e7c00cbe.php 第 119 行.
NOTIC: [8] Undefined variable: footer C:\Coding\Php\Wampserver\www\jcweb\Application\Runtime\Cache\Home\1557b2edbcadf09d5e2ede12e7c00cbe.php 第 128 行.
NOTIC: [8] Undefined variable: footer C:\Coding\Php\Wampserver\www\jcweb\Application\Runtime\Cache\Home\1557b2edbcadf09d5e2ede12e7c00cbe.php 第 129 行.
NOTIC: [8] Undefined variable: footer C:\Coding\Php\Wampserver\www\jcweb\Application\Runtime\Cache\Home\1557b2edbcadf09d5e2ede12e7c00cbe.php 第 132 行.
NOTIC: [8] Undefined variable: footer C:\Coding\Php\Wampserver\www\jcweb\Application\Runtime\Cache\Home\1557b2edbcadf09d5e2ede12e7c00cbe.php 第 133 行.
INFO: Run Behavior\ParseTemplateBehavior [ RunTime:0.027906s ]
INFO: [ view_parse ] --END-- [ RunTime:0.027974s ]
INFO: [ view_filter ] --START--
INFO: Run Behavior\WriteHtmlCacheBehavior [ RunTime:0.000210s ]
INFO: [ view_filter ] --END-- [ RunTime:0.000268s ]
INFO: [ app_end ] --START--
INFO: Run Behavior\ShowPageTraceBehavior [ RunTime:0.000268s ]
INFO: [ app_end ] --END-- [ RunTime:0.000336s ]

[ 2019-04-08T18:18:12+08:00 ] 127.0.0.1 /Home/Information/issued
INFO: [ app_init ] --START--
INFO: Run Behavior\BuildLiteBehavior [ RunTime:0.000013s ]
INFO: [ app_init ] --END-- [ RunTime:0.000100s ]
INFO: [ app_begin ] --START--
INFO: Run Behavior\ReadHtmlCacheBehavior [ RunTime:0.000104s ]
INFO: [ app_begin ] --END-- [ RunTime:0.000151s ]
INFO: [ view_parse ] --START--
INFO: [ template_filter ] --START--
INFO: Run Behavior\ContentReplaceBehavior [ RunTime:0.000050s ]
INFO: [ template_filter ] --END-- [ RunTime:0.000097s ]
NOTIC: [8] Undefined variable: scope C:\Coding\Php\Wampserver\www\jcweb\Application\Runtime\Cache\Home\ef7aebd36c65aa6739aec858f1c6963a.php 第 114 行.
NOTIC: [8] Undefined variable: pagination C:\Coding\Php\Wampserver\www\jcweb\Application\Runtime\Cache\Home\ef7aebd36c65aa6739aec858f1c6963a.php 第 119 行.
NOTIC: [8] Undefined variable: footer C:\Coding\Php\Wampserver\www\jcweb\Application\Runtime\Cache\Home\ef7aebd36c65aa6739aec858f1c6963a.php 第 128 行.
NOTIC: [8] Undefined variable: footer C:\Coding\Php\Wampserver\www\jcweb\Application\Runtime\Cache\Home\ef7aebd36c65aa6739aec858f1c6963a.php 第 129 行.
NOTIC: [8] Undefined variable: footer C:\Coding\Php\Wampserver\www\jcweb\Application\Runtime\Cache\Home\ef7aebd36c65aa6739aec858f1c6963a.php 第 132 行.
NOTIC: [8] Undefined variable: footer C:\Coding\Php\Wampserver\www\jcweb\Application\Runtime\Cache\Home\ef7aebd36c65aa6739aec858f1c6963a.php 第 133 行.
INFO: Run Behavior\ParseTemplateBehavior [ RunTime:0.022808s ]
INFO: [ view_parse ] --END-- [ RunTime:0.022873s ]
INFO: [ view_filter ] --START--
INFO: Run Behavior\WriteHtmlCacheBehavior [ RunTime:0.000131s ]
INFO: [ view_filter ] --END-- [ RunTime:0.000187s ]
INFO: [ app_end ] --START--
INFO: Run Behavior\ShowPageTraceBehavior [ RunTime:0.000179s ]
INFO: [ app_end ] --END-- [ RunTime:0.000244s ]

[ 2019-04-08T18:29:09+08:00 ] 127.0.0.1 /Home/Information/notice
INFO: [ app_init ] --START--
INFO: Run Behavior\BuildLiteBehavior [ RunTime:0.000038s ]
INFO: [ app_init ] --END-- [ RunTime:0.000215s ]
INFO: [ app_begin ] --START--
INFO: Run Behavior\ReadHtmlCacheBehavior [ RunTime:0.000224s ]
INFO: [ app_begin ] --END-- [ RunTime:0.000278s ]
ERR: syntax error, unexpected 'public' (T_PUBLIC), expecting '('

[ 2019-04-08T18:29:16+08:00 ] 127.0.0.1 /Home/Information/news
INFO: [ app_init ] --START--
INFO: Run Behavior\BuildLiteBehavior [ RunTime:0.000015s ]
INFO: [ app_init ] --END-- [ RunTime:0.000184s ]
INFO: [ app_begin ] --START--
INFO: Run Behavior\ReadHtmlCacheBehavior [ RunTime:0.000287s ]
INFO: [ app_begin ] --END-- [ RunTime:0.000337s ]
ERR: syntax error, unexpected 'public' (T_PUBLIC), expecting '('

[ 2019-04-08T18:29:33+08:00 ] 127.0.0.1 /Home/Information/issued
INFO: [ app_init ] --START--
INFO: Run Behavior\BuildLiteBehavior [ RunTime:0.000018s ]
INFO: [ app_init ] --END-- [ RunTime:0.000235s ]
INFO: [ app_begin ] --START--
INFO: Run Behavior\ReadHtmlCacheBehavior [ RunTime:0.000138s ]
INFO: [ app_begin ] --END-- [ RunTime:0.000192s ]
INFO: [ view_parse ] --START--
INFO: [ template_filter ] --START--
INFO: Run Behavior\ContentReplaceBehavior [ RunTime:0.000100s ]
INFO: [ template_filter ] --END-- [ RunTime:0.000211s ]
NOTIC: [8] Undefined variable: scope C:\Coding\Php\Wampserver\www\jcweb\Application\Runtime\Cache\Home\ef7aebd36c65aa6739aec858f1c6963a.php 第 114 行.
NOTIC: [8] Undefined variable: pagination C:\Coding\Php\Wampserver\www\jcweb\Application\Runtime\Cache\Home\ef7aebd36c65aa6739aec858f1c6963a.php 第 119 行.
NOTIC: [8] Undefined variable: footer C:\Coding\Php\Wampserver\www\jcweb\Application\Runtime\Cache\Home\ef7aebd36c65aa6739aec858f1c6963a.php 第 128 行.
NOTIC: [8] Undefined variable: footer C:\Coding\Php\Wampserver\www\jcweb\Application\Runtime\Cache\Home\ef7aebd36c65aa6739aec858f1c6963a.php 第 129 行.
NOTIC: [8] Undefined variable: footer C:\Coding\Php\Wampserver\www\jcweb\Application\Runtime\Cache\Home\ef7aebd36c65aa6739aec858f1c6963a.php 第 132 行.
NOTIC: [8] Undefined variable: footer C:\Coding\Php\Wampserver\www\jcweb\Application\Runtime\Cache\Home\ef7aebd36c65aa6739aec858f1c6963a.php 第 133 行.
INFO: Run Behavior\ParseTemplateBehavior [ RunTime:0.025313s ]
INFO: [ view_parse ] --END-- [ RunTime:0.025390s ]
INFO: [ view_filter ] --START--
INFO: Run Behavior\WriteHtmlCacheBehavior [ RunTime:0.000243s ]
INFO: [ view_filter ] --END-- [ RunTime:0.000298s ]
INFO: [ app_end ] --START--
INFO: Run Behavior\ShowPageTraceBehavior [ RunTime:0.000339s ]
INFO: [ app_end ] --END-- [ RunTime:0.000411s ]

[ 2019-04-08T18:29:35+08:00 ] 127.0.0.1 /Home/Information/news
INFO: [ app_init ] --START--
INFO: Run Behavior\BuildLiteBehavior [ RunTime:0.000016s ]
INFO: [ app_init ] --END-- [ RunTime:0.000090s ]
INFO: [ app_begin ] --START--
INFO: Run Behavior\ReadHtmlCacheBehavior [ RunTime:0.000174s ]
INFO: [ app_begin ] --END-- [ RunTime:0.000232s ]
SQL: SHOW COLUMNS FROM `footer` [ RunTime:0.0248s ]
SQL: SELECT * FROM `footer` LIMIT 1   [ RunTime:0.0031s ]
SQL: SHOW COLUMNS FROM `news` [ RunTime:0.0085s ]
SQL: SELECT * FROM `news` WHERE ( type=0 ) ORDER BY id desc LIMIT 0,4   [ RunTime:0.0030s ]
SQL: SELECT COUNT(*) AS tp_count FROM `news` WHERE ( type = 0 ) LIMIT 1   [ RunTime:0.0027s ]
SQL: SELECT * FROM `news` WHERE ( type=1 ) ORDER BY id desc LIMIT 0,4   [ RunTime:0.0044s ]
SQL: SELECT COUNT(*) AS tp_count FROM `news` WHERE ( type = 1 ) LIMIT 1   [ RunTime:0.0028s ]
INFO: [ view_parse ] --START--
INFO: [ template_filter ] --START--
INFO: Run Behavior\ContentReplaceBehavior [ RunTime:0.000074s ]
INFO: [ template_filter ] --END-- [ RunTime:0.000129s ]
NOTIC: [8] Undefined variable: type C:\Coding\Php\Wampserver\www\jcweb\Application\Runtime\Cache\Home\77a814446ea1d9a4d011f19ccdbe5997.php 第 107 行.
NOTIC: [2] Use of undefined constant i - assumed 'i' (this will throw an Error in a future version of PHP) C:\Coding\Php\Wampserver\www\jcweb\Application\Runtime\Cache\Home\77a814446ea1d9a4d011f19ccdbe5997.php 第 126 行.
NOTIC: [2] Use of undefined constant i - assumed 'i' (this will throw an Error in a future version of PHP) C:\Coding\Php\Wampserver\www\jcweb\Application\Runtime\Cache\Home\77a814446ea1d9a4d011f19ccdbe5997.php 第 126 行.
NOTIC: [2] Use of undefined constant i - assumed 'i' (this will throw an Error in a future version of PHP) C:\Coding\Php\Wampserver\www\jcweb\Application\Runtime\Cache\Home\77a814446ea1d9a4d011f19ccdbe5997.php 第 126 行.
NOTIC: [2] Use of undefined constant i - assumed 'i' (this will throw an Error in a future version of PHP) C:\Coding\Php\Wampserver\www\jcweb\Application\Runtime\Cache\Home\77a814446ea1d9a4d011f19ccdbe5997.php 第 126 行.
NOTIC: [2] Use of undefined constant i - assumed 'i' (this will throw an Error in a future version of PHP) C:\Coding\Php\Wampserver\www\jcweb\Application\Runtime\Cache\Home\77a814446ea1d9a4d011f19ccdbe5997.php 第 126 行.
NOTIC: [2] Use of undefined constant i - assumed 'i' (this will throw an Error in a future version of PHP) C:\Coding\Php\Wampserver\www\jcweb\Application\Runtime\Cache\Home\77a814446ea1d9a4d011f19ccdbe5997.php 第 126 行.
NOTIC: [2] Use of undefined constant i - assumed 'i' (this will throw an Error in a future version of PHP) C:\Coding\Php\Wampserver\www\jcweb\Application\Runtime\Cache\Home\77a814446ea1d9a4d011f19ccdbe5997.php 第 126 行.
NOTIC: [2] Use of undefined constant i - assumed 'i' (this will throw an Error in a future version of PHP) C:\Coding\Php\Wampserver\www\jcweb\Application\Runtime\Cache\Home\77a814446ea1d9a4d011f19ccdbe5997.php 第 126 行.
NOTIC: [2] Use of undefined constant i - assumed 'i' (this will throw an Error in a future version of PHP) C:\Coding\Php\Wampserver\www\jcweb\Application\Runtime\Cache\Home\77a814446ea1d9a4d011f19ccdbe5997.php 第 126 行.
INFO: Run Behavior\ParseTemplateBehavior [ RunTime:0.026486s ]
INFO: [ view_parse ] --END-- [ RunTime:0.026542s ]
INFO: [ view_filter ] --START--
INFO: Run Behavior\WriteHtmlCacheBehavior [ RunTime:0.000186s ]
INFO: [ view_filter ] --END-- [ RunTime:0.000233s ]
INFO: [ app_end ] --START--
INFO: Run Behavior\ShowPageTraceBehavior [ RunTime:0.000246s ]
INFO: [ app_end ] --END-- [ RunTime:0.000337s ]

[ 2019-04-08T18:29:51+08:00 ] 127.0.0.1 /Home/Information/notice
INFO: [ app_init ] --START--
INFO: Run Behavior\BuildLiteBehavior [ RunTime:0.000017s ]
INFO: [ app_init ] --END-- [ RunTime:0.000182s ]
INFO: [ app_begin ] --START--
INFO: Run Behavior\ReadHtmlCacheBehavior [ RunTime:0.000160s ]
INFO: [ app_begin ] --END-- [ RunTime:0.000249s ]
INFO: [ view_parse ] --START--
INFO: [ template_filter ] --START--
INFO: Run Behavior\ContentReplaceBehavior [ RunTime:0.000068s ]
INFO: [ template_filter ] --END-- [ RunTime:0.000122s ]
NOTIC: [8] Undefined variable: type C:\Coding\Php\Wampserver\www\jcweb\Application\Runtime\Cache\Home\f844fb8cfd2c81c0d4b6685e32c69682.php 第 107 行.
NOTIC: [8] Undefined variable: notice C:\Coding\Php\Wampserver\www\jcweb\Application\Runtime\Cache\Home\f844fb8cfd2c81c0d4b6685e32c69682.php 第 127 行.
NOTIC: [8] Undefined variable: pagination1 C:\Coding\Php\Wampserver\www\jcweb\Application\Runtime\Cache\Home\f844fb8cfd2c81c0d4b6685e32c69682.php 第 241 行.
NOTIC: [8] Undefined variable: footer C:\Coding\Php\Wampserver\www\jcweb\Application\Runtime\Cache\Home\f844fb8cfd2c81c0d4b6685e32c69682.php 第 253 行.
NOTIC: [8] Undefined variable: footer C:\Coding\Php\Wampserver\www\jcweb\Application\Runtime\Cache\Home\f844fb8cfd2c81c0d4b6685e32c69682.php 第 254 行.
NOTIC: [8] Undefined variable: footer C:\Coding\Php\Wampserver\www\jcweb\Application\Runtime\Cache\Home\f844fb8cfd2c81c0d4b6685e32c69682.php 第 257 行.
NOTIC: [8] Undefined variable: footer C:\Coding\Php\Wampserver\www\jcweb\Application\Runtime\Cache\Home\f844fb8cfd2c81c0d4b6685e32c69682.php 第 258 行.
INFO: Run Behavior\ParseTemplateBehavior [ RunTime:0.024222s ]
INFO: [ view_parse ] --END-- [ RunTime:0.024292s ]
INFO: [ view_filter ] --START--
INFO: Run Behavior\WriteHtmlCacheBehavior [ RunTime:0.000130s ]
INFO: [ view_filter ] --END-- [ RunTime:0.000178s ]
INFO: [ app_end ] --START--
INFO: Run Behavior\ShowPageTraceBehavior [ RunTime:0.000180s ]
INFO: [ app_end ] --END-- [ RunTime:0.000230s ]

[ 2019-04-08T18:29:52+08:00 ] 127.0.0.1 /Home/Information/news
INFO: [ app_init ] --START--
INFO: Run Behavior\BuildLiteBehavior [ RunTime:0.000040s ]
INFO: [ app_init ] --END-- [ RunTime:0.000221s ]
INFO: [ app_begin ] --START--
INFO: Run Behavior\ReadHtmlCacheBehavior [ RunTime:0.000177s ]
INFO: [ app_begin ] --END-- [ RunTime:0.000260s ]
SQL: SHOW COLUMNS FROM `footer` [ RunTime:0.0096s ]
SQL: SELECT * FROM `footer` LIMIT 1   [ RunTime:0.0032s ]
SQL: SHOW COLUMNS FROM `news` [ RunTime:0.0115s ]
SQL: SELECT * FROM `news` WHERE ( type=0 ) ORDER BY id desc LIMIT 0,4   [ RunTime:0.0028s ]
SQL: SELECT COUNT(*) AS tp_count FROM `news` WHERE ( type = 0 ) LIMIT 1   [ RunTime:0.0042s ]
SQL: SELECT * FROM `news` WHERE ( type=1 ) ORDER BY id desc LIMIT 0,4   [ RunTime:0.0028s ]
SQL: SELECT COUNT(*) AS tp_count FROM `news` WHERE ( type = 1 ) LIMIT 1   [ RunTime:0.0028s ]
INFO: [ view_parse ] --START--
INFO: [ template_filter ] --START--
INFO: Run Behavior\ContentReplaceBehavior [ RunTime:0.000073s ]
INFO: [ template_filter ] --END-- [ RunTime:0.000127s ]
NOTIC: [8] Undefined variable: type C:\Coding\Php\Wampserver\www\jcweb\Application\Runtime\Cache\Home\77a814446ea1d9a4d011f19ccdbe5997.php 第 107 行.
NOTIC: [2] Use of undefined constant i - assumed 'i' (this will throw an Error in a future version of PHP) C:\Coding\Php\Wampserver\www\jcweb\Application\Runtime\Cache\Home\77a814446ea1d9a4d011f19ccdbe5997.php 第 126 行.
NOTIC: [2] Use of undefined constant i - assumed 'i' (this will throw an Error in a future version of PHP) C:\Coding\Php\Wampserver\www\jcweb\Application\Runtime\Cache\Home\77a814446ea1d9a4d011f19ccdbe5997.php 第 126 行.
NOTIC: [2] Use of undefined constant i - assumed 'i' (this will throw an Error in a future version of PHP) C:\Coding\Php\Wampserver\www\jcweb\Application\Runtime\Cache\Home\77a814446ea1d9a4d011f19ccdbe5997.php 第 126 行.
NOTIC: [2] Use of undefined constant i - assumed 'i' (this will throw an Error in a future version of PHP) C:\Coding\Php\Wampserver\www\jcweb\Application\Runtime\Cache\Home\77a814446ea1d9a4d011f19ccdbe5997.php 第 126 行.
NOTIC: [2] Use of undefined constant i - assumed 'i' (this will throw an Error in a future version of PHP) C:\Coding\Php\Wampserver\www\jcweb\Application\Runtime\Cache\Home\77a814446ea1d9a4d011f19ccdbe5997.php 第 126 行.
NOTIC: [2] Use of undefined constant i - assumed 'i' (this will throw an Error in a future version of PHP) C:\Coding\Php\Wampserver\www\jcweb\Application\Runtime\Cache\Home\77a814446ea1d9a4d011f19ccdbe5997.php 第 126 行.
NOTIC: [2] Use of undefined constant i - assumed 'i' (this will throw an Error in a future version of PHP) C:\Coding\Php\Wampserver\www\jcweb\Application\Runtime\Cache\Home\77a814446ea1d9a4d011f19ccdbe5997.php 第 126 行.
NOTIC: [2] Use of undefined constant i - assumed 'i' (this will throw an Error in a future version of PHP) C:\Coding\Php\Wampserver\www\jcweb\Application\Runtime\Cache\Home\77a814446ea1d9a4d011f19ccdbe5997.php 第 126 行.
NOTIC: [2] Use of undefined constant i - assumed 'i' (this will throw an Error in a future version of PHP) C:\Coding\Php\Wampserver\www\jcweb\Application\Runtime\Cache\Home\77a814446ea1d9a4d011f19ccdbe5997.php 第 126 行.
INFO: Run Behavior\ParseTemplateBehavior [ RunTime:0.024415s ]
INFO: [ view_parse ] --END-- [ RunTime:0.024551s ]
INFO: [ view_filter ] --START--
INFO: Run Behavior\WriteHtmlCacheBehavior [ RunTime:0.000557s ]
INFO: [ view_filter ] --END-- [ RunTime:0.000807s ]
INFO: [ app_end ] --START--
INFO: Run Behavior\ShowPageTraceBehavior [ RunTime:0.000193s ]
INFO: [ app_end ] --END-- [ RunTime:0.000342s ]

[ 2019-04-08T18:29:54+08:00 ] 127.0.0.1 /Home/Information/notice
INFO: [ app_init ] --START--
INFO: Run Behavior\BuildLiteBehavior [ RunTime:0.000028s ]
INFO: [ app_init ] --END-- [ RunTime:0.000226s ]
INFO: [ app_begin ] --START--
INFO: Run Behavior\ReadHtmlCacheBehavior [ RunTime:0.000111s ]
INFO: [ app_begin ] --END-- [ RunTime:0.000167s ]
INFO: [ view_parse ] --START--
INFO: [ template_filter ] --START--
INFO: Run Behavior\ContentReplaceBehavior [ RunTime:0.000067s ]
INFO: [ template_filter ] --END-- [ RunTime:0.000121s ]
NOTIC: [8] Undefined variable: type C:\Coding\Php\Wampserver\www\jcweb\Application\Runtime\Cache\Home\f844fb8cfd2c81c0d4b6685e32c69682.php 第 107 行.
NOTIC: [8] Undefined variable: notice C:\Coding\Php\Wampserver\www\jcweb\Application\Runtime\Cache\Home\f844fb8cfd2c81c0d4b6685e32c69682.php 第 127 行.
NOTIC: [8] Undefined variable: pagination1 C:\Coding\Php\Wampserver\www\jcweb\Application\Runtime\Cache\Home\f844fb8cfd2c81c0d4b6685e32c69682.php 第 241 行.
NOTIC: [8] Undefined variable: footer C:\Coding\Php\Wampserver\www\jcweb\Application\Runtime\Cache\Home\f844fb8cfd2c81c0d4b6685e32c69682.php 第 253 行.
NOTIC: [8] Undefined variable: footer C:\Coding\Php\Wampserver\www\jcweb\Application\Runtime\Cache\Home\f844fb8cfd2c81c0d4b6685e32c69682.php 第 254 行.
NOTIC: [8] Undefined variable: footer C:\Coding\Php\Wampserver\www\jcweb\Application\Runtime\Cache\Home\f844fb8cfd2c81c0d4b6685e32c69682.php 第 257 行.
NOTIC: [8] Undefined variable: footer C:\Coding\Php\Wampserver\www\jcweb\Application\Runtime\Cache\Home\f844fb8cfd2c81c0d4b6685e32c69682.php 第 258 行.
INFO: Run Behavior\ParseTemplateBehavior [ RunTime:0.028100s ]
INFO: [ view_parse ] --END-- [ RunTime:0.028158s ]
INFO: [ view_filter ] --START--
INFO: Run Behavior\WriteHtmlCacheBehavior [ RunTime:0.000126s ]
INFO: [ view_filter ] --END-- [ RunTime:0.000175s ]
INFO: [ app_end ] --START--
INFO: Run Behavior\ShowPageTraceBehavior [ RunTime:0.000265s ]
INFO: [ app_end ] --END-- [ RunTime:0.000317s ]

[ 2019-04-08T18:33:53+08:00 ] 127.0.0.1 /
INFO: [ app_init ] --START--
INFO: Run Behavior\BuildLiteBehavior [ RunTime:0.000027s ]
INFO: [ app_init ] --END-- [ RunTime:0.000463s ]
INFO: [ app_begin ] --START--
INFO: Run Behavior\ReadHtmlCacheBehavior [ RunTime:0.000454s ]
INFO: [ app_begin ] --END-- [ RunTime:0.000540s ]
SQL: SHOW COLUMNS FROM `home_image` [ RunTime:0.0162s ]
SQL: SELECT * FROM `home_image` WHERE ( id not in (select max(id) from home_image) ) ORDER BY id desc  [ RunTime:0.0032s ]
SQL: SELECT * FROM `home_image` WHERE ( id in (select max(id) from home_image) ) LIMIT 1   [ RunTime:0.0028s ]
SQL: SELECT COUNT(*) AS tp_count FROM `home_image` LIMIT 1   [ RunTime:0.0027s ]
SQL: SHOW COLUMNS FROM `contact_us` [ RunTime:0.0083s ]
SQL: SELECT * FROM `contact_us` LIMIT 1   [ RunTime:0.0038s ]
SQL: SHOW COLUMNS FROM `news` [ RunTime:0.0090s ]
SQL: SELECT * FROM `news` WHERE ( content != '' ) ORDER BY save_time desc LIMIT 4   [ RunTime:0.0029s ]
SQL: SHOW COLUMNS FROM `center_introduction` [ RunTime:0.0079s ]
SQL: SELECT * FROM `center_introduction` LIMIT 1   [ RunTime:0.0027s ]
SQL: SHOW COLUMNS FROM `lab_image` [ RunTime:0.0066s ]
SQL: SELECT * FROM `lab_image` ORDER BY id desc  [ RunTime:0.0029s ]
SQL: SHOW COLUMNS FROM `inspection_scope` [ RunTime:0.0070s ]
SQL: SELECT * FROM `inspection_scope` WHERE ( content !='' ) ORDER BY save_time desc LIMIT 4   [ RunTime:0.0029s ]
SQL: SHOW COLUMNS FROM `footer` [ RunTime:0.0089s ]
SQL: SELECT * FROM `footer` LIMIT 1   [ RunTime:0.0029s ]
INFO: [ view_parse ] --START--
INFO: [ template_filter ] --START--
INFO: Run Behavior\ContentReplaceBehavior [ RunTime:0.000086s ]
INFO: [ template_filter ] --END-- [ RunTime:0.000135s ]
INFO: Run Behavior\ParseTemplateBehavior [ RunTime:0.016943s ]
INFO: [ view_parse ] --END-- [ RunTime:0.017064s ]
INFO: [ view_filter ] --START--
INFO: Run Behavior\WriteHtmlCacheBehavior [ RunTime:0.000314s ]
INFO: [ view_filter ] --END-- [ RunTime:0.000367s ]
INFO: [ app_end ] --START--
INFO: Run Behavior\ShowPageTraceBehavior [ RunTime:0.000284s ]
INFO: [ app_end ] --END-- [ RunTime:0.000373s ]

[ 2019-04-08T20:07:48+08:00 ] 127.0.0.1 /Uploads/ueditor/image/20190329/5c9decc2463fc.png
INFO: [ app_init ] --START--
INFO: Run Behavior\BuildLiteBehavior [ RunTime:0.000020s ]
INFO: [ app_init ] --END-- [ RunTime:0.000114s ]

[ 2019-04-08T20:12:51+08:00 ] 127.0.0.1 /Uploads/ueditor/image/20190329/5c9decc2463fc.png
INFO: [ app_init ] --START--
INFO: Run Behavior\BuildLiteBehavior [ RunTime:0.000017s ]
INFO: [ app_init ] --END-- [ RunTime:0.000120s ]

[ 2019-04-08T20:14:30+08:00 ] 127.0.0.1 /Uploads/ueditor/image/20190329/5c9decc2463fc.png
INFO: [ app_init ] --START--
INFO: Run Behavior\BuildLiteBehavior [ RunTime:0.000040s ]
INFO: [ app_init ] --END-- [ RunTime:0.000249s ]

[ 2019-04-08T20:28:51+08:00 ] 127.0.0.1 /Uploads/ueditor/image/20190329/5c9decc2463fc.png
INFO: [ app_init ] --START--
INFO: Run Behavior\BuildLiteBehavior [ RunTime:0.000039s ]
INFO: [ app_init ] --END-- [ RunTime:0.000155s ]

