[ 2019-03-11T14:26:11+08:00 ] 127.0.0.1 /
INFO: [ app_init ] --START--
INFO: Run Behavior\BuildLiteBehavior [ RunTime:0.000042s ]
INFO: [ app_init ] --END-- [ RunTime:0.001075s ]
INFO: [ app_begin ] --START--
INFO: Run Behavior\ReadHtmlCacheBehavior [ RunTime:0.001151s ]
INFO: [ app_begin ] --END-- [ RunTime:0.001261s ]
SQL: SHOW COLUMNS FROM `home_image` [ RunTime:0.0224s ]
SQL: SELECT * FROM `home_image` WHERE ( id not in (select max(id) from home_image) ) ORDER BY id desc  [ RunTime:0.0037s ]
SQL: SELECT * FROM `home_image` WHERE ( id in (select max(id) from home_image) ) LIMIT 1   [ RunTime:0.0125s ]
SQL: SELECT COUNT(*) AS tp_count FROM `home_image` LIMIT 1   [ RunTime:0.0079s ]
SQL: SHOW COLUMNS FROM `contact_us` [ RunTime:0.0150s ]
SQL: SELECT * FROM `contact_us` LIMIT 1   [ RunTime:0.0030s ]
SQL: SHOW COLUMNS FROM `news` [ RunTime:0.0097s ]
SQL: SELECT * FROM `news` WHERE ( content != '' ) ORDER BY save_time desc LIMIT 4   [ RunTime:0.0037s ]
SQL: SHOW COLUMNS FROM `center_introduction` [ RunTime:0.0094s ]
SQL: SELECT * FROM `center_introduction` LIMIT 1   [ RunTime:0.0032s ]
SQL: SHOW COLUMNS FROM `lab_image` [ RunTime:0.0077s ]
SQL: SELECT * FROM `lab_image` ORDER BY id desc  [ RunTime:0.0027s ]
SQL: SHOW COLUMNS FROM `inspection_scope` [ RunTime:0.0077s ]
SQL: SELECT * FROM `inspection_scope` WHERE ( content !='' ) ORDER BY save_time desc LIMIT 4   [ RunTime:0.0028s ]
SQL: SHOW COLUMNS FROM `footer` [ RunTime:0.0071s ]
SQL: SELECT * FROM `footer` LIMIT 1   [ RunTime:0.0028s ]
INFO: [ view_parse ] --START--
INFO: [ template_filter ] --START--
INFO: Run Behavior\ContentReplaceBehavior [ RunTime:0.000351s ]
INFO: [ template_filter ] --END-- [ RunTime:0.000456s ]
INFO: Run Behavior\ParseTemplateBehavior [ RunTime:0.018821s ]
INFO: [ view_parse ] --END-- [ RunTime:0.018941s ]
INFO: [ view_filter ] --START--
INFO: Run Behavior\WriteHtmlCacheBehavior [ RunTime:0.000879s ]
INFO: [ view_filter ] --END-- [ RunTime:0.000970s ]
INFO: [ app_end ] --START--
INFO: Run Behavior\ShowPageTraceBehavior [ RunTime:0.000967s ]
INFO: [ app_end ] --END-- [ RunTime:0.001061s ]

[ 2019-03-11T14:26:12+08:00 ] 127.0.0.1 /favicon.ico
INFO: [ app_init ] --START--
INFO: Run Behavior\BuildLiteBehavior [ RunTime:0.000020s ]
INFO: [ app_init ] --END-- [ RunTime:0.000379s ]

