[ 2019-03-19T08:49:05+08:00 ] 127.0.0.1 /
INFO: [ app_init ] --START--
INFO: Run Behavior\BuildLiteBehavior [ RunTime:0.000018s ]
INFO: [ app_init ] --END-- [ RunTime:0.000228s ]
INFO: [ app_begin ] --START--
INFO: Run Behavior\ReadHtmlCacheBehavior [ RunTime:0.000233s ]
INFO: [ app_begin ] --END-- [ RunTime:0.000293s ]
SQL: SHOW COLUMNS FROM `home_image` [ RunTime:0.0009s ]
SQL: SELECT * FROM `home_image` WHERE ( id not in (select max(id) from home_image) ) ORDER BY id desc  [ RunTime:0.0072s ]
SQL: SELECT * FROM `home_image` WHERE ( id in (select max(id) from home_image) ) LIMIT 1   [ RunTime:0.0004s ]
SQL: SELECT COUNT(*) AS tp_count FROM `home_image` LIMIT 1   [ RunTime:0.0002s ]
SQL: SHOW COLUMNS FROM `contact_us` [ RunTime:0.0006s ]
SQL: SELECT * FROM `contact_us` LIMIT 1   [ RunTime:0.0002s ]
SQL: SHOW COLUMNS FROM `news` [ RunTime:0.0011s ]
SQL: SELECT * FROM `news` WHERE ( content != '' ) ORDER BY save_time desc LIMIT 4   [ RunTime:0.0007s ]
SQL: SHOW COLUMNS FROM `center_introduction` [ RunTime:0.0208s ]
SQL: SELECT * FROM `center_introduction` LIMIT 1   [ RunTime:0.0003s ]
SQL: SHOW COLUMNS FROM `lab_image` [ RunTime:0.0150s ]
SQL: SELECT * FROM `lab_image` ORDER BY id desc  [ RunTime:0.0003s ]
SQL: SHOW COLUMNS FROM `inspection_scope` [ RunTime:0.0121s ]
SQL: SELECT * FROM `inspection_scope` WHERE ( content !='' ) ORDER BY save_time desc LIMIT 4   [ RunTime:0.0005s ]
SQL: SHOW COLUMNS FROM `footer` [ RunTime:0.0098s ]
SQL: SELECT * FROM `footer` LIMIT 1   [ RunTime:0.0002s ]
INFO: [ view_parse ] --START--
INFO: [ template_filter ] --START--
INFO: Run Behavior\ContentReplaceBehavior [ RunTime:0.000105s ]
INFO: [ template_filter ] --END-- [ RunTime:0.000239s ]
NOTIC: [8] Undefined variable: rs C:\Coding\Php\Wampserver\www\jcweb\Application\Runtime\Cache\Home\2a94b8bda04ff446dcedd42276fc99ee.php 第 411 行.
NOTIC: [8] Undefined variable: rs C:\Coding\Php\Wampserver\www\jcweb\Application\Runtime\Cache\Home\2a94b8bda04ff446dcedd42276fc99ee.php 第 413 行.
NOTIC: [8] Undefined variable: rs C:\Coding\Php\Wampserver\www\jcweb\Application\Runtime\Cache\Home\2a94b8bda04ff446dcedd42276fc99ee.php 第 415 行.
INFO: Run Behavior\ParseTemplateBehavior [ RunTime:0.015878s ]
INFO: [ view_parse ] --END-- [ RunTime:0.015940s ]
INFO: [ view_filter ] --START--
INFO: Run Behavior\WriteHtmlCacheBehavior [ RunTime:0.000253s ]
INFO: [ view_filter ] --END-- [ RunTime:0.000302s ]
INFO: [ app_end ] --START--
INFO: Run Behavior\ShowPageTraceBehavior [ RunTime:0.000232s ]
INFO: [ app_end ] --END-- [ RunTime:0.000286s ]

[ 2019-03-19T08:52:42+08:00 ] 127.0.0.1 /
INFO: [ app_init ] --START--
INFO: Run Behavior\BuildLiteBehavior [ RunTime:0.000013s ]
INFO: [ app_init ] --END-- [ RunTime:0.000159s ]
INFO: [ app_begin ] --START--
INFO: Run Behavior\ReadHtmlCacheBehavior [ RunTime:0.000226s ]
INFO: [ app_begin ] --END-- [ RunTime:0.000273s ]
SQL: SHOW COLUMNS FROM `home_image` [ RunTime:0.0007s ]
SQL: SELECT * FROM `home_image` WHERE ( id not in (select max(id) from home_image) ) ORDER BY id desc  [ RunTime:0.0006s ]
SQL: SELECT * FROM `home_image` WHERE ( id in (select max(id) from home_image) ) LIMIT 1   [ RunTime:0.0003s ]
SQL: SELECT COUNT(*) AS tp_count FROM `home_image` LIMIT 1   [ RunTime:0.0002s ]
SQL: SHOW COLUMNS FROM `contact_us` [ RunTime:0.0007s ]
SQL: SELECT * FROM `contact_us` LIMIT 1   [ RunTime:0.0003s ]
SQL: SHOW COLUMNS FROM `news` [ RunTime:0.0011s ]
SQL: SELECT * FROM `news` WHERE ( content != '' ) ORDER BY save_time desc LIMIT 4   [ RunTime:0.0003s ]
SQL: SHOW COLUMNS FROM `center_introduction` [ RunTime:0.0005s ]
SQL: SELECT * FROM `center_introduction` LIMIT 1   [ RunTime:0.0002s ]
SQL: SHOW COLUMNS FROM `lab_image` [ RunTime:0.0005s ]
SQL: SELECT * FROM `lab_image` ORDER BY id desc  [ RunTime:0.0002s ]
SQL: SHOW COLUMNS FROM `inspection_scope` [ RunTime:0.0005s ]
SQL: SELECT * FROM `inspection_scope` WHERE ( content !='' ) ORDER BY save_time desc LIMIT 4   [ RunTime:0.0002s ]
SQL: SHOW COLUMNS FROM `footer` [ RunTime:0.0005s ]
SQL: SELECT * FROM `footer` LIMIT 1   [ RunTime:0.0002s ]
INFO: [ view_parse ] --START--
INFO: [ template_filter ] --START--
INFO: Run Behavior\ContentReplaceBehavior [ RunTime:0.000090s ]
INFO: [ template_filter ] --END-- [ RunTime:0.000152s ]
NOTIC: [8] Undefined variable: rs C:\Coding\Php\Wampserver\www\jcweb\Application\Runtime\Cache\Home\2a94b8bda04ff446dcedd42276fc99ee.php 第 411 行.
NOTIC: [8] Undefined variable: rs C:\Coding\Php\Wampserver\www\jcweb\Application\Runtime\Cache\Home\2a94b8bda04ff446dcedd42276fc99ee.php 第 413 行.
NOTIC: [8] Undefined variable: rs C:\Coding\Php\Wampserver\www\jcweb\Application\Runtime\Cache\Home\2a94b8bda04ff446dcedd42276fc99ee.php 第 415 行.
INFO: Run Behavior\ParseTemplateBehavior [ RunTime:0.014674s ]
INFO: [ view_parse ] --END-- [ RunTime:0.014737s ]
INFO: [ view_filter ] --START--
INFO: Run Behavior\WriteHtmlCacheBehavior [ RunTime:0.000255s ]
INFO: [ view_filter ] --END-- [ RunTime:0.000307s ]
INFO: [ app_end ] --START--
INFO: Run Behavior\ShowPageTraceBehavior [ RunTime:0.000207s ]
INFO: [ app_end ] --END-- [ RunTime:0.000253s ]

[ 2019-03-19T08:52:47+08:00 ] 127.0.0.1 /Home/Information/news
INFO: [ app_init ] --START--
INFO: Run Behavior\BuildLiteBehavior [ RunTime:0.000017s ]
INFO: [ app_init ] --END-- [ RunTime:0.000165s ]
INFO: [ app_begin ] --START--
INFO: Run Behavior\ReadHtmlCacheBehavior [ RunTime:0.000332s ]
INFO: [ app_begin ] --END-- [ RunTime:0.000421s ]
SQL: SHOW COLUMNS FROM `footer` [ RunTime:0.0006s ]
SQL: SELECT * FROM `footer` LIMIT 1   [ RunTime:0.0002s ]
SQL: SHOW COLUMNS FROM `news` [ RunTime:0.0003s ]
SQL: SELECT * FROM `news` WHERE ( type=0 ) ORDER BY id desc LIMIT 0,4   [ RunTime:0.0003s ]
SQL: SELECT COUNT(*) AS tp_count FROM `news` WHERE ( type = 0 ) LIMIT 1   [ RunTime:0.0002s ]
SQL: SELECT * FROM `news` WHERE ( type=1 ) ORDER BY id desc LIMIT 0,4   [ RunTime:0.0002s ]
SQL: SELECT COUNT(*) AS tp_count FROM `news` WHERE ( type = 1 ) LIMIT 1   [ RunTime:0.0002s ]
INFO: [ view_parse ] --START--
INFO: [ template_filter ] --START--
INFO: Run Behavior\ContentReplaceBehavior [ RunTime:0.000045s ]
INFO: [ template_filter ] --END-- [ RunTime:0.000096s ]
NOTIC: [8] Undefined variable: rs C:\Coding\Php\Wampserver\www\jcweb\Application\Runtime\Cache\Home\77a814446ea1d9a4d011f19ccdbe5997.php 第 82 行.
NOTIC: [8] Undefined variable: rs C:\Coding\Php\Wampserver\www\jcweb\Application\Runtime\Cache\Home\77a814446ea1d9a4d011f19ccdbe5997.php 第 84 行.
NOTIC: [8] Undefined variable: rs C:\Coding\Php\Wampserver\www\jcweb\Application\Runtime\Cache\Home\77a814446ea1d9a4d011f19ccdbe5997.php 第 86 行.
INFO: Run Behavior\ParseTemplateBehavior [ RunTime:0.022997s ]
INFO: [ view_parse ] --END-- [ RunTime:0.023063s ]
INFO: [ view_filter ] --START--
INFO: Run Behavior\WriteHtmlCacheBehavior [ RunTime:0.000388s ]
INFO: [ view_filter ] --END-- [ RunTime:0.000437s ]
INFO: [ app_end ] --START--
INFO: Run Behavior\ShowPageTraceBehavior [ RunTime:0.000202s ]
INFO: [ app_end ] --END-- [ RunTime:0.000255s ]

[ 2019-03-19T08:52:50+08:00 ] 127.0.0.1 /Home/Information/structure
INFO: [ app_init ] --START--
INFO: Run Behavior\BuildLiteBehavior [ RunTime:0.000017s ]
INFO: [ app_init ] --END-- [ RunTime:0.000139s ]
INFO: [ app_begin ] --START--
INFO: Run Behavior\ReadHtmlCacheBehavior [ RunTime:0.000116s ]
INFO: [ app_begin ] --END-- [ RunTime:0.000178s ]
SQL: SHOW COLUMNS FROM `footer` [ RunTime:0.0008s ]
SQL: SELECT * FROM `footer` LIMIT 1   [ RunTime:0.0002s ]
SQL: SHOW COLUMNS FROM `org_structure` [ RunTime:0.0180s ]
SQL: SELECT * FROM `org_structure` LIMIT 1   [ RunTime:0.0003s ]
INFO: [ view_parse ] --START--
INFO: [ template_filter ] --START--
INFO: Run Behavior\ContentReplaceBehavior [ RunTime:0.000080s ]
INFO: [ template_filter ] --END-- [ RunTime:0.000132s ]
NOTIC: [8] Undefined variable: type C:\Coding\Php\Wampserver\www\jcweb\Application\Runtime\Cache\Home\ac9b0a1cace77cd5c2d36c4a0dfdeb0e.php 第 91 行.
NOTIC: [8] Undefined variable: rs C:\Coding\Php\Wampserver\www\jcweb\Application\Runtime\Cache\Home\ac9b0a1cace77cd5c2d36c4a0dfdeb0e.php 第 263 行.
NOTIC: [8] Undefined variable: rs C:\Coding\Php\Wampserver\www\jcweb\Application\Runtime\Cache\Home\ac9b0a1cace77cd5c2d36c4a0dfdeb0e.php 第 265 行.
NOTIC: [8] Undefined variable: rs C:\Coding\Php\Wampserver\www\jcweb\Application\Runtime\Cache\Home\ac9b0a1cace77cd5c2d36c4a0dfdeb0e.php 第 267 行.
INFO: Run Behavior\ParseTemplateBehavior [ RunTime:0.016488s ]
INFO: [ view_parse ] --END-- [ RunTime:0.016551s ]
INFO: [ view_filter ] --START--
INFO: Run Behavior\WriteHtmlCacheBehavior [ RunTime:0.000125s ]
INFO: [ view_filter ] --END-- [ RunTime:0.000174s ]
INFO: [ app_end ] --START--
INFO: Run Behavior\ShowPageTraceBehavior [ RunTime:0.000116s ]
INFO: [ app_end ] --END-- [ RunTime:0.000183s ]

[ 2019-03-19T08:53:16+08:00 ] 127.0.0.1 /Home/Information/structure
INFO: [ app_init ] --START--
INFO: Run Behavior\BuildLiteBehavior [ RunTime:0.000016s ]
INFO: [ app_init ] --END-- [ RunTime:0.000138s ]
INFO: [ app_begin ] --START--
INFO: Run Behavior\ReadHtmlCacheBehavior [ RunTime:0.000136s ]
INFO: [ app_begin ] --END-- [ RunTime:0.000193s ]
SQL: SHOW COLUMNS FROM `footer` [ RunTime:0.0007s ]
SQL: SELECT * FROM `footer` LIMIT 1   [ RunTime:0.0002s ]
SQL: SHOW COLUMNS FROM `org_structure` [ RunTime:0.0005s ]
SQL: SELECT * FROM `org_structure` LIMIT 1   [ RunTime:0.0002s ]
INFO: [ view_parse ] --START--
INFO: [ template_filter ] --START--
INFO: Run Behavior\ContentReplaceBehavior [ RunTime:0.000122s ]
INFO: [ template_filter ] --END-- [ RunTime:0.000211s ]
NOTIC: [8] Undefined variable: type C:\Coding\Php\Wampserver\www\jcweb\Application\Runtime\Cache\Home\ac9b0a1cace77cd5c2d36c4a0dfdeb0e.php 第 91 行.
NOTIC: [8] Undefined variable: rs C:\Coding\Php\Wampserver\www\jcweb\Application\Runtime\Cache\Home\ac9b0a1cace77cd5c2d36c4a0dfdeb0e.php 第 263 行.
NOTIC: [8] Undefined variable: rs C:\Coding\Php\Wampserver\www\jcweb\Application\Runtime\Cache\Home\ac9b0a1cace77cd5c2d36c4a0dfdeb0e.php 第 265 行.
NOTIC: [8] Undefined variable: rs C:\Coding\Php\Wampserver\www\jcweb\Application\Runtime\Cache\Home\ac9b0a1cace77cd5c2d36c4a0dfdeb0e.php 第 267 行.
INFO: Run Behavior\ParseTemplateBehavior [ RunTime:0.013456s ]
INFO: [ view_parse ] --END-- [ RunTime:0.013514s ]
INFO: [ view_filter ] --START--
INFO: Run Behavior\WriteHtmlCacheBehavior [ RunTime:0.000170s ]
INFO: [ view_filter ] --END-- [ RunTime:0.000220s ]
INFO: [ app_end ] --START--
INFO: Run Behavior\ShowPageTraceBehavior [ RunTime:0.000147s ]
INFO: [ app_end ] --END-- [ RunTime:0.000199s ]

[ 2019-03-19T08:53:21+08:00 ] 127.0.0.1 /Home/Information/structure
INFO: [ app_init ] --START--
INFO: Run Behavior\BuildLiteBehavior [ RunTime:0.000017s ]
INFO: [ app_init ] --END-- [ RunTime:0.000115s ]
INFO: [ app_begin ] --START--
INFO: Run Behavior\ReadHtmlCacheBehavior [ RunTime:0.000109s ]
INFO: [ app_begin ] --END-- [ RunTime:0.000164s ]
SQL: SHOW COLUMNS FROM `footer` [ RunTime:0.0012s ]
SQL: SELECT * FROM `footer` LIMIT 1   [ RunTime:0.0004s ]
SQL: SHOW COLUMNS FROM `org_structure` [ RunTime:0.0008s ]
SQL: SELECT * FROM `org_structure` LIMIT 1   [ RunTime:0.0002s ]
INFO: [ view_parse ] --START--
INFO: [ template_filter ] --START--
INFO: Run Behavior\ContentReplaceBehavior [ RunTime:0.000079s ]
INFO: [ template_filter ] --END-- [ RunTime:0.000126s ]
NOTIC: [8] Undefined variable: type C:\Coding\Php\Wampserver\www\jcweb\Application\Runtime\Cache\Home\ac9b0a1cace77cd5c2d36c4a0dfdeb0e.php 第 91 行.
NOTIC: [8] Undefined variable: rs C:\Coding\Php\Wampserver\www\jcweb\Application\Runtime\Cache\Home\ac9b0a1cace77cd5c2d36c4a0dfdeb0e.php 第 263 行.
NOTIC: [8] Undefined variable: rs C:\Coding\Php\Wampserver\www\jcweb\Application\Runtime\Cache\Home\ac9b0a1cace77cd5c2d36c4a0dfdeb0e.php 第 265 行.
NOTIC: [8] Undefined variable: rs C:\Coding\Php\Wampserver\www\jcweb\Application\Runtime\Cache\Home\ac9b0a1cace77cd5c2d36c4a0dfdeb0e.php 第 267 行.
INFO: Run Behavior\ParseTemplateBehavior [ RunTime:0.012419s ]
INFO: [ view_parse ] --END-- [ RunTime:0.012477s ]
INFO: [ view_filter ] --START--
INFO: Run Behavior\WriteHtmlCacheBehavior [ RunTime:0.000126s ]
INFO: [ view_filter ] --END-- [ RunTime:0.000176s ]
INFO: [ app_end ] --START--
INFO: Run Behavior\ShowPageTraceBehavior [ RunTime:0.000114s ]
INFO: [ app_end ] --END-- [ RunTime:0.000166s ]

[ 2019-03-19T08:53:34+08:00 ] 127.0.0.1 /Home/Information/structure
INFO: [ app_init ] --START--
INFO: Run Behavior\BuildLiteBehavior [ RunTime:0.000016s ]
INFO: [ app_init ] --END-- [ RunTime:0.000129s ]
INFO: [ app_begin ] --START--
INFO: Run Behavior\ReadHtmlCacheBehavior [ RunTime:0.000125s ]
INFO: [ app_begin ] --END-- [ RunTime:0.000178s ]
SQL: SHOW COLUMNS FROM `footer` [ RunTime:0.0006s ]
SQL: SELECT * FROM `footer` LIMIT 1   [ RunTime:0.0002s ]
SQL: SHOW COLUMNS FROM `org_structure` [ RunTime:0.0005s ]
SQL: SELECT * FROM `org_structure` LIMIT 1   [ RunTime:0.0002s ]
INFO: [ view_parse ] --START--
INFO: [ template_filter ] --START--
INFO: Run Behavior\ContentReplaceBehavior [ RunTime:0.000083s ]
INFO: [ template_filter ] --END-- [ RunTime:0.000137s ]
NOTIC: [8] Undefined variable: type C:\Coding\Php\Wampserver\www\jcweb\Application\Runtime\Cache\Home\ac9b0a1cace77cd5c2d36c4a0dfdeb0e.php 第 91 行.
NOTIC: [8] Undefined variable: rs C:\Coding\Php\Wampserver\www\jcweb\Application\Runtime\Cache\Home\ac9b0a1cace77cd5c2d36c4a0dfdeb0e.php 第 263 行.
NOTIC: [8] Undefined variable: rs C:\Coding\Php\Wampserver\www\jcweb\Application\Runtime\Cache\Home\ac9b0a1cace77cd5c2d36c4a0dfdeb0e.php 第 265 行.
NOTIC: [8] Undefined variable: rs C:\Coding\Php\Wampserver\www\jcweb\Application\Runtime\Cache\Home\ac9b0a1cace77cd5c2d36c4a0dfdeb0e.php 第 267 行.
INFO: Run Behavior\ParseTemplateBehavior [ RunTime:0.014178s ]
INFO: [ view_parse ] --END-- [ RunTime:0.014235s ]
INFO: [ view_filter ] --START--
INFO: Run Behavior\WriteHtmlCacheBehavior [ RunTime:0.000168s ]
INFO: [ view_filter ] --END-- [ RunTime:0.000218s ]
INFO: [ app_end ] --START--
INFO: Run Behavior\ShowPageTraceBehavior [ RunTime:0.000137s ]
INFO: [ app_end ] --END-- [ RunTime:0.000192s ]

[ 2019-03-19T08:53:45+08:00 ] 127.0.0.1 /Home/Information/structure
INFO: [ app_init ] --START--
INFO: Run Behavior\BuildLiteBehavior [ RunTime:0.000016s ]
INFO: [ app_init ] --END-- [ RunTime:0.000143s ]
INFO: [ app_begin ] --START--
INFO: Run Behavior\ReadHtmlCacheBehavior [ RunTime:0.000194s ]
INFO: [ app_begin ] --END-- [ RunTime:0.000249s ]
SQL: SHOW COLUMNS FROM `footer` [ RunTime:0.0006s ]
SQL: SELECT * FROM `footer` LIMIT 1   [ RunTime:0.0002s ]
SQL: SHOW COLUMNS FROM `org_structure` [ RunTime:0.0004s ]
SQL: SELECT * FROM `org_structure` LIMIT 1   [ RunTime:0.0002s ]
INFO: [ view_parse ] --START--
INFO: [ template_filter ] --START--
INFO: Run Behavior\ContentReplaceBehavior [ RunTime:0.000082s ]
INFO: [ template_filter ] --END-- [ RunTime:0.000135s ]
NOTIC: [8] Undefined variable: type C:\Coding\Php\Wampserver\www\jcweb\Application\Runtime\Cache\Home\ac9b0a1cace77cd5c2d36c4a0dfdeb0e.php 第 91 行.
NOTIC: [8] Undefined variable: rs C:\Coding\Php\Wampserver\www\jcweb\Application\Runtime\Cache\Home\ac9b0a1cace77cd5c2d36c4a0dfdeb0e.php 第 263 行.
NOTIC: [8] Undefined variable: rs C:\Coding\Php\Wampserver\www\jcweb\Application\Runtime\Cache\Home\ac9b0a1cace77cd5c2d36c4a0dfdeb0e.php 第 265 行.
NOTIC: [8] Undefined variable: rs C:\Coding\Php\Wampserver\www\jcweb\Application\Runtime\Cache\Home\ac9b0a1cace77cd5c2d36c4a0dfdeb0e.php 第 267 行.
INFO: Run Behavior\ParseTemplateBehavior [ RunTime:0.014655s ]
INFO: [ view_parse ] --END-- [ RunTime:0.014717s ]
INFO: [ view_filter ] --START--
INFO: Run Behavior\WriteHtmlCacheBehavior [ RunTime:0.000189s ]
INFO: [ view_filter ] --END-- [ RunTime:0.000243s ]
INFO: [ app_end ] --START--
INFO: Run Behavior\ShowPageTraceBehavior [ RunTime:0.000165s ]
INFO: [ app_end ] --END-- [ RunTime:0.000211s ]

[ 2019-03-19T08:53:54+08:00 ] 127.0.0.1 /
INFO: [ app_init ] --START--
INFO: Run Behavior\BuildLiteBehavior [ RunTime:0.000016s ]
INFO: [ app_init ] --END-- [ RunTime:0.000114s ]
INFO: [ app_begin ] --START--
INFO: Run Behavior\ReadHtmlCacheBehavior [ RunTime:0.000117s ]
INFO: [ app_begin ] --END-- [ RunTime:0.000178s ]
SQL: SHOW COLUMNS FROM `home_image` [ RunTime:0.0011s ]
SQL: SELECT * FROM `home_image` WHERE ( id not in (select max(id) from home_image) ) ORDER BY id desc  [ RunTime:0.0005s ]
SQL: SELECT * FROM `home_image` WHERE ( id in (select max(id) from home_image) ) LIMIT 1   [ RunTime:0.0002s ]
SQL: SELECT COUNT(*) AS tp_count FROM `home_image` LIMIT 1   [ RunTime:0.0001s ]
SQL: SHOW COLUMNS FROM `contact_us` [ RunTime:0.0005s ]
SQL: SELECT * FROM `contact_us` LIMIT 1   [ RunTime:0.0002s ]
SQL: SHOW COLUMNS FROM `news` [ RunTime:0.0005s ]
SQL: SELECT * FROM `news` WHERE ( content != '' ) ORDER BY save_time desc LIMIT 4   [ RunTime:0.0003s ]
SQL: SHOW COLUMNS FROM `center_introduction` [ RunTime:0.0005s ]
SQL: SELECT * FROM `center_introduction` LIMIT 1   [ RunTime:0.0002s ]
SQL: SHOW COLUMNS FROM `lab_image` [ RunTime:0.0005s ]
SQL: SELECT * FROM `lab_image` ORDER BY id desc  [ RunTime:0.0002s ]
SQL: SHOW COLUMNS FROM `inspection_scope` [ RunTime:0.0005s ]
SQL: SELECT * FROM `inspection_scope` WHERE ( content !='' ) ORDER BY save_time desc LIMIT 4   [ RunTime:0.0002s ]
SQL: SHOW COLUMNS FROM `footer` [ RunTime:0.0007s ]
SQL: SELECT * FROM `footer` LIMIT 1   [ RunTime:0.0003s ]
INFO: [ view_parse ] --START--
INFO: [ template_filter ] --START--
INFO: Run Behavior\ContentReplaceBehavior [ RunTime:0.000083s ]
INFO: [ template_filter ] --END-- [ RunTime:0.000141s ]
NOTIC: [8] Undefined variable: rs C:\Coding\Php\Wampserver\www\jcweb\Application\Runtime\Cache\Home\2a94b8bda04ff446dcedd42276fc99ee.php 第 411 行.
NOTIC: [8] Undefined variable: rs C:\Coding\Php\Wampserver\www\jcweb\Application\Runtime\Cache\Home\2a94b8bda04ff446dcedd42276fc99ee.php 第 413 行.
NOTIC: [8] Undefined variable: rs C:\Coding\Php\Wampserver\www\jcweb\Application\Runtime\Cache\Home\2a94b8bda04ff446dcedd42276fc99ee.php 第 415 行.
INFO: Run Behavior\ParseTemplateBehavior [ RunTime:0.011728s ]
INFO: [ view_parse ] --END-- [ RunTime:0.011786s ]
INFO: [ view_filter ] --START--
INFO: Run Behavior\WriteHtmlCacheBehavior [ RunTime:0.000123s ]
INFO: [ view_filter ] --END-- [ RunTime:0.000188s ]
INFO: [ app_end ] --START--
INFO: Run Behavior\ShowPageTraceBehavior [ RunTime:0.000115s ]
INFO: [ app_end ] --END-- [ RunTime:0.000166s ]

[ 2019-03-19T08:53:58+08:00 ] 127.0.0.1 /Home/Information/structure
INFO: [ app_init ] --START--
INFO: Run Behavior\BuildLiteBehavior [ RunTime:0.000016s ]
INFO: [ app_init ] --END-- [ RunTime:0.000111s ]
INFO: [ app_begin ] --START--
INFO: Run Behavior\ReadHtmlCacheBehavior [ RunTime:0.000113s ]
INFO: [ app_begin ] --END-- [ RunTime:0.000172s ]
SQL: SHOW COLUMNS FROM `footer` [ RunTime:0.0011s ]
SQL: SELECT * FROM `footer` LIMIT 1   [ RunTime:0.0003s ]
SQL: SHOW COLUMNS FROM `org_structure` [ RunTime:0.0006s ]
SQL: SELECT * FROM `org_structure` LIMIT 1   [ RunTime:0.0002s ]
INFO: [ view_parse ] --START--
INFO: [ template_filter ] --START--
INFO: Run Behavior\ContentReplaceBehavior [ RunTime:0.000082s ]
INFO: [ template_filter ] --END-- [ RunTime:0.000136s ]
NOTIC: [8] Undefined variable: type C:\Coding\Php\Wampserver\www\jcweb\Application\Runtime\Cache\Home\ac9b0a1cace77cd5c2d36c4a0dfdeb0e.php 第 91 行.
NOTIC: [8] Undefined variable: rs C:\Coding\Php\Wampserver\www\jcweb\Application\Runtime\Cache\Home\ac9b0a1cace77cd5c2d36c4a0dfdeb0e.php 第 263 行.
NOTIC: [8] Undefined variable: rs C:\Coding\Php\Wampserver\www\jcweb\Application\Runtime\Cache\Home\ac9b0a1cace77cd5c2d36c4a0dfdeb0e.php 第 265 行.
NOTIC: [8] Undefined variable: rs C:\Coding\Php\Wampserver\www\jcweb\Application\Runtime\Cache\Home\ac9b0a1cace77cd5c2d36c4a0dfdeb0e.php 第 267 行.
INFO: Run Behavior\ParseTemplateBehavior [ RunTime:0.014044s ]
INFO: [ view_parse ] --END-- [ RunTime:0.014103s ]
INFO: [ view_filter ] --START--
INFO: Run Behavior\WriteHtmlCacheBehavior [ RunTime:0.000122s ]
INFO: [ view_filter ] --END-- [ RunTime:0.000172s ]
INFO: [ app_end ] --START--
INFO: Run Behavior\ShowPageTraceBehavior [ RunTime:0.000112s ]
INFO: [ app_end ] --END-- [ RunTime:0.000163s ]

[ 2019-03-19T08:54:05+08:00 ] 127.0.0.1 /Home/Information/news
INFO: [ app_init ] --START--
INFO: Run Behavior\BuildLiteBehavior [ RunTime:0.000016s ]
INFO: [ app_init ] --END-- [ RunTime:0.000147s ]
INFO: [ app_begin ] --START--
INFO: Run Behavior\ReadHtmlCacheBehavior [ RunTime:0.000108s ]
INFO: [ app_begin ] --END-- [ RunTime:0.000167s ]
SQL: SHOW COLUMNS FROM `footer` [ RunTime:0.0006s ]
SQL: SELECT * FROM `footer` LIMIT 1   [ RunTime:0.0002s ]
SQL: SHOW COLUMNS FROM `news` [ RunTime:0.0005s ]
SQL: SELECT * FROM `news` WHERE ( type=0 ) ORDER BY id desc LIMIT 0,4   [ RunTime:0.0003s ]
SQL: SELECT COUNT(*) AS tp_count FROM `news` WHERE ( type = 0 ) LIMIT 1   [ RunTime:0.0002s ]
SQL: SELECT * FROM `news` WHERE ( type=1 ) ORDER BY id desc LIMIT 0,4   [ RunTime:0.0002s ]
SQL: SELECT COUNT(*) AS tp_count FROM `news` WHERE ( type = 1 ) LIMIT 1   [ RunTime:0.0001s ]
INFO: [ view_parse ] --START--
INFO: [ template_filter ] --START--
INFO: Run Behavior\ContentReplaceBehavior [ RunTime:0.000045s ]
INFO: [ template_filter ] --END-- [ RunTime:0.000091s ]
NOTIC: [8] Undefined variable: rs C:\Coding\Php\Wampserver\www\jcweb\Application\Runtime\Cache\Home\77a814446ea1d9a4d011f19ccdbe5997.php 第 82 行.
NOTIC: [8] Undefined variable: rs C:\Coding\Php\Wampserver\www\jcweb\Application\Runtime\Cache\Home\77a814446ea1d9a4d011f19ccdbe5997.php 第 84 行.
NOTIC: [8] Undefined variable: rs C:\Coding\Php\Wampserver\www\jcweb\Application\Runtime\Cache\Home\77a814446ea1d9a4d011f19ccdbe5997.php 第 86 行.
INFO: Run Behavior\ParseTemplateBehavior [ RunTime:0.004323s ]
INFO: [ view_parse ] --END-- [ RunTime:0.004376s ]
INFO: [ view_filter ] --START--
INFO: Run Behavior\WriteHtmlCacheBehavior [ RunTime:0.000119s ]
INFO: [ view_filter ] --END-- [ RunTime:0.000166s ]
INFO: [ app_end ] --START--
INFO: Run Behavior\ShowPageTraceBehavior [ RunTime:0.000102s ]
INFO: [ app_end ] --END-- [ RunTime:0.000152s ]

[ 2019-03-19T08:54:15+08:00 ] 127.0.0.1 /
INFO: [ app_init ] --START--
INFO: Run Behavior\BuildLiteBehavior [ RunTime:0.000034s ]
INFO: [ app_init ] --END-- [ RunTime:0.000247s ]
INFO: [ app_begin ] --START--
INFO: Run Behavior\ReadHtmlCacheBehavior [ RunTime:0.000098s ]
INFO: [ app_begin ] --END-- [ RunTime:0.000151s ]
SQL: SHOW COLUMNS FROM `home_image` [ RunTime:0.0007s ]
SQL: SELECT * FROM `home_image` WHERE ( id not in (select max(id) from home_image) ) ORDER BY id desc  [ RunTime:0.0005s ]
SQL: SELECT * FROM `home_image` WHERE ( id in (select max(id) from home_image) ) LIMIT 1   [ RunTime:0.0002s ]
SQL: SELECT COUNT(*) AS tp_count FROM `home_image` LIMIT 1   [ RunTime:0.0001s ]
SQL: SHOW COLUMNS FROM `contact_us` [ RunTime:0.0005s ]
SQL: SELECT * FROM `contact_us` LIMIT 1   [ RunTime:0.0002s ]
SQL: SHOW COLUMNS FROM `news` [ RunTime:0.0005s ]
SQL: SELECT * FROM `news` WHERE ( content != '' ) ORDER BY save_time desc LIMIT 4   [ RunTime:0.0003s ]
SQL: SHOW COLUMNS FROM `center_introduction` [ RunTime:0.0005s ]
SQL: SELECT * FROM `center_introduction` LIMIT 1   [ RunTime:0.0002s ]
SQL: SHOW COLUMNS FROM `lab_image` [ RunTime:0.0005s ]
SQL: SELECT * FROM `lab_image` ORDER BY id desc  [ RunTime:0.0002s ]
SQL: SHOW COLUMNS FROM `inspection_scope` [ RunTime:0.0005s ]
SQL: SELECT * FROM `inspection_scope` WHERE ( content !='' ) ORDER BY save_time desc LIMIT 4   [ RunTime:0.0002s ]
SQL: SHOW COLUMNS FROM `footer` [ RunTime:0.0005s ]
SQL: SELECT * FROM `footer` LIMIT 1   [ RunTime:0.0002s ]
INFO: [ view_parse ] --START--
INFO: [ template_filter ] --START--
INFO: Run Behavior\ContentReplaceBehavior [ RunTime:0.000084s ]
INFO: [ template_filter ] --END-- [ RunTime:0.000148s ]
NOTIC: [8] Undefined variable: rs C:\Coding\Php\Wampserver\www\jcweb\Application\Runtime\Cache\Home\2a94b8bda04ff446dcedd42276fc99ee.php 第 411 行.
NOTIC: [8] Undefined variable: rs C:\Coding\Php\Wampserver\www\jcweb\Application\Runtime\Cache\Home\2a94b8bda04ff446dcedd42276fc99ee.php 第 413 行.
NOTIC: [8] Undefined variable: rs C:\Coding\Php\Wampserver\www\jcweb\Application\Runtime\Cache\Home\2a94b8bda04ff446dcedd42276fc99ee.php 第 415 行.
INFO: Run Behavior\ParseTemplateBehavior [ RunTime:0.011894s ]
INFO: [ view_parse ] --END-- [ RunTime:0.011951s ]
INFO: [ view_filter ] --START--
INFO: Run Behavior\WriteHtmlCacheBehavior [ RunTime:0.000120s ]
INFO: [ view_filter ] --END-- [ RunTime:0.000169s ]
INFO: [ app_end ] --START--
INFO: Run Behavior\ShowPageTraceBehavior [ RunTime:0.000104s ]
INFO: [ app_end ] --END-- [ RunTime:0.000157s ]

[ 2019-03-19T08:54:19+08:00 ] 127.0.0.1 /Home/Information/structure
INFO: [ app_init ] --START--
INFO: Run Behavior\BuildLiteBehavior [ RunTime:0.000024s ]
INFO: [ app_init ] --END-- [ RunTime:0.000214s ]
INFO: [ app_begin ] --START--
INFO: Run Behavior\ReadHtmlCacheBehavior [ RunTime:0.000193s ]
INFO: [ app_begin ] --END-- [ RunTime:0.000248s ]
SQL: SHOW COLUMNS FROM `footer` [ RunTime:0.0006s ]
SQL: SELECT * FROM `footer` LIMIT 1   [ RunTime:0.0003s ]
SQL: SHOW COLUMNS FROM `org_structure` [ RunTime:0.0006s ]
SQL: SELECT * FROM `org_structure` LIMIT 1   [ RunTime:0.0002s ]
INFO: [ view_parse ] --START--
INFO: [ template_filter ] --START--
INFO: Run Behavior\ContentReplaceBehavior [ RunTime:0.000083s ]
INFO: [ template_filter ] --END-- [ RunTime:0.000133s ]
NOTIC: [8] Undefined variable: type C:\Coding\Php\Wampserver\www\jcweb\Application\Runtime\Cache\Home\ac9b0a1cace77cd5c2d36c4a0dfdeb0e.php 第 91 行.
NOTIC: [8] Undefined variable: rs C:\Coding\Php\Wampserver\www\jcweb\Application\Runtime\Cache\Home\ac9b0a1cace77cd5c2d36c4a0dfdeb0e.php 第 263 行.
NOTIC: [8] Undefined variable: rs C:\Coding\Php\Wampserver\www\jcweb\Application\Runtime\Cache\Home\ac9b0a1cace77cd5c2d36c4a0dfdeb0e.php 第 265 行.
NOTIC: [8] Undefined variable: rs C:\Coding\Php\Wampserver\www\jcweb\Application\Runtime\Cache\Home\ac9b0a1cace77cd5c2d36c4a0dfdeb0e.php 第 267 行.
INFO: Run Behavior\ParseTemplateBehavior [ RunTime:0.015341s ]
INFO: [ view_parse ] --END-- [ RunTime:0.015394s ]
INFO: [ view_filter ] --START--
INFO: Run Behavior\WriteHtmlCacheBehavior [ RunTime:0.000189s ]
INFO: [ view_filter ] --END-- [ RunTime:0.000233s ]
INFO: [ app_end ] --START--
INFO: Run Behavior\ShowPageTraceBehavior [ RunTime:0.000167s ]
INFO: [ app_end ] --END-- [ RunTime:0.000213s ]

[ 2019-03-19T08:54:22+08:00 ] 127.0.0.1 /Home/Information/certificate
INFO: [ app_init ] --START--
INFO: Run Behavior\BuildLiteBehavior [ RunTime:0.000014s ]
INFO: [ app_init ] --END-- [ RunTime:0.000096s ]
INFO: [ app_begin ] --START--
INFO: Run Behavior\ReadHtmlCacheBehavior [ RunTime:0.000095s ]
INFO: [ app_begin ] --END-- [ RunTime:0.000144s ]
SQL: SHOW COLUMNS FROM `footer` [ RunTime:0.0007s ]
SQL: SELECT * FROM `footer` LIMIT 1   [ RunTime:0.0002s ]
SQL: SHOW COLUMNS FROM `constitute_certificate` [ RunTime:0.0116s ]
SQL: SELECT * FROM `constitute_certificate` LIMIT 1   [ RunTime:0.0009s ]
INFO: [ view_parse ] --START--
INFO: [ template_filter ] --START--
INFO: Run Behavior\ContentReplaceBehavior [ RunTime:0.000045s ]
INFO: [ template_filter ] --END-- [ RunTime:0.000097s ]
NOTIC: [8] Undefined variable: type C:\Coding\Php\Wampserver\www\jcweb\Application\Runtime\Cache\Home\ac8204dedf722490e04f6239e49b69c5.php 第 91 行.
NOTIC: [8] Undefined variable: rs C:\Coding\Php\Wampserver\www\jcweb\Application\Runtime\Cache\Home\ac8204dedf722490e04f6239e49b69c5.php 第 117 行.
NOTIC: [8] Undefined variable: rs C:\Coding\Php\Wampserver\www\jcweb\Application\Runtime\Cache\Home\ac8204dedf722490e04f6239e49b69c5.php 第 119 行.
NOTIC: [8] Undefined variable: rs C:\Coding\Php\Wampserver\www\jcweb\Application\Runtime\Cache\Home\ac8204dedf722490e04f6239e49b69c5.php 第 121 行.
INFO: Run Behavior\ParseTemplateBehavior [ RunTime:0.015561s ]
INFO: [ view_parse ] --END-- [ RunTime:0.015615s ]
INFO: [ view_filter ] --START--
INFO: Run Behavior\WriteHtmlCacheBehavior [ RunTime:0.000112s ]
INFO: [ view_filter ] --END-- [ RunTime:0.000157s ]
INFO: [ app_end ] --START--
INFO: Run Behavior\ShowPageTraceBehavior [ RunTime:0.000096s ]
INFO: [ app_end ] --END-- [ RunTime:0.000138s ]

[ 2019-03-19T08:54:25+08:00 ] 127.0.0.1 /Home/Information/news
INFO: [ app_init ] --START--
INFO: Run Behavior\BuildLiteBehavior [ RunTime:0.000014s ]
INFO: [ app_init ] --END-- [ RunTime:0.000098s ]
INFO: [ app_begin ] --START--
INFO: Run Behavior\ReadHtmlCacheBehavior [ RunTime:0.000092s ]
INFO: [ app_begin ] --END-- [ RunTime:0.000141s ]
SQL: SHOW COLUMNS FROM `footer` [ RunTime:0.0007s ]
SQL: SELECT * FROM `footer` LIMIT 1   [ RunTime:0.0002s ]
SQL: SHOW COLUMNS FROM `news` [ RunTime:0.0005s ]
SQL: SELECT * FROM `news` WHERE ( type=0 ) ORDER BY id desc LIMIT 0,4   [ RunTime:0.0003s ]
SQL: SELECT COUNT(*) AS tp_count FROM `news` WHERE ( type = 0 ) LIMIT 1   [ RunTime:0.0002s ]
SQL: SELECT * FROM `news` WHERE ( type=1 ) ORDER BY id desc LIMIT 0,4   [ RunTime:0.0002s ]
SQL: SELECT COUNT(*) AS tp_count FROM `news` WHERE ( type = 1 ) LIMIT 1   [ RunTime:0.0002s ]
INFO: [ view_parse ] --START--
INFO: [ template_filter ] --START--
INFO: Run Behavior\ContentReplaceBehavior [ RunTime:0.000045s ]
INFO: [ template_filter ] --END-- [ RunTime:0.000132s ]
NOTIC: [8] Undefined variable: rs C:\Coding\Php\Wampserver\www\jcweb\Application\Runtime\Cache\Home\77a814446ea1d9a4d011f19ccdbe5997.php 第 82 行.
NOTIC: [8] Undefined variable: rs C:\Coding\Php\Wampserver\www\jcweb\Application\Runtime\Cache\Home\77a814446ea1d9a4d011f19ccdbe5997.php 第 84 行.
NOTIC: [8] Undefined variable: rs C:\Coding\Php\Wampserver\www\jcweb\Application\Runtime\Cache\Home\77a814446ea1d9a4d011f19ccdbe5997.php 第 86 行.
INFO: Run Behavior\ParseTemplateBehavior [ RunTime:0.004573s ]
INFO: [ view_parse ] --END-- [ RunTime:0.004624s ]
INFO: [ view_filter ] --START--
INFO: Run Behavior\WriteHtmlCacheBehavior [ RunTime:0.000121s ]
INFO: [ view_filter ] --END-- [ RunTime:0.000165s ]
INFO: [ app_end ] --START--
INFO: Run Behavior\ShowPageTraceBehavior [ RunTime:0.000096s ]
INFO: [ app_end ] --END-- [ RunTime:0.000139s ]

[ 2019-03-19T09:00:23+08:00 ] 127.0.0.1 /Home/Information/news
INFO: [ app_init ] --START--
INFO: Run Behavior\BuildLiteBehavior [ RunTime:0.000014s ]
INFO: [ app_init ] --END-- [ RunTime:0.000156s ]
INFO: [ app_begin ] --START--
INFO: Run Behavior\ReadHtmlCacheBehavior [ RunTime:0.000203s ]
INFO: [ app_begin ] --END-- [ RunTime:0.000252s ]
SQL: SHOW COLUMNS FROM `footer` [ RunTime:0.0008s ]
SQL: SELECT * FROM `footer` LIMIT 1   [ RunTime:0.0002s ]
SQL: SHOW COLUMNS FROM `news` [ RunTime:0.0005s ]
SQL: SELECT * FROM `news` WHERE ( type=0 ) ORDER BY id desc LIMIT 0,4   [ RunTime:0.0003s ]
SQL: SELECT COUNT(*) AS tp_count FROM `news` WHERE ( type = 0 ) LIMIT 1   [ RunTime:0.0002s ]
SQL: SELECT * FROM `news` WHERE ( type=1 ) ORDER BY id desc LIMIT 0,4   [ RunTime:0.0002s ]
SQL: SELECT COUNT(*) AS tp_count FROM `news` WHERE ( type = 1 ) LIMIT 1   [ RunTime:0.0002s ]
INFO: [ view_parse ] --START--
INFO: [ template_filter ] --START--
INFO: Run Behavior\ContentReplaceBehavior [ RunTime:0.000061s ]
INFO: [ template_filter ] --END-- [ RunTime:0.000107s ]
NOTIC: [8] Undefined variable: type C:\Coding\Php\Wampserver\www\jcweb\Application\Runtime\Cache\Home\77a814446ea1d9a4d011f19ccdbe5997.php 第 93 行.
NOTIC: [2] Use of undefined constant i - assumed 'i' (this will throw an Error in a future version of PHP) C:\Coding\Php\Wampserver\www\jcweb\Application\Runtime\Cache\Home\77a814446ea1d9a4d011f19ccdbe5997.php 第 108 行.
NOTIC: [2] Use of undefined constant i - assumed 'i' (this will throw an Error in a future version of PHP) C:\Coding\Php\Wampserver\www\jcweb\Application\Runtime\Cache\Home\77a814446ea1d9a4d011f19ccdbe5997.php 第 108 行.
NOTIC: [2] Use of undefined constant i - assumed 'i' (this will throw an Error in a future version of PHP) C:\Coding\Php\Wampserver\www\jcweb\Application\Runtime\Cache\Home\77a814446ea1d9a4d011f19ccdbe5997.php 第 108 行.
NOTIC: [2] Use of undefined constant i - assumed 'i' (this will throw an Error in a future version of PHP) C:\Coding\Php\Wampserver\www\jcweb\Application\Runtime\Cache\Home\77a814446ea1d9a4d011f19ccdbe5997.php 第 108 行.
NOTIC: [2] Use of undefined constant i - assumed 'i' (this will throw an Error in a future version of PHP) C:\Coding\Php\Wampserver\www\jcweb\Application\Runtime\Cache\Home\77a814446ea1d9a4d011f19ccdbe5997.php 第 108 行.
NOTIC: [2] Use of undefined constant i - assumed 'i' (this will throw an Error in a future version of PHP) C:\Coding\Php\Wampserver\www\jcweb\Application\Runtime\Cache\Home\77a814446ea1d9a4d011f19ccdbe5997.php 第 108 行.
NOTIC: [2] Use of undefined constant i - assumed 'i' (this will throw an Error in a future version of PHP) C:\Coding\Php\Wampserver\www\jcweb\Application\Runtime\Cache\Home\77a814446ea1d9a4d011f19ccdbe5997.php 第 108 行.
NOTIC: [2] Use of undefined constant i - assumed 'i' (this will throw an Error in a future version of PHP) C:\Coding\Php\Wampserver\www\jcweb\Application\Runtime\Cache\Home\77a814446ea1d9a4d011f19ccdbe5997.php 第 108 行.
NOTIC: [2] Use of undefined constant i - assumed 'i' (this will throw an Error in a future version of PHP) C:\Coding\Php\Wampserver\www\jcweb\Application\Runtime\Cache\Home\77a814446ea1d9a4d011f19ccdbe5997.php 第 108 行.
NOTIC: [8] Undefined variable: rs C:\Coding\Php\Wampserver\www\jcweb\Application\Runtime\Cache\Home\77a814446ea1d9a4d011f19ccdbe5997.php 第 236 行.
NOTIC: [8] Undefined variable: rs C:\Coding\Php\Wampserver\www\jcweb\Application\Runtime\Cache\Home\77a814446ea1d9a4d011f19ccdbe5997.php 第 238 行.
NOTIC: [8] Undefined variable: rs C:\Coding\Php\Wampserver\www\jcweb\Application\Runtime\Cache\Home\77a814446ea1d9a4d011f19ccdbe5997.php 第 240 行.
INFO: Run Behavior\ParseTemplateBehavior [ RunTime:0.020852s ]
INFO: [ view_parse ] --END-- [ RunTime:0.020905s ]
INFO: [ view_filter ] --START--
INFO: Run Behavior\WriteHtmlCacheBehavior [ RunTime:0.000340s ]
INFO: [ view_filter ] --END-- [ RunTime:0.000389s ]
INFO: [ app_end ] --START--
INFO: Run Behavior\ShowPageTraceBehavior [ RunTime:0.000225s ]
INFO: [ app_end ] --END-- [ RunTime:0.000272s ]

[ 2019-03-19T09:00:29+08:00 ] 127.0.0.1 /Home/Information/news
INFO: [ app_init ] --START--
INFO: Run Behavior\BuildLiteBehavior [ RunTime:0.000014s ]
INFO: [ app_init ] --END-- [ RunTime:0.000137s ]
INFO: [ app_begin ] --START--
INFO: Run Behavior\ReadHtmlCacheBehavior [ RunTime:0.000199s ]
INFO: [ app_begin ] --END-- [ RunTime:0.000251s ]
SQL: SHOW COLUMNS FROM `footer` [ RunTime:0.0005s ]
SQL: SELECT * FROM `footer` LIMIT 1   [ RunTime:0.0002s ]
SQL: SHOW COLUMNS FROM `news` [ RunTime:0.0004s ]
SQL: SELECT * FROM `news` WHERE ( type=0 ) ORDER BY id desc LIMIT 0,4   [ RunTime:0.0003s ]
SQL: SELECT COUNT(*) AS tp_count FROM `news` WHERE ( type = 0 ) LIMIT 1   [ RunTime:0.0002s ]
SQL: SELECT * FROM `news` WHERE ( type=1 ) ORDER BY id desc LIMIT 0,4   [ RunTime:0.0002s ]
SQL: SELECT COUNT(*) AS tp_count FROM `news` WHERE ( type = 1 ) LIMIT 1   [ RunTime:0.0002s ]
INFO: [ view_parse ] --START--
INFO: [ template_filter ] --START--
INFO: Run Behavior\ContentReplaceBehavior [ RunTime:0.000060s ]
INFO: [ template_filter ] --END-- [ RunTime:0.000109s ]
NOTIC: [8] Undefined variable: type C:\Coding\Php\Wampserver\www\jcweb\Application\Runtime\Cache\Home\77a814446ea1d9a4d011f19ccdbe5997.php 第 93 行.
NOTIC: [2] Use of undefined constant i - assumed 'i' (this will throw an Error in a future version of PHP) C:\Coding\Php\Wampserver\www\jcweb\Application\Runtime\Cache\Home\77a814446ea1d9a4d011f19ccdbe5997.php 第 108 行.
NOTIC: [2] Use of undefined constant i - assumed 'i' (this will throw an Error in a future version of PHP) C:\Coding\Php\Wampserver\www\jcweb\Application\Runtime\Cache\Home\77a814446ea1d9a4d011f19ccdbe5997.php 第 108 行.
NOTIC: [2] Use of undefined constant i - assumed 'i' (this will throw an Error in a future version of PHP) C:\Coding\Php\Wampserver\www\jcweb\Application\Runtime\Cache\Home\77a814446ea1d9a4d011f19ccdbe5997.php 第 108 行.
NOTIC: [2] Use of undefined constant i - assumed 'i' (this will throw an Error in a future version of PHP) C:\Coding\Php\Wampserver\www\jcweb\Application\Runtime\Cache\Home\77a814446ea1d9a4d011f19ccdbe5997.php 第 108 行.
NOTIC: [2] Use of undefined constant i - assumed 'i' (this will throw an Error in a future version of PHP) C:\Coding\Php\Wampserver\www\jcweb\Application\Runtime\Cache\Home\77a814446ea1d9a4d011f19ccdbe5997.php 第 108 行.
NOTIC: [2] Use of undefined constant i - assumed 'i' (this will throw an Error in a future version of PHP) C:\Coding\Php\Wampserver\www\jcweb\Application\Runtime\Cache\Home\77a814446ea1d9a4d011f19ccdbe5997.php 第 108 行.
NOTIC: [2] Use of undefined constant i - assumed 'i' (this will throw an Error in a future version of PHP) C:\Coding\Php\Wampserver\www\jcweb\Application\Runtime\Cache\Home\77a814446ea1d9a4d011f19ccdbe5997.php 第 108 行.
NOTIC: [2] Use of undefined constant i - assumed 'i' (this will throw an Error in a future version of PHP) C:\Coding\Php\Wampserver\www\jcweb\Application\Runtime\Cache\Home\77a814446ea1d9a4d011f19ccdbe5997.php 第 108 行.
NOTIC: [2] Use of undefined constant i - assumed 'i' (this will throw an Error in a future version of PHP) C:\Coding\Php\Wampserver\www\jcweb\Application\Runtime\Cache\Home\77a814446ea1d9a4d011f19ccdbe5997.php 第 108 行.
NOTIC: [8] Undefined variable: rs C:\Coding\Php\Wampserver\www\jcweb\Application\Runtime\Cache\Home\77a814446ea1d9a4d011f19ccdbe5997.php 第 236 行.
NOTIC: [8] Undefined variable: rs C:\Coding\Php\Wampserver\www\jcweb\Application\Runtime\Cache\Home\77a814446ea1d9a4d011f19ccdbe5997.php 第 238 行.
NOTIC: [8] Undefined variable: rs C:\Coding\Php\Wampserver\www\jcweb\Application\Runtime\Cache\Home\77a814446ea1d9a4d011f19ccdbe5997.php 第 240 行.
INFO: Run Behavior\ParseTemplateBehavior [ RunTime:0.020148s ]
INFO: [ view_parse ] --END-- [ RunTime:0.020210s ]
INFO: [ view_filter ] --START--
INFO: Run Behavior\WriteHtmlCacheBehavior [ RunTime:0.000215s ]
INFO: [ view_filter ] --END-- [ RunTime:0.000266s ]
INFO: [ app_end ] --START--
INFO: Run Behavior\ShowPageTraceBehavior [ RunTime:0.000180s ]
INFO: [ app_end ] --END-- [ RunTime:0.000227s ]

[ 2019-03-19T09:00:52+08:00 ] 127.0.0.1 /Home/Information/news
INFO: [ app_init ] --START--
INFO: Run Behavior\BuildLiteBehavior [ RunTime:0.000015s ]
INFO: [ app_init ] --END-- [ RunTime:0.000141s ]
INFO: [ app_begin ] --START--
INFO: Run Behavior\ReadHtmlCacheBehavior [ RunTime:0.000191s ]
INFO: [ app_begin ] --END-- [ RunTime:0.000244s ]
SQL: SHOW COLUMNS FROM `footer` [ RunTime:0.0005s ]
SQL: SELECT * FROM `footer` LIMIT 1   [ RunTime:0.0005s ]
SQL: SHOW COLUMNS FROM `news` [ RunTime:0.0005s ]
SQL: SELECT * FROM `news` WHERE ( type=0 ) ORDER BY id desc LIMIT 0,4   [ RunTime:0.0003s ]
SQL: SELECT COUNT(*) AS tp_count FROM `news` WHERE ( type = 0 ) LIMIT 1   [ RunTime:0.0002s ]
SQL: SELECT * FROM `news` WHERE ( type=1 ) ORDER BY id desc LIMIT 0,4   [ RunTime:0.0002s ]
SQL: SELECT COUNT(*) AS tp_count FROM `news` WHERE ( type = 1 ) LIMIT 1   [ RunTime:0.0002s ]
INFO: [ view_parse ] --START--
INFO: [ template_filter ] --START--
INFO: Run Behavior\ContentReplaceBehavior [ RunTime:0.000069s ]
INFO: [ template_filter ] --END-- [ RunTime:0.000123s ]
NOTIC: [8] Undefined variable: type C:\Coding\Php\Wampserver\www\jcweb\Application\Runtime\Cache\Home\77a814446ea1d9a4d011f19ccdbe5997.php 第 93 行.
NOTIC: [2] Use of undefined constant i - assumed 'i' (this will throw an Error in a future version of PHP) C:\Coding\Php\Wampserver\www\jcweb\Application\Runtime\Cache\Home\77a814446ea1d9a4d011f19ccdbe5997.php 第 108 行.
NOTIC: [2] Use of undefined constant i - assumed 'i' (this will throw an Error in a future version of PHP) C:\Coding\Php\Wampserver\www\jcweb\Application\Runtime\Cache\Home\77a814446ea1d9a4d011f19ccdbe5997.php 第 108 行.
NOTIC: [2] Use of undefined constant i - assumed 'i' (this will throw an Error in a future version of PHP) C:\Coding\Php\Wampserver\www\jcweb\Application\Runtime\Cache\Home\77a814446ea1d9a4d011f19ccdbe5997.php 第 108 行.
NOTIC: [2] Use of undefined constant i - assumed 'i' (this will throw an Error in a future version of PHP) C:\Coding\Php\Wampserver\www\jcweb\Application\Runtime\Cache\Home\77a814446ea1d9a4d011f19ccdbe5997.php 第 108 行.
NOTIC: [2] Use of undefined constant i - assumed 'i' (this will throw an Error in a future version of PHP) C:\Coding\Php\Wampserver\www\jcweb\Application\Runtime\Cache\Home\77a814446ea1d9a4d011f19ccdbe5997.php 第 108 行.
NOTIC: [2] Use of undefined constant i - assumed 'i' (this will throw an Error in a future version of PHP) C:\Coding\Php\Wampserver\www\jcweb\Application\Runtime\Cache\Home\77a814446ea1d9a4d011f19ccdbe5997.php 第 108 行.
NOTIC: [2] Use of undefined constant i - assumed 'i' (this will throw an Error in a future version of PHP) C:\Coding\Php\Wampserver\www\jcweb\Application\Runtime\Cache\Home\77a814446ea1d9a4d011f19ccdbe5997.php 第 108 行.
NOTIC: [2] Use of undefined constant i - assumed 'i' (this will throw an Error in a future version of PHP) C:\Coding\Php\Wampserver\www\jcweb\Application\Runtime\Cache\Home\77a814446ea1d9a4d011f19ccdbe5997.php 第 108 行.
NOTIC: [2] Use of undefined constant i - assumed 'i' (this will throw an Error in a future version of PHP) C:\Coding\Php\Wampserver\www\jcweb\Application\Runtime\Cache\Home\77a814446ea1d9a4d011f19ccdbe5997.php 第 108 行.
NOTIC: [8] Undefined variable: rs C:\Coding\Php\Wampserver\www\jcweb\Application\Runtime\Cache\Home\77a814446ea1d9a4d011f19ccdbe5997.php 第 236 行.
NOTIC: [8] Undefined variable: rs C:\Coding\Php\Wampserver\www\jcweb\Application\Runtime\Cache\Home\77a814446ea1d9a4d011f19ccdbe5997.php 第 238 行.
NOTIC: [8] Undefined variable: rs C:\Coding\Php\Wampserver\www\jcweb\Application\Runtime\Cache\Home\77a814446ea1d9a4d011f19ccdbe5997.php 第 240 行.
INFO: Run Behavior\ParseTemplateBehavior [ RunTime:0.019968s ]
INFO: [ view_parse ] --END-- [ RunTime:0.020023s ]
INFO: [ view_filter ] --START--
INFO: Run Behavior\WriteHtmlCacheBehavior [ RunTime:0.000191s ]
INFO: [ view_filter ] --END-- [ RunTime:0.000239s ]
INFO: [ app_end ] --START--
INFO: Run Behavior\ShowPageTraceBehavior [ RunTime:0.000172s ]
INFO: [ app_end ] --END-- [ RunTime:0.000218s ]

[ 2019-03-19T09:00:53+08:00 ] 127.0.0.1 /Home/Information/basic
INFO: [ app_init ] --START--
INFO: Run Behavior\BuildLiteBehavior [ RunTime:0.000016s ]
INFO: [ app_init ] --END-- [ RunTime:0.000131s ]
INFO: [ app_begin ] --START--
INFO: Run Behavior\ReadHtmlCacheBehavior [ RunTime:0.000170s ]
INFO: [ app_begin ] --END-- [ RunTime:0.000229s ]
INFO: [ view_parse ] --START--
INFO: [ template_filter ] --START--
INFO: Run Behavior\ContentReplaceBehavior [ RunTime:0.000054s ]
INFO: [ template_filter ] --END-- [ RunTime:0.000110s ]
NOTIC: [8] Undefined variable: type C:\Coding\Php\Wampserver\www\jcweb\Application\Runtime\Cache\Home\641fb9aa4af09bc22227d69c36dc742e.php 第 93 行.
NOTIC: [8] Undefined variable: rs C:\Coding\Php\Wampserver\www\jcweb\Application\Runtime\Cache\Home\641fb9aa4af09bc22227d69c36dc742e.php 第 139 行.
NOTIC: [8] Undefined variable: rs C:\Coding\Php\Wampserver\www\jcweb\Application\Runtime\Cache\Home\641fb9aa4af09bc22227d69c36dc742e.php 第 141 行.
NOTIC: [8] Undefined variable: rs C:\Coding\Php\Wampserver\www\jcweb\Application\Runtime\Cache\Home\641fb9aa4af09bc22227d69c36dc742e.php 第 143 行.
INFO: Run Behavior\ParseTemplateBehavior [ RunTime:0.012971s ]
INFO: [ view_parse ] --END-- [ RunTime:0.013034s ]
INFO: [ view_filter ] --START--
INFO: Run Behavior\WriteHtmlCacheBehavior [ RunTime:0.000173s ]
INFO: [ view_filter ] --END-- [ RunTime:0.000222s ]
INFO: [ app_end ] --START--
INFO: Run Behavior\ShowPageTraceBehavior [ RunTime:0.000152s ]
INFO: [ app_end ] --END-- [ RunTime:0.000204s ]

[ 2019-03-19T09:00:55+08:00 ] 127.0.0.1 /Home/Information/structure
INFO: [ app_init ] --START--
INFO: Run Behavior\BuildLiteBehavior [ RunTime:0.000015s ]
INFO: [ app_init ] --END-- [ RunTime:0.000137s ]
INFO: [ app_begin ] --START--
INFO: Run Behavior\ReadHtmlCacheBehavior [ RunTime:0.000097s ]
INFO: [ app_begin ] --END-- [ RunTime:0.000151s ]
SQL: SHOW COLUMNS FROM `footer` [ RunTime:0.0005s ]
SQL: SELECT * FROM `footer` LIMIT 1   [ RunTime:0.0002s ]
SQL: SHOW COLUMNS FROM `org_structure` [ RunTime:0.0006s ]
SQL: SELECT * FROM `org_structure` LIMIT 1   [ RunTime:0.0002s ]
INFO: [ view_parse ] --START--
INFO: [ template_filter ] --START--
INFO: Run Behavior\ContentReplaceBehavior [ RunTime:0.000050s ]
INFO: [ template_filter ] --END-- [ RunTime:0.000106s ]
NOTIC: [8] Undefined variable: type C:\Coding\Php\Wampserver\www\jcweb\Application\Runtime\Cache\Home\ac9b0a1cace77cd5c2d36c4a0dfdeb0e.php 第 93 行.
NOTIC: [8] Undefined variable: rs C:\Coding\Php\Wampserver\www\jcweb\Application\Runtime\Cache\Home\ac9b0a1cace77cd5c2d36c4a0dfdeb0e.php 第 121 行.
NOTIC: [8] Undefined variable: rs C:\Coding\Php\Wampserver\www\jcweb\Application\Runtime\Cache\Home\ac9b0a1cace77cd5c2d36c4a0dfdeb0e.php 第 123 行.
NOTIC: [8] Undefined variable: rs C:\Coding\Php\Wampserver\www\jcweb\Application\Runtime\Cache\Home\ac9b0a1cace77cd5c2d36c4a0dfdeb0e.php 第 125 行.
INFO: Run Behavior\ParseTemplateBehavior [ RunTime:0.012513s ]
INFO: [ view_parse ] --END-- [ RunTime:0.012570s ]
INFO: [ view_filter ] --START--
INFO: Run Behavior\WriteHtmlCacheBehavior [ RunTime:0.000115s ]
INFO: [ view_filter ] --END-- [ RunTime:0.000163s ]
INFO: [ app_end ] --START--
INFO: Run Behavior\ShowPageTraceBehavior [ RunTime:0.000104s ]
INFO: [ app_end ] --END-- [ RunTime:0.000155s ]

[ 2019-03-19T09:00:57+08:00 ] 127.0.0.1 /Home/Information/news
INFO: [ app_init ] --START--
INFO: Run Behavior\BuildLiteBehavior [ RunTime:0.000014s ]
INFO: [ app_init ] --END-- [ RunTime:0.000082s ]
INFO: [ app_begin ] --START--
INFO: Run Behavior\ReadHtmlCacheBehavior [ RunTime:0.000080s ]
INFO: [ app_begin ] --END-- [ RunTime:0.000135s ]
SQL: SHOW COLUMNS FROM `footer` [ RunTime:0.0004s ]
SQL: SELECT * FROM `footer` LIMIT 1   [ RunTime:0.0002s ]
SQL: SHOW COLUMNS FROM `news` [ RunTime:0.0005s ]
SQL: SELECT * FROM `news` WHERE ( type=0 ) ORDER BY id desc LIMIT 0,4   [ RunTime:0.0003s ]
SQL: SELECT COUNT(*) AS tp_count FROM `news` WHERE ( type = 0 ) LIMIT 1   [ RunTime:0.0002s ]
SQL: SELECT * FROM `news` WHERE ( type=1 ) ORDER BY id desc LIMIT 0,4   [ RunTime:0.0002s ]
SQL: SELECT COUNT(*) AS tp_count FROM `news` WHERE ( type = 1 ) LIMIT 1   [ RunTime:0.0002s ]
INFO: [ view_parse ] --START--
INFO: [ template_filter ] --START--
INFO: Run Behavior\ContentReplaceBehavior [ RunTime:0.000070s ]
INFO: [ template_filter ] --END-- [ RunTime:0.000130s ]
NOTIC: [8] Undefined variable: type C:\Coding\Php\Wampserver\www\jcweb\Application\Runtime\Cache\Home\77a814446ea1d9a4d011f19ccdbe5997.php 第 93 行.
NOTIC: [2] Use of undefined constant i - assumed 'i' (this will throw an Error in a future version of PHP) C:\Coding\Php\Wampserver\www\jcweb\Application\Runtime\Cache\Home\77a814446ea1d9a4d011f19ccdbe5997.php 第 108 行.
NOTIC: [2] Use of undefined constant i - assumed 'i' (this will throw an Error in a future version of PHP) C:\Coding\Php\Wampserver\www\jcweb\Application\Runtime\Cache\Home\77a814446ea1d9a4d011f19ccdbe5997.php 第 108 行.
NOTIC: [2] Use of undefined constant i - assumed 'i' (this will throw an Error in a future version of PHP) C:\Coding\Php\Wampserver\www\jcweb\Application\Runtime\Cache\Home\77a814446ea1d9a4d011f19ccdbe5997.php 第 108 行.
NOTIC: [2] Use of undefined constant i - assumed 'i' (this will throw an Error in a future version of PHP) C:\Coding\Php\Wampserver\www\jcweb\Application\Runtime\Cache\Home\77a814446ea1d9a4d011f19ccdbe5997.php 第 108 行.
NOTIC: [2] Use of undefined constant i - assumed 'i' (this will throw an Error in a future version of PHP) C:\Coding\Php\Wampserver\www\jcweb\Application\Runtime\Cache\Home\77a814446ea1d9a4d011f19ccdbe5997.php 第 108 行.
NOTIC: [2] Use of undefined constant i - assumed 'i' (this will throw an Error in a future version of PHP) C:\Coding\Php\Wampserver\www\jcweb\Application\Runtime\Cache\Home\77a814446ea1d9a4d011f19ccdbe5997.php 第 108 行.
NOTIC: [2] Use of undefined constant i - assumed 'i' (this will throw an Error in a future version of PHP) C:\Coding\Php\Wampserver\www\jcweb\Application\Runtime\Cache\Home\77a814446ea1d9a4d011f19ccdbe5997.php 第 108 行.
NOTIC: [2] Use of undefined constant i - assumed 'i' (this will throw an Error in a future version of PHP) C:\Coding\Php\Wampserver\www\jcweb\Application\Runtime\Cache\Home\77a814446ea1d9a4d011f19ccdbe5997.php 第 108 行.
NOTIC: [2] Use of undefined constant i - assumed 'i' (this will throw an Error in a future version of PHP) C:\Coding\Php\Wampserver\www\jcweb\Application\Runtime\Cache\Home\77a814446ea1d9a4d011f19ccdbe5997.php 第 108 行.
NOTIC: [8] Undefined variable: rs C:\Coding\Php\Wampserver\www\jcweb\Application\Runtime\Cache\Home\77a814446ea1d9a4d011f19ccdbe5997.php 第 236 行.
NOTIC: [8] Undefined variable: rs C:\Coding\Php\Wampserver\www\jcweb\Application\Runtime\Cache\Home\77a814446ea1d9a4d011f19ccdbe5997.php 第 238 行.
NOTIC: [8] Undefined variable: rs C:\Coding\Php\Wampserver\www\jcweb\Application\Runtime\Cache\Home\77a814446ea1d9a4d011f19ccdbe5997.php 第 240 行.
INFO: Run Behavior\ParseTemplateBehavior [ RunTime:0.018817s ]
INFO: [ view_parse ] --END-- [ RunTime:0.018871s ]
INFO: [ view_filter ] --START--
INFO: Run Behavior\WriteHtmlCacheBehavior [ RunTime:0.000098s ]
INFO: [ view_filter ] --END-- [ RunTime:0.000145s ]
INFO: [ app_end ] --START--
INFO: Run Behavior\ShowPageTraceBehavior [ RunTime:0.000092s ]
INFO: [ app_end ] --END-- [ RunTime:0.000143s ]

[ 2019-03-19T09:01:04+08:00 ] 127.0.0.1 /Home/index
INFO: [ app_init ] --START--
INFO: Run Behavior\BuildLiteBehavior [ RunTime:0.000016s ]
INFO: [ app_init ] --END-- [ RunTime:0.000145s ]
INFO: [ app_begin ] --START--
INFO: Run Behavior\ReadHtmlCacheBehavior [ RunTime:0.000191s ]
INFO: [ app_begin ] --END-- [ RunTime:0.000246s ]
SQL: SHOW COLUMNS FROM `home_image` [ RunTime:0.0006s ]
SQL: SELECT * FROM `home_image` WHERE ( id not in (select max(id) from home_image) ) ORDER BY id desc  [ RunTime:0.0004s ]
SQL: SELECT * FROM `home_image` WHERE ( id in (select max(id) from home_image) ) LIMIT 1   [ RunTime:0.0002s ]
SQL: SELECT COUNT(*) AS tp_count FROM `home_image` LIMIT 1   [ RunTime:0.0002s ]
SQL: SHOW COLUMNS FROM `contact_us` [ RunTime:0.0005s ]
SQL: SELECT * FROM `contact_us` LIMIT 1   [ RunTime:0.0002s ]
SQL: SHOW COLUMNS FROM `news` [ RunTime:0.0005s ]
SQL: SELECT * FROM `news` WHERE ( content != '' ) ORDER BY save_time desc LIMIT 4   [ RunTime:0.0002s ]
SQL: SHOW COLUMNS FROM `center_introduction` [ RunTime:0.0005s ]
SQL: SELECT * FROM `center_introduction` LIMIT 1   [ RunTime:0.0002s ]
SQL: SHOW COLUMNS FROM `lab_image` [ RunTime:0.0005s ]
SQL: SELECT * FROM `lab_image` ORDER BY id desc  [ RunTime:0.0002s ]
SQL: SHOW COLUMNS FROM `inspection_scope` [ RunTime:0.0005s ]
SQL: SELECT * FROM `inspection_scope` WHERE ( content !='' ) ORDER BY save_time desc LIMIT 4   [ RunTime:0.0002s ]
SQL: SHOW COLUMNS FROM `footer` [ RunTime:0.0003s ]
SQL: SELECT * FROM `footer` LIMIT 1   [ RunTime:0.0002s ]
INFO: [ view_parse ] --START--
INFO: [ template_filter ] --START--
INFO: Run Behavior\ContentReplaceBehavior [ RunTime:0.000105s ]
INFO: [ template_filter ] --END-- [ RunTime:0.000204s ]
NOTIC: [8] Undefined variable: rs C:\Coding\Php\Wampserver\www\jcweb\Application\Runtime\Cache\Home\2a94b8bda04ff446dcedd42276fc99ee.php 第 370 行.
NOTIC: [8] Undefined variable: rs C:\Coding\Php\Wampserver\www\jcweb\Application\Runtime\Cache\Home\2a94b8bda04ff446dcedd42276fc99ee.php 第 372 行.
NOTIC: [8] Undefined variable: rs C:\Coding\Php\Wampserver\www\jcweb\Application\Runtime\Cache\Home\2a94b8bda04ff446dcedd42276fc99ee.php 第 374 行.
INFO: Run Behavior\ParseTemplateBehavior [ RunTime:0.012979s ]
INFO: [ view_parse ] --END-- [ RunTime:0.013044s ]
INFO: [ view_filter ] --START--
INFO: Run Behavior\WriteHtmlCacheBehavior [ RunTime:0.000203s ]
INFO: [ view_filter ] --END-- [ RunTime:0.000258s ]
INFO: [ app_end ] --START--
INFO: Run Behavior\ShowPageTraceBehavior [ RunTime:0.000181s ]
INFO: [ app_end ] --END-- [ RunTime:0.000235s ]

[ 2019-03-19T09:06:39+08:00 ] 127.0.0.1 /
INFO: [ app_init ] --START--
INFO: Run Behavior\BuildLiteBehavior [ RunTime:0.000016s ]
INFO: [ app_init ] --END-- [ RunTime:0.000133s ]
INFO: [ app_begin ] --START--
INFO: Run Behavior\ReadHtmlCacheBehavior [ RunTime:0.000131s ]
INFO: [ app_begin ] --END-- [ RunTime:0.000184s ]
SQL: SHOW COLUMNS FROM `home_image` [ RunTime:0.0004s ]
SQL: SELECT * FROM `home_image` WHERE ( id not in (select max(id) from home_image) ) ORDER BY id desc  [ RunTime:0.0005s ]
SQL: SELECT * FROM `home_image` WHERE ( id in (select max(id) from home_image) ) LIMIT 1   [ RunTime:0.0002s ]
SQL: SELECT COUNT(*) AS tp_count FROM `home_image` LIMIT 1   [ RunTime:0.0001s ]
SQL: SHOW COLUMNS FROM `contact_us` [ RunTime:0.0005s ]
SQL: SELECT * FROM `contact_us` LIMIT 1   [ RunTime:0.0002s ]
SQL: SHOW COLUMNS FROM `news` [ RunTime:0.0005s ]
SQL: SELECT * FROM `news` WHERE ( content != '' ) ORDER BY save_time desc LIMIT 4   [ RunTime:0.0002s ]
SQL: SHOW COLUMNS FROM `center_introduction` [ RunTime:0.0005s ]
SQL: SELECT * FROM `center_introduction` LIMIT 1   [ RunTime:0.0002s ]
SQL: SHOW COLUMNS FROM `lab_image` [ RunTime:0.0005s ]
SQL: SELECT * FROM `lab_image` ORDER BY id desc  [ RunTime:0.0002s ]
SQL: SHOW COLUMNS FROM `inspection_scope` [ RunTime:0.0005s ]
SQL: SELECT * FROM `inspection_scope` WHERE ( content !='' ) ORDER BY save_time desc LIMIT 4   [ RunTime:0.0002s ]
SQL: SHOW COLUMNS FROM `footer` [ RunTime:0.0004s ]
SQL: SELECT * FROM `footer` LIMIT 1   [ RunTime:0.0002s ]
INFO: [ view_parse ] --START--
INFO: [ template_filter ] --START--
INFO: Run Behavior\ContentReplaceBehavior [ RunTime:0.000083s ]
INFO: [ template_filter ] --END-- [ RunTime:0.000142s ]
NOTIC: [8] Undefined variable: rs C:\Coding\Php\Wampserver\www\jcweb\Application\Runtime\Cache\Home\2a94b8bda04ff446dcedd42276fc99ee.php 第 370 行.
NOTIC: [8] Undefined variable: rs C:\Coding\Php\Wampserver\www\jcweb\Application\Runtime\Cache\Home\2a94b8bda04ff446dcedd42276fc99ee.php 第 372 行.
NOTIC: [8] Undefined variable: rs C:\Coding\Php\Wampserver\www\jcweb\Application\Runtime\Cache\Home\2a94b8bda04ff446dcedd42276fc99ee.php 第 374 行.
INFO: Run Behavior\ParseTemplateBehavior [ RunTime:0.012483s ]
INFO: [ view_parse ] --END-- [ RunTime:0.012537s ]
INFO: [ view_filter ] --START--
INFO: Run Behavior\WriteHtmlCacheBehavior [ RunTime:0.000179s ]
INFO: [ view_filter ] --END-- [ RunTime:0.000225s ]
INFO: [ app_end ] --START--
INFO: Run Behavior\ShowPageTraceBehavior [ RunTime:0.000140s ]
INFO: [ app_end ] --END-- [ RunTime:0.000192s ]

[ 2019-03-19T09:07:34+08:00 ] 127.0.0.1 /Home/Information/news
INFO: [ app_init ] --START--
INFO: Run Behavior\BuildLiteBehavior [ RunTime:0.000014s ]
INFO: [ app_init ] --END-- [ RunTime:0.000132s ]
INFO: [ app_begin ] --START--
INFO: Run Behavior\ReadHtmlCacheBehavior [ RunTime:0.000184s ]
INFO: [ app_begin ] --END-- [ RunTime:0.000233s ]
SQL: SHOW COLUMNS FROM `footer` [ RunTime:0.0005s ]
SQL: SELECT * FROM `footer` LIMIT 1   [ RunTime:0.0002s ]
SQL: SHOW COLUMNS FROM `news` [ RunTime:0.0004s ]
SQL: SELECT * FROM `news` WHERE ( type=0 ) ORDER BY id desc LIMIT 0,4   [ RunTime:0.0003s ]
SQL: SELECT COUNT(*) AS tp_count FROM `news` WHERE ( type = 0 ) LIMIT 1   [ RunTime:0.0002s ]
SQL: SELECT * FROM `news` WHERE ( type=1 ) ORDER BY id desc LIMIT 0,4   [ RunTime:0.0002s ]
SQL: SELECT COUNT(*) AS tp_count FROM `news` WHERE ( type = 1 ) LIMIT 1   [ RunTime:0.0002s ]
INFO: [ view_parse ] --START--
INFO: [ template_filter ] --START--
INFO: Run Behavior\ContentReplaceBehavior [ RunTime:0.000063s ]
INFO: [ template_filter ] --END-- [ RunTime:0.000118s ]
NOTIC: [8] Undefined variable: type C:\Coding\Php\Wampserver\www\jcweb\Application\Runtime\Cache\Home\77a814446ea1d9a4d011f19ccdbe5997.php 第 93 行.
NOTIC: [2] Use of undefined constant i - assumed 'i' (this will throw an Error in a future version of PHP) C:\Coding\Php\Wampserver\www\jcweb\Application\Runtime\Cache\Home\77a814446ea1d9a4d011f19ccdbe5997.php 第 108 行.
NOTIC: [2] Use of undefined constant i - assumed 'i' (this will throw an Error in a future version of PHP) C:\Coding\Php\Wampserver\www\jcweb\Application\Runtime\Cache\Home\77a814446ea1d9a4d011f19ccdbe5997.php 第 108 行.
NOTIC: [2] Use of undefined constant i - assumed 'i' (this will throw an Error in a future version of PHP) C:\Coding\Php\Wampserver\www\jcweb\Application\Runtime\Cache\Home\77a814446ea1d9a4d011f19ccdbe5997.php 第 108 行.
NOTIC: [2] Use of undefined constant i - assumed 'i' (this will throw an Error in a future version of PHP) C:\Coding\Php\Wampserver\www\jcweb\Application\Runtime\Cache\Home\77a814446ea1d9a4d011f19ccdbe5997.php 第 108 行.
NOTIC: [2] Use of undefined constant i - assumed 'i' (this will throw an Error in a future version of PHP) C:\Coding\Php\Wampserver\www\jcweb\Application\Runtime\Cache\Home\77a814446ea1d9a4d011f19ccdbe5997.php 第 108 行.
NOTIC: [2] Use of undefined constant i - assumed 'i' (this will throw an Error in a future version of PHP) C:\Coding\Php\Wampserver\www\jcweb\Application\Runtime\Cache\Home\77a814446ea1d9a4d011f19ccdbe5997.php 第 108 行.
NOTIC: [2] Use of undefined constant i - assumed 'i' (this will throw an Error in a future version of PHP) C:\Coding\Php\Wampserver\www\jcweb\Application\Runtime\Cache\Home\77a814446ea1d9a4d011f19ccdbe5997.php 第 108 行.
NOTIC: [2] Use of undefined constant i - assumed 'i' (this will throw an Error in a future version of PHP) C:\Coding\Php\Wampserver\www\jcweb\Application\Runtime\Cache\Home\77a814446ea1d9a4d011f19ccdbe5997.php 第 108 行.
NOTIC: [2] Use of undefined constant i - assumed 'i' (this will throw an Error in a future version of PHP) C:\Coding\Php\Wampserver\www\jcweb\Application\Runtime\Cache\Home\77a814446ea1d9a4d011f19ccdbe5997.php 第 108 行.
NOTIC: [8] Undefined variable: rs C:\Coding\Php\Wampserver\www\jcweb\Application\Runtime\Cache\Home\77a814446ea1d9a4d011f19ccdbe5997.php 第 236 行.
NOTIC: [8] Undefined variable: rs C:\Coding\Php\Wampserver\www\jcweb\Application\Runtime\Cache\Home\77a814446ea1d9a4d011f19ccdbe5997.php 第 238 行.
NOTIC: [8] Undefined variable: rs C:\Coding\Php\Wampserver\www\jcweb\Application\Runtime\Cache\Home\77a814446ea1d9a4d011f19ccdbe5997.php 第 240 行.
INFO: Run Behavior\ParseTemplateBehavior [ RunTime:0.020255s ]
INFO: [ view_parse ] --END-- [ RunTime:0.020323s ]
INFO: [ view_filter ] --START--
INFO: Run Behavior\WriteHtmlCacheBehavior [ RunTime:0.000204s ]
INFO: [ view_filter ] --END-- [ RunTime:0.000264s ]
INFO: [ app_end ] --START--
INFO: Run Behavior\ShowPageTraceBehavior [ RunTime:0.000183s ]
INFO: [ app_end ] --END-- [ RunTime:0.000229s ]

[ 2019-03-19T09:28:27+08:00 ] 127.0.0.1 /Home/Information/news
INFO: [ app_init ] --START--
INFO: Run Behavior\BuildLiteBehavior [ RunTime:0.000014s ]
INFO: [ app_init ] --END-- [ RunTime:0.000143s ]
INFO: [ app_begin ] --START--
INFO: Run Behavior\ReadHtmlCacheBehavior [ RunTime:0.000109s ]
INFO: [ app_begin ] --END-- [ RunTime:0.000162s ]
SQL: SHOW COLUMNS FROM `footer` [ RunTime:0.0005s ]
SQL: SELECT * FROM `footer` LIMIT 1   [ RunTime:0.0002s ]
SQL: SHOW COLUMNS FROM `news` [ RunTime:0.0004s ]
SQL: SELECT * FROM `news` WHERE ( type=0 ) ORDER BY id desc LIMIT 0,4   [ RunTime:0.0003s ]
SQL: SELECT COUNT(*) AS tp_count FROM `news` WHERE ( type = 0 ) LIMIT 1   [ RunTime:0.0002s ]
SQL: SELECT * FROM `news` WHERE ( type=1 ) ORDER BY id desc LIMIT 0,4   [ RunTime:0.0002s ]
SQL: SELECT COUNT(*) AS tp_count FROM `news` WHERE ( type = 1 ) LIMIT 1   [ RunTime:0.0002s ]
INFO: [ view_parse ] --START--
INFO: [ template_filter ] --START--
INFO: Run Behavior\ContentReplaceBehavior [ RunTime:0.000071s ]
INFO: [ template_filter ] --END-- [ RunTime:0.000134s ]
NOTIC: [8] Undefined variable: type C:\Coding\Php\Wampserver\www\jcweb\Application\Runtime\Cache\Home\77a814446ea1d9a4d011f19ccdbe5997.php 第 93 行.
NOTIC: [2] Use of undefined constant i - assumed 'i' (this will throw an Error in a future version of PHP) C:\Coding\Php\Wampserver\www\jcweb\Application\Runtime\Cache\Home\77a814446ea1d9a4d011f19ccdbe5997.php 第 108 行.
NOTIC: [2] Use of undefined constant i - assumed 'i' (this will throw an Error in a future version of PHP) C:\Coding\Php\Wampserver\www\jcweb\Application\Runtime\Cache\Home\77a814446ea1d9a4d011f19ccdbe5997.php 第 108 行.
NOTIC: [2] Use of undefined constant i - assumed 'i' (this will throw an Error in a future version of PHP) C:\Coding\Php\Wampserver\www\jcweb\Application\Runtime\Cache\Home\77a814446ea1d9a4d011f19ccdbe5997.php 第 108 行.
NOTIC: [2] Use of undefined constant i - assumed 'i' (this will throw an Error in a future version of PHP) C:\Coding\Php\Wampserver\www\jcweb\Application\Runtime\Cache\Home\77a814446ea1d9a4d011f19ccdbe5997.php 第 108 行.
NOTIC: [2] Use of undefined constant i - assumed 'i' (this will throw an Error in a future version of PHP) C:\Coding\Php\Wampserver\www\jcweb\Application\Runtime\Cache\Home\77a814446ea1d9a4d011f19ccdbe5997.php 第 108 行.
NOTIC: [2] Use of undefined constant i - assumed 'i' (this will throw an Error in a future version of PHP) C:\Coding\Php\Wampserver\www\jcweb\Application\Runtime\Cache\Home\77a814446ea1d9a4d011f19ccdbe5997.php 第 108 行.
NOTIC: [2] Use of undefined constant i - assumed 'i' (this will throw an Error in a future version of PHP) C:\Coding\Php\Wampserver\www\jcweb\Application\Runtime\Cache\Home\77a814446ea1d9a4d011f19ccdbe5997.php 第 108 行.
NOTIC: [2] Use of undefined constant i - assumed 'i' (this will throw an Error in a future version of PHP) C:\Coding\Php\Wampserver\www\jcweb\Application\Runtime\Cache\Home\77a814446ea1d9a4d011f19ccdbe5997.php 第 108 行.
NOTIC: [2] Use of undefined constant i - assumed 'i' (this will throw an Error in a future version of PHP) C:\Coding\Php\Wampserver\www\jcweb\Application\Runtime\Cache\Home\77a814446ea1d9a4d011f19ccdbe5997.php 第 108 行.
NOTIC: [8] Undefined variable: rs C:\Coding\Php\Wampserver\www\jcweb\Application\Runtime\Cache\Home\77a814446ea1d9a4d011f19ccdbe5997.php 第 236 行.
NOTIC: [8] Undefined variable: rs C:\Coding\Php\Wampserver\www\jcweb\Application\Runtime\Cache\Home\77a814446ea1d9a4d011f19ccdbe5997.php 第 238 行.
NOTIC: [8] Undefined variable: rs C:\Coding\Php\Wampserver\www\jcweb\Application\Runtime\Cache\Home\77a814446ea1d9a4d011f19ccdbe5997.php 第 240 行.
INFO: Run Behavior\ParseTemplateBehavior [ RunTime:0.020442s ]
INFO: [ view_parse ] --END-- [ RunTime:0.020496s ]
INFO: [ view_filter ] --START--
INFO: Run Behavior\WriteHtmlCacheBehavior [ RunTime:0.000195s ]
INFO: [ view_filter ] --END-- [ RunTime:0.000242s ]
INFO: [ app_end ] --START--
INFO: Run Behavior\ShowPageTraceBehavior [ RunTime:0.000106s ]
INFO: [ app_end ] --END-- [ RunTime:0.000152s ]

[ 2019-03-19T09:28:58+08:00 ] 127.0.0.1 /Home/index
INFO: [ app_init ] --START--
INFO: Run Behavior\BuildLiteBehavior [ RunTime:0.000014s ]
INFO: [ app_init ] --END-- [ RunTime:0.000135s ]
INFO: [ app_begin ] --START--
INFO: Run Behavior\ReadHtmlCacheBehavior [ RunTime:0.000188s ]
INFO: [ app_begin ] --END-- [ RunTime:0.000237s ]
SQL: SHOW COLUMNS FROM `home_image` [ RunTime:0.0005s ]
SQL: SELECT * FROM `home_image` WHERE ( id not in (select max(id) from home_image) ) ORDER BY id desc  [ RunTime:0.0004s ]
SQL: SELECT * FROM `home_image` WHERE ( id in (select max(id) from home_image) ) LIMIT 1   [ RunTime:0.0002s ]
SQL: SELECT COUNT(*) AS tp_count FROM `home_image` LIMIT 1   [ RunTime:0.0002s ]
SQL: SHOW COLUMNS FROM `contact_us` [ RunTime:0.0005s ]
SQL: SELECT * FROM `contact_us` LIMIT 1   [ RunTime:0.0002s ]
SQL: SHOW COLUMNS FROM `news` [ RunTime:0.0004s ]
SQL: SELECT * FROM `news` WHERE ( content != '' ) ORDER BY save_time desc LIMIT 4   [ RunTime:0.0003s ]
SQL: SHOW COLUMNS FROM `center_introduction` [ RunTime:0.0004s ]
SQL: SELECT * FROM `center_introduction` LIMIT 1   [ RunTime:0.0002s ]
SQL: SHOW COLUMNS FROM `lab_image` [ RunTime:0.0003s ]
SQL: SELECT * FROM `lab_image` ORDER BY id desc  [ RunTime:0.0002s ]
SQL: SHOW COLUMNS FROM `inspection_scope` [ RunTime:0.0004s ]
SQL: SELECT * FROM `inspection_scope` WHERE ( content !='' ) ORDER BY save_time desc LIMIT 4   [ RunTime:0.0002s ]
SQL: SHOW COLUMNS FROM `footer` [ RunTime:0.0003s ]
SQL: SELECT * FROM `footer` LIMIT 1   [ RunTime:0.0002s ]
INFO: [ view_parse ] --START--
INFO: [ template_filter ] --START--
INFO: Run Behavior\ContentReplaceBehavior [ RunTime:0.000075s ]
INFO: [ template_filter ] --END-- [ RunTime:0.000125s ]
NOTIC: [8] Undefined variable: rs C:\Coding\Php\Wampserver\www\jcweb\Application\Runtime\Cache\Home\2a94b8bda04ff446dcedd42276fc99ee.php 第 370 行.
NOTIC: [8] Undefined variable: rs C:\Coding\Php\Wampserver\www\jcweb\Application\Runtime\Cache\Home\2a94b8bda04ff446dcedd42276fc99ee.php 第 372 行.
NOTIC: [8] Undefined variable: rs C:\Coding\Php\Wampserver\www\jcweb\Application\Runtime\Cache\Home\2a94b8bda04ff446dcedd42276fc99ee.php 第 374 行.
INFO: Run Behavior\ParseTemplateBehavior [ RunTime:0.014056s ]
INFO: [ view_parse ] --END-- [ RunTime:0.014111s ]
INFO: [ view_filter ] --START--
INFO: Run Behavior\WriteHtmlCacheBehavior [ RunTime:0.000198s ]
INFO: [ view_filter ] --END-- [ RunTime:0.000245s ]
INFO: [ app_end ] --START--
INFO: Run Behavior\ShowPageTraceBehavior [ RunTime:0.000172s ]
INFO: [ app_end ] --END-- [ RunTime:0.000217s ]

[ 2019-03-19T09:29:04+08:00 ] 127.0.0.1 /Home/Information/news
INFO: [ app_init ] --START--
INFO: Run Behavior\BuildLiteBehavior [ RunTime:0.000013s ]
INFO: [ app_init ] --END-- [ RunTime:0.000102s ]
INFO: [ app_begin ] --START--
INFO: Run Behavior\ReadHtmlCacheBehavior [ RunTime:0.000107s ]
INFO: [ app_begin ] --END-- [ RunTime:0.000155s ]
SQL: SHOW COLUMNS FROM `footer` [ RunTime:0.0005s ]
SQL: SELECT * FROM `footer` LIMIT 1   [ RunTime:0.0002s ]
SQL: SHOW COLUMNS FROM `news` [ RunTime:0.0004s ]
SQL: SELECT * FROM `news` WHERE ( type=0 ) ORDER BY id desc LIMIT 0,4   [ RunTime:0.0003s ]
SQL: SELECT COUNT(*) AS tp_count FROM `news` WHERE ( type = 0 ) LIMIT 1   [ RunTime:0.0002s ]
SQL: SELECT * FROM `news` WHERE ( type=1 ) ORDER BY id desc LIMIT 0,4   [ RunTime:0.0002s ]
SQL: SELECT COUNT(*) AS tp_count FROM `news` WHERE ( type = 1 ) LIMIT 1   [ RunTime:0.0002s ]
INFO: [ view_parse ] --START--
INFO: [ template_filter ] --START--
INFO: Run Behavior\ContentReplaceBehavior [ RunTime:0.000073s ]
INFO: [ template_filter ] --END-- [ RunTime:0.000135s ]
NOTIC: [8] Undefined variable: type C:\Coding\Php\Wampserver\www\jcweb\Application\Runtime\Cache\Home\77a814446ea1d9a4d011f19ccdbe5997.php 第 93 行.
NOTIC: [2] Use of undefined constant i - assumed 'i' (this will throw an Error in a future version of PHP) C:\Coding\Php\Wampserver\www\jcweb\Application\Runtime\Cache\Home\77a814446ea1d9a4d011f19ccdbe5997.php 第 108 行.
NOTIC: [2] Use of undefined constant i - assumed 'i' (this will throw an Error in a future version of PHP) C:\Coding\Php\Wampserver\www\jcweb\Application\Runtime\Cache\Home\77a814446ea1d9a4d011f19ccdbe5997.php 第 108 行.
NOTIC: [2] Use of undefined constant i - assumed 'i' (this will throw an Error in a future version of PHP) C:\Coding\Php\Wampserver\www\jcweb\Application\Runtime\Cache\Home\77a814446ea1d9a4d011f19ccdbe5997.php 第 108 行.
NOTIC: [2] Use of undefined constant i - assumed 'i' (this will throw an Error in a future version of PHP) C:\Coding\Php\Wampserver\www\jcweb\Application\Runtime\Cache\Home\77a814446ea1d9a4d011f19ccdbe5997.php 第 108 行.
NOTIC: [2] Use of undefined constant i - assumed 'i' (this will throw an Error in a future version of PHP) C:\Coding\Php\Wampserver\www\jcweb\Application\Runtime\Cache\Home\77a814446ea1d9a4d011f19ccdbe5997.php 第 108 行.
NOTIC: [2] Use of undefined constant i - assumed 'i' (this will throw an Error in a future version of PHP) C:\Coding\Php\Wampserver\www\jcweb\Application\Runtime\Cache\Home\77a814446ea1d9a4d011f19ccdbe5997.php 第 108 行.
NOTIC: [2] Use of undefined constant i - assumed 'i' (this will throw an Error in a future version of PHP) C:\Coding\Php\Wampserver\www\jcweb\Application\Runtime\Cache\Home\77a814446ea1d9a4d011f19ccdbe5997.php 第 108 行.
NOTIC: [2] Use of undefined constant i - assumed 'i' (this will throw an Error in a future version of PHP) C:\Coding\Php\Wampserver\www\jcweb\Application\Runtime\Cache\Home\77a814446ea1d9a4d011f19ccdbe5997.php 第 108 行.
NOTIC: [2] Use of undefined constant i - assumed 'i' (this will throw an Error in a future version of PHP) C:\Coding\Php\Wampserver\www\jcweb\Application\Runtime\Cache\Home\77a814446ea1d9a4d011f19ccdbe5997.php 第 108 行.
NOTIC: [8] Undefined variable: rs C:\Coding\Php\Wampserver\www\jcweb\Application\Runtime\Cache\Home\77a814446ea1d9a4d011f19ccdbe5997.php 第 236 行.
NOTIC: [8] Undefined variable: rs C:\Coding\Php\Wampserver\www\jcweb\Application\Runtime\Cache\Home\77a814446ea1d9a4d011f19ccdbe5997.php 第 238 行.
NOTIC: [8] Undefined variable: rs C:\Coding\Php\Wampserver\www\jcweb\Application\Runtime\Cache\Home\77a814446ea1d9a4d011f19ccdbe5997.php 第 240 行.
INFO: Run Behavior\ParseTemplateBehavior [ RunTime:0.019455s ]
INFO: [ view_parse ] --END-- [ RunTime:0.019509s ]
INFO: [ view_filter ] --START--
INFO: Run Behavior\WriteHtmlCacheBehavior [ RunTime:0.000131s ]
INFO: [ view_filter ] --END-- [ RunTime:0.000179s ]
INFO: [ app_end ] --START--
INFO: Run Behavior\ShowPageTraceBehavior [ RunTime:0.000110s ]
INFO: [ app_end ] --END-- [ RunTime:0.000155s ]

[ 2019-03-19T09:45:58+08:00 ] 127.0.0.1 /Home/index
INFO: [ app_init ] --START--
INFO: Run Behavior\BuildLiteBehavior [ RunTime:0.000015s ]
INFO: [ app_init ] --END-- [ RunTime:0.000179s ]
INFO: [ app_begin ] --START--
INFO: Run Behavior\ReadHtmlCacheBehavior [ RunTime:0.000237s ]
INFO: [ app_begin ] --END-- [ RunTime:0.000294s ]
SQL: SHOW COLUMNS FROM `home_image` [ RunTime:0.0008s ]
SQL: SELECT * FROM `home_image` WHERE ( id not in (select max(id) from home_image) ) ORDER BY id desc  [ RunTime:0.0004s ]
SQL: SELECT * FROM `home_image` WHERE ( id in (select max(id) from home_image) ) LIMIT 1   [ RunTime:0.0002s ]
SQL: SELECT COUNT(*) AS tp_count FROM `home_image` LIMIT 1   [ RunTime:0.0001s ]
SQL: SHOW COLUMNS FROM `contact_us` [ RunTime:0.0005s ]
SQL: SELECT * FROM `contact_us` LIMIT 1   [ RunTime:0.0002s ]
SQL: SHOW COLUMNS FROM `news` [ RunTime:0.0003s ]
SQL: SELECT * FROM `news` WHERE ( content != '' ) ORDER BY save_time desc LIMIT 4   [ RunTime:0.0003s ]
SQL: SHOW COLUMNS FROM `center_introduction` [ RunTime:0.0005s ]
SQL: SELECT * FROM `center_introduction` LIMIT 1   [ RunTime:0.0002s ]
SQL: SHOW COLUMNS FROM `lab_image` [ RunTime:0.0003s ]
SQL: SELECT * FROM `lab_image` ORDER BY id desc  [ RunTime:0.0002s ]
SQL: SHOW COLUMNS FROM `inspection_scope` [ RunTime:0.0006s ]
SQL: SELECT * FROM `inspection_scope` WHERE ( content !='' ) ORDER BY save_time desc LIMIT 4   [ RunTime:0.0003s ]
SQL: SHOW COLUMNS FROM `footer` [ RunTime:0.0004s ]
SQL: SELECT * FROM `footer` LIMIT 1   [ RunTime:0.0002s ]
INFO: [ view_parse ] --START--
INFO: [ template_filter ] --START--
INFO: Run Behavior\ContentReplaceBehavior [ RunTime:0.000083s ]
INFO: [ template_filter ] --END-- [ RunTime:0.000140s ]
NOTIC: [8] Undefined variable: rs C:\Coding\Php\Wampserver\www\jcweb\Application\Runtime\Cache\Home\2a94b8bda04ff446dcedd42276fc99ee.php 第 370 行.
NOTIC: [8] Undefined variable: rs C:\Coding\Php\Wampserver\www\jcweb\Application\Runtime\Cache\Home\2a94b8bda04ff446dcedd42276fc99ee.php 第 372 行.
NOTIC: [8] Undefined variable: rs C:\Coding\Php\Wampserver\www\jcweb\Application\Runtime\Cache\Home\2a94b8bda04ff446dcedd42276fc99ee.php 第 374 行.
INFO: Run Behavior\ParseTemplateBehavior [ RunTime:0.013673s ]
INFO: [ view_parse ] --END-- [ RunTime:0.013729s ]
INFO: [ view_filter ] --START--
INFO: Run Behavior\WriteHtmlCacheBehavior [ RunTime:0.000257s ]
INFO: [ view_filter ] --END-- [ RunTime:0.000305s ]
INFO: [ app_end ] --START--
INFO: Run Behavior\ShowPageTraceBehavior [ RunTime:0.000219s ]
INFO: [ app_end ] --END-- [ RunTime:0.000267s ]

[ 2019-03-19T10:25:58+08:00 ] 127.0.0.1 /Home/Information/contact
INFO: [ app_init ] --START--
INFO: Run Behavior\BuildLiteBehavior [ RunTime:0.000015s ]
INFO: [ app_init ] --END-- [ RunTime:0.000163s ]
INFO: [ app_begin ] --START--
INFO: Run Behavior\ReadHtmlCacheBehavior [ RunTime:0.000253s ]
INFO: [ app_begin ] --END-- [ RunTime:0.000312s ]
SQL: SHOW COLUMNS FROM `footer` [ RunTime:0.0007s ]
SQL: SELECT * FROM `footer` LIMIT 1   [ RunTime:0.0002s ]
SQL: SHOW COLUMNS FROM `contact_us` [ RunTime:0.0004s ]
SQL: SELECT * FROM `contact_us` LIMIT 1   [ RunTime:0.0002s ]
INFO: [ view_parse ] --START--
INFO: [ template_filter ] --START--
INFO: Run Behavior\ContentReplaceBehavior [ RunTime:0.000048s ]
INFO: [ template_filter ] --END-- [ RunTime:0.000101s ]
NOTIC: [8] Undefined variable: rs C:\Coding\Php\Wampserver\www\jcweb\Application\Runtime\Cache\Home\4620d908095e837259c8c224dfccaff2.php 第 88 行.
NOTIC: [8] Undefined variable: rs C:\Coding\Php\Wampserver\www\jcweb\Application\Runtime\Cache\Home\4620d908095e837259c8c224dfccaff2.php 第 90 行.
NOTIC: [8] Undefined variable: rs C:\Coding\Php\Wampserver\www\jcweb\Application\Runtime\Cache\Home\4620d908095e837259c8c224dfccaff2.php 第 92 行.
INFO: Run Behavior\ParseTemplateBehavior [ RunTime:0.019062s ]
INFO: [ view_parse ] --END-- [ RunTime:0.019121s ]
INFO: [ view_filter ] --START--
INFO: Run Behavior\WriteHtmlCacheBehavior [ RunTime:0.000259s ]
INFO: [ view_filter ] --END-- [ RunTime:0.000306s ]
INFO: [ app_end ] --START--
INFO: Run Behavior\ShowPageTraceBehavior [ RunTime:0.000188s ]
INFO: [ app_end ] --END-- [ RunTime:0.000233s ]

[ 2019-03-19T10:26:40+08:00 ] 127.0.0.1 /Home/Information/basic
INFO: [ app_init ] --START--
INFO: Run Behavior\BuildLiteBehavior [ RunTime:0.000014s ]
INFO: [ app_init ] --END-- [ RunTime:0.000130s ]
INFO: [ app_begin ] --START--
INFO: Run Behavior\ReadHtmlCacheBehavior [ RunTime:0.000187s ]
INFO: [ app_begin ] --END-- [ RunTime:0.000238s ]
INFO: [ view_parse ] --START--
INFO: [ template_filter ] --START--
INFO: Run Behavior\ContentReplaceBehavior [ RunTime:0.000066s ]
INFO: [ template_filter ] --END-- [ RunTime:0.000131s ]
NOTIC: [8] Undefined variable: type C:\Coding\Php\Wampserver\www\jcweb\Application\Runtime\Cache\Home\641fb9aa4af09bc22227d69c36dc742e.php 第 93 行.
NOTIC: [8] Undefined variable: rs C:\Coding\Php\Wampserver\www\jcweb\Application\Runtime\Cache\Home\641fb9aa4af09bc22227d69c36dc742e.php 第 139 行.
NOTIC: [8] Undefined variable: rs C:\Coding\Php\Wampserver\www\jcweb\Application\Runtime\Cache\Home\641fb9aa4af09bc22227d69c36dc742e.php 第 141 行.
NOTIC: [8] Undefined variable: rs C:\Coding\Php\Wampserver\www\jcweb\Application\Runtime\Cache\Home\641fb9aa4af09bc22227d69c36dc742e.php 第 143 行.
INFO: Run Behavior\ParseTemplateBehavior [ RunTime:0.014682s ]
INFO: [ view_parse ] --END-- [ RunTime:0.014740s ]
INFO: [ view_filter ] --START--
INFO: Run Behavior\WriteHtmlCacheBehavior [ RunTime:0.000200s ]
INFO: [ view_filter ] --END-- [ RunTime:0.000251s ]
INFO: [ app_end ] --START--
INFO: Run Behavior\ShowPageTraceBehavior [ RunTime:0.000165s ]
INFO: [ app_end ] --END-- [ RunTime:0.000211s ]

[ 2019-03-19T18:57:04+08:00 ] 127.0.0.1 /Home/Information/basic
INFO: [ app_init ] --START--
INFO: Run Behavior\BuildLiteBehavior [ RunTime:0.000020s ]
INFO: [ app_init ] --END-- [ RunTime:0.002232s ]
INFO: [ app_begin ] --START--
INFO: Run Behavior\ReadHtmlCacheBehavior [ RunTime:0.002185s ]
INFO: [ app_begin ] --END-- [ RunTime:0.002252s ]
INFO: [ view_parse ] --START--
INFO: [ template_filter ] --START--
INFO: Run Behavior\ContentReplaceBehavior [ RunTime:0.000317s ]
INFO: [ template_filter ] --END-- [ RunTime:0.000380s ]
NOTIC: [8] Undefined variable: type C:\Coding\Php\Wampserver\www\jcweb\Application\Runtime\Cache\Home\641fb9aa4af09bc22227d69c36dc742e.php 第 93 行.
NOTIC: [8] Undefined variable: rs C:\Coding\Php\Wampserver\www\jcweb\Application\Runtime\Cache\Home\641fb9aa4af09bc22227d69c36dc742e.php 第 139 行.
NOTIC: [8] Undefined variable: rs C:\Coding\Php\Wampserver\www\jcweb\Application\Runtime\Cache\Home\641fb9aa4af09bc22227d69c36dc742e.php 第 141 行.
NOTIC: [8] Undefined variable: rs C:\Coding\Php\Wampserver\www\jcweb\Application\Runtime\Cache\Home\641fb9aa4af09bc22227d69c36dc742e.php 第 143 行.
INFO: Run Behavior\ParseTemplateBehavior [ RunTime:0.080592s ]
INFO: [ view_parse ] --END-- [ RunTime:0.080650s ]
INFO: [ view_filter ] --START--
INFO: Run Behavior\WriteHtmlCacheBehavior [ RunTime:0.001822s ]
INFO: [ view_filter ] --END-- [ RunTime:0.001881s ]
INFO: [ app_end ] --START--
INFO: Run Behavior\ShowPageTraceBehavior [ RunTime:0.003090s ]
INFO: [ app_end ] --END-- [ RunTime:0.003203s ]

