[ 2019-02-17T12:45:56+08:00 ] 127.0.0.1 /
INFO: [ app_init ] --START--
INFO: Run Behavior\BuildLiteBehavior [ RunTime:0.000024s ]
INFO: [ app_init ] --END-- [ RunTime:0.001234s ]
INFO: [ app_begin ] --START--
INFO: Run Behavior\ReadHtmlCacheBehavior [ RunTime:0.001448s ]
INFO: [ app_begin ] --END-- [ RunTime:0.001557s ]
SQL: SHOW COLUMNS FROM `home_image` [ RunTime:0.0104s ]
SQL: SELECT * FROM `home_image` WHERE ( id not in (select max(id) from home_image) ) ORDER BY id desc  [ RunTime:0.0040s ]
SQL: SELECT * FROM `home_image` WHERE ( id in (select max(id) from home_image) ) LIMIT 1   [ RunTime:0.0003s ]
SQL: SELECT COUNT(*) AS tp_count FROM `home_image` LIMIT 1   [ RunTime:0.0002s ]
SQL: SHOW COLUMNS FROM `contact` [ RunTime:0.0052s ]
SQL: SELECT * FROM `contact` LIMIT 1   [ RunTime:0.0032s ]
SQL: SHOW COLUMNS FROM `information` [ RunTime:0.0096s ]
SQL: SELECT * FROM `information` WHERE ( if_special = 1 ) LIMIT 1   [ RunTime:0.0003s ]
SQL: SELECT * FROM `information` WHERE ( id = 21 ) LIMIT 1   [ RunTime:0.0002s ]
SQL: SELECT * FROM `information` WHERE ( type = 1 and information_images_path != ""  ) ORDER BY id desc LIMIT 0,9   [ RunTime:0.0005s ]
INFO: [ view_parse ] --START--
INFO: [ template_filter ] --START--
INFO: Run Behavior\ContentReplaceBehavior [ RunTime:0.000096s ]
INFO: [ template_filter ] --END-- [ RunTime:0.000190s ]
NOTIC: [8] Use of undefined constant d - assumed 'd' C:\BUPT\PHP\WAMPserver\www\chaojing\Application\Runtime\Cache\Home\2a94b8bda04ff446dcedd42276fc99ee.php 第 138 行.
NOTIC: [8] Use of undefined constant Y - assumed 'Y' C:\BUPT\PHP\WAMPserver\www\chaojing\Application\Runtime\Cache\Home\2a94b8bda04ff446dcedd42276fc99ee.php 第 139 行.
NOTIC: [8] Use of undefined constant m - assumed 'm' C:\BUPT\PHP\WAMPserver\www\chaojing\Application\Runtime\Cache\Home\2a94b8bda04ff446dcedd42276fc99ee.php 第 139 行.
NOTIC: [8] Use of undefined constant Y年m月d日 - assumed 'Y年m月d日' C:\BUPT\PHP\WAMPserver\www\chaojing\Application\Runtime\Cache\Home\2a94b8bda04ff446dcedd42276fc99ee.php 第 168 行.
NOTIC: [8] Use of undefined constant Y年m月d日 - assumed 'Y年m月d日' C:\BUPT\PHP\WAMPserver\www\chaojing\Application\Runtime\Cache\Home\2a94b8bda04ff446dcedd42276fc99ee.php 第 168 行.
NOTIC: [8] Use of undefined constant Y年m月d日 - assumed 'Y年m月d日' C:\BUPT\PHP\WAMPserver\www\chaojing\Application\Runtime\Cache\Home\2a94b8bda04ff446dcedd42276fc99ee.php 第 168 行.
NOTIC: [8] Use of undefined constant Y年m月d日 - assumed 'Y年m月d日' C:\BUPT\PHP\WAMPserver\www\chaojing\Application\Runtime\Cache\Home\2a94b8bda04ff446dcedd42276fc99ee.php 第 168 行.
INFO: Run Behavior\ParseTemplateBehavior [ RunTime:0.021791s ]
INFO: [ view_parse ] --END-- [ RunTime:0.021910s ]
INFO: [ view_filter ] --START--
INFO: Run Behavior\WriteHtmlCacheBehavior [ RunTime:0.001665s ]
INFO: [ view_filter ] --END-- [ RunTime:0.001776s ]
INFO: [ app_end ] --START--
INFO: Run Behavior\ShowPageTraceBehavior [ RunTime:0.001715s ]
INFO: [ app_end ] --END-- [ RunTime:0.001833s ]

[ 2019-02-17T12:45:56+08:00 ] 127.0.0.1 /Public/attached/2018-09-19/jiancai.jpg
INFO: [ app_init ] --START--
INFO: Run Behavior\BuildLiteBehavior [ RunTime:0.000054s ]
INFO: [ app_init ] --END-- [ RunTime:0.001673s ]

[ 2019-02-17T12:46:07+08:00 ] 127.0.0.1 /home/Contact/contact
INFO: [ app_init ] --START--
INFO: Run Behavior\BuildLiteBehavior [ RunTime:0.000043s ]
INFO: [ app_init ] --END-- [ RunTime:0.000725s ]
INFO: [ app_begin ] --START--
INFO: Run Behavior\ReadHtmlCacheBehavior [ RunTime:0.000873s ]
INFO: [ app_begin ] --END-- [ RunTime:0.000974s ]
SQL: SHOW COLUMNS FROM `contact` [ RunTime:0.0019s ]
SQL: SELECT * FROM `contact` LIMIT 1   [ RunTime:0.0002s ]
INFO: [ view_parse ] --START--
INFO: [ template_filter ] --START--
INFO: Run Behavior\ContentReplaceBehavior [ RunTime:0.000097s ]
INFO: [ template_filter ] --END-- [ RunTime:0.000204s ]
INFO: Run Behavior\ParseTemplateBehavior [ RunTime:0.011877s ]
INFO: [ view_parse ] --END-- [ RunTime:0.011986s ]
INFO: [ view_filter ] --START--
INFO: Run Behavior\WriteHtmlCacheBehavior [ RunTime:0.000956s ]
INFO: [ view_filter ] --END-- [ RunTime:0.001103s ]
INFO: [ app_end ] --START--
INFO: Run Behavior\ShowPageTraceBehavior [ RunTime:0.001003s ]
INFO: [ app_end ] --END-- [ RunTime:0.001113s ]

[ 2019-02-17T14:42:58+08:00 ] 127.0.0.1 /
INFO: [ app_init ] --START--
INFO: Run Behavior\BuildLiteBehavior [ RunTime:0.000025s ]
INFO: [ app_init ] --END-- [ RunTime:0.001456s ]
INFO: [ app_begin ] --START--
INFO: Run Behavior\ReadHtmlCacheBehavior [ RunTime:0.001640s ]
INFO: [ app_begin ] --END-- [ RunTime:0.001765s ]
SQL: SHOW COLUMNS FROM `home_image` [ RunTime:0.0027s ]
SQL: SELECT * FROM `home_image` WHERE ( id not in (select max(id) from home_image) ) ORDER BY id desc  [ RunTime:0.0027s ]
SQL: SELECT * FROM `home_image` WHERE ( id in (select max(id) from home_image) ) LIMIT 1   [ RunTime:0.0004s ]
SQL: SELECT COUNT(*) AS tp_count FROM `home_image` LIMIT 1   [ RunTime:0.0002s ]
SQL: SHOW COLUMNS FROM `contact` [ RunTime:0.0030s ]
SQL: SELECT * FROM `contact` LIMIT 1   [ RunTime:0.0003s ]
SQL: SHOW COLUMNS FROM `information` [ RunTime:0.0023s ]
SQL: SELECT * FROM `information` WHERE ( if_special = 1 ) LIMIT 1   [ RunTime:0.0003s ]
SQL: SELECT * FROM `information` WHERE ( id = 21 ) LIMIT 1   [ RunTime:0.0002s ]
SQL: SELECT * FROM `information` WHERE ( type = 1 and information_images_path != ""  ) ORDER BY id desc LIMIT 0,9   [ RunTime:0.0003s ]
INFO: [ view_parse ] --START--
INFO: [ template_filter ] --START--
INFO: Run Behavior\ContentReplaceBehavior [ RunTime:0.000099s ]
INFO: [ template_filter ] --END-- [ RunTime:0.000195s ]
NOTIC: [8] Use of undefined constant d - assumed 'd' C:\BUPT\PHP\WAMPserver\www\chaojing\Application\Runtime\Cache\Home\2a94b8bda04ff446dcedd42276fc99ee.php 第 138 行.
NOTIC: [8] Use of undefined constant Y - assumed 'Y' C:\BUPT\PHP\WAMPserver\www\chaojing\Application\Runtime\Cache\Home\2a94b8bda04ff446dcedd42276fc99ee.php 第 139 行.
NOTIC: [8] Use of undefined constant m - assumed 'm' C:\BUPT\PHP\WAMPserver\www\chaojing\Application\Runtime\Cache\Home\2a94b8bda04ff446dcedd42276fc99ee.php 第 139 行.
NOTIC: [8] Use of undefined constant Y年m月d日 - assumed 'Y年m月d日' C:\BUPT\PHP\WAMPserver\www\chaojing\Application\Runtime\Cache\Home\2a94b8bda04ff446dcedd42276fc99ee.php 第 168 行.
NOTIC: [8] Use of undefined constant Y年m月d日 - assumed 'Y年m月d日' C:\BUPT\PHP\WAMPserver\www\chaojing\Application\Runtime\Cache\Home\2a94b8bda04ff446dcedd42276fc99ee.php 第 168 行.
NOTIC: [8] Use of undefined constant Y年m月d日 - assumed 'Y年m月d日' C:\BUPT\PHP\WAMPserver\www\chaojing\Application\Runtime\Cache\Home\2a94b8bda04ff446dcedd42276fc99ee.php 第 168 行.
NOTIC: [8] Use of undefined constant Y年m月d日 - assumed 'Y年m月d日' C:\BUPT\PHP\WAMPserver\www\chaojing\Application\Runtime\Cache\Home\2a94b8bda04ff446dcedd42276fc99ee.php 第 168 行.
INFO: Run Behavior\ParseTemplateBehavior [ RunTime:0.017924s ]
INFO: [ view_parse ] --END-- [ RunTime:0.018017s ]
INFO: [ view_filter ] --START--
INFO: Run Behavior\WriteHtmlCacheBehavior [ RunTime:0.001073s ]
INFO: [ view_filter ] --END-- [ RunTime:0.001159s ]
INFO: [ app_end ] --START--
INFO: Run Behavior\ShowPageTraceBehavior [ RunTime:0.001421s ]
INFO: [ app_end ] --END-- [ RunTime:0.001572s ]

[ 2019-02-17T14:42:58+08:00 ] 127.0.0.1 /Public/attached/2018-09-19/jiancai.jpg
INFO: [ app_init ] --START--
INFO: Run Behavior\BuildLiteBehavior [ RunTime:0.000022s ]
INFO: [ app_init ] --END-- [ RunTime:0.000513s ]

[ 2019-02-17T14:43:11+08:00 ] 127.0.0.1 /favicon.ico
INFO: [ app_init ] --START--
INFO: Run Behavior\BuildLiteBehavior [ RunTime:0.000023s ]
INFO: [ app_init ] --END-- [ RunTime:0.000458s ]

[ 2019-02-17T19:59:06+08:00 ] 127.0.0.1 /
INFO: [ app_init ] --START--
INFO: Run Behavior\BuildLiteBehavior [ RunTime:0.000103s ]
INFO: [ app_init ] --END-- [ RunTime:0.001773s ]
INFO: [ app_begin ] --START--
INFO: Run Behavior\ReadHtmlCacheBehavior [ RunTime:0.002071s ]
INFO: [ app_begin ] --END-- [ RunTime:0.002365s ]
SQL: SHOW COLUMNS FROM `home_image` [ RunTime:0.0044s ]
SQL: SELECT * FROM `home_image` WHERE ( id not in (select max(id) from home_image) ) ORDER BY id desc  [ RunTime:0.0039s ]
SQL: SELECT * FROM `home_image` WHERE ( id in (select max(id) from home_image) ) LIMIT 1   [ RunTime:0.0005s ]
SQL: SELECT COUNT(*) AS tp_count FROM `home_image` LIMIT 1   [ RunTime:0.0003s ]
SQL: SHOW COLUMNS FROM `contact` [ RunTime:0.0043s ]
SQL: SELECT * FROM `contact` LIMIT 1   [ RunTime:0.0006s ]
SQL: SHOW COLUMNS FROM `information` [ RunTime:0.0049s ]
SQL: SELECT * FROM `information` WHERE ( if_special = 1 ) LIMIT 1   [ RunTime:0.0007s ]
SQL: SELECT * FROM `information` WHERE ( id = 21 ) LIMIT 1   [ RunTime:0.0007s ]
SQL: SELECT * FROM `information` WHERE ( type = 1 and information_images_path != ""  ) ORDER BY id desc LIMIT 0,9   [ RunTime:0.0008s ]
INFO: [ view_parse ] --START--
INFO: [ template_filter ] --START--
INFO: Run Behavior\ContentReplaceBehavior [ RunTime:0.000197s ]
INFO: [ template_filter ] --END-- [ RunTime:0.000386s ]
NOTIC: [8] Use of undefined constant d - assumed 'd' C:\BUPT\PHP\WAMPserver\www\chaojing\Application\Runtime\Cache\Home\2a94b8bda04ff446dcedd42276fc99ee.php 第 138 行.
NOTIC: [8] Use of undefined constant Y - assumed 'Y' C:\BUPT\PHP\WAMPserver\www\chaojing\Application\Runtime\Cache\Home\2a94b8bda04ff446dcedd42276fc99ee.php 第 139 行.
NOTIC: [8] Use of undefined constant m - assumed 'm' C:\BUPT\PHP\WAMPserver\www\chaojing\Application\Runtime\Cache\Home\2a94b8bda04ff446dcedd42276fc99ee.php 第 139 行.
NOTIC: [8] Use of undefined constant Y年m月d日 - assumed 'Y年m月d日' C:\BUPT\PHP\WAMPserver\www\chaojing\Application\Runtime\Cache\Home\2a94b8bda04ff446dcedd42276fc99ee.php 第 168 行.
NOTIC: [8] Use of undefined constant Y年m月d日 - assumed 'Y年m月d日' C:\BUPT\PHP\WAMPserver\www\chaojing\Application\Runtime\Cache\Home\2a94b8bda04ff446dcedd42276fc99ee.php 第 168 行.
NOTIC: [8] Use of undefined constant Y年m月d日 - assumed 'Y年m月d日' C:\BUPT\PHP\WAMPserver\www\chaojing\Application\Runtime\Cache\Home\2a94b8bda04ff446dcedd42276fc99ee.php 第 168 行.
NOTIC: [8] Use of undefined constant Y年m月d日 - assumed 'Y年m月d日' C:\BUPT\PHP\WAMPserver\www\chaojing\Application\Runtime\Cache\Home\2a94b8bda04ff446dcedd42276fc99ee.php 第 168 行.
INFO: Run Behavior\ParseTemplateBehavior [ RunTime:0.033434s ]
INFO: [ view_parse ] --END-- [ RunTime:0.033718s ]
INFO: [ view_filter ] --START--
INFO: Run Behavior\WriteHtmlCacheBehavior [ RunTime:0.002080s ]
INFO: [ view_filter ] --END-- [ RunTime:0.002421s ]
INFO: [ app_end ] --START--
INFO: Run Behavior\ShowPageTraceBehavior [ RunTime:0.002813s ]
INFO: [ app_end ] --END-- [ RunTime:0.003213s ]

[ 2019-02-17T19:59:06+08:00 ] 127.0.0.1 /Public/attached/2018-09-19/jiancai.jpg
INFO: [ app_init ] --START--
INFO: Run Behavior\BuildLiteBehavior [ RunTime:0.000069s ]
INFO: [ app_init ] --END-- [ RunTime:0.001168s ]

[ 2019-02-17T19:59:15+08:00 ] 127.0.0.1 /home/Information/production
INFO: [ app_init ] --START--
INFO: Run Behavior\BuildLiteBehavior [ RunTime:0.000057s ]
INFO: [ app_init ] --END-- [ RunTime:0.001174s ]
INFO: [ app_begin ] --START--
INFO: Run Behavior\ReadHtmlCacheBehavior [ RunTime:0.001761s ]
INFO: [ app_begin ] --END-- [ RunTime:0.002001s ]
SQL: SHOW COLUMNS FROM `contact` [ RunTime:0.0043s ]
SQL: SELECT * FROM `contact` LIMIT 1   [ RunTime:0.0006s ]
SQL: SHOW COLUMNS FROM `production` [ RunTime:0.0120s ]
SQL: SELECT * FROM `production` WHERE ( type = "A" ) ORDER BY id desc LIMIT 0,12   [ RunTime:0.0012s ]
SQL: SELECT COUNT(*) AS tp_count FROM `production` WHERE ( type = "A" ) LIMIT 1   [ RunTime:0.0016s ]
SQL: SELECT * FROM `production` WHERE ( type = "B" ) ORDER BY id desc LIMIT 0,12   [ RunTime:0.0012s ]
SQL: SELECT COUNT(*) AS tp_count FROM `production` WHERE ( type = "B" ) LIMIT 1   [ RunTime:0.0008s ]
INFO: [ view_parse ] --START--
INFO: [ template_filter ] --START--
INFO: Run Behavior\ContentReplaceBehavior [ RunTime:0.000425s ]
INFO: [ template_filter ] --END-- [ RunTime:0.000848s ]
NOTIC: [8] Undefined variable: service C:\BUPT\PHP\WAMPserver\www\chaojing\Application\Runtime\Cache\Home\93634bf83262b5e3a9f0c19b6e581665.php 第 188 行.
NOTIC: [8] Undefined variable: service C:\BUPT\PHP\WAMPserver\www\chaojing\Application\Runtime\Cache\Home\93634bf83262b5e3a9f0c19b6e581665.php 第 196 行.
NOTIC: [8] Undefined variable: service C:\BUPT\PHP\WAMPserver\www\chaojing\Application\Runtime\Cache\Home\93634bf83262b5e3a9f0c19b6e581665.php 第 204 行.
NOTIC: [8] Undefined variable: service C:\BUPT\PHP\WAMPserver\www\chaojing\Application\Runtime\Cache\Home\93634bf83262b5e3a9f0c19b6e581665.php 第 212 行.
INFO: Run Behavior\ParseTemplateBehavior [ RunTime:0.066272s ]
INFO: [ view_parse ] --END-- [ RunTime:0.066724s ]
INFO: [ view_filter ] --START--
INFO: Run Behavior\WriteHtmlCacheBehavior [ RunTime:0.001419s ]
INFO: [ view_filter ] --END-- [ RunTime:0.001640s ]
INFO: [ app_end ] --START--
INFO: Run Behavior\ShowPageTraceBehavior [ RunTime:0.002137s ]
INFO: [ app_end ] --END-- [ RunTime:0.002411s ]

[ 2019-02-17T19:59:15+08:00 ] 127.0.0.1 /Public/attached/2018-09-19/tubiao2.jpg
INFO: [ app_init ] --START--
INFO: Run Behavior\BuildLiteBehavior [ RunTime:0.000097s ]
INFO: [ app_init ] --END-- [ RunTime:0.002055s ]

[ 2019-02-17T19:59:15+08:00 ] 127.0.0.1 /Public/attached/2018-09-19/dianying3.jpg
INFO: [ app_init ] --START--
INFO: Run Behavior\BuildLiteBehavior [ RunTime:0.000070s ]
INFO: [ app_init ] --END-- [ RunTime:0.001231s ]

[ 2019-02-17T19:59:15+08:00 ] 127.0.0.1 /Public/attached/2018-09-19/dili2.jpg
INFO: [ app_init ] --START--
INFO: Run Behavior\BuildLiteBehavior [ RunTime:0.000050s ]
INFO: [ app_init ] --END-- [ RunTime:0.001077s ]

[ 2019-02-17T19:59:15+08:00 ] 127.0.0.1 /Public/attached/2018-09-19/gongbao2.jpg
INFO: [ app_init ] --START--
INFO: Run Behavior\BuildLiteBehavior [ RunTime:0.000032s ]
INFO: [ app_init ] --END-- [ RunTime:0.000719s ]

[ 2019-02-17T19:59:19+08:00 ] 127.0.0.1 /home/Information/information
INFO: [ app_init ] --START--
INFO: Run Behavior\BuildLiteBehavior [ RunTime:0.000055s ]
INFO: [ app_init ] --END-- [ RunTime:0.001125s ]
INFO: [ app_begin ] --START--
INFO: Run Behavior\ReadHtmlCacheBehavior [ RunTime:0.002326s ]
INFO: [ app_begin ] --END-- [ RunTime:0.002640s ]
SQL: SHOW COLUMNS FROM `contact` [ RunTime:0.0090s ]
SQL: SELECT * FROM `contact` LIMIT 1   [ RunTime:0.0011s ]
SQL: SHOW COLUMNS FROM `information` [ RunTime:0.0084s ]
SQL: SELECT * FROM `information` WHERE ( type = 1 ) ORDER BY id desc LIMIT 0,9   [ RunTime:0.0012s ]
SQL: SELECT COUNT(*) AS tp_count FROM `information` WHERE ( type = 1 ) LIMIT 1   [ RunTime:0.0009s ]
INFO: [ view_parse ] --START--
INFO: [ template_filter ] --START--
INFO: Run Behavior\ContentReplaceBehavior [ RunTime:0.000404s ]
INFO: [ template_filter ] --END-- [ RunTime:0.000855s ]
NOTIC: [8] Use of undefined constant Y年m月d日 - assumed 'Y年m月d日' C:\BUPT\PHP\WAMPserver\www\chaojing\Application\Runtime\Cache\Home\01a1e56ae010515f5125848dc37f4991.php 第 148 行.
NOTIC: [8] Use of undefined constant Y年m月d日 - assumed 'Y年m月d日' C:\BUPT\PHP\WAMPserver\www\chaojing\Application\Runtime\Cache\Home\01a1e56ae010515f5125848dc37f4991.php 第 148 行.
NOTIC: [8] Use of undefined constant Y年m月d日 - assumed 'Y年m月d日' C:\BUPT\PHP\WAMPserver\www\chaojing\Application\Runtime\Cache\Home\01a1e56ae010515f5125848dc37f4991.php 第 148 行.
NOTIC: [8] Use of undefined constant Y年m月d日 - assumed 'Y年m月d日' C:\BUPT\PHP\WAMPserver\www\chaojing\Application\Runtime\Cache\Home\01a1e56ae010515f5125848dc37f4991.php 第 148 行.
INFO: Run Behavior\ParseTemplateBehavior [ RunTime:0.058182s ]
INFO: [ view_parse ] --END-- [ RunTime:0.058625s ]
INFO: [ view_filter ] --START--
INFO: Run Behavior\WriteHtmlCacheBehavior [ RunTime:0.003634s ]
INFO: [ view_filter ] --END-- [ RunTime:0.004008s ]
INFO: [ app_end ] --START--
INFO: Run Behavior\ShowPageTraceBehavior [ RunTime:0.005736s ]
INFO: [ app_end ] --END-- [ RunTime:0.006486s ]

[ 2019-02-17T19:59:20+08:00 ] 127.0.0.1 /Public/attached/2018-09-19/touzi.jpg
INFO: [ app_init ] --START--
INFO: Run Behavior\BuildLiteBehavior [ RunTime:0.000034s ]
INFO: [ app_init ] --END-- [ RunTime:0.000760s ]

[ 2019-02-17T19:59:20+08:00 ] 127.0.0.1 /Public/attached/2018-09-19/byc3.jpg
INFO: [ app_init ] --START--
INFO: Run Behavior\BuildLiteBehavior [ RunTime:0.000033s ]
INFO: [ app_init ] --END-- [ RunTime:0.000818s ]

[ 2019-02-17T19:59:20+08:00 ] 127.0.0.1 /Public/attached/2018-09-19/jiancai.jpg
INFO: [ app_init ] --START--
INFO: Run Behavior\BuildLiteBehavior [ RunTime:0.000049s ]
INFO: [ app_init ] --END-- [ RunTime:0.000784s ]

[ 2019-02-17T19:59:20+08:00 ] 127.0.0.1 /Public/attached/2018-09-19/sichuan.jpg
INFO: [ app_init ] --START--
INFO: Run Behavior\BuildLiteBehavior [ RunTime:0.000027s ]
INFO: [ app_init ] --END-- [ RunTime:0.000561s ]

[ 2019-02-17T19:59:25+08:00 ] 127.0.0.1 /home/Information/production
INFO: [ app_init ] --START--
INFO: Run Behavior\BuildLiteBehavior [ RunTime:0.000052s ]
INFO: [ app_init ] --END-- [ RunTime:0.001144s ]
INFO: [ app_begin ] --START--
INFO: Run Behavior\ReadHtmlCacheBehavior [ RunTime:0.003341s ]
INFO: [ app_begin ] --END-- [ RunTime:0.003577s ]
SQL: SHOW COLUMNS FROM `contact` [ RunTime:0.0027s ]
SQL: SELECT * FROM `contact` LIMIT 1   [ RunTime:0.0011s ]
SQL: SHOW COLUMNS FROM `production` [ RunTime:0.0091s ]
SQL: SELECT * FROM `production` WHERE ( type = "A" ) ORDER BY id desc LIMIT 0,12   [ RunTime:0.0011s ]
SQL: SELECT COUNT(*) AS tp_count FROM `production` WHERE ( type = "A" ) LIMIT 1   [ RunTime:0.0009s ]
SQL: SELECT * FROM `production` WHERE ( type = "B" ) ORDER BY id desc LIMIT 0,12   [ RunTime:0.0010s ]
SQL: SELECT COUNT(*) AS tp_count FROM `production` WHERE ( type = "B" ) LIMIT 1   [ RunTime:0.0008s ]
INFO: [ view_parse ] --START--
INFO: [ template_filter ] --START--
INFO: Run Behavior\ContentReplaceBehavior [ RunTime:0.000432s ]
INFO: [ template_filter ] --END-- [ RunTime:0.000861s ]
NOTIC: [8] Undefined variable: service C:\BUPT\PHP\WAMPserver\www\chaojing\Application\Runtime\Cache\Home\93634bf83262b5e3a9f0c19b6e581665.php 第 188 行.
NOTIC: [8] Undefined variable: service C:\BUPT\PHP\WAMPserver\www\chaojing\Application\Runtime\Cache\Home\93634bf83262b5e3a9f0c19b6e581665.php 第 196 行.
NOTIC: [8] Undefined variable: service C:\BUPT\PHP\WAMPserver\www\chaojing\Application\Runtime\Cache\Home\93634bf83262b5e3a9f0c19b6e581665.php 第 204 行.
NOTIC: [8] Undefined variable: service C:\BUPT\PHP\WAMPserver\www\chaojing\Application\Runtime\Cache\Home\93634bf83262b5e3a9f0c19b6e581665.php 第 212 行.
INFO: Run Behavior\ParseTemplateBehavior [ RunTime:0.065315s ]
INFO: [ view_parse ] --END-- [ RunTime:0.065729s ]
INFO: [ view_filter ] --START--
INFO: Run Behavior\WriteHtmlCacheBehavior [ RunTime:0.003164s ]
INFO: [ view_filter ] --END-- [ RunTime:0.003565s ]
INFO: [ app_end ] --START--
INFO: Run Behavior\ShowPageTraceBehavior [ RunTime:0.006185s ]
INFO: [ app_end ] --END-- [ RunTime:0.006596s ]

[ 2019-02-17T19:59:25+08:00 ] 127.0.0.1 /Public/attached/2018-09-19/dianying3.jpg
INFO: [ app_init ] --START--
INFO: Run Behavior\BuildLiteBehavior [ RunTime:0.000143s ]
INFO: [ app_init ] --END-- [ RunTime:0.003399s ]

[ 2019-02-17T19:59:25+08:00 ] 127.0.0.1 /Public/attached/2018-09-19/tubiao2.jpg
INFO: [ app_init ] --START--
INFO: Run Behavior\BuildLiteBehavior [ RunTime:0.000051s ]
INFO: [ app_init ] --END-- [ RunTime:0.001362s ]

[ 2019-02-17T19:59:25+08:00 ] 127.0.0.1 /Public/attached/2018-09-19/dili2.jpg
INFO: [ app_init ] --START--
INFO: Run Behavior\BuildLiteBehavior [ RunTime:0.000049s ]
INFO: [ app_init ] --END-- [ RunTime:0.000868s ]

[ 2019-02-17T19:59:25+08:00 ] 127.0.0.1 /Public/attached/2018-09-19/gongbao2.jpg
INFO: [ app_init ] --START--
INFO: Run Behavior\BuildLiteBehavior [ RunTime:0.000050s ]
INFO: [ app_init ] --END-- [ RunTime:0.001115s ]

[ 2019-02-17T21:26:33+08:00 ] 127.0.0.1 /
INFO: [ app_init ] --START--
INFO: Run Behavior\BuildLiteBehavior [ RunTime:0.000092s ]
INFO: [ app_init ] --END-- [ RunTime:0.002335s ]
INFO: [ app_begin ] --START--
INFO: Run Behavior\ReadHtmlCacheBehavior [ RunTime:0.004592s ]
INFO: [ app_begin ] --END-- [ RunTime:0.005470s ]
SQL: SHOW COLUMNS FROM `home_image` [ RunTime:0.0099s ]
SQL: SELECT * FROM `home_image` WHERE ( id not in (select max(id) from home_image) ) ORDER BY id desc  [ RunTime:0.0095s ]
SQL: SELECT * FROM `home_image` WHERE ( id in (select max(id) from home_image) ) LIMIT 1   [ RunTime:0.0013s ]
SQL: SELECT COUNT(*) AS tp_count FROM `home_image` LIMIT 1   [ RunTime:0.0008s ]
SQL: SHOW COLUMNS FROM `contact` [ RunTime:0.0098s ]
SQL: SELECT * FROM `contact` LIMIT 1   [ RunTime:0.0011s ]
SQL: SHOW COLUMNS FROM `information` [ RunTime:0.0091s ]
SQL: SELECT * FROM `information` WHERE ( if_special = 1 ) LIMIT 1   [ RunTime:0.0011s ]
SQL: SELECT * FROM `information` WHERE ( id = 21 ) LIMIT 1   [ RunTime:0.0011s ]
SQL: SELECT * FROM `information` WHERE ( type = 1 and information_images_path != ""  ) ORDER BY id desc LIMIT 0,9   [ RunTime:0.0012s ]
INFO: [ view_parse ] --START--
INFO: [ template_filter ] --START--
INFO: Run Behavior\ContentReplaceBehavior [ RunTime:0.000715s ]
INFO: [ template_filter ] --END-- [ RunTime:0.001481s ]
NOTIC: [8] Use of undefined constant d - assumed 'd' C:\BUPT\PHP\WAMPserver\www\chaojing\Application\Runtime\Cache\Home\2a94b8bda04ff446dcedd42276fc99ee.php 第 138 行.
NOTIC: [8] Use of undefined constant Y - assumed 'Y' C:\BUPT\PHP\WAMPserver\www\chaojing\Application\Runtime\Cache\Home\2a94b8bda04ff446dcedd42276fc99ee.php 第 139 行.
NOTIC: [8] Use of undefined constant m - assumed 'm' C:\BUPT\PHP\WAMPserver\www\chaojing\Application\Runtime\Cache\Home\2a94b8bda04ff446dcedd42276fc99ee.php 第 139 行.
NOTIC: [8] Use of undefined constant Y年m月d日 - assumed 'Y年m月d日' C:\BUPT\PHP\WAMPserver\www\chaojing\Application\Runtime\Cache\Home\2a94b8bda04ff446dcedd42276fc99ee.php 第 168 行.
NOTIC: [8] Use of undefined constant Y年m月d日 - assumed 'Y年m月d日' C:\BUPT\PHP\WAMPserver\www\chaojing\Application\Runtime\Cache\Home\2a94b8bda04ff446dcedd42276fc99ee.php 第 168 行.
NOTIC: [8] Use of undefined constant Y年m月d日 - assumed 'Y年m月d日' C:\BUPT\PHP\WAMPserver\www\chaojing\Application\Runtime\Cache\Home\2a94b8bda04ff446dcedd42276fc99ee.php 第 168 行.
NOTIC: [8] Use of undefined constant Y年m月d日 - assumed 'Y年m月d日' C:\BUPT\PHP\WAMPserver\www\chaojing\Application\Runtime\Cache\Home\2a94b8bda04ff446dcedd42276fc99ee.php 第 168 行.
INFO: Run Behavior\ParseTemplateBehavior [ RunTime:0.078774s ]
INFO: [ view_parse ] --END-- [ RunTime:0.079109s ]
INFO: [ view_filter ] --START--
INFO: Run Behavior\WriteHtmlCacheBehavior [ RunTime:0.002188s ]
INFO: [ view_filter ] --END-- [ RunTime:0.002426s ]
INFO: [ app_end ] --START--
INFO: Run Behavior\ShowPageTraceBehavior [ RunTime:0.002443s ]
INFO: [ app_end ] --END-- [ RunTime:0.002724s ]

[ 2019-02-17T21:26:33+08:00 ] 127.0.0.1 /Public/attached/2018-09-19/jiancai.jpg
INFO: [ app_init ] --START--
INFO: Run Behavior\BuildLiteBehavior [ RunTime:0.000028s ]
INFO: [ app_init ] --END-- [ RunTime:0.000658s ]

