[ 2019-01-15T11:09:57+08:00 ] ::1 /
INFO: [ app_init ] --START--
INFO: Run Behavior\BuildLiteBehavior [ RunTime:0.000053s ]
INFO: [ app_init ] --END-- [ RunTime:0.001135s ]
INFO: [ app_begin ] --START--
INFO: Run Behavior\ReadHtmlCacheBehavior [ RunTime:0.000998s ]
INFO: [ app_begin ] --END-- [ RunTime:0.001138s ]
SQL: SHOW COLUMNS FROM `home_image` [ RunTime:0.0470s ]
SQL: SELECT * FROM `home_image` WHERE ( id not in (select max(id) from home_image) ) ORDER BY id desc  [ RunTime:0.0078s ]
SQL: SELECT * FROM `home_image` WHERE ( id in (select max(id) from home_image) ) LIMIT 1   [ RunTime:0.0007s ]
SQL: SELECT COUNT(*) AS tp_count FROM `home_image` LIMIT 1   [ RunTime:0.0021s ]
SQL: SHOW COLUMNS FROM `contact` [ RunTime:0.0109s ]
SQL: SELECT * FROM `contact` LIMIT 1   [ RunTime:0.0009s ]
SQL: SHOW COLUMNS FROM `information` [ RunTime:0.0081s ]
SQL: SELECT * FROM `information` WHERE ( if_special = 1 ) LIMIT 1   [ RunTime:0.0016s ]
SQL: SELECT * FROM `information` WHERE ( id = 21 ) LIMIT 1   [ RunTime:0.0004s ]
SQL: SELECT * FROM `information` WHERE ( type = 1 and information_images_path != ""  ) ORDER BY id desc LIMIT 0,9   [ RunTime:0.0005s ]
INFO: [ view_parse ] --START--
INFO: [ template_filter ] --START--
INFO: Run Behavior\ContentReplaceBehavior [ RunTime:0.000267s ]
INFO: [ template_filter ] --END-- [ RunTime:0.000499s ]
NOTIC: [8] Use of undefined constant d - assumed 'd' /Applications/MAMP/htdocs/cj/Application/Runtime/Cache/Home/2a94b8bda04ff446dcedd42276fc99ee.php 第 138 行.
NOTIC: [8] Use of undefined constant Y - assumed 'Y' /Applications/MAMP/htdocs/cj/Application/Runtime/Cache/Home/2a94b8bda04ff446dcedd42276fc99ee.php 第 139 行.
NOTIC: [8] Use of undefined constant m - assumed 'm' /Applications/MAMP/htdocs/cj/Application/Runtime/Cache/Home/2a94b8bda04ff446dcedd42276fc99ee.php 第 139 行.
NOTIC: [8] Use of undefined constant Y年m月d日 - assumed 'Y年m月d日' /Applications/MAMP/htdocs/cj/Application/Runtime/Cache/Home/2a94b8bda04ff446dcedd42276fc99ee.php 第 168 行.
NOTIC: [8] Use of undefined constant Y年m月d日 - assumed 'Y年m月d日' /Applications/MAMP/htdocs/cj/Application/Runtime/Cache/Home/2a94b8bda04ff446dcedd42276fc99ee.php 第 168 行.
NOTIC: [8] Use of undefined constant Y年m月d日 - assumed 'Y年m月d日' /Applications/MAMP/htdocs/cj/Application/Runtime/Cache/Home/2a94b8bda04ff446dcedd42276fc99ee.php 第 168 行.
INFO: Run Behavior\ParseTemplateBehavior [ RunTime:0.027409s ]
INFO: [ view_parse ] --END-- [ RunTime:0.027533s ]
INFO: [ view_filter ] --START--
INFO: Run Behavior\WriteHtmlCacheBehavior [ RunTime:0.000840s ]
INFO: [ view_filter ] --END-- [ RunTime:0.000961s ]
INFO: [ app_end ] --START--
INFO: Run Behavior\ShowPageTraceBehavior [ RunTime:0.001346s ]
INFO: [ app_end ] --END-- [ RunTime:0.001487s ]

[ 2019-01-15T11:10:05+08:00 ] ::1 /
INFO: [ app_init ] --START--
INFO: Run Behavior\BuildLiteBehavior [ RunTime:0.000036s ]
INFO: [ app_init ] --END-- [ RunTime:0.000656s ]
INFO: [ app_begin ] --START--
INFO: Run Behavior\ReadHtmlCacheBehavior [ RunTime:0.000697s ]
INFO: [ app_begin ] --END-- [ RunTime:0.000839s ]
SQL: SHOW COLUMNS FROM `home_image` [ RunTime:0.0050s ]
SQL: SELECT * FROM `home_image` WHERE ( id not in (select max(id) from home_image) ) ORDER BY id desc  [ RunTime:0.0005s ]
SQL: SELECT * FROM `home_image` WHERE ( id in (select max(id) from home_image) ) LIMIT 1   [ RunTime:0.0004s ]
SQL: SELECT COUNT(*) AS tp_count FROM `home_image` LIMIT 1   [ RunTime:0.0006s ]
SQL: SHOW COLUMNS FROM `contact` [ RunTime:0.0035s ]
SQL: SELECT * FROM `contact` LIMIT 1   [ RunTime:0.0010s ]
SQL: SHOW COLUMNS FROM `information` [ RunTime:0.0059s ]
SQL: SELECT * FROM `information` WHERE ( if_special = 1 ) LIMIT 1   [ RunTime:0.0008s ]
SQL: SELECT * FROM `information` WHERE ( id = 21 ) LIMIT 1   [ RunTime:0.0008s ]
SQL: SELECT * FROM `information` WHERE ( type = 1 and information_images_path != ""  ) ORDER BY id desc LIMIT 0,9   [ RunTime:0.0007s ]
INFO: [ view_parse ] --START--
INFO: [ template_filter ] --START--
INFO: Run Behavior\ContentReplaceBehavior [ RunTime:0.000209s ]
INFO: [ template_filter ] --END-- [ RunTime:0.000306s ]
NOTIC: [8] Use of undefined constant d - assumed 'd' /Applications/MAMP/htdocs/cj/Application/Runtime/Cache/Home/2a94b8bda04ff446dcedd42276fc99ee.php 第 138 行.
NOTIC: [8] Use of undefined constant Y - assumed 'Y' /Applications/MAMP/htdocs/cj/Application/Runtime/Cache/Home/2a94b8bda04ff446dcedd42276fc99ee.php 第 139 行.
NOTIC: [8] Use of undefined constant m - assumed 'm' /Applications/MAMP/htdocs/cj/Application/Runtime/Cache/Home/2a94b8bda04ff446dcedd42276fc99ee.php 第 139 行.
NOTIC: [8] Use of undefined constant Y年m月d日 - assumed 'Y年m月d日' /Applications/MAMP/htdocs/cj/Application/Runtime/Cache/Home/2a94b8bda04ff446dcedd42276fc99ee.php 第 168 行.
NOTIC: [8] Use of undefined constant Y年m月d日 - assumed 'Y年m月d日' /Applications/MAMP/htdocs/cj/Application/Runtime/Cache/Home/2a94b8bda04ff446dcedd42276fc99ee.php 第 168 行.
NOTIC: [8] Use of undefined constant Y年m月d日 - assumed 'Y年m月d日' /Applications/MAMP/htdocs/cj/Application/Runtime/Cache/Home/2a94b8bda04ff446dcedd42276fc99ee.php 第 168 行.
INFO: Run Behavior\ParseTemplateBehavior [ RunTime:0.015130s ]
INFO: [ view_parse ] --END-- [ RunTime:0.015304s ]
INFO: [ view_filter ] --START--
INFO: Run Behavior\WriteHtmlCacheBehavior [ RunTime:0.000261s ]
INFO: [ view_filter ] --END-- [ RunTime:0.000512s ]
INFO: [ app_end ] --START--
INFO: Run Behavior\ShowPageTraceBehavior [ RunTime:0.000809s ]
INFO: [ app_end ] --END-- [ RunTime:0.001054s ]

[ 2019-01-15T11:11:45+08:00 ] ::1 /home/Information/aboutUs
INFO: [ app_init ] --START--
INFO: Run Behavior\BuildLiteBehavior [ RunTime:0.000039s ]
INFO: [ app_init ] --END-- [ RunTime:0.000615s ]
INFO: [ app_begin ] --START--
INFO: Run Behavior\ReadHtmlCacheBehavior [ RunTime:0.000528s ]
INFO: [ app_begin ] --END-- [ RunTime:0.000629s ]
SQL: SHOW COLUMNS FROM `contact` [ RunTime:0.0025s ]
SQL: SELECT * FROM `contact` LIMIT 1   [ RunTime:0.0003s ]
SQL: SHOW COLUMNS FROM `aboutus` [ RunTime:0.0027s ]
SQL: SELECT * FROM `aboutus` WHERE ( type =1 ) LIMIT 1   [ RunTime:0.0003s ]
SQL: SELECT * FROM `aboutus` WHERE ( type =2 and sortby = 1 )  [ RunTime:0.0003s ]
SQL: SELECT * FROM `aboutus` WHERE ( type =2 and sortby = 2 )  [ RunTime:0.0003s ]
INFO: [ view_parse ] --START--
INFO: [ template_filter ] --START--
INFO: Run Behavior\ContentReplaceBehavior [ RunTime:0.000190s ]
INFO: [ template_filter ] --END-- [ RunTime:0.000281s ]
INFO: Run Behavior\ParseTemplateBehavior [ RunTime:0.011139s ]
INFO: [ view_parse ] --END-- [ RunTime:0.011261s ]
INFO: [ view_filter ] --START--
INFO: Run Behavior\WriteHtmlCacheBehavior [ RunTime:0.000339s ]
INFO: [ view_filter ] --END-- [ RunTime:0.000438s ]
INFO: [ app_end ] --START--
INFO: Run Behavior\ShowPageTraceBehavior [ RunTime:0.000807s ]
INFO: [ app_end ] --END-- [ RunTime:0.000966s ]

[ 2019-01-15T11:12:35+08:00 ] ::1 /home/Information/production
INFO: [ app_init ] --START--
INFO: Run Behavior\BuildLiteBehavior [ RunTime:0.000023s ]
INFO: [ app_init ] --END-- [ RunTime:0.000462s ]
INFO: [ app_begin ] --START--
INFO: Run Behavior\ReadHtmlCacheBehavior [ RunTime:0.000789s ]
INFO: [ app_begin ] --END-- [ RunTime:0.001104s ]
SQL: SHOW COLUMNS FROM `contact` [ RunTime:0.0013s ]
SQL: SELECT * FROM `contact` LIMIT 1   [ RunTime:0.0004s ]
SQL: SHOW COLUMNS FROM `production` [ RunTime:0.0035s ]
SQL: SELECT * FROM `production` WHERE ( type = "A" ) ORDER BY id desc LIMIT 0,12   [ RunTime:0.0008s ]
SQL: SELECT COUNT(*) AS tp_count FROM `production` WHERE ( type = "A" ) LIMIT 1   [ RunTime:0.0004s ]
SQL: SELECT * FROM `production` WHERE ( type = "B" ) ORDER BY id desc LIMIT 0,12   [ RunTime:0.0004s ]
SQL: SELECT COUNT(*) AS tp_count FROM `production` WHERE ( type = "B" ) LIMIT 1   [ RunTime:0.0003s ]
INFO: [ view_parse ] --START--
INFO: [ template_filter ] --START--
INFO: Run Behavior\ContentReplaceBehavior [ RunTime:0.000168s ]
INFO: [ template_filter ] --END-- [ RunTime:0.000254s ]
NOTIC: [8] Undefined variable: service /Applications/MAMP/htdocs/cj/Application/Runtime/Cache/Home/93634bf83262b5e3a9f0c19b6e581665.php 第 188 行.
NOTIC: [8] Undefined variable: service /Applications/MAMP/htdocs/cj/Application/Runtime/Cache/Home/93634bf83262b5e3a9f0c19b6e581665.php 第 196 行.
NOTIC: [8] Undefined variable: service /Applications/MAMP/htdocs/cj/Application/Runtime/Cache/Home/93634bf83262b5e3a9f0c19b6e581665.php 第 204 行.
NOTIC: [8] Undefined variable: service /Applications/MAMP/htdocs/cj/Application/Runtime/Cache/Home/93634bf83262b5e3a9f0c19b6e581665.php 第 212 行.
INFO: Run Behavior\ParseTemplateBehavior [ RunTime:0.011684s ]
INFO: [ view_parse ] --END-- [ RunTime:0.011787s ]
INFO: [ view_filter ] --START--
INFO: Run Behavior\WriteHtmlCacheBehavior [ RunTime:0.000211s ]
INFO: [ view_filter ] --END-- [ RunTime:0.000282s ]
INFO: [ app_end ] --START--
INFO: Run Behavior\ShowPageTraceBehavior [ RunTime:0.000702s ]
INFO: [ app_end ] --END-- [ RunTime:0.000803s ]

[ 2019-01-15T11:12:56+08:00 ] ::1 /index.php/home/Information/productionDetail.html?type=B&id=13
INFO: [ app_init ] --START--
INFO: Run Behavior\BuildLiteBehavior [ RunTime:0.000024s ]
INFO: [ app_init ] --END-- [ RunTime:0.000436s ]
INFO: [ app_begin ] --START--
INFO: Run Behavior\ReadHtmlCacheBehavior [ RunTime:0.000654s ]
INFO: [ app_begin ] --END-- [ RunTime:0.000766s ]
SQL: SHOW COLUMNS FROM `production` [ RunTime:0.0040s ]
SQL: SELECT * FROM `production` WHERE ( id =13 ) LIMIT 1   [ RunTime:0.0005s ]
SQL: SHOW COLUMNS FROM `contact` [ RunTime:0.0017s ]
SQL: SELECT * FROM `contact` LIMIT 1   [ RunTime:0.0003s ]
INFO: [ view_parse ] --START--
INFO: [ template_filter ] --START--
INFO: Run Behavior\ContentReplaceBehavior [ RunTime:0.000156s ]
INFO: [ template_filter ] --END-- [ RunTime:0.000248s ]
NOTIC: [8] Use of undefined constant A - assumed 'A' /Applications/MAMP/htdocs/cj/Application/Runtime/Cache/Home/4b5f5787049bf57f8c63cfe93d9456fa.php 第 123 行.
INFO: Run Behavior\ParseTemplateBehavior [ RunTime:0.007834s ]
INFO: [ view_parse ] --END-- [ RunTime:0.007927s ]
INFO: [ view_filter ] --START--
INFO: Run Behavior\WriteHtmlCacheBehavior [ RunTime:0.000371s ]
INFO: [ view_filter ] --END-- [ RunTime:0.000500s ]
INFO: [ app_end ] --START--
INFO: Run Behavior\ShowPageTraceBehavior [ RunTime:0.001912s ]
INFO: [ app_end ] --END-- [ RunTime:0.002154s ]

[ 2019-01-15T11:13:30+08:00 ] ::1 /home/Information/information
INFO: [ app_init ] --START--
INFO: Run Behavior\BuildLiteBehavior [ RunTime:0.000101s ]
INFO: [ app_init ] --END-- [ RunTime:0.000797s ]
INFO: [ app_begin ] --START--
INFO: Run Behavior\ReadHtmlCacheBehavior [ RunTime:0.000545s ]
INFO: [ app_begin ] --END-- [ RunTime:0.000652s ]
SQL: SHOW COLUMNS FROM `contact` [ RunTime:0.0042s ]
SQL: SELECT * FROM `contact` LIMIT 1   [ RunTime:0.0003s ]
SQL: SHOW COLUMNS FROM `information` [ RunTime:0.0023s ]
SQL: SELECT * FROM `information` WHERE ( type = 1 ) ORDER BY id desc LIMIT 0,9   [ RunTime:0.0004s ]
SQL: SELECT COUNT(*) AS tp_count FROM `information` WHERE ( type = 1 ) LIMIT 1   [ RunTime:0.0003s ]
INFO: [ view_parse ] --START--
INFO: [ template_filter ] --START--
INFO: Run Behavior\ContentReplaceBehavior [ RunTime:0.000200s ]
INFO: [ template_filter ] --END-- [ RunTime:0.000291s ]
NOTIC: [8] Use of undefined constant Y年m月d日 - assumed 'Y年m月d日' /Applications/MAMP/htdocs/cj/Application/Runtime/Cache/Home/01a1e56ae010515f5125848dc37f4991.php 第 148 行.
NOTIC: [8] Use of undefined constant Y年m月d日 - assumed 'Y年m月d日' /Applications/MAMP/htdocs/cj/Application/Runtime/Cache/Home/01a1e56ae010515f5125848dc37f4991.php 第 148 行.
NOTIC: [8] Use of undefined constant Y年m月d日 - assumed 'Y年m月d日' /Applications/MAMP/htdocs/cj/Application/Runtime/Cache/Home/01a1e56ae010515f5125848dc37f4991.php 第 148 行.
INFO: Run Behavior\ParseTemplateBehavior [ RunTime:0.013962s ]
INFO: [ view_parse ] --END-- [ RunTime:0.014069s ]
INFO: [ view_filter ] --START--
INFO: Run Behavior\WriteHtmlCacheBehavior [ RunTime:0.000183s ]
INFO: [ view_filter ] --END-- [ RunTime:0.000253s ]
INFO: [ app_end ] --START--
INFO: Run Behavior\ShowPageTraceBehavior [ RunTime:0.000666s ]
INFO: [ app_end ] --END-- [ RunTime:0.000822s ]

