[ 2019-03-08T13:53:07+08:00 ] 127.0.0.1 /Home/Information/news
INFO: [ app_init ] --START--
INFO: Run Behavior\BuildLiteBehavior [ RunTime:0.000045s ]
INFO: [ app_init ] --END-- [ RunTime:0.001020s ]
INFO: [ app_begin ] --START--
INFO: Run Behavior\ReadHtmlCacheBehavior [ RunTime:0.001125s ]
INFO: [ app_begin ] --END-- [ RunTime:0.001298s ]
SQL: SHOW COLUMNS FROM `footer` [ RunTime:0.0185s ]
SQL: SELECT * FROM `footer` LIMIT 1   [ RunTime:0.0048s ]
SQL: SHOW COLUMNS FROM `news` [ RunTime:0.0126s ]
SQL: SELECT * FROM `news` WHERE ( type=0 ) ORDER BY id desc LIMIT 0,4   [ RunTime:0.0066s ]
SQL: SELECT COUNT(*) AS tp_count FROM `news` WHERE ( type = 0 ) LIMIT 1   [ RunTime:0.0055s ]
SQL: SELECT * FROM `news` WHERE ( type=1 ) ORDER BY id desc LIMIT 0,4   [ RunTime:0.0053s ]
SQL: SELECT COUNT(*) AS tp_count FROM `news` WHERE ( type = 1 ) LIMIT 1   [ RunTime:0.0077s ]
INFO: [ view_parse ] --START--
INFO: [ template_filter ] --START--
INFO: Run Behavior\ContentReplaceBehavior [ RunTime:0.000265s ]
INFO: [ template_filter ] --END-- [ RunTime:0.000672s ]
INFO: Run Behavior\ParseTemplateBehavior [ RunTime:0.062663s ]
INFO: [ view_parse ] --END-- [ RunTime:0.063339s ]
INFO: [ view_filter ] --START--
INFO: Run Behavior\WriteHtmlCacheBehavior [ RunTime:0.002772s ]
INFO: [ view_filter ] --END-- [ RunTime:0.003250s ]
INFO: [ app_end ] --START--
INFO: Run Behavior\ShowPageTraceBehavior [ RunTime:0.003706s ]
INFO: [ app_end ] --END-- [ RunTime:0.004142s ]

[ 2019-03-08T13:53:12+08:00 ] 127.0.0.1 /index.php/home/Information/newDetail.html?type=1&id=10
INFO: [ app_init ] --START--
INFO: Run Behavior\BuildLiteBehavior [ RunTime:0.000028s ]
INFO: [ app_init ] --END-- [ RunTime:0.000543s ]
INFO: [ app_begin ] --START--
INFO: Run Behavior\ReadHtmlCacheBehavior [ RunTime:0.000629s ]
INFO: [ app_begin ] --END-- [ RunTime:0.000765s ]
SQL: SHOW COLUMNS FROM `footer` [ RunTime:0.0200s ]
SQL: SELECT * FROM `footer` LIMIT 1   [ RunTime:0.0059s ]
SQL: SHOW COLUMNS FROM `news` [ RunTime:0.0108s ]
SQL: SELECT * FROM `news` WHERE ( id = 10 ) LIMIT 1   [ RunTime:0.0052s ]
INFO: [ view_parse ] --START--
INFO: [ template_filter ] --START--
INFO: Run Behavior\ContentReplaceBehavior [ RunTime:0.000089s ]
INFO: [ template_filter ] --END-- [ RunTime:0.000230s ]
INFO: Run Behavior\ParseTemplateBehavior [ RunTime:0.016433s ]
INFO: [ view_parse ] --END-- [ RunTime:0.016620s ]
INFO: [ view_filter ] --START--
INFO: Run Behavior\WriteHtmlCacheBehavior [ RunTime:0.000739s ]
INFO: [ view_filter ] --END-- [ RunTime:0.000866s ]
INFO: [ app_end ] --START--
INFO: Run Behavior\ShowPageTraceBehavior [ RunTime:0.000955s ]
INFO: [ app_end ] --END-- [ RunTime:0.001096s ]

[ 2019-03-08T13:53:16+08:00 ] 127.0.0.1 /index.php/home/Information/newDetail.html?type=1&id=6
INFO: [ app_init ] --START--
INFO: Run Behavior\BuildLiteBehavior [ RunTime:0.000028s ]
INFO: [ app_init ] --END-- [ RunTime:0.000536s ]
INFO: [ app_begin ] --START--
INFO: Run Behavior\ReadHtmlCacheBehavior [ RunTime:0.000642s ]
INFO: [ app_begin ] --END-- [ RunTime:0.000781s ]
SQL: SHOW COLUMNS FROM `footer` [ RunTime:0.0194s ]
SQL: SELECT * FROM `footer` LIMIT 1   [ RunTime:0.0075s ]
SQL: SHOW COLUMNS FROM `news` [ RunTime:0.0130s ]
SQL: SELECT * FROM `news` WHERE ( id = 6 ) LIMIT 1   [ RunTime:0.0058s ]
INFO: [ view_parse ] --START--
INFO: [ template_filter ] --START--
INFO: Run Behavior\ContentReplaceBehavior [ RunTime:0.000366s ]
INFO: [ template_filter ] --END-- [ RunTime:0.000916s ]
INFO: Run Behavior\ParseTemplateBehavior [ RunTime:0.046053s ]
INFO: [ view_parse ] --END-- [ RunTime:0.046440s ]
INFO: [ view_filter ] --START--
INFO: Run Behavior\WriteHtmlCacheBehavior [ RunTime:0.001651s ]
INFO: [ view_filter ] --END-- [ RunTime:0.001991s ]
INFO: [ app_end ] --START--
INFO: Run Behavior\ShowPageTraceBehavior [ RunTime:0.001896s ]
INFO: [ app_end ] --END-- [ RunTime:0.002139s ]

[ 2019-03-08T13:53:21+08:00 ] 127.0.0.1 /index.php/Information/news/p/2.html
INFO: [ app_init ] --START--
INFO: Run Behavior\BuildLiteBehavior [ RunTime:0.000028s ]
INFO: [ app_init ] --END-- [ RunTime:0.000526s ]
INFO: [ app_begin ] --START--
INFO: Run Behavior\ReadHtmlCacheBehavior [ RunTime:0.000648s ]
INFO: [ app_begin ] --END-- [ RunTime:0.000787s ]
SQL: SHOW COLUMNS FROM `footer` [ RunTime:0.0150s ]
SQL: SELECT * FROM `footer` LIMIT 1   [ RunTime:0.0066s ]
SQL: SHOW COLUMNS FROM `news` [ RunTime:0.0117s ]
SQL: SELECT * FROM `news` WHERE ( type=0 ) ORDER BY id desc LIMIT 4,4   [ RunTime:0.0061s ]
SQL: SELECT COUNT(*) AS tp_count FROM `news` WHERE ( type = 0 ) LIMIT 1   [ RunTime:0.0045s ]
SQL: SELECT * FROM `news` WHERE ( type=1 ) ORDER BY id desc LIMIT 0,4   [ RunTime:0.0088s ]
SQL: SELECT COUNT(*) AS tp_count FROM `news` WHERE ( type = 1 ) LIMIT 1   [ RunTime:0.0053s ]
INFO: [ view_parse ] --START--
INFO: [ template_filter ] --START--
INFO: Run Behavior\ContentReplaceBehavior [ RunTime:0.000221s ]
INFO: [ template_filter ] --END-- [ RunTime:0.000552s ]
INFO: Run Behavior\ParseTemplateBehavior [ RunTime:0.040255s ]
INFO: [ view_parse ] --END-- [ RunTime:0.040838s ]
INFO: [ view_filter ] --START--
INFO: Run Behavior\WriteHtmlCacheBehavior [ RunTime:0.002269s ]
INFO: [ view_filter ] --END-- [ RunTime:0.002643s ]
INFO: [ app_end ] --START--
INFO: Run Behavior\ShowPageTraceBehavior [ RunTime:0.003206s ]
INFO: [ app_end ] --END-- [ RunTime:0.003561s ]

[ 2019-03-08T13:53:33+08:00 ] 127.0.0.1 /index.php/Information/news/p/1.html
INFO: [ app_init ] --START--
INFO: Run Behavior\BuildLiteBehavior [ RunTime:0.000028s ]
INFO: [ app_init ] --END-- [ RunTime:0.000614s ]
INFO: [ app_begin ] --START--
INFO: Run Behavior\ReadHtmlCacheBehavior [ RunTime:0.000868s ]
INFO: [ app_begin ] --END-- [ RunTime:0.001016s ]
SQL: SHOW COLUMNS FROM `footer` [ RunTime:0.0121s ]
SQL: SELECT * FROM `footer` LIMIT 1   [ RunTime:0.0057s ]
SQL: SHOW COLUMNS FROM `news` [ RunTime:0.0168s ]
SQL: SELECT * FROM `news` WHERE ( type=0 ) ORDER BY id desc LIMIT 0,4   [ RunTime:0.0065s ]
SQL: SELECT COUNT(*) AS tp_count FROM `news` WHERE ( type = 0 ) LIMIT 1   [ RunTime:0.0046s ]
SQL: SELECT * FROM `news` WHERE ( type=1 ) ORDER BY id desc LIMIT 0,4   [ RunTime:0.0057s ]
SQL: SELECT COUNT(*) AS tp_count FROM `news` WHERE ( type = 1 ) LIMIT 1   [ RunTime:0.0057s ]
INFO: [ view_parse ] --START--
INFO: [ template_filter ] --START--
INFO: Run Behavior\ContentReplaceBehavior [ RunTime:0.000090s ]
INFO: [ template_filter ] --END-- [ RunTime:0.000226s ]
INFO: Run Behavior\ParseTemplateBehavior [ RunTime:0.018400s ]
INFO: [ view_parse ] --END-- [ RunTime:0.018761s ]
INFO: [ view_filter ] --START--
INFO: Run Behavior\WriteHtmlCacheBehavior [ RunTime:0.001442s ]
INFO: [ view_filter ] --END-- [ RunTime:0.001908s ]
INFO: [ app_end ] --START--
INFO: Run Behavior\ShowPageTraceBehavior [ RunTime:0.001490s ]
INFO: [ app_end ] --END-- [ RunTime:0.001693s ]

[ 2019-03-08T13:53:39+08:00 ] 127.0.0.1 /index.php/Information/news/p/2.html
INFO: [ app_init ] --START--
INFO: Run Behavior\BuildLiteBehavior [ RunTime:0.000070s ]
INFO: [ app_init ] --END-- [ RunTime:0.000914s ]
INFO: [ app_begin ] --START--
INFO: Run Behavior\ReadHtmlCacheBehavior [ RunTime:0.000753s ]
INFO: [ app_begin ] --END-- [ RunTime:0.000914s ]
SQL: SHOW COLUMNS FROM `footer` [ RunTime:0.0140s ]
SQL: SELECT * FROM `footer` LIMIT 1   [ RunTime:0.0111s ]
SQL: SHOW COLUMNS FROM `news` [ RunTime:0.0106s ]
SQL: SELECT * FROM `news` WHERE ( type=0 ) ORDER BY id desc LIMIT 4,4   [ RunTime:0.0041s ]
SQL: SELECT COUNT(*) AS tp_count FROM `news` WHERE ( type = 0 ) LIMIT 1   [ RunTime:0.0038s ]
SQL: SELECT * FROM `news` WHERE ( type=1 ) ORDER BY id desc LIMIT 0,4   [ RunTime:0.0056s ]
SQL: SELECT COUNT(*) AS tp_count FROM `news` WHERE ( type = 1 ) LIMIT 1   [ RunTime:0.0062s ]
INFO: [ view_parse ] --START--
INFO: [ template_filter ] --START--
INFO: Run Behavior\ContentReplaceBehavior [ RunTime:0.000095s ]
INFO: [ template_filter ] --END-- [ RunTime:0.000236s ]
INFO: Run Behavior\ParseTemplateBehavior [ RunTime:0.017393s ]
INFO: [ view_parse ] --END-- [ RunTime:0.017582s ]
INFO: [ view_filter ] --START--
INFO: Run Behavior\WriteHtmlCacheBehavior [ RunTime:0.000785s ]
INFO: [ view_filter ] --END-- [ RunTime:0.000905s ]
INFO: [ app_end ] --START--
INFO: Run Behavior\ShowPageTraceBehavior [ RunTime:0.000879s ]
INFO: [ app_end ] --END-- [ RunTime:0.000999s ]

[ 2019-03-08T13:53:41+08:00 ] 127.0.0.1 /index.php/Information/news/p/1.html
INFO: [ app_init ] --START--
INFO: Run Behavior\BuildLiteBehavior [ RunTime:0.000042s ]
INFO: [ app_init ] --END-- [ RunTime:0.000788s ]
INFO: [ app_begin ] --START--
INFO: Run Behavior\ReadHtmlCacheBehavior [ RunTime:0.004650s ]
INFO: [ app_begin ] --END-- [ RunTime:0.004879s ]
SQL: SHOW COLUMNS FROM `footer` [ RunTime:0.0109s ]
SQL: SELECT * FROM `footer` LIMIT 1   [ RunTime:0.0050s ]
SQL: SHOW COLUMNS FROM `news` [ RunTime:0.0099s ]
SQL: SELECT * FROM `news` WHERE ( type=0 ) ORDER BY id desc LIMIT 0,4   [ RunTime:0.0047s ]
SQL: SELECT COUNT(*) AS tp_count FROM `news` WHERE ( type = 0 ) LIMIT 1   [ RunTime:0.0049s ]
SQL: SELECT * FROM `news` WHERE ( type=1 ) ORDER BY id desc LIMIT 0,4   [ RunTime:0.0063s ]
SQL: SELECT COUNT(*) AS tp_count FROM `news` WHERE ( type = 1 ) LIMIT 1   [ RunTime:0.0070s ]
INFO: [ view_parse ] --START--
INFO: [ template_filter ] --START--
INFO: Run Behavior\ContentReplaceBehavior [ RunTime:0.000130s ]
INFO: [ template_filter ] --END-- [ RunTime:0.000331s ]
INFO: Run Behavior\ParseTemplateBehavior [ RunTime:0.024530s ]
INFO: [ view_parse ] --END-- [ RunTime:0.024765s ]
INFO: [ view_filter ] --START--
INFO: Run Behavior\WriteHtmlCacheBehavior [ RunTime:0.001403s ]
INFO: [ view_filter ] --END-- [ RunTime:0.001611s ]
INFO: [ app_end ] --START--
INFO: Run Behavior\ShowPageTraceBehavior [ RunTime:0.001429s ]
INFO: [ app_end ] --END-- [ RunTime:0.001624s ]

[ 2019-03-08T13:53:44+08:00 ] 127.0.0.1 /index.php/Information/news/p/2.html
INFO: [ app_init ] --START--
INFO: Run Behavior\BuildLiteBehavior [ RunTime:0.000029s ]
INFO: [ app_init ] --END-- [ RunTime:0.000535s ]
INFO: [ app_begin ] --START--
INFO: Run Behavior\ReadHtmlCacheBehavior [ RunTime:0.000685s ]
INFO: [ app_begin ] --END-- [ RunTime:0.000835s ]
SQL: SHOW COLUMNS FROM `footer` [ RunTime:0.0126s ]
SQL: SELECT * FROM `footer` LIMIT 1   [ RunTime:0.0142s ]
SQL: SHOW COLUMNS FROM `news` [ RunTime:0.0108s ]
SQL: SELECT * FROM `news` WHERE ( type=0 ) ORDER BY id desc LIMIT 4,4   [ RunTime:0.0062s ]
SQL: SELECT COUNT(*) AS tp_count FROM `news` WHERE ( type = 0 ) LIMIT 1   [ RunTime:0.0045s ]
SQL: SELECT * FROM `news` WHERE ( type=1 ) ORDER BY id desc LIMIT 0,4   [ RunTime:0.0043s ]
SQL: SELECT COUNT(*) AS tp_count FROM `news` WHERE ( type = 1 ) LIMIT 1   [ RunTime:0.0050s ]
INFO: [ view_parse ] --START--
INFO: [ template_filter ] --START--
INFO: Run Behavior\ContentReplaceBehavior [ RunTime:0.000092s ]
INFO: [ template_filter ] --END-- [ RunTime:0.000223s ]
INFO: Run Behavior\ParseTemplateBehavior [ RunTime:0.015603s ]
INFO: [ view_parse ] --END-- [ RunTime:0.015756s ]
INFO: [ view_filter ] --START--
INFO: Run Behavior\WriteHtmlCacheBehavior [ RunTime:0.000734s ]
INFO: [ view_filter ] --END-- [ RunTime:0.000860s ]
INFO: [ app_end ] --START--
INFO: Run Behavior\ShowPageTraceBehavior [ RunTime:0.000974s ]
INFO: [ app_end ] --END-- [ RunTime:0.001108s ]

[ 2019-03-08T13:53:47+08:00 ] 127.0.0.1 /index.php/Information/news/p/1.html
INFO: [ app_init ] --START--
INFO: Run Behavior\BuildLiteBehavior [ RunTime:0.000034s ]
INFO: [ app_init ] --END-- [ RunTime:0.000659s ]
INFO: [ app_begin ] --START--
INFO: Run Behavior\ReadHtmlCacheBehavior [ RunTime:0.000847s ]
INFO: [ app_begin ] --END-- [ RunTime:0.001068s ]
SQL: SHOW COLUMNS FROM `footer` [ RunTime:0.0131s ]
SQL: SELECT * FROM `footer` LIMIT 1   [ RunTime:0.0051s ]
SQL: SHOW COLUMNS FROM `news` [ RunTime:0.0111s ]
SQL: SELECT * FROM `news` WHERE ( type=0 ) ORDER BY id desc LIMIT 0,4   [ RunTime:0.0044s ]
SQL: SELECT COUNT(*) AS tp_count FROM `news` WHERE ( type = 0 ) LIMIT 1   [ RunTime:0.0060s ]
SQL: SELECT * FROM `news` WHERE ( type=1 ) ORDER BY id desc LIMIT 0,4   [ RunTime:0.0053s ]
SQL: SELECT COUNT(*) AS tp_count FROM `news` WHERE ( type = 1 ) LIMIT 1   [ RunTime:0.0044s ]
INFO: [ view_parse ] --START--
INFO: [ template_filter ] --START--
INFO: Run Behavior\ContentReplaceBehavior [ RunTime:0.000173s ]
INFO: [ template_filter ] --END-- [ RunTime:0.000385s ]
INFO: Run Behavior\ParseTemplateBehavior [ RunTime:0.022795s ]
INFO: [ view_parse ] --END-- [ RunTime:0.022978s ]
INFO: [ view_filter ] --START--
INFO: Run Behavior\WriteHtmlCacheBehavior [ RunTime:0.000872s ]
INFO: [ view_filter ] --END-- [ RunTime:0.001018s ]
INFO: [ app_end ] --START--
INFO: Run Behavior\ShowPageTraceBehavior [ RunTime:0.001136s ]
INFO: [ app_end ] --END-- [ RunTime:0.001296s ]

[ 2019-03-08T13:53:50+08:00 ] 127.0.0.1 /index.php/Information/news/p/2.html
INFO: [ app_init ] --START--
INFO: Run Behavior\BuildLiteBehavior [ RunTime:0.000030s ]
INFO: [ app_init ] --END-- [ RunTime:0.000541s ]
INFO: [ app_begin ] --START--
INFO: Run Behavior\ReadHtmlCacheBehavior [ RunTime:0.000604s ]
INFO: [ app_begin ] --END-- [ RunTime:0.000740s ]
SQL: SHOW COLUMNS FROM `footer` [ RunTime:0.0132s ]
SQL: SELECT * FROM `footer` LIMIT 1   [ RunTime:0.0047s ]
SQL: SHOW COLUMNS FROM `news` [ RunTime:0.0140s ]
SQL: SELECT * FROM `news` WHERE ( type=0 ) ORDER BY id desc LIMIT 4,4   [ RunTime:0.0054s ]
SQL: SELECT COUNT(*) AS tp_count FROM `news` WHERE ( type = 0 ) LIMIT 1   [ RunTime:0.0069s ]
SQL: SELECT * FROM `news` WHERE ( type=1 ) ORDER BY id desc LIMIT 0,4   [ RunTime:0.0068s ]
SQL: SELECT COUNT(*) AS tp_count FROM `news` WHERE ( type = 1 ) LIMIT 1   [ RunTime:0.0063s ]
INFO: [ view_parse ] --START--
INFO: [ template_filter ] --START--
INFO: Run Behavior\ContentReplaceBehavior [ RunTime:0.000272s ]
INFO: [ template_filter ] --END-- [ RunTime:0.000675s ]
INFO: Run Behavior\ParseTemplateBehavior [ RunTime:0.055957s ]
INFO: [ view_parse ] --END-- [ RunTime:0.056424s ]
INFO: [ view_filter ] --START--
INFO: Run Behavior\WriteHtmlCacheBehavior [ RunTime:0.002715s ]
INFO: [ view_filter ] --END-- [ RunTime:0.003294s ]
INFO: [ app_end ] --START--
INFO: Run Behavior\ShowPageTraceBehavior [ RunTime:0.004309s ]
INFO: [ app_end ] --END-- [ RunTime:0.004788s ]

[ 2019-03-08T13:53:55+08:00 ] 127.0.0.1 /index.php/Information/news/p/1.html
INFO: [ app_init ] --START--
INFO: Run Behavior\BuildLiteBehavior [ RunTime:0.000030s ]
INFO: [ app_init ] --END-- [ RunTime:0.000565s ]
INFO: [ app_begin ] --START--
INFO: Run Behavior\ReadHtmlCacheBehavior [ RunTime:0.000650s ]
INFO: [ app_begin ] --END-- [ RunTime:0.000798s ]
SQL: SHOW COLUMNS FROM `footer` [ RunTime:0.0132s ]
SQL: SELECT * FROM `footer` LIMIT 1   [ RunTime:0.0050s ]
SQL: SHOW COLUMNS FROM `news` [ RunTime:0.0143s ]
SQL: SELECT * FROM `news` WHERE ( type=0 ) ORDER BY id desc LIMIT 0,4   [ RunTime:0.0069s ]
SQL: SELECT COUNT(*) AS tp_count FROM `news` WHERE ( type = 0 ) LIMIT 1   [ RunTime:0.0071s ]
SQL: SELECT * FROM `news` WHERE ( type=1 ) ORDER BY id desc LIMIT 0,4   [ RunTime:0.0065s ]
SQL: SELECT COUNT(*) AS tp_count FROM `news` WHERE ( type = 1 ) LIMIT 1   [ RunTime:0.0064s ]
INFO: [ view_parse ] --START--
INFO: [ template_filter ] --START--
INFO: Run Behavior\ContentReplaceBehavior [ RunTime:0.000315s ]
INFO: [ template_filter ] --END-- [ RunTime:0.000901s ]
INFO: Run Behavior\ParseTemplateBehavior [ RunTime:0.062872s ]
INFO: [ view_parse ] --END-- [ RunTime:0.063519s ]
INFO: [ view_filter ] --START--
INFO: Run Behavior\WriteHtmlCacheBehavior [ RunTime:0.003498s ]
INFO: [ view_filter ] --END-- [ RunTime:0.004033s ]
INFO: [ app_end ] --START--
INFO: Run Behavior\ShowPageTraceBehavior [ RunTime:0.004878s ]
INFO: [ app_end ] --END-- [ RunTime:0.005439s ]

[ 2019-03-08T13:53:57+08:00 ] 127.0.0.1 /index.php/Information/news/p/2.html
INFO: [ app_init ] --START--
INFO: Run Behavior\BuildLiteBehavior [ RunTime:0.000046s ]
INFO: [ app_init ] --END-- [ RunTime:0.001141s ]
INFO: [ app_begin ] --START--
INFO: Run Behavior\ReadHtmlCacheBehavior [ RunTime:0.001191s ]
INFO: [ app_begin ] --END-- [ RunTime:0.001554s ]
SQL: SHOW COLUMNS FROM `footer` [ RunTime:0.0128s ]
SQL: SELECT * FROM `footer` LIMIT 1   [ RunTime:0.0061s ]
SQL: SHOW COLUMNS FROM `news` [ RunTime:0.0107s ]
SQL: SELECT * FROM `news` WHERE ( type=0 ) ORDER BY id desc LIMIT 4,4   [ RunTime:0.0048s ]
SQL: SELECT COUNT(*) AS tp_count FROM `news` WHERE ( type = 0 ) LIMIT 1   [ RunTime:0.0058s ]
SQL: SELECT * FROM `news` WHERE ( type=1 ) ORDER BY id desc LIMIT 0,4   [ RunTime:0.0046s ]
SQL: SELECT COUNT(*) AS tp_count FROM `news` WHERE ( type = 1 ) LIMIT 1   [ RunTime:0.0048s ]
INFO: [ view_parse ] --START--
INFO: [ template_filter ] --START--
INFO: Run Behavior\ContentReplaceBehavior [ RunTime:0.000104s ]
INFO: [ template_filter ] --END-- [ RunTime:0.000244s ]
INFO: Run Behavior\ParseTemplateBehavior [ RunTime:0.019239s ]
INFO: [ view_parse ] --END-- [ RunTime:0.019446s ]
INFO: [ view_filter ] --START--
INFO: Run Behavior\WriteHtmlCacheBehavior [ RunTime:0.000893s ]
INFO: [ view_filter ] --END-- [ RunTime:0.001026s ]
INFO: [ app_end ] --START--
INFO: Run Behavior\ShowPageTraceBehavior [ RunTime:0.000927s ]
INFO: [ app_end ] --END-- [ RunTime:0.001073s ]

[ 2019-03-08T14:07:36+08:00 ] 127.0.0.1 /index.php/Information/news/p/2.html
INFO: [ app_init ] --START--
INFO: Run Behavior\BuildLiteBehavior [ RunTime:0.000029s ]
INFO: [ app_init ] --END-- [ RunTime:0.000639s ]
INFO: [ app_begin ] --START--
INFO: Run Behavior\ReadHtmlCacheBehavior [ RunTime:0.000911s ]
INFO: [ app_begin ] --END-- [ RunTime:0.001044s ]
SQL: SHOW COLUMNS FROM `footer` [ RunTime:0.0160s ]
SQL: SELECT * FROM `footer` LIMIT 1   [ RunTime:0.0029s ]
SQL: SHOW COLUMNS FROM `news` [ RunTime:0.0086s ]
SQL: SELECT * FROM `news` WHERE ( type=0 ) ORDER BY id desc LIMIT 4,4   [ RunTime:0.0034s ]
SQL: SELECT COUNT(*) AS tp_count FROM `news` WHERE ( type = 0 ) LIMIT 1   [ RunTime:0.0030s ]
SQL: SELECT * FROM `news` WHERE ( type=1 ) ORDER BY id desc LIMIT 0,4   [ RunTime:0.0032s ]
SQL: SELECT COUNT(*) AS tp_count FROM `news` WHERE ( type = 1 ) LIMIT 1   [ RunTime:0.0033s ]
INFO: [ view_parse ] --START--
INFO: [ template_filter ] --START--
INFO: Run Behavior\ContentReplaceBehavior [ RunTime:0.000102s ]
INFO: [ template_filter ] --END-- [ RunTime:0.000250s ]
INFO: Run Behavior\ParseTemplateBehavior [ RunTime:0.024964s ]
INFO: [ view_parse ] --END-- [ RunTime:0.025283s ]
INFO: [ view_filter ] --START--
INFO: Run Behavior\WriteHtmlCacheBehavior [ RunTime:0.002783s ]
INFO: [ view_filter ] --END-- [ RunTime:0.003418s ]
INFO: [ app_end ] --START--
INFO: Run Behavior\ShowPageTraceBehavior [ RunTime:0.004689s ]
INFO: [ app_end ] --END-- [ RunTime:0.005333s ]

[ 2019-03-08T14:07:41+08:00 ] 127.0.0.1 /index.php/Information/news/p/1.html
INFO: [ app_init ] --START--
INFO: Run Behavior\BuildLiteBehavior [ RunTime:0.000053s ]
INFO: [ app_init ] --END-- [ RunTime:0.001175s ]
INFO: [ app_begin ] --START--
INFO: Run Behavior\ReadHtmlCacheBehavior [ RunTime:0.000874s ]
INFO: [ app_begin ] --END-- [ RunTime:0.001057s ]
SQL: SHOW COLUMNS FROM `footer` [ RunTime:0.0182s ]
SQL: SELECT * FROM `footer` LIMIT 1   [ RunTime:0.0034s ]
SQL: SHOW COLUMNS FROM `news` [ RunTime:0.0094s ]
SQL: SELECT * FROM `news` WHERE ( type=0 ) ORDER BY id desc LIMIT 0,4   [ RunTime:0.0031s ]
SQL: SELECT COUNT(*) AS tp_count FROM `news` WHERE ( type = 0 ) LIMIT 1   [ RunTime:0.0030s ]
SQL: SELECT * FROM `news` WHERE ( type=1 ) ORDER BY id desc LIMIT 0,4   [ RunTime:0.0035s ]
SQL: SELECT COUNT(*) AS tp_count FROM `news` WHERE ( type = 1 ) LIMIT 1   [ RunTime:0.0029s ]
INFO: [ view_parse ] --START--
INFO: [ template_filter ] --START--
INFO: Run Behavior\ContentReplaceBehavior [ RunTime:0.000085s ]
INFO: [ template_filter ] --END-- [ RunTime:0.000217s ]
INFO: Run Behavior\ParseTemplateBehavior [ RunTime:0.016564s ]
INFO: [ view_parse ] --END-- [ RunTime:0.016742s ]
INFO: [ view_filter ] --START--
INFO: Run Behavior\WriteHtmlCacheBehavior [ RunTime:0.001153s ]
INFO: [ view_filter ] --END-- [ RunTime:0.001322s ]
INFO: [ app_end ] --START--
INFO: Run Behavior\ShowPageTraceBehavior [ RunTime:0.001485s ]
INFO: [ app_end ] --END-- [ RunTime:0.001715s ]

[ 2019-03-08T14:07:43+08:00 ] 127.0.0.1 /index.php/Information/news/p/1/p2/2.html
INFO: [ app_init ] --START--
INFO: Run Behavior\BuildLiteBehavior [ RunTime:0.000043s ]
INFO: [ app_init ] --END-- [ RunTime:0.000855s ]
INFO: [ app_begin ] --START--
INFO: Run Behavior\ReadHtmlCacheBehavior [ RunTime:0.001930s ]
INFO: [ app_begin ] --END-- [ RunTime:0.002271s ]
SQL: SHOW COLUMNS FROM `footer` [ RunTime:0.0104s ]
SQL: SELECT * FROM `footer` LIMIT 1   [ RunTime:0.0030s ]
SQL: SHOW COLUMNS FROM `news` [ RunTime:0.0089s ]
SQL: SELECT * FROM `news` WHERE ( type=0 ) ORDER BY id desc LIMIT 0,4   [ RunTime:0.0036s ]
SQL: SELECT COUNT(*) AS tp_count FROM `news` WHERE ( type = 0 ) LIMIT 1   [ RunTime:0.0030s ]
SQL: SELECT * FROM `news` WHERE ( type=1 ) ORDER BY id desc LIMIT 4,4   [ RunTime:0.0037s ]
SQL: SELECT COUNT(*) AS tp_count FROM `news` WHERE ( type = 1 ) LIMIT 1   [ RunTime:0.0030s ]
INFO: [ view_parse ] --START--
INFO: [ template_filter ] --START--
INFO: Run Behavior\ContentReplaceBehavior [ RunTime:0.000088s ]
INFO: [ template_filter ] --END-- [ RunTime:0.000219s ]
INFO: Run Behavior\ParseTemplateBehavior [ RunTime:0.017781s ]
INFO: [ view_parse ] --END-- [ RunTime:0.017943s ]
INFO: [ view_filter ] --START--
INFO: Run Behavior\WriteHtmlCacheBehavior [ RunTime:0.000812s ]
INFO: [ view_filter ] --END-- [ RunTime:0.000956s ]
INFO: [ app_end ] --START--
INFO: Run Behavior\ShowPageTraceBehavior [ RunTime:0.001201s ]
INFO: [ app_end ] --END-- [ RunTime:0.001334s ]

[ 2019-03-08T14:07:45+08:00 ] 127.0.0.1 /index.php/Information/news/p/2/p2/2.html
INFO: [ app_init ] --START--
INFO: Run Behavior\BuildLiteBehavior [ RunTime:0.000039s ]
INFO: [ app_init ] --END-- [ RunTime:0.000689s ]
INFO: [ app_begin ] --START--
INFO: Run Behavior\ReadHtmlCacheBehavior [ RunTime:0.000713s ]
INFO: [ app_begin ] --END-- [ RunTime:0.000852s ]
SQL: SHOW COLUMNS FROM `footer` [ RunTime:0.0110s ]
SQL: SELECT * FROM `footer` LIMIT 1   [ RunTime:0.0030s ]
SQL: SHOW COLUMNS FROM `news` [ RunTime:0.0088s ]
SQL: SELECT * FROM `news` WHERE ( type=0 ) ORDER BY id desc LIMIT 4,4   [ RunTime:0.0043s ]
SQL: SELECT COUNT(*) AS tp_count FROM `news` WHERE ( type = 0 ) LIMIT 1   [ RunTime:0.0041s ]
SQL: SELECT * FROM `news` WHERE ( type=1 ) ORDER BY id desc LIMIT 4,4   [ RunTime:0.0041s ]
SQL: SELECT COUNT(*) AS tp_count FROM `news` WHERE ( type = 1 ) LIMIT 1   [ RunTime:0.0031s ]
INFO: [ view_parse ] --START--
INFO: [ template_filter ] --START--
INFO: Run Behavior\ContentReplaceBehavior [ RunTime:0.000085s ]
INFO: [ template_filter ] --END-- [ RunTime:0.000213s ]
INFO: Run Behavior\ParseTemplateBehavior [ RunTime:0.018179s ]
INFO: [ view_parse ] --END-- [ RunTime:0.018367s ]
INFO: [ view_filter ] --START--
INFO: Run Behavior\WriteHtmlCacheBehavior [ RunTime:0.000717s ]
INFO: [ view_filter ] --END-- [ RunTime:0.000843s ]
INFO: [ app_end ] --START--
INFO: Run Behavior\ShowPageTraceBehavior [ RunTime:0.000896s ]
INFO: [ app_end ] --END-- [ RunTime:0.001023s ]

[ 2019-03-08T14:07:48+08:00 ] 127.0.0.1 /index.php/Information/news/p/1/p2/2.html
INFO: [ app_init ] --START--
INFO: Run Behavior\BuildLiteBehavior [ RunTime:0.000046s ]
INFO: [ app_init ] --END-- [ RunTime:0.000922s ]
INFO: [ app_begin ] --START--
INFO: Run Behavior\ReadHtmlCacheBehavior [ RunTime:0.001010s ]
INFO: [ app_begin ] --END-- [ RunTime:0.001243s ]
SQL: SHOW COLUMNS FROM `footer` [ RunTime:0.0106s ]
SQL: SELECT * FROM `footer` LIMIT 1   [ RunTime:0.0032s ]
SQL: SHOW COLUMNS FROM `news` [ RunTime:0.0098s ]
SQL: SELECT * FROM `news` WHERE ( type=0 ) ORDER BY id desc LIMIT 0,4   [ RunTime:0.0033s ]
SQL: SELECT COUNT(*) AS tp_count FROM `news` WHERE ( type = 0 ) LIMIT 1   [ RunTime:0.0029s ]
SQL: SELECT * FROM `news` WHERE ( type=1 ) ORDER BY id desc LIMIT 4,4   [ RunTime:0.0037s ]
SQL: SELECT COUNT(*) AS tp_count FROM `news` WHERE ( type = 1 ) LIMIT 1   [ RunTime:0.0028s ]
INFO: [ view_parse ] --START--
INFO: [ template_filter ] --START--
INFO: Run Behavior\ContentReplaceBehavior [ RunTime:0.000090s ]
INFO: [ template_filter ] --END-- [ RunTime:0.000224s ]
INFO: Run Behavior\ParseTemplateBehavior [ RunTime:0.018244s ]
INFO: [ view_parse ] --END-- [ RunTime:0.018440s ]
INFO: [ view_filter ] --START--
INFO: Run Behavior\WriteHtmlCacheBehavior [ RunTime:0.001225s ]
INFO: [ view_filter ] --END-- [ RunTime:0.001434s ]
INFO: [ app_end ] --START--
INFO: Run Behavior\ShowPageTraceBehavior [ RunTime:0.001006s ]
INFO: [ app_end ] --END-- [ RunTime:0.001141s ]

[ 2019-03-08T14:07:51+08:00 ] 127.0.0.1 /index.php/Information/news/p/1/p2/1.html
INFO: [ app_init ] --START--
INFO: Run Behavior\BuildLiteBehavior [ RunTime:0.000047s ]
INFO: [ app_init ] --END-- [ RunTime:0.001031s ]
INFO: [ app_begin ] --START--
INFO: Run Behavior\ReadHtmlCacheBehavior [ RunTime:0.000953s ]
INFO: [ app_begin ] --END-- [ RunTime:0.001166s ]
SQL: SHOW COLUMNS FROM `footer` [ RunTime:0.0112s ]
SQL: SELECT * FROM `footer` LIMIT 1   [ RunTime:0.0032s ]
SQL: SHOW COLUMNS FROM `news` [ RunTime:0.0097s ]
SQL: SELECT * FROM `news` WHERE ( type=0 ) ORDER BY id desc LIMIT 0,4   [ RunTime:0.0034s ]
SQL: SELECT COUNT(*) AS tp_count FROM `news` WHERE ( type = 0 ) LIMIT 1   [ RunTime:0.0030s ]
SQL: SELECT * FROM `news` WHERE ( type=1 ) ORDER BY id desc LIMIT 0,4   [ RunTime:0.0030s ]
SQL: SELECT COUNT(*) AS tp_count FROM `news` WHERE ( type = 1 ) LIMIT 1   [ RunTime:0.0032s ]
INFO: [ view_parse ] --START--
INFO: [ template_filter ] --START--
INFO: Run Behavior\ContentReplaceBehavior [ RunTime:0.000227s ]
INFO: [ template_filter ] --END-- [ RunTime:0.000563s ]
INFO: Run Behavior\ParseTemplateBehavior [ RunTime:0.023055s ]
INFO: [ view_parse ] --END-- [ RunTime:0.023407s ]
INFO: [ view_filter ] --START--
INFO: Run Behavior\WriteHtmlCacheBehavior [ RunTime:0.001243s ]
INFO: [ view_filter ] --END-- [ RunTime:0.001461s ]
INFO: [ app_end ] --START--
INFO: Run Behavior\ShowPageTraceBehavior [ RunTime:0.001570s ]
INFO: [ app_end ] --END-- [ RunTime:0.001778s ]

