[ 2019-03-21T18:54:49+08:00 ] 127.0.0.1 /
INFO: [ app_init ] --START--
INFO: Run Behavior\BuildLiteBehavior [ RunTime:0.000021s ]
INFO: [ app_init ] --END-- [ RunTime:0.008326s ]
INFO: [ app_begin ] --START--
INFO: Run Behavior\ReadHtmlCacheBehavior [ RunTime:0.013272s ]
INFO: [ app_begin ] --END-- [ RunTime:0.013339s ]
SQL: SHOW COLUMNS FROM `home_image` [ RunTime:0.0116s ]
SQL: SELECT * FROM `home_image` WHERE ( id not in (select max(id) from home_image) ) ORDER BY id desc  [ RunTime:0.0041s ]
SQL: SELECT * FROM `home_image` WHERE ( id in (select max(id) from home_image) ) LIMIT 1   [ RunTime:0.0052s ]
SQL: SELECT COUNT(*) AS tp_count FROM `home_image` LIMIT 1   [ RunTime:0.0066s ]
SQL: SHOW COLUMNS FROM `contact_us` [ RunTime:0.0106s ]
SQL: SELECT * FROM `contact_us` LIMIT 1   [ RunTime:0.0054s ]
SQL: SHOW COLUMNS FROM `news` [ RunTime:0.0121s ]
SQL: SELECT * FROM `news` WHERE ( content != '' ) ORDER BY save_time desc LIMIT 4   [ RunTime:0.0064s ]
SQL: SHOW COLUMNS FROM `center_introduction` [ RunTime:0.0103s ]
SQL: SELECT * FROM `center_introduction` LIMIT 1   [ RunTime:0.0055s ]
SQL: SHOW COLUMNS FROM `lab_image` [ RunTime:0.0134s ]
SQL: SELECT * FROM `lab_image` ORDER BY id desc  [ RunTime:0.0037s ]
SQL: SHOW COLUMNS FROM `inspection_scope` [ RunTime:0.0116s ]
SQL: SELECT * FROM `inspection_scope` WHERE ( content !='' ) ORDER BY save_time desc LIMIT 4   [ RunTime:0.0053s ]
SQL: SHOW COLUMNS FROM `footer` [ RunTime:0.0107s ]
SQL: SELECT * FROM `footer` LIMIT 1   [ RunTime:0.0078s ]
INFO: [ view_parse ] --START--
INFO: [ template_filter ] --START--
INFO: Run Behavior\ContentReplaceBehavior [ RunTime:0.000088s ]
INFO: [ template_filter ] --END-- [ RunTime:0.000149s ]
NOTIC: [8] Undefined variable: rs C:\Coding\Php\Wampserver\www\jcweb\Application\Runtime\Cache\Home\2a94b8bda04ff446dcedd42276fc99ee.php 第 370 行.
NOTIC: [8] Undefined variable: rs C:\Coding\Php\Wampserver\www\jcweb\Application\Runtime\Cache\Home\2a94b8bda04ff446dcedd42276fc99ee.php 第 372 行.
NOTIC: [8] Undefined variable: rs C:\Coding\Php\Wampserver\www\jcweb\Application\Runtime\Cache\Home\2a94b8bda04ff446dcedd42276fc99ee.php 第 374 行.
INFO: Run Behavior\ParseTemplateBehavior [ RunTime:0.079165s ]
INFO: [ view_parse ] --END-- [ RunTime:0.079228s ]
INFO: [ view_filter ] --START--
INFO: Run Behavior\WriteHtmlCacheBehavior [ RunTime:0.007112s ]
INFO: [ view_filter ] --END-- [ RunTime:0.007180s ]
INFO: [ app_end ] --START--
INFO: Run Behavior\ShowPageTraceBehavior [ RunTime:0.009319s ]
INFO: [ app_end ] --END-- [ RunTime:0.009414s ]

[ 2019-03-21T18:54:51+08:00 ] 127.0.0.1 /favicon.ico
INFO: [ app_init ] --START--
INFO: Run Behavior\BuildLiteBehavior [ RunTime:0.000012s ]
INFO: [ app_init ] --END-- [ RunTime:0.000073s ]

