[ 2019-03-22T09:35:11+08:00 ] 127.0.0.1 /
INFO: [ app_init ] --START--
INFO: Run Behavior\BuildLiteBehavior [ RunTime:0.000295s ]
INFO: [ app_init ] --END-- [ RunTime:0.000564s ]
INFO: [ app_begin ] --START--
INFO: Run Behavior\ReadHtmlCacheBehavior [ RunTime:0.000457s ]
INFO: [ app_begin ] --END-- [ RunTime:0.000518s ]
SQL: SHOW COLUMNS FROM `home_image` [ RunTime:0.0334s ]
SQL: SELECT * FROM `home_image` WHERE ( id not in (select max(id) from home_image) ) ORDER BY id desc  [ RunTime:0.0051s ]
SQL: SELECT * FROM `home_image` WHERE ( id in (select max(id) from home_image) ) LIMIT 1   [ RunTime:0.0052s ]
SQL: SELECT COUNT(*) AS tp_count FROM `home_image` LIMIT 1   [ RunTime:0.0057s ]
SQL: SHOW COLUMNS FROM `contact_us` [ RunTime:0.0090s ]
SQL: SELECT * FROM `contact_us` LIMIT 1   [ RunTime:0.0043s ]
SQL: SHOW COLUMNS FROM `news` [ RunTime:0.0097s ]
SQL: SELECT * FROM `news` WHERE ( content != '' ) ORDER BY save_time desc LIMIT 4   [ RunTime:0.0056s ]
SQL: SHOW COLUMNS FROM `center_introduction` [ RunTime:0.0114s ]
SQL: SELECT * FROM `center_introduction` LIMIT 1   [ RunTime:0.0051s ]
SQL: SHOW COLUMNS FROM `lab_image` [ RunTime:0.0227s ]
SQL: SELECT * FROM `lab_image` ORDER BY id desc  [ RunTime:0.0041s ]
SQL: SHOW COLUMNS FROM `inspection_scope` [ RunTime:0.0095s ]
SQL: SELECT * FROM `inspection_scope` WHERE ( content !='' ) ORDER BY save_time desc LIMIT 4   [ RunTime:0.0051s ]
SQL: SHOW COLUMNS FROM `footer` [ RunTime:0.0116s ]
SQL: SELECT * FROM `footer` LIMIT 1   [ RunTime:0.0035s ]
INFO: [ view_parse ] --START--
INFO: [ template_filter ] --START--
INFO: Run Behavior\ContentReplaceBehavior [ RunTime:0.000080s ]
INFO: [ template_filter ] --END-- [ RunTime:0.000136s ]
NOTIC: [8] Undefined variable: rs C:\Coding\Php\Wampserver\www\jcweb\Application\Runtime\Cache\Home\2a94b8bda04ff446dcedd42276fc99ee.php 第 370 行.
NOTIC: [8] Undefined variable: rs C:\Coding\Php\Wampserver\www\jcweb\Application\Runtime\Cache\Home\2a94b8bda04ff446dcedd42276fc99ee.php 第 372 行.
NOTIC: [8] Undefined variable: rs C:\Coding\Php\Wampserver\www\jcweb\Application\Runtime\Cache\Home\2a94b8bda04ff446dcedd42276fc99ee.php 第 374 行.
INFO: Run Behavior\ParseTemplateBehavior [ RunTime:0.031631s ]
INFO: [ view_parse ] --END-- [ RunTime:0.031693s ]
INFO: [ view_filter ] --START--
INFO: Run Behavior\WriteHtmlCacheBehavior [ RunTime:0.000273s ]
INFO: [ view_filter ] --END-- [ RunTime:0.000322s ]
INFO: [ app_end ] --START--
INFO: Run Behavior\ShowPageTraceBehavior [ RunTime:0.000212s ]
INFO: [ app_end ] --END-- [ RunTime:0.000259s ]

[ 2019-03-22T09:35:13+08:00 ] 127.0.0.1 /favicon.ico
INFO: [ app_init ] --START--
INFO: Run Behavior\BuildLiteBehavior [ RunTime:0.000029s ]
INFO: [ app_init ] --END-- [ RunTime:0.000204s ]

[ 2019-03-22T09:39:09+08:00 ] 127.0.0.1 /
INFO: [ app_init ] --START--
INFO: Run Behavior\BuildLiteBehavior [ RunTime:0.000024s ]
INFO: [ app_init ] --END-- [ RunTime:0.000192s ]
INFO: [ app_begin ] --START--
INFO: Run Behavior\ReadHtmlCacheBehavior [ RunTime:0.000193s ]
INFO: [ app_begin ] --END-- [ RunTime:0.000302s ]
SQL: SHOW COLUMNS FROM `home_image` [ RunTime:0.0108s ]
SQL: SELECT * FROM `home_image` WHERE ( id not in (select max(id) from home_image) ) ORDER BY id desc  [ RunTime:0.0040s ]
SQL: SELECT * FROM `home_image` WHERE ( id in (select max(id) from home_image) ) LIMIT 1   [ RunTime:0.0032s ]
SQL: SELECT COUNT(*) AS tp_count FROM `home_image` LIMIT 1   [ RunTime:0.0057s ]
SQL: SHOW COLUMNS FROM `contact_us` [ RunTime:0.0109s ]
SQL: SELECT * FROM `contact_us` LIMIT 1   [ RunTime:0.0049s ]
SQL: SHOW COLUMNS FROM `news` [ RunTime:0.0119s ]
SQL: SELECT * FROM `news` WHERE ( content != '' ) ORDER BY save_time desc LIMIT 4   [ RunTime:0.0050s ]
SQL: SHOW COLUMNS FROM `center_introduction` [ RunTime:0.0304s ]
SQL: SELECT * FROM `center_introduction` LIMIT 1   [ RunTime:0.0041s ]
SQL: SHOW COLUMNS FROM `lab_image` [ RunTime:0.0084s ]
SQL: SELECT * FROM `lab_image` ORDER BY id desc  [ RunTime:0.0043s ]
SQL: SHOW COLUMNS FROM `inspection_scope` [ RunTime:0.0082s ]
SQL: SELECT * FROM `inspection_scope` WHERE ( content !='' ) ORDER BY save_time desc LIMIT 4   [ RunTime:0.0039s ]
SQL: SHOW COLUMNS FROM `footer` [ RunTime:0.0093s ]
SQL: SELECT * FROM `footer` LIMIT 1   [ RunTime:0.0038s ]
INFO: [ view_parse ] --START--
INFO: [ template_filter ] --START--
INFO: Run Behavior\ContentReplaceBehavior [ RunTime:0.000074s ]
INFO: [ template_filter ] --END-- [ RunTime:0.000121s ]
NOTIC: [8] Undefined variable: rs C:\Coding\Php\Wampserver\www\jcweb\Application\Runtime\Cache\Home\2a94b8bda04ff446dcedd42276fc99ee.php 第 370 行.
NOTIC: [8] Undefined variable: rs C:\Coding\Php\Wampserver\www\jcweb\Application\Runtime\Cache\Home\2a94b8bda04ff446dcedd42276fc99ee.php 第 372 行.
NOTIC: [8] Undefined variable: rs C:\Coding\Php\Wampserver\www\jcweb\Application\Runtime\Cache\Home\2a94b8bda04ff446dcedd42276fc99ee.php 第 374 行.
INFO: Run Behavior\ParseTemplateBehavior [ RunTime:0.012213s ]
INFO: [ view_parse ] --END-- [ RunTime:0.012265s ]
INFO: [ view_filter ] --START--
INFO: Run Behavior\WriteHtmlCacheBehavior [ RunTime:0.000117s ]
INFO: [ view_filter ] --END-- [ RunTime:0.000159s ]
INFO: [ app_end ] --START--
INFO: Run Behavior\ShowPageTraceBehavior [ RunTime:0.000113s ]
INFO: [ app_end ] --END-- [ RunTime:0.000157s ]

