[ 2019-04-05T19:26:03+08:00 ] 127.0.0.1 /
INFO: [ app_init ] --START--
INFO: Run Behavior\BuildLiteBehavior [ RunTime:0.000025s ]
INFO: [ app_init ] --END-- [ RunTime:0.008319s ]
INFO: [ app_begin ] --START--
INFO: Run Behavior\ReadHtmlCacheBehavior [ RunTime:0.011006s ]
INFO: [ app_begin ] --END-- [ RunTime:0.011076s ]
SQL: SHOW COLUMNS FROM `home_image` [ RunTime:0.0426s ]
SQL: SELECT * FROM `home_image` WHERE ( id not in (select max(id) from home_image) ) ORDER BY id desc  [ RunTime:0.0050s ]
SQL: SELECT * FROM `home_image` WHERE ( id in (select max(id) from home_image) ) LIMIT 1   [ RunTime:0.0052s ]
SQL: SELECT COUNT(*) AS tp_count FROM `home_image` LIMIT 1   [ RunTime:0.0038s ]
SQL: SHOW COLUMNS FROM `contact_us` [ RunTime:0.0510s ]
SQL: SELECT * FROM `contact_us` LIMIT 1   [ RunTime:0.0046s ]
SQL: SHOW COLUMNS FROM `news` [ RunTime:0.0499s ]
SQL: SELECT * FROM `news` WHERE ( content != '' ) ORDER BY save_time desc LIMIT 4   [ RunTime:0.0041s ]
SQL: SHOW COLUMNS FROM `center_introduction` [ RunTime:0.0586s ]
SQL: SELECT * FROM `center_introduction` LIMIT 1   [ RunTime:0.0054s ]
SQL: SHOW COLUMNS FROM `lab_image` [ RunTime:0.0358s ]
SQL: SELECT * FROM `lab_image` ORDER BY id desc  [ RunTime:0.0042s ]
SQL: SHOW COLUMNS FROM `inspection_scope` [ RunTime:0.0251s ]
SQL: SELECT * FROM `inspection_scope` WHERE ( content !='' ) ORDER BY save_time desc LIMIT 4   [ RunTime:0.0058s ]
SQL: SHOW COLUMNS FROM `footer` [ RunTime:0.0278s ]
SQL: SELECT * FROM `footer` LIMIT 1   [ RunTime:0.0039s ]
INFO: [ view_parse ] --START--
INFO: [ template_filter ] --START--
INFO: Run Behavior\ContentReplaceBehavior [ RunTime:0.002097s ]
INFO: [ template_filter ] --END-- [ RunTime:0.002165s ]
NOTIC: [8] Undefined variable: rs C:\Coding\Php\Wampserver\www\jcweb\Application\Runtime\Cache\Home\2a94b8bda04ff446dcedd42276fc99ee.php 第 370 行.
NOTIC: [8] Undefined variable: rs C:\Coding\Php\Wampserver\www\jcweb\Application\Runtime\Cache\Home\2a94b8bda04ff446dcedd42276fc99ee.php 第 372 行.
NOTIC: [8] Undefined variable: rs C:\Coding\Php\Wampserver\www\jcweb\Application\Runtime\Cache\Home\2a94b8bda04ff446dcedd42276fc99ee.php 第 374 行.
INFO: Run Behavior\ParseTemplateBehavior [ RunTime:0.089004s ]
INFO: [ view_parse ] --END-- [ RunTime:0.089065s ]
INFO: [ view_filter ] --START--
INFO: Run Behavior\WriteHtmlCacheBehavior [ RunTime:0.006859s ]
INFO: [ view_filter ] --END-- [ RunTime:0.006918s ]
INFO: [ app_end ] --START--
INFO: Run Behavior\ShowPageTraceBehavior [ RunTime:0.010742s ]
INFO: [ app_end ] --END-- [ RunTime:0.010823s ]

[ 2019-04-05T19:26:04+08:00 ] 127.0.0.1 /favicon.ico
INFO: [ app_init ] --START--
INFO: Run Behavior\BuildLiteBehavior [ RunTime:0.000058s ]
INFO: [ app_init ] --END-- [ RunTime:0.000167s ]

[ 2019-04-05T19:26:41+08:00 ] 127.0.0.1 /Uploads/ueditor/image/20190329/5c9decc2463fc.png
INFO: [ app_init ] --START--
INFO: Run Behavior\BuildLiteBehavior [ RunTime:0.000015s ]
INFO: [ app_init ] --END-- [ RunTime:0.000158s ]

[ 2019-04-05T19:30:50+08:00 ] 127.0.0.1 /Uploads/ueditor/image/20190329/5c9decc2463fc.png
INFO: [ app_init ] --START--
INFO: Run Behavior\BuildLiteBehavior [ RunTime:0.000026s ]
INFO: [ app_init ] --END-- [ RunTime:0.000092s ]

[ 2019-04-05T19:31:50+08:00 ] 127.0.0.1 /Uploads/ueditor/image/20190329/5c9decc2463fc.png
INFO: [ app_init ] --START--
INFO: Run Behavior\BuildLiteBehavior [ RunTime:0.000030s ]
INFO: [ app_init ] --END-- [ RunTime:0.000142s ]

[ 2019-04-05T20:14:31+08:00 ] 127.0.0.1 /Uploads/ueditor/image/20190329/5c9decc2463fc.png
INFO: [ app_init ] --START--
INFO: Run Behavior\BuildLiteBehavior [ RunTime:0.000038s ]
INFO: [ app_init ] --END-- [ RunTime:0.000122s ]

