[ 2019-03-14T10:05:21+08:00 ] 127.0.0.1 /
INFO: [ app_init ] --START--
INFO: Run Behavior\BuildLiteBehavior [ RunTime:0.000041s ]
INFO: [ app_init ] --END-- [ RunTime:0.001414s ]
INFO: [ app_begin ] --START--
INFO: Run Behavior\ReadHtmlCacheBehavior [ RunTime:0.001700s ]
INFO: [ app_begin ] --END-- [ RunTime:0.001883s ]
ERR: SQLSTATE[HY000] [2002] ÓÉÓÚÄ¿±ê¼ÆËã»ú»ý¼«¾Ü¾ø£¬ÎÞ·¨Á¬½Ó¡£


[ 2019-03-14T10:05:21+08:00 ] 127.0.0.1 /favicon.ico
INFO: [ app_init ] --START--
INFO: Run Behavior\BuildLiteBehavior [ RunTime:0.000047s ]
INFO: [ app_init ] --END-- [ RunTime:0.000806s ]

[ 2019-03-14T10:06:07+08:00 ] 127.0.0.1 /
INFO: [ app_init ] --START--
INFO: Run Behavior\BuildLiteBehavior [ RunTime:0.000024s ]
INFO: [ app_init ] --END-- [ RunTime:0.000514s ]
INFO: [ app_begin ] --START--
INFO: Run Behavior\ReadHtmlCacheBehavior [ RunTime:0.000895s ]
INFO: [ app_begin ] --END-- [ RunTime:0.001041s ]
ERR: SQLSTATE[HY000] [2002] ÓÉÓÚÄ¿±ê¼ÆËã»ú»ý¼«¾Ü¾ø£¬ÎÞ·¨Á¬½Ó¡£


[ 2019-03-14T11:32:41+08:00 ] 127.0.0.1 /
INFO: [ app_init ] --START--
INFO: Run Behavior\BuildLiteBehavior [ RunTime:0.000025s ]
INFO: [ app_init ] --END-- [ RunTime:0.000923s ]
INFO: [ app_begin ] --START--
INFO: Run Behavior\ReadHtmlCacheBehavior [ RunTime:0.001286s ]
INFO: [ app_begin ] --END-- [ RunTime:0.001472s ]
SQL: SHOW COLUMNS FROM `home_image` [ RunTime:0.0145s ]
SQL: SELECT * FROM `home_image` WHERE ( id not in (select max(id) from home_image) ) ORDER BY id desc  [ RunTime:0.0041s ]
SQL: SELECT * FROM `home_image` WHERE ( id in (select max(id) from home_image) ) LIMIT 1   [ RunTime:0.0085s ]
SQL: SELECT COUNT(*) AS tp_count FROM `home_image` LIMIT 1   [ RunTime:0.0026s ]
SQL: SHOW COLUMNS FROM `contact_us` [ RunTime:0.0132s ]
SQL: SELECT * FROM `contact_us` LIMIT 1   [ RunTime:0.0075s ]
SQL: SHOW COLUMNS FROM `news` [ RunTime:0.0258s ]
SQL: SELECT * FROM `news` WHERE ( content != '' ) ORDER BY save_time desc LIMIT 4   [ RunTime:0.0068s ]
SQL: SHOW COLUMNS FROM `center_introduction` [ RunTime:0.0138s ]
SQL: SELECT * FROM `center_introduction` LIMIT 1   [ RunTime:0.0081s ]
SQL: SHOW COLUMNS FROM `lab_image` [ RunTime:0.0113s ]
SQL: SELECT * FROM `lab_image` ORDER BY id desc  [ RunTime:0.0034s ]
SQL: SHOW COLUMNS FROM `inspection_scope` [ RunTime:0.0150s ]
SQL: SELECT * FROM `inspection_scope` WHERE ( content !='' ) ORDER BY save_time desc LIMIT 4   [ RunTime:0.0065s ]
SQL: SHOW COLUMNS FROM `footer` [ RunTime:0.0092s ]
SQL: SELECT * FROM `footer` LIMIT 1   [ RunTime:0.0045s ]
INFO: [ view_parse ] --START--
INFO: [ template_filter ] --START--
INFO: Run Behavior\ContentReplaceBehavior [ RunTime:0.000295s ]
INFO: [ template_filter ] --END-- [ RunTime:0.000458s ]
NOTIC: [8] Undefined variable: rs C:\BUPT\PHP\WAMPserver\www\jcweb\Application\Runtime\Cache\Home\2a94b8bda04ff446dcedd42276fc99ee.php ç¬¬ 366 è¡Œ.
NOTIC: [8] Undefined variable: rs C:\BUPT\PHP\WAMPserver\www\jcweb\Application\Runtime\Cache\Home\2a94b8bda04ff446dcedd42276fc99ee.php ç¬¬ 368 è¡Œ.
NOTIC: [8] Undefined variable: rs C:\BUPT\PHP\WAMPserver\www\jcweb\Application\Runtime\Cache\Home\2a94b8bda04ff446dcedd42276fc99ee.php ç¬¬ 370 è¡Œ.
INFO: Run Behavior\ParseTemplateBehavior [ RunTime:0.032674s ]
INFO: [ view_parse ] --END-- [ RunTime:0.032855s ]
INFO: [ view_filter ] --START--
INFO: Run Behavior\WriteHtmlCacheBehavior [ RunTime:0.001717s ]
INFO: [ view_filter ] --END-- [ RunTime:0.001847s ]
INFO: [ app_end ] --START--
INFO: Run Behavior\ShowPageTraceBehavior [ RunTime:0.001457s ]
INFO: [ app_end ] --END-- [ RunTime:0.001594s ]

[ 2019-03-14T11:33:09+08:00 ] 127.0.0.1 /Home/Information/contact
INFO: [ app_init ] --START--
INFO: Run Behavior\BuildLiteBehavior [ RunTime:0.000020s ]
INFO: [ app_init ] --END-- [ RunTime:0.000422s ]
INFO: [ app_begin ] --START--
INFO: Run Behavior\ReadHtmlCacheBehavior [ RunTime:0.000604s ]
INFO: [ app_begin ] --END-- [ RunTime:0.000698s ]
SQL: SHOW COLUMNS FROM `footer` [ RunTime:0.0158s ]
SQL: SELECT * FROM `footer` LIMIT 1   [ RunTime:0.0034s ]
SQL: SHOW COLUMNS FROM `contact_us` [ RunTime:0.0197s ]
SQL: SELECT * FROM `contact_us` LIMIT 1   [ RunTime:0.0082s ]
INFO: [ view_parse ] --START--
INFO: [ template_filter ] --START--
INFO: Run Behavior\ContentReplaceBehavior [ RunTime:0.000126s ]
INFO: [ template_filter ] --END-- [ RunTime:0.000292s ]
NOTIC: [8] Undefined variable: rs C:\BUPT\PHP\WAMPserver\www\jcweb\Application\Runtime\Cache\Home\4620d908095e837259c8c224dfccaff2.php ç¬¬ 88 è¡Œ.
NOTIC: [8] Undefined variable: rs C:\BUPT\PHP\WAMPserver\www\jcweb\Application\Runtime\Cache\Home\4620d908095e837259c8c224dfccaff2.php ç¬¬ 90 è¡Œ.
NOTIC: [8] Undefined variable: rs C:\BUPT\PHP\WAMPserver\www\jcweb\Application\Runtime\Cache\Home\4620d908095e837259c8c224dfccaff2.php ç¬¬ 92 è¡Œ.
INFO: Run Behavior\ParseTemplateBehavior [ RunTime:0.016765s ]
INFO: [ view_parse ] --END-- [ RunTime:0.016967s ]
INFO: [ view_filter ] --START--
INFO: Run Behavior\WriteHtmlCacheBehavior [ RunTime:0.000787s ]
INFO: [ view_filter ] --END-- [ RunTime:0.000928s ]
INFO: [ app_end ] --START--
INFO: Run Behavior\ShowPageTraceBehavior [ RunTime:0.000951s ]
INFO: [ app_end ] --END-- [ RunTime:0.001076s ]

[ 2019-03-14T11:33:22+08:00 ] 127.0.0.1 /Home/Information/introduction
INFO: [ app_init ] --START--
INFO: Run Behavior\BuildLiteBehavior [ RunTime:0.000024s ]
INFO: [ app_init ] --END-- [ RunTime:0.000444s ]
INFO: [ app_begin ] --START--
INFO: Run Behavior\ReadHtmlCacheBehavior [ RunTime:0.000933s ]
INFO: [ app_begin ] --END-- [ RunTime:0.001048s ]
SQL: SHOW COLUMNS FROM `footer` [ RunTime:0.0142s ]
SQL: SELECT * FROM `footer` LIMIT 1   [ RunTime:0.0114s ]
SQL: SHOW COLUMNS FROM `center_introduction` [ RunTime:0.0141s ]
SQL: SELECT * FROM `center_introduction` LIMIT 1   [ RunTime:0.0063s ]
INFO: [ view_parse ] --START--
INFO: [ template_filter ] --START--
INFO: Run Behavior\ContentReplaceBehavior [ RunTime:0.000080s ]
INFO: [ template_filter ] --END-- [ RunTime:0.000186s ]
NOTIC: [8] Undefined variable: rs C:\BUPT\PHP\WAMPserver\www\jcweb\Application\Runtime\Cache\Home\bc108245394d2851bea7c5e7834c22c7.php ç¬¬ 81 è¡Œ.
NOTIC: [8] Undefined variable: rs C:\BUPT\PHP\WAMPserver\www\jcweb\Application\Runtime\Cache\Home\bc108245394d2851bea7c5e7834c22c7.php ç¬¬ 83 è¡Œ.
NOTIC: [8] Undefined variable: rs C:\BUPT\PHP\WAMPserver\www\jcweb\Application\Runtime\Cache\Home\bc108245394d2851bea7c5e7834c22c7.php ç¬¬ 85 è¡Œ.
INFO: Run Behavior\ParseTemplateBehavior [ RunTime:0.010589s ]
INFO: [ view_parse ] --END-- [ RunTime:0.010749s ]
INFO: [ view_filter ] --START--
INFO: Run Behavior\WriteHtmlCacheBehavior [ RunTime:0.000566s ]
INFO: [ view_filter ] --END-- [ RunTime:0.000661s ]
INFO: [ app_end ] --START--
INFO: Run Behavior\ShowPageTraceBehavior [ RunTime:0.000737s ]
INFO: [ app_end ] --END-- [ RunTime:0.000832s ]

[ 2019-03-14T11:33:35+08:00 ] 127.0.0.1 /Home/Information/certificate
INFO: [ app_init ] --START--
INFO: Run Behavior\BuildLiteBehavior [ RunTime:0.000021s ]
INFO: [ app_init ] --END-- [ RunTime:0.000363s ]
INFO: [ app_begin ] --START--
INFO: Run Behavior\ReadHtmlCacheBehavior [ RunTime:0.000425s ]
INFO: [ app_begin ] --END-- [ RunTime:0.000518s ]
SQL: SHOW COLUMNS FROM `footer` [ RunTime:0.0198s ]
SQL: SELECT * FROM `footer` LIMIT 1   [ RunTime:0.0405s ]
SQL: SHOW COLUMNS FROM `constitute_certificate` [ RunTime:0.0267s ]
SQL: SELECT * FROM `constitute_certificate` LIMIT 1   [ RunTime:0.0071s ]
INFO: [ view_parse ] --START--
INFO: [ template_filter ] --START--
INFO: Run Behavior\ContentReplaceBehavior [ RunTime:0.000076s ]
INFO: [ template_filter ] --END-- [ RunTime:0.000175s ]
NOTIC: [8] Undefined variable: rs C:\BUPT\PHP\WAMPserver\www\jcweb\Application\Runtime\Cache\Home\ac8204dedf722490e04f6239e49b69c5.php ç¬¬ 81 è¡Œ.
NOTIC: [8] Undefined variable: rs C:\BUPT\PHP\WAMPserver\www\jcweb\Application\Runtime\Cache\Home\ac8204dedf722490e04f6239e49b69c5.php ç¬¬ 83 è¡Œ.
NOTIC: [8] Undefined variable: rs C:\BUPT\PHP\WAMPserver\www\jcweb\Application\Runtime\Cache\Home\ac8204dedf722490e04f6239e49b69c5.php ç¬¬ 85 è¡Œ.
INFO: Run Behavior\ParseTemplateBehavior [ RunTime:0.011035s ]
INFO: [ view_parse ] --END-- [ RunTime:0.011184s ]
INFO: [ view_filter ] --START--
INFO: Run Behavior\WriteHtmlCacheBehavior [ RunTime:0.000876s ]
INFO: [ view_filter ] --END-- [ RunTime:0.001070s ]
INFO: [ app_end ] --START--
INFO: Run Behavior\ShowPageTraceBehavior [ RunTime:0.000888s ]
INFO: [ app_end ] --END-- [ RunTime:0.001018s ]

[ 2019-03-14T13:13:37+08:00 ] 127.0.0.1 /
INFO: [ app_init ] --START--
INFO: Run Behavior\BuildLiteBehavior [ RunTime:0.000040s ]
INFO: [ app_init ] --END-- [ RunTime:0.000504s ]
INFO: [ app_begin ] --START--
INFO: Run Behavior\ReadHtmlCacheBehavior [ RunTime:0.000634s ]
INFO: [ app_begin ] --END-- [ RunTime:0.000741s ]
SQL: SHOW COLUMNS FROM `home_image` [ RunTime:0.0113s ]
SQL: SELECT * FROM `home_image` WHERE ( id not in (select max(id) from home_image) ) ORDER BY id desc  [ RunTime:0.0028s ]
SQL: SELECT * FROM `home_image` WHERE ( id in (select max(id) from home_image) ) LIMIT 1   [ RunTime:0.0031s ]
SQL: SELECT COUNT(*) AS tp_count FROM `home_image` LIMIT 1   [ RunTime:0.0024s ]
SQL: SHOW COLUMNS FROM `contact_us` [ RunTime:0.0108s ]
SQL: SELECT * FROM `contact_us` LIMIT 1   [ RunTime:0.0031s ]
SQL: SHOW COLUMNS FROM `news` [ RunTime:0.0099s ]
SQL: SELECT * FROM `news` WHERE ( content != '' ) ORDER BY save_time desc LIMIT 4   [ RunTime:0.0029s ]
SQL: SHOW COLUMNS FROM `center_introduction` [ RunTime:0.0115s ]
SQL: SELECT * FROM `center_introduction` LIMIT 1   [ RunTime:0.0032s ]
SQL: SHOW COLUMNS FROM `lab_image` [ RunTime:0.0100s ]
SQL: SELECT * FROM `lab_image` ORDER BY id desc  [ RunTime:0.0027s ]
SQL: SHOW COLUMNS FROM `inspection_scope` [ RunTime:0.0106s ]
SQL: SELECT * FROM `inspection_scope` WHERE ( content !='' ) ORDER BY save_time desc LIMIT 4   [ RunTime:0.0033s ]
SQL: SHOW COLUMNS FROM `footer` [ RunTime:0.0102s ]
SQL: SELECT * FROM `footer` LIMIT 1   [ RunTime:0.0030s ]
INFO: [ view_parse ] --START--
INFO: [ template_filter ] --START--
INFO: Run Behavior\ContentReplaceBehavior [ RunTime:0.000116s ]
INFO: [ template_filter ] --END-- [ RunTime:0.000212s ]
NOTIC: [8] Undefined variable: rs C:\BUPT\PHP\WAMPserver\www\jcweb\Application\Runtime\Cache\Home\2a94b8bda04ff446dcedd42276fc99ee.php ç¬¬ 366 è¡Œ.
NOTIC: [8] Undefined variable: rs C:\BUPT\PHP\WAMPserver\www\jcweb\Application\Runtime\Cache\Home\2a94b8bda04ff446dcedd42276fc99ee.php ç¬¬ 368 è¡Œ.
NOTIC: [8] Undefined variable: rs C:\BUPT\PHP\WAMPserver\www\jcweb\Application\Runtime\Cache\Home\2a94b8bda04ff446dcedd42276fc99ee.php ç¬¬ 370 è¡Œ.
INFO: Run Behavior\ParseTemplateBehavior [ RunTime:0.023056s ]
INFO: [ view_parse ] --END-- [ RunTime:0.023155s ]
INFO: [ view_filter ] --START--
INFO: Run Behavior\WriteHtmlCacheBehavior [ RunTime:0.000537s ]
INFO: [ view_filter ] --END-- [ RunTime:0.000623s ]
INFO: [ app_end ] --START--
INFO: Run Behavior\ShowPageTraceBehavior [ RunTime:0.000881s ]
INFO: [ app_end ] --END-- [ RunTime:0.001027s ]

[ 2019-03-14T13:14:08+08:00 ] 127.0.0.1 /Home/Information/introduction
INFO: [ app_init ] --START--
INFO: Run Behavior\BuildLiteBehavior [ RunTime:0.000027s ]
INFO: [ app_init ] --END-- [ RunTime:0.000539s ]
INFO: [ app_begin ] --START--
INFO: Run Behavior\ReadHtmlCacheBehavior [ RunTime:0.000615s ]
INFO: [ app_begin ] --END-- [ RunTime:0.000717s ]
SQL: SHOW COLUMNS FROM `footer` [ RunTime:0.0116s ]
SQL: SELECT * FROM `footer` LIMIT 1   [ RunTime:0.0029s ]
SQL: SHOW COLUMNS FROM `center_introduction` [ RunTime:0.0101s ]
SQL: SELECT * FROM `center_introduction` LIMIT 1   [ RunTime:0.0040s ]
INFO: [ view_parse ] --START--
INFO: [ template_filter ] --START--
INFO: Run Behavior\ContentReplaceBehavior [ RunTime:0.000079s ]
INFO: [ template_filter ] --END-- [ RunTime:0.000185s ]
NOTIC: [8] Undefined variable: rs C:\BUPT\PHP\WAMPserver\www\jcweb\Application\Runtime\Cache\Home\bc108245394d2851bea7c5e7834c22c7.php ç¬¬ 81 è¡Œ.
NOTIC: [8] Undefined variable: rs C:\BUPT\PHP\WAMPserver\www\jcweb\Application\Runtime\Cache\Home\bc108245394d2851bea7c5e7834c22c7.php ç¬¬ 83 è¡Œ.
NOTIC: [8] Undefined variable: rs C:\BUPT\PHP\WAMPserver\www\jcweb\Application\Runtime\Cache\Home\bc108245394d2851bea7c5e7834c22c7.php ç¬¬ 85 è¡Œ.
INFO: Run Behavior\ParseTemplateBehavior [ RunTime:0.009329s ]
INFO: [ view_parse ] --END-- [ RunTime:0.009437s ]
INFO: [ view_filter ] --START--
INFO: Run Behavior\WriteHtmlCacheBehavior [ RunTime:0.000615s ]
INFO: [ view_filter ] --END-- [ RunTime:0.000724s ]
INFO: [ app_end ] --START--
INFO: Run Behavior\ShowPageTraceBehavior [ RunTime:0.000885s ]
INFO: [ app_end ] --END-- [ RunTime:0.001024s ]

[ 2019-03-14T13:14:13+08:00 ] 127.0.0.1 /Home/Information/news
INFO: [ app_init ] --START--
INFO: Run Behavior\BuildLiteBehavior [ RunTime:0.000021s ]
INFO: [ app_init ] --END-- [ RunTime:0.000407s ]
INFO: [ app_begin ] --START--
INFO: Run Behavior\ReadHtmlCacheBehavior [ RunTime:0.000436s ]
INFO: [ app_begin ] --END-- [ RunTime:0.000529s ]
SQL: SHOW COLUMNS FROM `footer` [ RunTime:0.0102s ]
SQL: SELECT * FROM `footer` LIMIT 1   [ RunTime:0.0021s ]
SQL: SHOW COLUMNS FROM `news` [ RunTime:0.0078s ]
SQL: SELECT * FROM `news` WHERE ( type=0 ) ORDER BY id desc LIMIT 0,4   [ RunTime:0.0028s ]
SQL: SELECT COUNT(*) AS tp_count FROM `news` WHERE ( type = 0 ) LIMIT 1   [ RunTime:0.0025s ]
SQL: SELECT * FROM `news` WHERE ( type=1 ) ORDER BY id desc LIMIT 0,4   [ RunTime:0.0027s ]
SQL: SELECT COUNT(*) AS tp_count FROM `news` WHERE ( type = 1 ) LIMIT 1   [ RunTime:0.0020s ]
INFO: [ view_parse ] --START--
INFO: [ template_filter ] --START--
INFO: Run Behavior\ContentReplaceBehavior [ RunTime:0.000078s ]
INFO: [ template_filter ] --END-- [ RunTime:0.000180s ]
NOTIC: [8] Undefined variable: rs C:\BUPT\PHP\WAMPserver\www\jcweb\Application\Runtime\Cache\Home\77a814446ea1d9a4d011f19ccdbe5997.php ç¬¬ 83 è¡Œ.
NOTIC: [8] Undefined variable: rs C:\BUPT\PHP\WAMPserver\www\jcweb\Application\Runtime\Cache\Home\77a814446ea1d9a4d011f19ccdbe5997.php ç¬¬ 85 è¡Œ.
NOTIC: [8] Undefined variable: rs C:\BUPT\PHP\WAMPserver\www\jcweb\Application\Runtime\Cache\Home\77a814446ea1d9a4d011f19ccdbe5997.php ç¬¬ 87 è¡Œ.
INFO: Run Behavior\ParseTemplateBehavior [ RunTime:0.012366s ]
INFO: [ view_parse ] --END-- [ RunTime:0.012480s ]
INFO: [ view_filter ] --START--
INFO: Run Behavior\WriteHtmlCacheBehavior [ RunTime:0.000538s ]
INFO: [ view_filter ] --END-- [ RunTime:0.000623s ]
INFO: [ app_end ] --START--
INFO: Run Behavior\ShowPageTraceBehavior [ RunTime:0.000654s ]
INFO: [ app_end ] --END-- [ RunTime:0.000742s ]

[ 2019-03-14T13:14:19+08:00 ] 127.0.0.1 /index.php/home/Information/newDetail.html?type=1&id=6
INFO: [ app_init ] --START--
INFO: Run Behavior\BuildLiteBehavior [ RunTime:0.000026s ]
INFO: [ app_init ] --END-- [ RunTime:0.000419s ]
INFO: [ app_begin ] --START--
INFO: Run Behavior\ReadHtmlCacheBehavior [ RunTime:0.000434s ]
INFO: [ app_begin ] --END-- [ RunTime:0.000524s ]
SQL: SHOW COLUMNS FROM `footer` [ RunTime:0.0189s ]
SQL: SELECT * FROM `footer` LIMIT 1   [ RunTime:0.0033s ]
SQL: SHOW COLUMNS FROM `news` [ RunTime:0.0259s ]
SQL: SELECT * FROM `news` WHERE ( id = 6 ) LIMIT 1   [ RunTime:0.0028s ]
INFO: [ view_parse ] --START--
INFO: [ template_filter ] --START--
INFO: Run Behavior\ContentReplaceBehavior [ RunTime:0.000135s ]
INFO: [ template_filter ] --END-- [ RunTime:0.000307s ]
NOTIC: [8] Undefined variable: rs C:\BUPT\PHP\WAMPserver\www\jcweb\Application\Runtime\Cache\Home\512bc51d2dbfee5ead279be6ccb3cf45.php ç¬¬ 82 è¡Œ.
NOTIC: [8] Undefined variable: rs C:\BUPT\PHP\WAMPserver\www\jcweb\Application\Runtime\Cache\Home\512bc51d2dbfee5ead279be6ccb3cf45.php ç¬¬ 84 è¡Œ.
NOTIC: [8] Undefined variable: rs C:\BUPT\PHP\WAMPserver\www\jcweb\Application\Runtime\Cache\Home\512bc51d2dbfee5ead279be6ccb3cf45.php ç¬¬ 86 è¡Œ.
INFO: Run Behavior\ParseTemplateBehavior [ RunTime:0.013726s ]
INFO: [ view_parse ] --END-- [ RunTime:0.013894s ]
INFO: [ view_filter ] --START--
INFO: Run Behavior\WriteHtmlCacheBehavior [ RunTime:0.000963s ]
INFO: [ view_filter ] --END-- [ RunTime:0.001117s ]
INFO: [ app_end ] --START--
INFO: Run Behavior\ShowPageTraceBehavior [ RunTime:0.001057s ]
INFO: [ app_end ] --END-- [ RunTime:0.001194s ]

[ 2019-03-14T13:14:26+08:00 ] 127.0.0.1 /Home/Information/contact
INFO: [ app_init ] --START--
INFO: Run Behavior\BuildLiteBehavior [ RunTime:0.000028s ]
INFO: [ app_init ] --END-- [ RunTime:0.000389s ]
INFO: [ app_begin ] --START--
INFO: Run Behavior\ReadHtmlCacheBehavior [ RunTime:0.000828s ]
INFO: [ app_begin ] --END-- [ RunTime:0.001032s ]
SQL: SHOW COLUMNS FROM `footer` [ RunTime:0.0199s ]
SQL: SELECT * FROM `footer` LIMIT 1   [ RunTime:0.0031s ]
SQL: SHOW COLUMNS FROM `contact_us` [ RunTime:0.0098s ]
SQL: SELECT * FROM `contact_us` LIMIT 1   [ RunTime:0.0033s ]
INFO: [ view_parse ] --START--
INFO: [ template_filter ] --START--
INFO: Run Behavior\ContentReplaceBehavior [ RunTime:0.000129s ]
INFO: [ template_filter ] --END-- [ RunTime:0.000292s ]
NOTIC: [8] Undefined variable: rs C:\BUPT\PHP\WAMPserver\www\jcweb\Application\Runtime\Cache\Home\4620d908095e837259c8c224dfccaff2.php ç¬¬ 88 è¡Œ.
NOTIC: [8] Undefined variable: rs C:\BUPT\PHP\WAMPserver\www\jcweb\Application\Runtime\Cache\Home\4620d908095e837259c8c224dfccaff2.php ç¬¬ 90 è¡Œ.
NOTIC: [8] Undefined variable: rs C:\BUPT\PHP\WAMPserver\www\jcweb\Application\Runtime\Cache\Home\4620d908095e837259c8c224dfccaff2.php ç¬¬ 92 è¡Œ.
INFO: Run Behavior\ParseTemplateBehavior [ RunTime:0.014645s ]
INFO: [ view_parse ] --END-- [ RunTime:0.014817s ]
INFO: [ view_filter ] --START--
INFO: Run Behavior\WriteHtmlCacheBehavior [ RunTime:0.000918s ]
INFO: [ view_filter ] --END-- [ RunTime:0.001100s ]
INFO: [ app_end ] --START--
INFO: Run Behavior\ShowPageTraceBehavior [ RunTime:0.001073s ]
INFO: [ app_end ] --END-- [ RunTime:0.001209s ]

[ 2019-03-14T13:14:34+08:00 ] 127.0.0.1 /Home/Information/contact
INFO: [ app_init ] --START--
INFO: Run Behavior\BuildLiteBehavior [ RunTime:0.000034s ]
INFO: [ app_init ] --END-- [ RunTime:0.000563s ]
INFO: [ app_begin ] --START--
INFO: Run Behavior\ReadHtmlCacheBehavior [ RunTime:0.000437s ]
INFO: [ app_begin ] --END-- [ RunTime:0.000531s ]
SQL: SHOW COLUMNS FROM `footer` [ RunTime:0.0201s ]
SQL: SELECT * FROM `footer` LIMIT 1   [ RunTime:0.0024s ]
SQL: SHOW COLUMNS FROM `contact_us` [ RunTime:0.0346s ]
SQL: SELECT * FROM `contact_us` LIMIT 1   [ RunTime:0.0039s ]
INFO: [ view_parse ] --START--
INFO: [ template_filter ] --START--
INFO: Run Behavior\ContentReplaceBehavior [ RunTime:0.000078s ]
INFO: [ template_filter ] --END-- [ RunTime:0.000177s ]
NOTIC: [8] Undefined variable: rs C:\BUPT\PHP\WAMPserver\www\jcweb\Application\Runtime\Cache\Home\4620d908095e837259c8c224dfccaff2.php ç¬¬ 88 è¡Œ.
NOTIC: [8] Undefined variable: rs C:\BUPT\PHP\WAMPserver\www\jcweb\Application\Runtime\Cache\Home\4620d908095e837259c8c224dfccaff2.php ç¬¬ 90 è¡Œ.
NOTIC: [8] Undefined variable: rs C:\BUPT\PHP\WAMPserver\www\jcweb\Application\Runtime\Cache\Home\4620d908095e837259c8c224dfccaff2.php ç¬¬ 92 è¡Œ.
INFO: Run Behavior\ParseTemplateBehavior [ RunTime:0.010225s ]
INFO: [ view_parse ] --END-- [ RunTime:0.010400s ]
INFO: [ view_filter ] --START--
INFO: Run Behavior\WriteHtmlCacheBehavior [ RunTime:0.000534s ]
INFO: [ view_filter ] --END-- [ RunTime:0.000625s ]
INFO: [ app_end ] --START--
INFO: Run Behavior\ShowPageTraceBehavior [ RunTime:0.000671s ]
INFO: [ app_end ] --END-- [ RunTime:0.000774s ]

