[ 2019-03-31T15:19:53+08:00 ] 127.0.0.1 /
INFO: [ app_init ] --START--
INFO: Run Behavior\BuildLiteBehavior [ RunTime:0.000055s ]
INFO: [ app_init ] --END-- [ RunTime:0.002613s ]
INFO: [ app_begin ] --START--
INFO: Run Behavior\ReadHtmlCacheBehavior [ RunTime:0.000680s ]
INFO: [ app_begin ] --END-- [ RunTime:0.000743s ]
SQL: SHOW COLUMNS FROM `home_image` [ RunTime:0.0250s ]
SQL: SELECT * FROM `home_image` WHERE ( id not in (select max(id) from home_image) ) ORDER BY id desc  [ RunTime:0.0055s ]
SQL: SELECT * FROM `home_image` WHERE ( id in (select max(id) from home_image) ) LIMIT 1   [ RunTime:0.0026s ]
SQL: SELECT COUNT(*) AS tp_count FROM `home_image` LIMIT 1   [ RunTime:0.0026s ]
SQL: SHOW COLUMNS FROM `contact_us` [ RunTime:0.0094s ]
SQL: SELECT * FROM `contact_us` LIMIT 1   [ RunTime:0.0028s ]
SQL: SHOW COLUMNS FROM `news` [ RunTime:0.0087s ]
SQL: SELECT * FROM `news` WHERE ( content != '' ) ORDER BY save_time desc LIMIT 4   [ RunTime:0.0028s ]
SQL: SHOW COLUMNS FROM `center_introduction` [ RunTime:0.0085s ]
SQL: SELECT * FROM `center_introduction` LIMIT 1   [ RunTime:0.0025s ]
SQL: SHOW COLUMNS FROM `lab_image` [ RunTime:0.0069s ]
SQL: SELECT * FROM `lab_image` ORDER BY id desc  [ RunTime:0.0025s ]
SQL: SHOW COLUMNS FROM `inspection_scope` [ RunTime:0.0058s ]
SQL: SELECT * FROM `inspection_scope` WHERE ( content !='' ) ORDER BY save_time desc LIMIT 4   [ RunTime:0.0028s ]
SQL: SHOW COLUMNS FROM `footer` [ RunTime:0.0079s ]
SQL: SELECT * FROM `footer` LIMIT 1   [ RunTime:0.0027s ]
INFO: [ view_parse ] --START--
INFO: [ template_filter ] --START--
INFO: Run Behavior\ContentReplaceBehavior [ RunTime:0.000379s ]
INFO: [ template_filter ] --END-- [ RunTime:0.000440s ]
NOTIC: [8] Undefined variable: rs C:\Coding\Php\Wampserver\www\jcweb\Application\Runtime\Cache\Home\2a94b8bda04ff446dcedd42276fc99ee.php 第 370 行.
NOTIC: [8] Undefined variable: rs C:\Coding\Php\Wampserver\www\jcweb\Application\Runtime\Cache\Home\2a94b8bda04ff446dcedd42276fc99ee.php 第 372 行.
NOTIC: [8] Undefined variable: rs C:\Coding\Php\Wampserver\www\jcweb\Application\Runtime\Cache\Home\2a94b8bda04ff446dcedd42276fc99ee.php 第 374 行.
INFO: Run Behavior\ParseTemplateBehavior [ RunTime:0.033646s ]
INFO: [ view_parse ] --END-- [ RunTime:0.033702s ]
INFO: [ view_filter ] --START--
INFO: Run Behavior\WriteHtmlCacheBehavior [ RunTime:0.000415s ]
INFO: [ view_filter ] --END-- [ RunTime:0.000464s ]
INFO: [ app_end ] --START--
INFO: Run Behavior\ShowPageTraceBehavior [ RunTime:0.000251s ]
INFO: [ app_end ] --END-- [ RunTime:0.000303s ]

[ 2019-03-31T15:19:57+08:00 ] 127.0.0.1 /favicon.ico
INFO: [ app_init ] --START--
INFO: Run Behavior\BuildLiteBehavior [ RunTime:0.000013s ]
INFO: [ app_init ] --END-- [ RunTime:0.000136s ]

[ 2019-03-31T15:20:04+08:00 ] 127.0.0.1 /ad,in
INFO: [ app_init ] --START--
INFO: Run Behavior\BuildLiteBehavior [ RunTime:0.000015s ]
INFO: [ app_init ] --END-- [ RunTime:0.000176s ]
INFO: [ app_begin ] --START--
INFO: Run Behavior\ReadHtmlCacheBehavior [ RunTime:0.000223s ]
INFO: [ app_begin ] --END-- [ RunTime:0.000273s ]
ERR: 无法加载控制器:Ad,in

[ 2019-03-31T15:20:38+08:00 ] 127.0.0.1 /Uploads/ueditor/image/20190329/5c9decc2463fc.png
INFO: [ app_init ] --START--
INFO: Run Behavior\BuildLiteBehavior [ RunTime:0.000020s ]
INFO: [ app_init ] --END-- [ RunTime:0.000132s ]

[ 2019-03-31T15:20:48+08:00 ] 127.0.0.1 /Uploads/ueditor/image/20190329/5c9decc2463fc.png
INFO: [ app_init ] --START--
INFO: Run Behavior\BuildLiteBehavior [ RunTime:0.000013s ]
INFO: [ app_init ] --END-- [ RunTime:0.000087s ]

[ 2019-03-31T15:20:50+08:00 ] 127.0.0.1 /Public/attached/2019-03-27/1553674386.png
INFO: [ app_init ] --START--
INFO: Run Behavior\BuildLiteBehavior [ RunTime:0.000014s ]
INFO: [ app_init ] --END-- [ RunTime:0.000084s ]

[ 2019-03-31T15:21:02+08:00 ] 127.0.0.1 /Public/attached/2019-03-27/1553674386.png
INFO: [ app_init ] --START--
INFO: Run Behavior\BuildLiteBehavior [ RunTime:0.000020s ]
INFO: [ app_init ] --END-- [ RunTime:0.000122s ]

[ 2019-03-31T15:21:07+08:00 ] 127.0.0.1 /Uploads/ueditor/image/20190329/5c9decc2463fc.png
INFO: [ app_init ] --START--
INFO: Run Behavior\BuildLiteBehavior [ RunTime:0.000014s ]
INFO: [ app_init ] --END-- [ RunTime:0.000083s ]

[ 2019-03-31T15:21:13+08:00 ] 127.0.0.1 /Uploads/ueditor/image/20190329/5c9decc2463fc.png
INFO: [ app_init ] --START--
INFO: Run Behavior\BuildLiteBehavior [ RunTime:0.000015s ]
INFO: [ app_init ] --END-- [ RunTime:0.000099s ]

[ 2019-03-31T15:24:51+08:00 ] 127.0.0.1 /Uploads/ueditor/image/20190329/5c9decc2463fc.png
INFO: [ app_init ] --START--
INFO: Run Behavior\BuildLiteBehavior [ RunTime:0.000023s ]
INFO: [ app_init ] --END-- [ RunTime:0.000149s ]

