[ 2019-03-12T09:09:13+08:00 ] 127.0.0.1 /
INFO: [ app_init ] --START--
INFO: Run Behavior\BuildLiteBehavior [ RunTime:0.005981s ]
INFO: [ app_init ] --END-- [ RunTime:0.022135s ]
INFO: [ app_begin ] --START--
INFO: Run Behavior\ReadHtmlCacheBehavior [ RunTime:0.001257s ]
INFO: [ app_begin ] --END-- [ RunTime:0.001493s ]
SQL: SHOW COLUMNS FROM `home_image` [ RunTime:0.0139s ]
SQL: SELECT * FROM `home_image` WHERE ( id not in (select max(id) from home_image) ) ORDER BY id desc  [ RunTime:0.0025s ]
SQL: SELECT * FROM `home_image` WHERE ( id in (select max(id) from home_image) ) LIMIT 1   [ RunTime:0.0013s ]
SQL: SELECT COUNT(*) AS tp_count FROM `home_image` LIMIT 1   [ RunTime:0.0019s ]
SQL: SHOW COLUMNS FROM `contact_us` [ RunTime:0.0071s ]
SQL: SELECT * FROM `contact_us` LIMIT 1   [ RunTime:0.0017s ]
SQL: SHOW COLUMNS FROM `news` [ RunTime:0.0071s ]
SQL: SELECT * FROM `news` WHERE ( content != '' ) ORDER BY save_time desc LIMIT 4   [ RunTime:0.0025s ]
SQL: SHOW COLUMNS FROM `center_introduction` [ RunTime:0.0082s ]
SQL: SELECT * FROM `center_introduction` LIMIT 1   [ RunTime:0.0016s ]
SQL: SHOW COLUMNS FROM `lab_image` [ RunTime:0.0050s ]
SQL: SELECT * FROM `lab_image` ORDER BY id desc  [ RunTime:0.0010s ]
SQL: SHOW COLUMNS FROM `inspection_scope` [ RunTime:0.0043s ]
SQL: SELECT * FROM `inspection_scope` WHERE ( content !='' ) ORDER BY save_time desc LIMIT 4   [ RunTime:0.0015s ]
SQL: SHOW COLUMNS FROM `footer` [ RunTime:0.0041s ]
SQL: SELECT * FROM `footer` LIMIT 1   [ RunTime:0.0016s ]
INFO: [ view_parse ] --START--
INFO: [ template_filter ] --START--
INFO: Run Behavior\ContentReplaceBehavior [ RunTime:0.019203s ]
INFO: [ template_filter ] --END-- [ RunTime:0.019349s ]
INFO: Run Behavior\ParseTemplateBehavior [ RunTime:0.122162s ]
INFO: [ view_parse ] --END-- [ RunTime:0.122323s ]
INFO: [ view_filter ] --START--
INFO: Run Behavior\WriteHtmlCacheBehavior [ RunTime:0.000760s ]
INFO: [ view_filter ] --END-- [ RunTime:0.000892s ]
INFO: [ app_end ] --START--
INFO: Run Behavior\ShowPageTraceBehavior [ RunTime:0.000897s ]
INFO: [ app_end ] --END-- [ RunTime:0.001035s ]

[ 2019-03-12T09:09:15+08:00 ] 127.0.0.1 /favicon.ico
INFO: [ app_init ] --START--
INFO: Run Behavior\BuildLiteBehavior [ RunTime:0.000019s ]
INFO: [ app_init ] --END-- [ RunTime:0.000170s ]

[ 2019-03-12T09:14:42+08:00 ] 127.0.0.1 /
INFO: [ app_init ] --START--
INFO: Run Behavior\BuildLiteBehavior [ RunTime:0.000014s ]
INFO: [ app_init ] --END-- [ RunTime:0.000196s ]
INFO: [ app_begin ] --START--
INFO: Run Behavior\ReadHtmlCacheBehavior [ RunTime:0.000243s ]
INFO: [ app_begin ] --END-- [ RunTime:0.000292s ]
SQL: SHOW COLUMNS FROM `home_image` [ RunTime:0.0086s ]
SQL: SELECT * FROM `home_image` WHERE ( id not in (select max(id) from home_image) ) ORDER BY id desc  [ RunTime:0.0029s ]
SQL: SELECT * FROM `home_image` WHERE ( id in (select max(id) from home_image) ) LIMIT 1   [ RunTime:0.0016s ]
SQL: SELECT COUNT(*) AS tp_count FROM `home_image` LIMIT 1   [ RunTime:0.0010s ]
SQL: SHOW COLUMNS FROM `contact_us` [ RunTime:0.0075s ]
SQL: SELECT * FROM `contact_us` LIMIT 1   [ RunTime:0.0011s ]
SQL: SHOW COLUMNS FROM `news` [ RunTime:0.0072s ]
SQL: SELECT * FROM `news` WHERE ( content != '' ) ORDER BY save_time desc LIMIT 4   [ RunTime:0.0010s ]
SQL: SHOW COLUMNS FROM `center_introduction` [ RunTime:0.0061s ]
SQL: SELECT * FROM `center_introduction` LIMIT 1   [ RunTime:0.0016s ]
SQL: SHOW COLUMNS FROM `lab_image` [ RunTime:0.0058s ]
SQL: SELECT * FROM `lab_image` ORDER BY id desc  [ RunTime:0.0010s ]
SQL: SHOW COLUMNS FROM `inspection_scope` [ RunTime:0.0043s ]
SQL: SELECT * FROM `inspection_scope` WHERE ( content !='' ) ORDER BY save_time desc LIMIT 4   [ RunTime:0.0020s ]
SQL: SHOW COLUMNS FROM `footer` [ RunTime:0.0048s ]
SQL: SELECT * FROM `footer` LIMIT 1   [ RunTime:0.0008s ]
INFO: [ view_parse ] --START--
INFO: [ template_filter ] --START--
INFO: Run Behavior\ContentReplaceBehavior [ RunTime:0.000048s ]
INFO: [ template_filter ] --END-- [ RunTime:0.000101s ]
INFO: Run Behavior\ParseTemplateBehavior [ RunTime:0.005206s ]
INFO: [ view_parse ] --END-- [ RunTime:0.005274s ]
INFO: [ view_filter ] --START--
INFO: Run Behavior\WriteHtmlCacheBehavior [ RunTime:0.000253s ]
INFO: [ view_filter ] --END-- [ RunTime:0.000304s ]
INFO: [ app_end ] --START--
INFO: Run Behavior\ShowPageTraceBehavior [ RunTime:0.000251s ]
INFO: [ app_end ] --END-- [ RunTime:0.000301s ]

[ 2019-03-12T09:14:42+08:00 ] 127.0.0.1 /favicon.ico
INFO: [ app_init ] --START--
INFO: Run Behavior\BuildLiteBehavior [ RunTime:0.000013s ]
INFO: [ app_init ] --END-- [ RunTime:0.000091s ]

[ 2019-03-12T09:18:50+08:00 ] 127.0.0.1 /
INFO: [ app_init ] --START--
INFO: Run Behavior\BuildLiteBehavior [ RunTime:0.000013s ]
INFO: [ app_init ] --END-- [ RunTime:0.000222s ]
INFO: [ app_begin ] --START--
INFO: Run Behavior\ReadHtmlCacheBehavior [ RunTime:0.000661s ]
INFO: [ app_begin ] --END-- [ RunTime:0.000803s ]
SQL: SHOW COLUMNS FROM `home_image` [ RunTime:0.0098s ]
SQL: SELECT * FROM `home_image` WHERE ( id not in (select max(id) from home_image) ) ORDER BY id desc  [ RunTime:0.0013s ]
SQL: SELECT * FROM `home_image` WHERE ( id in (select max(id) from home_image) ) LIMIT 1   [ RunTime:0.0015s ]
SQL: SELECT COUNT(*) AS tp_count FROM `home_image` LIMIT 1   [ RunTime:0.0023s ]
SQL: SHOW COLUMNS FROM `contact_us` [ RunTime:0.0072s ]
SQL: SELECT * FROM `contact_us` LIMIT 1   [ RunTime:0.0016s ]
SQL: SHOW COLUMNS FROM `news` [ RunTime:0.0074s ]
SQL: SELECT * FROM `news` WHERE ( content != '' ) ORDER BY save_time desc LIMIT 4   [ RunTime:0.0012s ]
SQL: SHOW COLUMNS FROM `center_introduction` [ RunTime:0.0069s ]
SQL: SELECT * FROM `center_introduction` LIMIT 1   [ RunTime:0.0018s ]
SQL: SHOW COLUMNS FROM `lab_image` [ RunTime:0.0053s ]
SQL: SELECT * FROM `lab_image` ORDER BY id desc  [ RunTime:0.0017s ]
SQL: SHOW COLUMNS FROM `inspection_scope` [ RunTime:0.0051s ]
SQL: SELECT * FROM `inspection_scope` WHERE ( content !='' ) ORDER BY save_time desc LIMIT 4   [ RunTime:0.0019s ]
SQL: SHOW COLUMNS FROM `footer` [ RunTime:0.0054s ]
SQL: SELECT * FROM `footer` LIMIT 1   [ RunTime:0.0015s ]
INFO: [ view_parse ] --START--
INFO: [ template_filter ] --START--
INFO: Run Behavior\ContentReplaceBehavior [ RunTime:0.000052s ]
INFO: [ template_filter ] --END-- [ RunTime:0.000107s ]
INFO: Run Behavior\ParseTemplateBehavior [ RunTime:0.005579s ]
INFO: [ view_parse ] --END-- [ RunTime:0.005639s ]
INFO: [ view_filter ] --START--
INFO: Run Behavior\WriteHtmlCacheBehavior [ RunTime:0.000305s ]
INFO: [ view_filter ] --END-- [ RunTime:0.000355s ]
INFO: [ app_end ] --START--
INFO: Run Behavior\ShowPageTraceBehavior [ RunTime:0.000246s ]
INFO: [ app_end ] --END-- [ RunTime:0.000295s ]

[ 2019-03-12T09:18:50+08:00 ] 127.0.0.1 /favicon.ico
INFO: [ app_init ] --START--
INFO: Run Behavior\BuildLiteBehavior [ RunTime:0.000027s ]
INFO: [ app_init ] --END-- [ RunTime:0.000110s ]

[ 2019-03-12T09:19:16+08:00 ] 127.0.0.1 /
INFO: [ app_init ] --START--
INFO: Run Behavior\BuildLiteBehavior [ RunTime:0.000024s ]
INFO: [ app_init ] --END-- [ RunTime:0.000219s ]
INFO: [ app_begin ] --START--
INFO: Run Behavior\ReadHtmlCacheBehavior [ RunTime:0.000241s ]
INFO: [ app_begin ] --END-- [ RunTime:0.000292s ]
SQL: SHOW COLUMNS FROM `home_image` [ RunTime:0.0104s ]
SQL: SELECT * FROM `home_image` WHERE ( id not in (select max(id) from home_image) ) ORDER BY id desc  [ RunTime:0.0016s ]
SQL: SELECT * FROM `home_image` WHERE ( id in (select max(id) from home_image) ) LIMIT 1   [ RunTime:0.0013s ]
SQL: SELECT COUNT(*) AS tp_count FROM `home_image` LIMIT 1   [ RunTime:0.0015s ]
SQL: SHOW COLUMNS FROM `contact_us` [ RunTime:0.0076s ]
SQL: SELECT * FROM `contact_us` LIMIT 1   [ RunTime:0.0021s ]
SQL: SHOW COLUMNS FROM `news` [ RunTime:0.0073s ]
SQL: SELECT * FROM `news` WHERE ( content != '' ) ORDER BY save_time desc LIMIT 4   [ RunTime:0.0016s ]
SQL: SHOW COLUMNS FROM `center_introduction` [ RunTime:0.0073s ]
SQL: SELECT * FROM `center_introduction` LIMIT 1   [ RunTime:0.0020s ]
SQL: SHOW COLUMNS FROM `lab_image` [ RunTime:0.0053s ]
SQL: SELECT * FROM `lab_image` ORDER BY id desc  [ RunTime:0.0016s ]
SQL: SHOW COLUMNS FROM `inspection_scope` [ RunTime:0.0053s ]
SQL: SELECT * FROM `inspection_scope` WHERE ( content !='' ) ORDER BY save_time desc LIMIT 4   [ RunTime:0.0012s ]
SQL: SHOW COLUMNS FROM `footer` [ RunTime:0.0052s ]
SQL: SELECT * FROM `footer` LIMIT 1   [ RunTime:0.0014s ]
INFO: [ view_parse ] --START--
INFO: [ template_filter ] --START--
INFO: Run Behavior\ContentReplaceBehavior [ RunTime:0.000180s ]
INFO: [ template_filter ] --END-- [ RunTime:0.000408s ]
INFO: Run Behavior\ParseTemplateBehavior [ RunTime:0.006303s ]
INFO: [ view_parse ] --END-- [ RunTime:0.006370s ]
INFO: [ view_filter ] --START--
INFO: Run Behavior\WriteHtmlCacheBehavior [ RunTime:0.000259s ]
INFO: [ view_filter ] --END-- [ RunTime:0.000310s ]
INFO: [ app_end ] --START--
INFO: Run Behavior\ShowPageTraceBehavior [ RunTime:0.000264s ]
INFO: [ app_end ] --END-- [ RunTime:0.000309s ]

[ 2019-03-12T09:19:16+08:00 ] 127.0.0.1 /favicon.ico
INFO: [ app_init ] --START--
INFO: Run Behavior\BuildLiteBehavior [ RunTime:0.000028s ]
INFO: [ app_init ] --END-- [ RunTime:0.000207s ]

[ 2019-03-12T09:20:23+08:00 ] 127.0.0.1 /
INFO: [ app_init ] --START--
INFO: Run Behavior\BuildLiteBehavior [ RunTime:0.000011s ]
INFO: [ app_init ] --END-- [ RunTime:0.000118s ]
INFO: [ app_begin ] --START--
INFO: Run Behavior\ReadHtmlCacheBehavior [ RunTime:0.000382s ]
INFO: [ app_begin ] --END-- [ RunTime:0.000483s ]
SQL: SHOW COLUMNS FROM `home_image` [ RunTime:0.0106s ]
SQL: SELECT * FROM `home_image` WHERE ( id not in (select max(id) from home_image) ) ORDER BY id desc  [ RunTime:0.0025s ]
SQL: SELECT * FROM `home_image` WHERE ( id in (select max(id) from home_image) ) LIMIT 1   [ RunTime:0.0015s ]
SQL: SELECT COUNT(*) AS tp_count FROM `home_image` LIMIT 1   [ RunTime:0.0025s ]
SQL: SHOW COLUMNS FROM `contact_us` [ RunTime:0.0071s ]
SQL: SELECT * FROM `contact_us` LIMIT 1   [ RunTime:0.0014s ]
SQL: SHOW COLUMNS FROM `news` [ RunTime:0.0068s ]
SQL: SELECT * FROM `news` WHERE ( content != '' ) ORDER BY save_time desc LIMIT 4   [ RunTime:0.0014s ]
SQL: SHOW COLUMNS FROM `center_introduction` [ RunTime:0.0074s ]
SQL: SELECT * FROM `center_introduction` LIMIT 1   [ RunTime:0.0014s ]
SQL: SHOW COLUMNS FROM `lab_image` [ RunTime:0.0054s ]
SQL: SELECT * FROM `lab_image` ORDER BY id desc  [ RunTime:0.0017s ]
SQL: SHOW COLUMNS FROM `inspection_scope` [ RunTime:0.0049s ]
SQL: SELECT * FROM `inspection_scope` WHERE ( content !='' ) ORDER BY save_time desc LIMIT 4   [ RunTime:0.0019s ]
SQL: SHOW COLUMNS FROM `footer` [ RunTime:0.0056s ]
SQL: SELECT * FROM `footer` LIMIT 1   [ RunTime:0.0017s ]
INFO: [ view_parse ] --START--
INFO: [ template_filter ] --START--
INFO: Run Behavior\ContentReplaceBehavior [ RunTime:0.000061s ]
INFO: [ template_filter ] --END-- [ RunTime:0.000125s ]
NOTIC: [8] Undefined variable: rs E:\wamp64\www\jcweb\Application\Runtime\Cache\Home\2a94b8bda04ff446dcedd42276fc99ee.php 第 148 行.
NOTIC: [8] Undefined variable: rs E:\wamp64\www\jcweb\Application\Runtime\Cache\Home\2a94b8bda04ff446dcedd42276fc99ee.php 第 150 行.
NOTIC: [8] Undefined variable: rs E:\wamp64\www\jcweb\Application\Runtime\Cache\Home\2a94b8bda04ff446dcedd42276fc99ee.php 第 152 行.
INFO: Run Behavior\ParseTemplateBehavior [ RunTime:0.005051s ]
INFO: [ view_parse ] --END-- [ RunTime:0.005120s ]
INFO: [ view_filter ] --START--
INFO: Run Behavior\WriteHtmlCacheBehavior [ RunTime:0.000214s ]
INFO: [ view_filter ] --END-- [ RunTime:0.000274s ]
INFO: [ app_end ] --START--
INFO: Run Behavior\ShowPageTraceBehavior [ RunTime:0.000196s ]
INFO: [ app_end ] --END-- [ RunTime:0.000249s ]

[ 2019-03-12T09:20:23+08:00 ] 127.0.0.1 /favicon.ico
INFO: [ app_init ] --START--
INFO: Run Behavior\BuildLiteBehavior [ RunTime:0.000016s ]
INFO: [ app_init ] --END-- [ RunTime:0.000081s ]

