[ 2019-03-09T09:52:01+08:00 ] 127.0.0.1 /
INFO: [ app_init ] --START--
INFO: Run Behavior\BuildLiteBehavior [ RunTime:0.000023s ]
INFO: [ app_init ] --END-- [ RunTime:0.001262s ]
INFO: [ app_begin ] --START--
INFO: Run Behavior\ReadHtmlCacheBehavior [ RunTime:0.001215s ]
INFO: [ app_begin ] --END-- [ RunTime:0.001339s ]
SQL: SHOW COLUMNS FROM `home_image` [ RunTime:0.0127s ]
SQL: SELECT * FROM `home_image` WHERE ( id not in (select max(id) from home_image) ) ORDER BY id desc  [ RunTime:0.0029s ]
SQL: SELECT * FROM `home_image` WHERE ( id in (select max(id) from home_image) ) LIMIT 1   [ RunTime:0.0029s ]
SQL: SELECT COUNT(*) AS tp_count FROM `home_image` LIMIT 1   [ RunTime:0.0032s ]
SQL: SHOW COLUMNS FROM `contact_us` [ RunTime:0.0092s ]
SQL: SELECT * FROM `contact_us` LIMIT 1   [ RunTime:0.0028s ]
SQL: SHOW COLUMNS FROM `news` [ RunTime:0.0253s ]
SQL: SELECT * FROM `news` WHERE ( content != '' ) ORDER BY save_time desc LIMIT 4   [ RunTime:0.0028s ]
SQL: SHOW COLUMNS FROM `center_introduction` [ RunTime:0.0105s ]
SQL: SELECT * FROM `center_introduction` LIMIT 1   [ RunTime:0.0030s ]
SQL: SHOW COLUMNS FROM `lab_image` [ RunTime:0.0069s ]
SQL: SELECT * FROM `lab_image` ORDER BY id desc  [ RunTime:0.0027s ]
SQL: SHOW COLUMNS FROM `inspection_scope` [ RunTime:0.0069s ]
SQL: SELECT * FROM `inspection_scope` WHERE ( content !='' ) ORDER BY save_time desc LIMIT 4   [ RunTime:0.0027s ]
SQL: SHOW COLUMNS FROM `footer` [ RunTime:0.0067s ]
SQL: SELECT * FROM `footer` LIMIT 1   [ RunTime:0.0027s ]
INFO: [ view_parse ] --START--
INFO: [ template_filter ] --START--
INFO: Run Behavior\ContentReplaceBehavior [ RunTime:0.001025s ]
INFO: [ template_filter ] --END-- [ RunTime:0.001183s ]
INFO: Run Behavior\ParseTemplateBehavior [ RunTime:0.016549s ]
INFO: [ view_parse ] --END-- [ RunTime:0.016667s ]
INFO: [ view_filter ] --START--
INFO: Run Behavior\WriteHtmlCacheBehavior [ RunTime:0.001230s ]
INFO: [ view_filter ] --END-- [ RunTime:0.001328s ]
INFO: [ app_end ] --START--
INFO: Run Behavior\ShowPageTraceBehavior [ RunTime:0.001077s ]
INFO: [ app_end ] --END-- [ RunTime:0.001193s ]

[ 2019-03-09T09:52:02+08:00 ] 127.0.0.1 /favicon.ico
INFO: [ app_init ] --START--
INFO: Run Behavior\BuildLiteBehavior [ RunTime:0.000036s ]
INFO: [ app_init ] --END-- [ RunTime:0.000622s ]

