[ 2019-03-07T08:29:18+08:00 ] 127.0.0.1 /
INFO: [ app_init ] --START--
INFO: Run Behavior\BuildLiteBehavior [ RunTime:0.000068s ]
INFO: [ app_init ] --END-- [ RunTime:0.001393s ]
INFO: [ app_begin ] --START--
INFO: Run Behavior\ReadHtmlCacheBehavior [ RunTime:0.001533s ]
INFO: [ app_begin ] --END-- [ RunTime:0.001682s ]
SQL: SHOW COLUMNS FROM `home_image` [ RunTime:0.0012s ]
SQL: SELECT * FROM `home_image` WHERE ( id not in (select max(id) from home_image) ) ORDER BY id desc  [ RunTime:0.0012s ]
SQL: SELECT * FROM `home_image` WHERE ( id in (select max(id) from home_image) ) LIMIT 1   [ RunTime:0.0007s ]
SQL: SELECT COUNT(*) AS tp_count FROM `home_image` LIMIT 1   [ RunTime:0.0004s ]
SQL: SHOW COLUMNS FROM `contact_us` [ RunTime:0.0007s ]
SQL: SELECT * FROM `contact_us` LIMIT 1   [ RunTime:0.0003s ]
SQL: SHOW COLUMNS FROM `news` [ RunTime:0.0006s ]
SQL: SELECT * FROM `news` WHERE ( content != '' ) ORDER BY save_time desc LIMIT 4   [ RunTime:0.0004s ]
SQL: SHOW COLUMNS FROM `center_introduction` [ RunTime:0.0005s ]
SQL: SELECT * FROM `center_introduction` LIMIT 1   [ RunTime:0.0003s ]
SQL: SHOW COLUMNS FROM `lab_image` [ RunTime:0.0008s ]
SQL: SELECT * FROM `lab_image` ORDER BY id desc  [ RunTime:0.0004s ]
SQL: SHOW COLUMNS FROM `inspection_scope` [ RunTime:0.0007s ]
SQL: SELECT * FROM `inspection_scope` WHERE ( content !='' ) ORDER BY save_time desc LIMIT 4   [ RunTime:0.0004s ]
SQL: SHOW COLUMNS FROM `footer` [ RunTime:0.0006s ]
SQL: SELECT * FROM `footer` LIMIT 1   [ RunTime:0.0003s ]
INFO: [ view_parse ] --START--
INFO: [ template_filter ] --START--
INFO: Run Behavior\ContentReplaceBehavior [ RunTime:0.000080s ]
INFO: [ template_filter ] --END-- [ RunTime:0.000207s ]
NOTIC: [8] Undefined index: pic_path C:\BUPT\PHP\WAMPserver\www\jcweb\Application\Runtime\Cache\Home\2a94b8bda04ff446dcedd42276fc99ee.php 第 83 行.
INFO: Run Behavior\ParseTemplateBehavior [ RunTime:0.026000s ]
INFO: [ view_parse ] --END-- [ RunTime:0.026178s ]
INFO: [ view_filter ] --START--
INFO: Run Behavior\WriteHtmlCacheBehavior [ RunTime:0.001061s ]
INFO: [ view_filter ] --END-- [ RunTime:0.001161s ]
INFO: [ app_end ] --START--
INFO: Run Behavior\ShowPageTraceBehavior [ RunTime:0.001182s ]
INFO: [ app_end ] --END-- [ RunTime:0.001286s ]

[ 2019-03-07T11:00:14+08:00 ] 127.0.0.1 /
INFO: [ app_init ] --START--
INFO: Run Behavior\BuildLiteBehavior [ RunTime:0.000049s ]
INFO: [ app_init ] --END-- [ RunTime:0.001091s ]
INFO: [ app_begin ] --START--
INFO: Run Behavior\ReadHtmlCacheBehavior [ RunTime:0.001990s ]
INFO: [ app_begin ] --END-- [ RunTime:0.002266s ]
SQL: SHOW COLUMNS FROM `home_image` [ RunTime:0.0024s ]
SQL: SELECT * FROM `home_image` WHERE ( id not in (select max(id) from home_image) ) ORDER BY id desc  [ RunTime:0.0018s ]
SQL: SELECT * FROM `home_image` WHERE ( id in (select max(id) from home_image) ) LIMIT 1   [ RunTime:0.0007s ]
SQL: SELECT COUNT(*) AS tp_count FROM `home_image` LIMIT 1   [ RunTime:0.0004s ]
SQL: SHOW COLUMNS FROM `contact_us` [ RunTime:0.0016s ]
SQL: SELECT * FROM `contact_us` LIMIT 1   [ RunTime:0.0005s ]
SQL: SHOW COLUMNS FROM `news` [ RunTime:0.0015s ]
SQL: SELECT * FROM `news` WHERE ( content != '' ) ORDER BY save_time desc LIMIT 4   [ RunTime:0.0014s ]
SQL: SHOW COLUMNS FROM `center_introduction` [ RunTime:0.0020s ]
SQL: SELECT * FROM `center_introduction` LIMIT 1   [ RunTime:0.0005s ]
SQL: SHOW COLUMNS FROM `lab_image` [ RunTime:0.0014s ]
SQL: SELECT * FROM `lab_image` ORDER BY id desc  [ RunTime:0.0005s ]
SQL: SHOW COLUMNS FROM `inspection_scope` [ RunTime:0.0014s ]
SQL: SELECT * FROM `inspection_scope` WHERE ( content !='' ) ORDER BY save_time desc LIMIT 4   [ RunTime:0.0007s ]
SQL: SHOW COLUMNS FROM `footer` [ RunTime:0.0016s ]
SQL: SELECT * FROM `footer` LIMIT 1   [ RunTime:0.0006s ]
INFO: [ view_parse ] --START--
INFO: [ template_filter ] --START--
INFO: Run Behavior\ContentReplaceBehavior [ RunTime:0.000095s ]
INFO: [ template_filter ] --END-- [ RunTime:0.000232s ]
INFO: Run Behavior\ParseTemplateBehavior [ RunTime:0.021228s ]
INFO: [ view_parse ] --END-- [ RunTime:0.021441s ]
INFO: [ view_filter ] --START--
INFO: Run Behavior\WriteHtmlCacheBehavior [ RunTime:0.000613s ]
INFO: [ view_filter ] --END-- [ RunTime:0.000716s ]
INFO: [ app_end ] --START--
INFO: Run Behavior\ShowPageTraceBehavior [ RunTime:0.000755s ]
INFO: [ app_end ] --END-- [ RunTime:0.000861s ]

[ 2019-03-07T14:42:04+08:00 ] 127.0.0.1 /
INFO: [ app_init ] --START--
INFO: Run Behavior\BuildLiteBehavior [ RunTime:0.000019s ]
INFO: [ app_init ] --END-- [ RunTime:0.000352s ]
INFO: [ app_begin ] --START--
INFO: Run Behavior\ReadHtmlCacheBehavior [ RunTime:0.000418s ]
INFO: [ app_begin ] --END-- [ RunTime:0.000515s ]
SQL: SHOW COLUMNS FROM `home_image` [ RunTime:0.0101s ]
SQL: SELECT * FROM `home_image` WHERE ( id not in (select max(id) from home_image) ) ORDER BY id desc  [ RunTime:0.0035s ]
SQL: SELECT * FROM `home_image` WHERE ( id in (select max(id) from home_image) ) LIMIT 1   [ RunTime:0.0038s ]
SQL: SELECT COUNT(*) AS tp_count FROM `home_image` LIMIT 1   [ RunTime:0.0040s ]
SQL: SHOW COLUMNS FROM `contact_us` [ RunTime:0.0094s ]
SQL: SELECT * FROM `contact_us` LIMIT 1   [ RunTime:0.0027s ]
SQL: SHOW COLUMNS FROM `news` [ RunTime:0.0097s ]
SQL: SELECT * FROM `news` WHERE ( content != '' ) ORDER BY save_time desc LIMIT 4   [ RunTime:0.0039s ]
SQL: SHOW COLUMNS FROM `center_introduction` [ RunTime:0.0092s ]
SQL: SELECT * FROM `center_introduction` LIMIT 1   [ RunTime:0.0038s ]
SQL: SHOW COLUMNS FROM `lab_image` [ RunTime:0.0067s ]
SQL: SELECT * FROM `lab_image` ORDER BY id desc  [ RunTime:0.0027s ]
SQL: SHOW COLUMNS FROM `inspection_scope` [ RunTime:0.0059s ]
SQL: SELECT * FROM `inspection_scope` WHERE ( content !='' ) ORDER BY save_time desc LIMIT 4   [ RunTime:0.0032s ]
SQL: SHOW COLUMNS FROM `footer` [ RunTime:0.0070s ]
SQL: SELECT * FROM `footer` LIMIT 1   [ RunTime:0.0032s ]
INFO: [ view_parse ] --START--
INFO: [ template_filter ] --START--
INFO: Run Behavior\ContentReplaceBehavior [ RunTime:0.000217s ]
INFO: [ template_filter ] --END-- [ RunTime:0.000547s ]
INFO: Run Behavior\ParseTemplateBehavior [ RunTime:0.045900s ]
INFO: [ view_parse ] --END-- [ RunTime:0.046166s ]
INFO: [ view_filter ] --START--
INFO: Run Behavior\WriteHtmlCacheBehavior [ RunTime:0.000968s ]
INFO: [ view_filter ] --END-- [ RunTime:0.001130s ]
INFO: [ app_end ] --START--
INFO: Run Behavior\ShowPageTraceBehavior [ RunTime:0.001131s ]
INFO: [ app_end ] --END-- [ RunTime:0.001288s ]

