[ 2019-03-16T17:03:32+08:00 ] 127.0.0.1 /
INFO: [ app_init ] --START--
INFO: Run Behavior\BuildLiteBehavior [ RunTime:0.000020s ]
INFO: [ app_init ] --END-- [ RunTime:0.000546s ]
INFO: [ app_begin ] --START--
INFO: Run Behavior\ReadHtmlCacheBehavior [ RunTime:0.000847s ]
INFO: [ app_begin ] --END-- [ RunTime:0.000917s ]
SQL: SHOW COLUMNS FROM `home_image` [ RunTime:0.0107s ]
SQL: SELECT * FROM `home_image` WHERE ( id not in (select max(id) from home_image) ) ORDER BY id desc  [ RunTime:0.0033s ]
SQL: SELECT * FROM `home_image` WHERE ( id in (select max(id) from home_image) ) LIMIT 1   [ RunTime:0.0031s ]
SQL: SELECT COUNT(*) AS tp_count FROM `home_image` LIMIT 1   [ RunTime:0.0027s ]
SQL: SHOW COLUMNS FROM `contact_us` [ RunTime:0.0084s ]
SQL: SELECT * FROM `contact_us` LIMIT 1   [ RunTime:0.0043s ]
SQL: SHOW COLUMNS FROM `news` [ RunTime:0.0080s ]
SQL: SELECT * FROM `news` WHERE ( content != '' ) ORDER BY save_time desc LIMIT 4   [ RunTime:0.0029s ]
SQL: SHOW COLUMNS FROM `center_introduction` [ RunTime:0.0082s ]
SQL: SELECT * FROM `center_introduction` LIMIT 1   [ RunTime:0.0048s ]
SQL: SHOW COLUMNS FROM `lab_image` [ RunTime:0.0061s ]
SQL: SELECT * FROM `lab_image` ORDER BY id desc  [ RunTime:0.0028s ]
SQL: SHOW COLUMNS FROM `inspection_scope` [ RunTime:0.0057s ]
SQL: SELECT * FROM `inspection_scope` WHERE ( content !='' ) ORDER BY save_time desc LIMIT 4   [ RunTime:0.0028s ]
SQL: SHOW COLUMNS FROM `footer` [ RunTime:0.0081s ]
SQL: SELECT * FROM `footer` LIMIT 1   [ RunTime:0.0027s ]
INFO: [ view_parse ] --START--
INFO: [ template_filter ] --START--
INFO: Run Behavior\ContentReplaceBehavior [ RunTime:0.000746s ]
INFO: [ template_filter ] --END-- [ RunTime:0.000817s ]
NOTIC: [8] Undefined variable: rs C:\Coding\Php\Wampserver\www\jcweb\Application\Runtime\Cache\Home\2a94b8bda04ff446dcedd42276fc99ee.php 第 365 行.
NOTIC: [8] Undefined variable: rs C:\Coding\Php\Wampserver\www\jcweb\Application\Runtime\Cache\Home\2a94b8bda04ff446dcedd42276fc99ee.php 第 367 行.
NOTIC: [8] Undefined variable: rs C:\Coding\Php\Wampserver\www\jcweb\Application\Runtime\Cache\Home\2a94b8bda04ff446dcedd42276fc99ee.php 第 369 行.
INFO: Run Behavior\ParseTemplateBehavior [ RunTime:0.020515s ]
INFO: [ view_parse ] --END-- [ RunTime:0.020574s ]
INFO: [ view_filter ] --START--
INFO: Run Behavior\WriteHtmlCacheBehavior [ RunTime:0.000392s ]
INFO: [ view_filter ] --END-- [ RunTime:0.000446s ]
INFO: [ app_end ] --START--
INFO: Run Behavior\ShowPageTraceBehavior [ RunTime:0.000764s ]
INFO: [ app_end ] --END-- [ RunTime:0.000849s ]

