[ 2019-03-27T10:42:47+08:00 ] 127.0.0.1 /
INFO: [ app_init ] --START--
INFO: Run Behavior\BuildLiteBehavior [ RunTime:0.000021s ]
INFO: [ app_init ] --END-- [ RunTime:0.008669s ]
INFO: [ app_begin ] --START--
INFO: Run Behavior\ReadHtmlCacheBehavior [ RunTime:0.011195s ]
INFO: [ app_begin ] --END-- [ RunTime:0.011264s ]
SQL: SHOW COLUMNS FROM `home_image` [ RunTime:0.0093s ]
SQL: SELECT * FROM `home_image` WHERE ( id not in (select max(id) from home_image) ) ORDER BY id desc  [ RunTime:0.0027s ]
SQL: SELECT * FROM `home_image` WHERE ( id in (select max(id) from home_image) ) LIMIT 1   [ RunTime:0.0025s ]
SQL: SELECT COUNT(*) AS tp_count FROM `home_image` LIMIT 1   [ RunTime:0.0027s ]
SQL: SHOW COLUMNS FROM `contact_us` [ RunTime:0.0089s ]
SQL: SELECT * FROM `contact_us` LIMIT 1   [ RunTime:0.0028s ]
SQL: SHOW COLUMNS FROM `news` [ RunTime:0.0087s ]
SQL: SELECT * FROM `news` WHERE ( content != '' ) ORDER BY save_time desc LIMIT 4   [ RunTime:0.0029s ]
SQL: SHOW COLUMNS FROM `center_introduction` [ RunTime:0.0077s ]
SQL: SELECT * FROM `center_introduction` LIMIT 1   [ RunTime:0.0030s ]
SQL: SHOW COLUMNS FROM `lab_image` [ RunTime:0.0087s ]
SQL: SELECT * FROM `lab_image` ORDER BY id desc  [ RunTime:0.0029s ]
SQL: SHOW COLUMNS FROM `inspection_scope` [ RunTime:0.0074s ]
SQL: SELECT * FROM `inspection_scope` WHERE ( content !='' ) ORDER BY save_time desc LIMIT 4   [ RunTime:0.0034s ]
SQL: SHOW COLUMNS FROM `footer` [ RunTime:0.0089s ]
SQL: SELECT * FROM `footer` LIMIT 1   [ RunTime:0.0027s ]
INFO: [ view_parse ] --START--
INFO: [ template_filter ] --START--
INFO: Run Behavior\ContentReplaceBehavior [ RunTime:0.001311s ]
INFO: [ template_filter ] --END-- [ RunTime:0.001385s ]
NOTIC: [8] Undefined variable: rs C:\Coding\Php\Wampserver\www\jcweb\Application\Runtime\Cache\Home\2a94b8bda04ff446dcedd42276fc99ee.php 第 370 行.
NOTIC: [8] Undefined variable: rs C:\Coding\Php\Wampserver\www\jcweb\Application\Runtime\Cache\Home\2a94b8bda04ff446dcedd42276fc99ee.php 第 372 行.
NOTIC: [8] Undefined variable: rs C:\Coding\Php\Wampserver\www\jcweb\Application\Runtime\Cache\Home\2a94b8bda04ff446dcedd42276fc99ee.php 第 374 行.
INFO: Run Behavior\ParseTemplateBehavior [ RunTime:0.078195s ]
INFO: [ view_parse ] --END-- [ RunTime:0.078257s ]
INFO: [ view_filter ] --START--
INFO: Run Behavior\WriteHtmlCacheBehavior [ RunTime:0.007051s ]
INFO: [ view_filter ] --END-- [ RunTime:0.007112s ]
INFO: [ app_end ] --START--
INFO: Run Behavior\ShowPageTraceBehavior [ RunTime:0.010197s ]
INFO: [ app_end ] --END-- [ RunTime:0.010279s ]

[ 2019-03-27T10:42:49+08:00 ] 127.0.0.1 /favicon.ico
INFO: [ app_init ] --START--
INFO: Run Behavior\BuildLiteBehavior [ RunTime:0.000013s ]
INFO: [ app_init ] --END-- [ RunTime:0.000107s ]

[ 2019-03-27T20:42:16+08:00 ] 127.0.0.1 /Public/attached/2019-03-27/1553674386.png
INFO: [ app_init ] --START--
INFO: Run Behavior\BuildLiteBehavior [ RunTime:0.000022s ]
INFO: [ app_init ] --END-- [ RunTime:0.000132s ]

[ 2019-03-27T21:28:57+08:00 ] 127.0.0.1 /Public/attached/2019-03-27/1553674386.png
INFO: [ app_init ] --START--
INFO: Run Behavior\BuildLiteBehavior [ RunTime:0.000038s ]
INFO: [ app_init ] --END-- [ RunTime:0.000132s ]

[ 2019-03-27T21:29:01+08:00 ] 127.0.0.1 /Public/attached/2019-03-27/1553674386.png
INFO: [ app_init ] --START--
INFO: Run Behavior\BuildLiteBehavior [ RunTime:0.000014s ]
INFO: [ app_init ] --END-- [ RunTime:0.000077s ]

[ 2019-03-27T21:29:29+08:00 ] 127.0.0.1 /Public/attached/2019-03-27/1553674386.png
INFO: [ app_init ] --START--
INFO: Run Behavior\BuildLiteBehavior [ RunTime:0.000052s ]
INFO: [ app_init ] --END-- [ RunTime:0.000135s ]

