[ 2019-03-20T09:56:56+08:00 ] 127.0.0.1 /
INFO: [ app_init ] --START--
INFO: Run Behavior\BuildLiteBehavior [ RunTime:0.000030s ]
INFO: [ app_init ] --END-- [ RunTime:0.000582s ]
INFO: [ app_begin ] --START--
INFO: Run Behavior\ReadHtmlCacheBehavior [ RunTime:0.000439s ]
INFO: [ app_begin ] --END-- [ RunTime:0.000595s ]
SQL: SHOW COLUMNS FROM `home_image` [ RunTime:0.0123s ]
SQL: SELECT * FROM `home_image` WHERE ( id not in (select max(id) from home_image) ) ORDER BY id desc  [ RunTime:0.0037s ]
SQL: SELECT * FROM `home_image` WHERE ( id in (select max(id) from home_image) ) LIMIT 1   [ RunTime:0.0023s ]
SQL: SELECT COUNT(*) AS tp_count FROM `home_image` LIMIT 1   [ RunTime:0.0028s ]
SQL: SHOW COLUMNS FROM `contact_us` [ RunTime:0.0077s ]
SQL: SELECT * FROM `contact_us` LIMIT 1   [ RunTime:0.0032s ]
SQL: SHOW COLUMNS FROM `news` [ RunTime:0.0084s ]
SQL: SELECT * FROM `news` WHERE ( content != '' ) ORDER BY save_time desc LIMIT 4   [ RunTime:0.0030s ]
SQL: SHOW COLUMNS FROM `center_introduction` [ RunTime:0.0089s ]
SQL: SELECT * FROM `center_introduction` LIMIT 1   [ RunTime:0.0026s ]
SQL: SHOW COLUMNS FROM `lab_image` [ RunTime:0.0091s ]
SQL: SELECT * FROM `lab_image` ORDER BY id desc  [ RunTime:0.0029s ]
SQL: SHOW COLUMNS FROM `inspection_scope` [ RunTime:0.0087s ]
SQL: SELECT * FROM `inspection_scope` WHERE ( content !='' ) ORDER BY save_time desc LIMIT 4   [ RunTime:0.0028s ]
SQL: SHOW COLUMNS FROM `footer` [ RunTime:0.0081s ]
SQL: SELECT * FROM `footer` LIMIT 1   [ RunTime:0.0028s ]
INFO: [ view_parse ] --START--
INFO: [ template_filter ] --START--
INFO: Run Behavior\ContentReplaceBehavior [ RunTime:0.000084s ]
INFO: [ template_filter ] --END-- [ RunTime:0.000144s ]
NOTIC: [8] Undefined variable: rs C:\Coding\Php\Wampserver\www\jcweb\Application\Runtime\Cache\Home\2a94b8bda04ff446dcedd42276fc99ee.php 第 370 行.
NOTIC: [8] Undefined variable: rs C:\Coding\Php\Wampserver\www\jcweb\Application\Runtime\Cache\Home\2a94b8bda04ff446dcedd42276fc99ee.php 第 372 行.
NOTIC: [8] Undefined variable: rs C:\Coding\Php\Wampserver\www\jcweb\Application\Runtime\Cache\Home\2a94b8bda04ff446dcedd42276fc99ee.php 第 374 行.
INFO: Run Behavior\ParseTemplateBehavior [ RunTime:0.022466s ]
INFO: [ view_parse ] --END-- [ RunTime:0.022520s ]
INFO: [ view_filter ] --START--
INFO: Run Behavior\WriteHtmlCacheBehavior [ RunTime:0.000201s ]
INFO: [ view_filter ] --END-- [ RunTime:0.000245s ]
INFO: [ app_end ] --START--
INFO: Run Behavior\ShowPageTraceBehavior [ RunTime:0.000176s ]
INFO: [ app_end ] --END-- [ RunTime:0.000223s ]

[ 2019-03-20T09:56:56+08:00 ] 127.0.0.1 /favicon.ico
INFO: [ app_init ] --START--
INFO: Run Behavior\BuildLiteBehavior [ RunTime:0.000013s ]
INFO: [ app_init ] --END-- [ RunTime:0.000077s ]

[ 2019-03-20T09:57:03+08:00 ] 127.0.0.1 /
INFO: [ app_init ] --START--
INFO: Run Behavior\BuildLiteBehavior [ RunTime:0.000044s ]
INFO: [ app_init ] --END-- [ RunTime:0.000372s ]
INFO: [ app_begin ] --START--
INFO: Run Behavior\ReadHtmlCacheBehavior [ RunTime:0.000288s ]
INFO: [ app_begin ] --END-- [ RunTime:0.000370s ]
SQL: SHOW COLUMNS FROM `home_image` [ RunTime:0.0096s ]
SQL: SELECT * FROM `home_image` WHERE ( id not in (select max(id) from home_image) ) ORDER BY id desc  [ RunTime:0.0025s ]
SQL: SELECT * FROM `home_image` WHERE ( id in (select max(id) from home_image) ) LIMIT 1   [ RunTime:0.0020s ]
SQL: SELECT COUNT(*) AS tp_count FROM `home_image` LIMIT 1   [ RunTime:0.0021s ]
SQL: SHOW COLUMNS FROM `contact_us` [ RunTime:0.0076s ]
SQL: SELECT * FROM `contact_us` LIMIT 1   [ RunTime:0.0022s ]
SQL: SHOW COLUMNS FROM `news` [ RunTime:0.0076s ]
SQL: SELECT * FROM `news` WHERE ( content != '' ) ORDER BY save_time desc LIMIT 4   [ RunTime:0.0022s ]
SQL: SHOW COLUMNS FROM `center_introduction` [ RunTime:0.0077s ]
SQL: SELECT * FROM `center_introduction` LIMIT 1   [ RunTime:0.0025s ]
SQL: SHOW COLUMNS FROM `lab_image` [ RunTime:0.0067s ]
SQL: SELECT * FROM `lab_image` ORDER BY id desc  [ RunTime:0.0020s ]
SQL: SHOW COLUMNS FROM `inspection_scope` [ RunTime:0.0052s ]
SQL: SELECT * FROM `inspection_scope` WHERE ( content !='' ) ORDER BY save_time desc LIMIT 4   [ RunTime:0.0022s ]
SQL: SHOW COLUMNS FROM `footer` [ RunTime:0.0075s ]
SQL: SELECT * FROM `footer` LIMIT 1   [ RunTime:0.0020s ]
INFO: [ view_parse ] --START--
INFO: [ template_filter ] --START--
INFO: Run Behavior\ContentReplaceBehavior [ RunTime:0.000077s ]
INFO: [ template_filter ] --END-- [ RunTime:0.000129s ]
NOTIC: [8] Undefined variable: rs C:\Coding\Php\Wampserver\www\jcweb\Application\Runtime\Cache\Home\2a94b8bda04ff446dcedd42276fc99ee.php 第 370 行.
NOTIC: [8] Undefined variable: rs C:\Coding\Php\Wampserver\www\jcweb\Application\Runtime\Cache\Home\2a94b8bda04ff446dcedd42276fc99ee.php 第 372 行.
NOTIC: [8] Undefined variable: rs C:\Coding\Php\Wampserver\www\jcweb\Application\Runtime\Cache\Home\2a94b8bda04ff446dcedd42276fc99ee.php 第 374 行.
INFO: Run Behavior\ParseTemplateBehavior [ RunTime:0.014180s ]
INFO: [ view_parse ] --END-- [ RunTime:0.014235s ]
INFO: [ view_filter ] --START--
INFO: Run Behavior\WriteHtmlCacheBehavior [ RunTime:0.000206s ]
INFO: [ view_filter ] --END-- [ RunTime:0.000251s ]
INFO: [ app_end ] --START--
INFO: Run Behavior\ShowPageTraceBehavior [ RunTime:0.000178s ]
INFO: [ app_end ] --END-- [ RunTime:0.000225s ]

