[ 2019-04-07T13:19:54+08:00 ] 127.0.0.1 /
INFO: [ app_init ] --START--
INFO: Run Behavior\BuildLiteBehavior [ RunTime:0.000027s ]
INFO: [ app_init ] --END-- [ RunTime:0.008311s ]
INFO: [ app_begin ] --START--
INFO: Run Behavior\ReadHtmlCacheBehavior [ RunTime:0.014410s ]
INFO: [ app_begin ] --END-- [ RunTime:0.014477s ]
SQL: SHOW COLUMNS FROM `home_image` [ RunTime:0.0112s ]
SQL: SELECT * FROM `home_image` WHERE ( id not in (select max(id) from home_image) ) ORDER BY id desc  [ RunTime:0.0026s ]
SQL: SELECT * FROM `home_image` WHERE ( id in (select max(id) from home_image) ) LIMIT 1   [ RunTime:0.0024s ]
SQL: SELECT COUNT(*) AS tp_count FROM `home_image` LIMIT 1   [ RunTime:0.0019s ]
SQL: SHOW COLUMNS FROM `contact_us` [ RunTime:0.0084s ]
SQL: SELECT * FROM `contact_us` LIMIT 1   [ RunTime:0.0025s ]
SQL: SHOW COLUMNS FROM `news` [ RunTime:0.0078s ]
SQL: SELECT * FROM `news` WHERE ( content != '' ) ORDER BY save_time desc LIMIT 4   [ RunTime:0.0023s ]
SQL: SHOW COLUMNS FROM `center_introduction` [ RunTime:0.0076s ]
SQL: SELECT * FROM `center_introduction` LIMIT 1   [ RunTime:0.0022s ]
SQL: SHOW COLUMNS FROM `lab_image` [ RunTime:0.0112s ]
SQL: SELECT * FROM `lab_image` ORDER BY id desc  [ RunTime:0.0023s ]
SQL: SHOW COLUMNS FROM `inspection_scope` [ RunTime:0.0053s ]
SQL: SELECT * FROM `inspection_scope` WHERE ( content !='' ) ORDER BY save_time desc LIMIT 4   [ RunTime:0.0026s ]
SQL: SHOW COLUMNS FROM `footer` [ RunTime:0.0180s ]
SQL: SELECT * FROM `footer` LIMIT 1   [ RunTime:0.0026s ]
INFO: [ view_parse ] --START--
INFO: [ template_filter ] --START--
INFO: Run Behavior\ContentReplaceBehavior [ RunTime:0.000971s ]
INFO: [ template_filter ] --END-- [ RunTime:0.001033s ]
NOTIC: [8] Undefined variable: rs C:\Coding\Php\Wampserver\www\jcweb\Application\Runtime\Cache\Home\2a94b8bda04ff446dcedd42276fc99ee.php 第 370 行.
NOTIC: [8] Undefined variable: rs C:\Coding\Php\Wampserver\www\jcweb\Application\Runtime\Cache\Home\2a94b8bda04ff446dcedd42276fc99ee.php 第 372 行.
NOTIC: [8] Undefined variable: rs C:\Coding\Php\Wampserver\www\jcweb\Application\Runtime\Cache\Home\2a94b8bda04ff446dcedd42276fc99ee.php 第 374 行.
INFO: Run Behavior\ParseTemplateBehavior [ RunTime:0.083278s ]
INFO: [ view_parse ] --END-- [ RunTime:0.083364s ]
INFO: [ view_filter ] --START--
INFO: Run Behavior\WriteHtmlCacheBehavior [ RunTime:0.008246s ]
INFO: [ view_filter ] --END-- [ RunTime:0.008316s ]
INFO: [ app_end ] --START--
INFO: Run Behavior\ShowPageTraceBehavior [ RunTime:0.012538s ]
INFO: [ app_end ] --END-- [ RunTime:0.012625s ]

[ 2019-04-07T13:19:54+08:00 ] 127.0.0.1 /favicon.ico
INFO: [ app_init ] --START--
INFO: Run Behavior\BuildLiteBehavior [ RunTime:0.000054s ]
INFO: [ app_init ] --END-- [ RunTime:0.000143s ]

[ 2019-04-07T13:20:21+08:00 ] 127.0.0.1 /Uploads/ueditor/image/20190329/5c9decc2463fc.png
INFO: [ app_init ] --START--
INFO: Run Behavior\BuildLiteBehavior [ RunTime:0.000014s ]
INFO: [ app_init ] --END-- [ RunTime:0.000097s ]

[ 2019-04-07T13:55:48+08:00 ] 127.0.0.1 /Uploads/ueditor/image/20190329/5c9decc2463fc.png
INFO: [ app_init ] --START--
INFO: Run Behavior\BuildLiteBehavior [ RunTime:0.000031s ]
INFO: [ app_init ] --END-- [ RunTime:0.000263s ]

[ 2019-04-07T15:22:17+08:00 ] 127.0.0.1 /Uploads/ueditor/image/20190329/5c9decc2463fc.png
INFO: [ app_init ] --START--
INFO: Run Behavior\BuildLiteBehavior [ RunTime:0.000013s ]
INFO: [ app_init ] --END-- [ RunTime:0.000091s ]

[ 2019-04-07T15:28:04+08:00 ] 127.0.0.1 /Uploads/ueditor/image/20190329/5c9decc2463fc.png
INFO: [ app_init ] --START--
INFO: Run Behavior\BuildLiteBehavior [ RunTime:0.000020s ]
INFO: [ app_init ] --END-- [ RunTime:0.000190s ]

[ 2019-04-07T16:04:52+08:00 ] 127.0.0.1 /Uploads/ueditor/image/20190329/5c9decc2463fc.png
INFO: [ app_init ] --START--
INFO: Run Behavior\BuildLiteBehavior [ RunTime:0.000015s ]
INFO: [ app_init ] --END-- [ RunTime:0.000108s ]

[ 2019-04-07T18:23:19+08:00 ] 127.0.0.1 /Uploads/ueditor/image/20190329/5c9decc2463fc.png
INFO: [ app_init ] --START--
INFO: Run Behavior\BuildLiteBehavior [ RunTime:0.000042s ]
INFO: [ app_init ] --END-- [ RunTime:0.000158s ]

[ 2019-04-07T18:23:58+08:00 ] 127.0.0.1 /Uploads/ueditor/image/20190329/5c9decc2463fc.png
INFO: [ app_init ] --START--
INFO: Run Behavior\BuildLiteBehavior [ RunTime:0.000018s ]
INFO: [ app_init ] --END-- [ RunTime:0.000117s ]

