[ 2018-07-17T15:51:31+08:00 ] ::1 /sheng
INFO: [ app_init ] --START--
INFO: Run Behavior\BuildLiteBehavior [ RunTime:0.000032s ]
INFO: [ app_init ] --END-- [ RunTime:0.000528s ]
INFO: [ app_begin ] --START--
INFO: Run Behavior\ReadHtmlCacheBehavior [ RunTime:0.000569s ]
INFO: [ app_begin ] --END-- [ RunTime:0.000678s ]
SQL: SHOW COLUMNS FROM `sheng_home_image` [ RunTime:0.0063s ]
SQL: SELECT * FROM `sheng_home_image` WHERE ( id not in (select max(id) from sheng_home_image) ) ORDER BY id desc  [ RunTime:0.0005s ]
SQL: SELECT * FROM `sheng_home_image` WHERE ( id in (select max(id) from sheng_home_image) ) LIMIT 1   [ RunTime:0.0003s ]
SQL: SELECT COUNT(*) AS tp_count FROM `sheng_home_image` LIMIT 1   [ RunTime:0.0003s ]
SQL: SHOW COLUMNS FROM `sheng_contact` [ RunTime:0.0052s ]
SQL: SELECT * FROM `sheng_contact` LIMIT 1   [ RunTime:0.0003s ]
SQL: SHOW COLUMNS FROM `sheng_aboutus` [ RunTime:0.0046s ]
SQL: SELECT * FROM `sheng_aboutus` WHERE ( id = 1 ) LIMIT 1   [ RunTime:0.0008s ]
SQL: SHOW COLUMNS FROM `sheng_information` [ RunTime:0.0046s ]
SQL: SELECT * FROM `sheng_information` WHERE ( if_special = 1 ) LIMIT 1   [ RunTime:0.0004s ]
SQL: SELECT * FROM `sheng_information` WHERE ( id = 1 ) LIMIT 1   [ RunTime:0.0004s ]
SQL: SELECT * FROM `sheng_information` WHERE ( type = 1  ) ORDER BY id desc LIMIT 0,2   [ RunTime:0.0004s ]
INFO: [ view_parse ] --START--
INFO: [ template_filter ] --START--
INFO: Run Behavior\ContentReplaceBehavior [ RunTime:0.000271s ]
INFO: [ template_filter ] --END-- [ RunTime:0.000426s ]
NOTIC: [8] Use of undefined constant d - assumed 'd' /Applications/MAMP/htdocs/cj/Application/Runtime/Cache/Sheng/80e272de353f03ac15055641eeca3bac.php 第 146 行.
NOTIC: [8] Use of undefined constant Y - assumed 'Y' /Applications/MAMP/htdocs/cj/Application/Runtime/Cache/Sheng/80e272de353f03ac15055641eeca3bac.php 第 147 行.
NOTIC: [8] Use of undefined constant m - assumed 'm' /Applications/MAMP/htdocs/cj/Application/Runtime/Cache/Sheng/80e272de353f03ac15055641eeca3bac.php 第 147 行.
NOTIC: [8] Use of undefined constant d - assumed 'd' /Applications/MAMP/htdocs/cj/Application/Runtime/Cache/Sheng/80e272de353f03ac15055641eeca3bac.php 第 163 行.
NOTIC: [8] Use of undefined constant Y - assumed 'Y' /Applications/MAMP/htdocs/cj/Application/Runtime/Cache/Sheng/80e272de353f03ac15055641eeca3bac.php 第 163 行.
NOTIC: [8] Use of undefined constant m - assumed 'm' /Applications/MAMP/htdocs/cj/Application/Runtime/Cache/Sheng/80e272de353f03ac15055641eeca3bac.php 第 163 行.
NOTIC: [8] Use of undefined constant Y年m月d日 - assumed 'Y年m月d日' /Applications/MAMP/htdocs/cj/Application/Runtime/Cache/Sheng/80e272de353f03ac15055641eeca3bac.php 第 189 行.
INFO: Run Behavior\ParseTemplateBehavior [ RunTime:0.016432s ]
INFO: [ view_parse ] --END-- [ RunTime:0.016518s ]
INFO: [ view_filter ] --START--
INFO: Run Behavior\WriteHtmlCacheBehavior [ RunTime:0.000242s ]
INFO: [ view_filter ] --END-- [ RunTime:0.000315s ]
INFO: [ app_end ] --START--
INFO: Run Behavior\ShowPageTraceBehavior [ RunTime:0.000780s ]
INFO: [ app_end ] --END-- [ RunTime:0.000876s ]

[ 2018-07-17T15:51:35+08:00 ] ::1 /sheng/information/aboutUs
INFO: [ app_init ] --START--
INFO: Run Behavior\BuildLiteBehavior [ RunTime:0.000037s ]
INFO: [ app_init ] --END-- [ RunTime:0.000845s ]
INFO: [ app_begin ] --START--
INFO: Run Behavior\ReadHtmlCacheBehavior [ RunTime:0.000612s ]
INFO: [ app_begin ] --END-- [ RunTime:0.000735s ]
SQL: SHOW COLUMNS FROM `sheng_contact` [ RunTime:0.0019s ]
SQL: SELECT * FROM `sheng_contact` LIMIT 1   [ RunTime:0.0005s ]
SQL: SHOW COLUMNS FROM `sheng_aboutus` [ RunTime:0.0031s ]
SQL: SELECT * FROM `sheng_aboutus` WHERE ( type =1 ) LIMIT 1   [ RunTime:0.0006s ]
SQL: SELECT * FROM `sheng_aboutus` WHERE ( type =2 and sortby = 1 )  [ RunTime:0.0003s ]
SQL: SELECT * FROM `sheng_aboutus` WHERE ( type =2 and sortby = 2 )  [ RunTime:0.0003s ]
INFO: [ view_parse ] --START--
INFO: [ template_filter ] --START--
INFO: Run Behavior\ContentReplaceBehavior [ RunTime:0.000242s ]
INFO: [ template_filter ] --END-- [ RunTime:0.000521s ]
INFO: Run Behavior\ParseTemplateBehavior [ RunTime:0.011103s ]
INFO: [ view_parse ] --END-- [ RunTime:0.011196s ]
INFO: [ view_filter ] --START--
INFO: Run Behavior\WriteHtmlCacheBehavior [ RunTime:0.000167s ]
INFO: [ view_filter ] --END-- [ RunTime:0.000235s ]
INFO: [ app_end ] --START--
INFO: Run Behavior\ShowPageTraceBehavior [ RunTime:0.000684s ]
INFO: [ app_end ] --END-- [ RunTime:0.000780s ]

[ 2018-07-17T15:51:35+08:00 ] ::1 /sheng/information/js/common-scripts.js
INFO: [ app_init ] --START--
INFO: Run Behavior\BuildLiteBehavior [ RunTime:0.000033s ]
INFO: [ app_init ] --END-- [ RunTime:0.000549s ]
INFO: [ app_begin ] --START--
INFO: Run Behavior\ReadHtmlCacheBehavior [ RunTime:0.000682s ]
INFO: [ app_begin ] --END-- [ RunTime:0.001119s ]
ERR: 非法操作:js

[ 2018-07-17T15:51:36+08:00 ] ::1 /sheng/information/js/common-scripts.js
INFO: [ app_init ] --START--
INFO: Run Behavior\BuildLiteBehavior [ RunTime:0.000034s ]
INFO: [ app_init ] --END-- [ RunTime:0.000626s ]
INFO: [ app_begin ] --START--
INFO: Run Behavior\ReadHtmlCacheBehavior [ RunTime:0.000634s ]
INFO: [ app_begin ] --END-- [ RunTime:0.000766s ]
ERR: 非法操作:js

[ 2018-07-17T15:52:07+08:00 ] ::1 /sheng/index/index
INFO: [ app_init ] --START--
INFO: Run Behavior\BuildLiteBehavior [ RunTime:0.000035s ]
INFO: [ app_init ] --END-- [ RunTime:0.000520s ]
INFO: [ app_begin ] --START--
INFO: Run Behavior\ReadHtmlCacheBehavior [ RunTime:0.000542s ]
INFO: [ app_begin ] --END-- [ RunTime:0.000645s ]
SQL: SHOW COLUMNS FROM `sheng_home_image` [ RunTime:0.0014s ]
SQL: SELECT * FROM `sheng_home_image` WHERE ( id not in (select max(id) from sheng_home_image) ) ORDER BY id desc  [ RunTime:0.0004s ]
SQL: SELECT * FROM `sheng_home_image` WHERE ( id in (select max(id) from sheng_home_image) ) LIMIT 1   [ RunTime:0.0003s ]
SQL: SELECT COUNT(*) AS tp_count FROM `sheng_home_image` LIMIT 1   [ RunTime:0.0002s ]
SQL: SHOW COLUMNS FROM `sheng_contact` [ RunTime:0.0013s ]
SQL: SELECT * FROM `sheng_contact` LIMIT 1   [ RunTime:0.0003s ]
SQL: SHOW COLUMNS FROM `sheng_aboutus` [ RunTime:0.0017s ]
SQL: SELECT * FROM `sheng_aboutus` WHERE ( id = 1 ) LIMIT 1   [ RunTime:0.0004s ]
SQL: SHOW COLUMNS FROM `sheng_information` [ RunTime:0.0018s ]
SQL: SELECT * FROM `sheng_information` WHERE ( if_special = 1 ) LIMIT 1   [ RunTime:0.0004s ]
SQL: SELECT * FROM `sheng_information` WHERE ( id = 1 ) LIMIT 1   [ RunTime:0.0004s ]
SQL: SELECT * FROM `sheng_information` WHERE ( type = 1  ) ORDER BY id desc LIMIT 0,2   [ RunTime:0.0003s ]
INFO: [ view_parse ] --START--
INFO: [ template_filter ] --START--
INFO: Run Behavior\ContentReplaceBehavior [ RunTime:0.000300s ]
INFO: [ template_filter ] --END-- [ RunTime:0.000405s ]
NOTIC: [8] Use of undefined constant d - assumed 'd' /Applications/MAMP/htdocs/cj/Application/Runtime/Cache/Sheng/80e272de353f03ac15055641eeca3bac.php 第 146 行.
NOTIC: [8] Use of undefined constant Y - assumed 'Y' /Applications/MAMP/htdocs/cj/Application/Runtime/Cache/Sheng/80e272de353f03ac15055641eeca3bac.php 第 147 行.
NOTIC: [8] Use of undefined constant m - assumed 'm' /Applications/MAMP/htdocs/cj/Application/Runtime/Cache/Sheng/80e272de353f03ac15055641eeca3bac.php 第 147 行.
NOTIC: [8] Use of undefined constant d - assumed 'd' /Applications/MAMP/htdocs/cj/Application/Runtime/Cache/Sheng/80e272de353f03ac15055641eeca3bac.php 第 163 行.
NOTIC: [8] Use of undefined constant Y - assumed 'Y' /Applications/MAMP/htdocs/cj/Application/Runtime/Cache/Sheng/80e272de353f03ac15055641eeca3bac.php 第 163 行.
NOTIC: [8] Use of undefined constant m - assumed 'm' /Applications/MAMP/htdocs/cj/Application/Runtime/Cache/Sheng/80e272de353f03ac15055641eeca3bac.php 第 163 行.
NOTIC: [8] Use of undefined constant Y年m月d日 - assumed 'Y年m月d日' /Applications/MAMP/htdocs/cj/Application/Runtime/Cache/Sheng/80e272de353f03ac15055641eeca3bac.php 第 189 行.
INFO: Run Behavior\ParseTemplateBehavior [ RunTime:0.014798s ]
INFO: [ view_parse ] --END-- [ RunTime:0.014882s ]
INFO: [ view_filter ] --START--
INFO: Run Behavior\WriteHtmlCacheBehavior [ RunTime:0.000200s ]
INFO: [ view_filter ] --END-- [ RunTime:0.000274s ]
INFO: [ app_end ] --START--
INFO: Run Behavior\ShowPageTraceBehavior [ RunTime:0.000747s ]
INFO: [ app_end ] --END-- [ RunTime:0.000858s ]

[ 2018-07-17T15:52:08+08:00 ] ::1 /sheng/index/js/common-scripts.js
INFO: [ app_init ] --START--
INFO: Run Behavior\BuildLiteBehavior [ RunTime:0.000048s ]
INFO: [ app_init ] --END-- [ RunTime:0.000966s ]
INFO: [ app_begin ] --START--
INFO: Run Behavior\ReadHtmlCacheBehavior [ RunTime:0.000772s ]
INFO: [ app_begin ] --END-- [ RunTime:0.001070s ]
ERR: 非法操作:js

[ 2018-07-17T15:52:08+08:00 ] ::1 /sheng/index/js/common-scripts.js
INFO: [ app_init ] --START--
INFO: Run Behavior\BuildLiteBehavior [ RunTime:0.000023s ]
INFO: [ app_init ] --END-- [ RunTime:0.000390s ]
INFO: [ app_begin ] --START--
INFO: Run Behavior\ReadHtmlCacheBehavior [ RunTime:0.000713s ]
INFO: [ app_begin ] --END-- [ RunTime:0.000865s ]
ERR: 非法操作:js

[ 2018-07-17T15:57:55+08:00 ] ::1 /sheng/Contact/contact
INFO: [ app_init ] --START--
INFO: Run Behavior\BuildLiteBehavior [ RunTime:0.000020s ]
INFO: [ app_init ] --END-- [ RunTime:0.000367s ]
INFO: [ app_begin ] --START--
INFO: Run Behavior\ReadHtmlCacheBehavior [ RunTime:0.000418s ]
INFO: [ app_begin ] --END-- [ RunTime:0.000496s ]
SQL: SHOW COLUMNS FROM `sheng_contact` [ RunTime:0.0017s ]
SQL: SELECT * FROM `sheng_contact` LIMIT 1   [ RunTime:0.0003s ]
INFO: [ view_parse ] --START--
INFO: [ template_filter ] --START--
INFO: Run Behavior\ContentReplaceBehavior [ RunTime:0.000234s ]
INFO: [ template_filter ] --END-- [ RunTime:0.000383s ]
INFO: Run Behavior\ParseTemplateBehavior [ RunTime:0.009611s ]
INFO: [ view_parse ] --END-- [ RunTime:0.009706s ]
INFO: [ view_filter ] --START--
INFO: Run Behavior\WriteHtmlCacheBehavior [ RunTime:0.000179s ]
INFO: [ view_filter ] --END-- [ RunTime:0.000249s ]
INFO: [ app_end ] --START--
INFO: Run Behavior\ShowPageTraceBehavior [ RunTime:0.000800s ]
INFO: [ app_end ] --END-- [ RunTime:0.000989s ]

[ 2018-07-17T15:57:56+08:00 ] ::1 /sheng/Contact/js/common-scripts.js
INFO: [ app_init ] --START--
INFO: Run Behavior\BuildLiteBehavior [ RunTime:0.000870s ]
INFO: [ app_init ] --END-- [ RunTime:0.001362s ]
INFO: [ app_begin ] --START--
INFO: Run Behavior\ReadHtmlCacheBehavior [ RunTime:0.001127s ]
INFO: [ app_begin ] --END-- [ RunTime:0.001523s ]
ERR: 非法操作:js

[ 2018-07-17T15:57:56+08:00 ] ::1 /sheng/Contact/js/common-scripts.js
INFO: [ app_init ] --START--
INFO: Run Behavior\BuildLiteBehavior [ RunTime:0.000021s ]
INFO: [ app_init ] --END-- [ RunTime:0.000473s ]
INFO: [ app_begin ] --START--
INFO: Run Behavior\ReadHtmlCacheBehavior [ RunTime:0.000792s ]
INFO: [ app_begin ] --END-- [ RunTime:0.000935s ]
ERR: 非法操作:js

