[ 2019-01-16T14:05:07+08:00 ] 127.0.0.1 /sheng
INFO: [ app_init ] --START--
INFO: Run Behavior\BuildLiteBehavior [ RunTime:0.000044s ]
INFO: [ app_init ] --END-- [ RunTime:0.001401s ]
INFO: [ app_begin ] --START--
INFO: Run Behavior\ReadHtmlCacheBehavior [ RunTime:0.001604s ]
INFO: [ app_begin ] --END-- [ RunTime:0.001865s ]
SQL: SHOW COLUMNS FROM `sheng_home_image` [ RunTime:0.0054s ]
SQL: SELECT * FROM `sheng_home_image` WHERE ( id not in (select max(id) from sheng_home_image) ) ORDER BY id desc  [ RunTime:0.0033s ]
SQL: SELECT * FROM `sheng_home_image` WHERE ( id in (select max(id) from sheng_home_image) ) LIMIT 1   [ RunTime:0.0004s ]
SQL: SELECT COUNT(*) AS tp_count FROM `sheng_home_image` LIMIT 1   [ RunTime:0.0003s ]
SQL: SHOW COLUMNS FROM `sheng_contact` [ RunTime:0.0037s ]
SQL: SELECT * FROM `sheng_contact` LIMIT 1   [ RunTime:0.0004s ]
SQL: SHOW COLUMNS FROM `sheng_aboutus` [ RunTime:0.0057s ]
SQL: SELECT * FROM `sheng_aboutus` WHERE ( id = 1 ) LIMIT 1   [ RunTime:0.0006s ]
SQL: SHOW COLUMNS FROM `sheng_information` [ RunTime:0.0044s ]
SQL: SELECT * FROM `sheng_information` WHERE ( if_special = 1 ) LIMIT 1   [ RunTime:0.0005s ]
SQL: SELECT * FROM `sheng_information` WHERE ( id = 1 ) LIMIT 1   [ RunTime:0.0004s ]
SQL: SELECT * FROM `sheng_information` WHERE ( type = 1  ) ORDER BY id desc LIMIT 0,2   [ RunTime:0.0003s ]
INFO: [ view_parse ] --START--
INFO: [ template_filter ] --START--
INFO: Run Behavior\ContentReplaceBehavior [ RunTime:0.000239s ]
INFO: [ template_filter ] --END-- [ RunTime:0.000433s ]
NOTIC: [8] Use of undefined constant d - assumed 'd' C:\BUPT\PHP\WAMPserver\www\chaojing\Application\Runtime\Cache\Sheng\80e272de353f03ac15055641eeca3bac.php 第 146 行.
NOTIC: [8] Use of undefined constant Y - assumed 'Y' C:\BUPT\PHP\WAMPserver\www\chaojing\Application\Runtime\Cache\Sheng\80e272de353f03ac15055641eeca3bac.php 第 147 行.
NOTIC: [8] Use of undefined constant m - assumed 'm' C:\BUPT\PHP\WAMPserver\www\chaojing\Application\Runtime\Cache\Sheng\80e272de353f03ac15055641eeca3bac.php 第 147 行.
NOTIC: [8] Use of undefined constant d - assumed 'd' C:\BUPT\PHP\WAMPserver\www\chaojing\Application\Runtime\Cache\Sheng\80e272de353f03ac15055641eeca3bac.php 第 163 行.
NOTIC: [8] Use of undefined constant Y - assumed 'Y' C:\BUPT\PHP\WAMPserver\www\chaojing\Application\Runtime\Cache\Sheng\80e272de353f03ac15055641eeca3bac.php 第 163 行.
NOTIC: [8] Use of undefined constant m - assumed 'm' C:\BUPT\PHP\WAMPserver\www\chaojing\Application\Runtime\Cache\Sheng\80e272de353f03ac15055641eeca3bac.php 第 163 行.
NOTIC: [8] Use of undefined constant Y年m月d日 - assumed 'Y年m月d日' C:\BUPT\PHP\WAMPserver\www\chaojing\Application\Runtime\Cache\Sheng\80e272de353f03ac15055641eeca3bac.php 第 189 行.
INFO: Run Behavior\ParseTemplateBehavior [ RunTime:0.031806s ]
INFO: [ view_parse ] --END-- [ RunTime:0.032021s ]
INFO: [ view_filter ] --START--
INFO: Run Behavior\WriteHtmlCacheBehavior [ RunTime:0.001007s ]
INFO: [ view_filter ] --END-- [ RunTime:0.001186s ]
INFO: [ app_end ] --START--
INFO: Run Behavior\ShowPageTraceBehavior [ RunTime:0.001399s ]
INFO: [ app_end ] --END-- [ RunTime:0.001619s ]

[ 2019-01-16T14:05:20+08:00 ] 127.0.0.1 /sheng/Information/production
INFO: [ app_init ] --START--
INFO: Run Behavior\BuildLiteBehavior [ RunTime:0.000040s ]
INFO: [ app_init ] --END-- [ RunTime:0.000999s ]
INFO: [ app_begin ] --START--
INFO: Run Behavior\ReadHtmlCacheBehavior [ RunTime:0.000636s ]
INFO: [ app_begin ] --END-- [ RunTime:0.000778s ]
SQL: SHOW COLUMNS FROM `sheng_contact` [ RunTime:0.0036s ]
SQL: SELECT * FROM `sheng_contact` LIMIT 1   [ RunTime:0.0004s ]
SQL: SHOW COLUMNS FROM `sheng_production` [ RunTime:0.0039s ]
SQL: SELECT * FROM `sheng_production` WHERE ( type = "A" ) ORDER BY id desc LIMIT 0,12   [ RunTime:0.0008s ]
SQL: SELECT COUNT(*) AS tp_count FROM `sheng_production` WHERE ( type = "A" ) LIMIT 1   [ RunTime:0.0008s ]
SQL: SELECT * FROM `sheng_production` WHERE ( type = "B" ) ORDER BY id LIMIT 0,12   [ RunTime:0.0004s ]
SQL: SELECT COUNT(*) AS tp_count FROM `sheng_production` WHERE ( type = "B" ) LIMIT 1   [ RunTime:0.0003s ]
INFO: [ view_parse ] --START--
INFO: [ template_filter ] --START--
INFO: Run Behavior\ContentReplaceBehavior [ RunTime:0.000202s ]
INFO: [ template_filter ] --END-- [ RunTime:0.000405s ]
INFO: Run Behavior\ParseTemplateBehavior [ RunTime:0.024627s ]
INFO: [ view_parse ] --END-- [ RunTime:0.024825s ]
INFO: [ view_filter ] --START--
INFO: Run Behavior\WriteHtmlCacheBehavior [ RunTime:0.001544s ]
INFO: [ view_filter ] --END-- [ RunTime:0.001790s ]
INFO: [ app_end ] --START--
INFO: Run Behavior\ShowPageTraceBehavior [ RunTime:0.001633s ]
INFO: [ app_end ] --END-- [ RunTime:0.001858s ]

[ 2019-01-16T14:05:20+08:00 ] 127.0.0.1 /sheng/Information/js/common-scripts.js
INFO: [ app_init ] --START--
INFO: Run Behavior\BuildLiteBehavior [ RunTime:0.000044s ]
INFO: [ app_init ] --END-- [ RunTime:0.000794s ]
INFO: [ app_begin ] --START--
INFO: Run Behavior\ReadHtmlCacheBehavior [ RunTime:0.000783s ]
INFO: [ app_begin ] --END-- [ RunTime:0.000954s ]
ERR: 非法操作:js

[ 2019-01-16T14:05:21+08:00 ] 127.0.0.1 /sheng/Information/js/common-scripts.js
INFO: [ app_init ] --START--
INFO: Run Behavior\BuildLiteBehavior [ RunTime:0.000080s ]
INFO: [ app_init ] --END-- [ RunTime:0.001250s ]
INFO: [ app_begin ] --START--
INFO: Run Behavior\ReadHtmlCacheBehavior [ RunTime:0.001062s ]
INFO: [ app_begin ] --END-- [ RunTime:0.001316s ]
ERR: 非法操作:js

