[ 2018-07-11T11:48:00+08:00 ] ::1 /admin
INFO: [ app_init ] --START--
INFO: Run Behavior\BuildLiteBehavior [ RunTime:0.000032s ]
INFO: [ app_init ] --END-- [ RunTime:0.000461s ]
INFO: [ app_begin ] --START--
INFO: Run Behavior\ReadHtmlCacheBehavior [ RunTime:0.000590s ]
INFO: [ app_begin ] --END-- [ RunTime:0.000723s ]
SQL: SHOW COLUMNS FROM `common_system_user` [ RunTime:0.0092s ]
INFO: [ view_parse ] --START--
INFO: [ template_filter ] --START--
INFO: Run Behavior\ContentReplaceBehavior [ RunTime:0.000551s ]
INFO: [ template_filter ] --END-- [ RunTime:0.000780s ]
INFO: Run Behavior\ParseTemplateBehavior [ RunTime:0.014782s ]
INFO: [ view_parse ] --END-- [ RunTime:0.014937s ]
INFO: [ view_filter ] --START--
INFO: Run Behavior\WriteHtmlCacheBehavior [ RunTime:0.000314s ]
INFO: [ view_filter ] --END-- [ RunTime:0.000437s ]
INFO: [ app_end ] --START--
INFO: Run Behavior\ShowPageTraceBehavior [ RunTime:0.001589s ]
INFO: [ app_end ] --END-- [ RunTime:0.001733s ]

[ 2018-07-11T11:48:00+08:00 ] ::1 /index.php/admin/account/login.html
INFO: [ app_init ] --START--
INFO: Run Behavior\BuildLiteBehavior [ RunTime:0.000022s ]
INFO: [ app_init ] --END-- [ RunTime:0.000398s ]
INFO: [ app_begin ] --START--
INFO: Run Behavior\ReadHtmlCacheBehavior [ RunTime:0.001015s ]
INFO: [ app_begin ] --END-- [ RunTime:0.001167s ]
SQL: SHOW COLUMNS FROM `common_system_user` [ RunTime:0.0030s ]
NOTIC: [8] Undefined variable: body /Applications/MAMP/htdocs/cj/Application/Admin/Controller/AccountController.class.php 第 20 行.
INFO: [ view_parse ] --START--
INFO: [ template_filter ] --START--
INFO: Run Behavior\ContentReplaceBehavior [ RunTime:0.000113s ]
INFO: [ template_filter ] --END-- [ RunTime:0.000217s ]
INFO: Run Behavior\ParseTemplateBehavior [ RunTime:0.007545s ]
INFO: [ view_parse ] --END-- [ RunTime:0.007641s ]
INFO: [ view_filter ] --START--
INFO: Run Behavior\WriteHtmlCacheBehavior [ RunTime:0.000349s ]
INFO: [ view_filter ] --END-- [ RunTime:0.000472s ]
INFO: [ app_end ] --START--
INFO: Run Behavior\ShowPageTraceBehavior [ RunTime:0.000650s ]
INFO: [ app_end ] --END-- [ RunTime:0.000765s ]

[ 2018-07-11T11:48:01+08:00 ] ::1 /index.php/admin/Account/yzmCode.html
INFO: [ app_init ] --START--
INFO: Run Behavior\BuildLiteBehavior [ RunTime:0.000035s ]
INFO: [ app_init ] --END-- [ RunTime:0.001510s ]
INFO: [ app_begin ] --START--
INFO: Run Behavior\ReadHtmlCacheBehavior [ RunTime:0.002053s ]
INFO: [ app_begin ] --END-- [ RunTime:0.002208s ]
INFO: [ app_end ] --START--
INFO: Run Behavior\ShowPageTraceBehavior [ RunTime:0.001290s ]
INFO: [ app_end ] --END-- [ RunTime:0.001418s ]

[ 2018-07-11T11:48:15+08:00 ] ::1 /index.php/admin/account/doLogin.html
INFO: [ app_init ] --START--
INFO: Run Behavior\BuildLiteBehavior [ RunTime:0.000022s ]
INFO: [ app_init ] --END-- [ RunTime:0.000406s ]
INFO: [ app_begin ] --START--
INFO: Run Behavior\ReadHtmlCacheBehavior [ RunTime:0.000535s ]
INFO: [ app_begin ] --END-- [ RunTime:0.000625s ]
SQL: SHOW COLUMNS FROM `common_system_user` [ RunTime:0.0035s ]
SQL: SELECT * FROM `common_system_user` WHERE `username` = 'admin' AND `passwd` = 'dd6e5e5918e94d997c686fcebc56922f' AND `status` = 1 LIMIT 1   [ RunTime:0.0007s ]
SQL: UPDATE `common_system_user` SET `login_time`='2018-07-11 11:48:15' WHERE ( id=1 ) [ RunTime:0.0062s ]
NOTIC: [8] Undefined variable: role /Applications/MAMP/htdocs/cj/Application/Admin/Controller/AccountController.class.php 第 52 行.
NOTIC: [8] Undefined variable: role /Applications/MAMP/htdocs/cj/Application/Admin/Controller/AccountController.class.php 第 56 行.
NOTIC: [8] Undefined variable: menus /Applications/MAMP/htdocs/cj/Application/Admin/Controller/AccountController.class.php 第 59 行.

[ 2018-07-11T11:48:15+08:00 ] ::1 /index.php/admin/account/login.html
INFO: [ app_init ] --START--
INFO: Run Behavior\BuildLiteBehavior [ RunTime:0.000020s ]
INFO: [ app_init ] --END-- [ RunTime:0.000454s ]
INFO: [ app_begin ] --START--
INFO: Run Behavior\ReadHtmlCacheBehavior [ RunTime:0.000412s ]
INFO: [ app_begin ] --END-- [ RunTime:0.000493s ]
SQL: SHOW COLUMNS FROM `common_system_user` [ RunTime:0.0032s ]

[ 2018-07-11T11:48:15+08:00 ] ::1 /index.php/admin/index.html
INFO: [ app_init ] --START--
INFO: Run Behavior\BuildLiteBehavior [ RunTime:0.000021s ]
INFO: [ app_init ] --END-- [ RunTime:0.000375s ]
INFO: [ app_begin ] --START--
INFO: Run Behavior\ReadHtmlCacheBehavior [ RunTime:0.000552s ]
INFO: [ app_begin ] --END-- [ RunTime:0.000643s ]
SQL: SHOW COLUMNS FROM `common_system_user` [ RunTime:0.0019s ]
INFO: [ view_parse ] --START--
INFO: [ template_filter ] --START--
INFO: Run Behavior\ContentReplaceBehavior [ RunTime:0.000110s ]
INFO: [ template_filter ] --END-- [ RunTime:0.000281s ]
INFO: Run Behavior\ParseTemplateBehavior [ RunTime:0.012757s ]
INFO: [ view_parse ] --END-- [ RunTime:0.012863s ]
INFO: [ view_filter ] --START--
INFO: Run Behavior\WriteHtmlCacheBehavior [ RunTime:0.000260s ]
INFO: [ view_filter ] --END-- [ RunTime:0.000336s ]
INFO: [ app_end ] --START--
INFO: Run Behavior\ShowPageTraceBehavior [ RunTime:0.000593s ]
INFO: [ app_end ] --END-- [ RunTime:0.000752s ]

[ 2018-07-11T11:48:15+08:00 ] ::1 /index.php/admin/auth/menu.html
INFO: [ app_init ] --START--
INFO: Run Behavior\BuildLiteBehavior [ RunTime:0.000031s ]
INFO: [ app_init ] --END-- [ RunTime:0.000575s ]
INFO: [ app_begin ] --START--
INFO: Run Behavior\ReadHtmlCacheBehavior [ RunTime:0.000704s ]
INFO: [ app_begin ] --END-- [ RunTime:0.000841s ]
SQL: SHOW COLUMNS FROM `common_system_user` [ RunTime:0.0029s ]
SQL: SHOW COLUMNS FROM `common_admin_nav` [ RunTime:0.0056s ]
SQL: SELECT `id`,`name`,pid as parentid,`url`,`status`,`addtime`,`disorder`,`path`,`icon` FROM `common_admin_nav` WHERE ( status=1 ) ORDER BY pid asc,disorder asc  [ RunTime:0.0019s ]
NOTIC: [2] strrchr() expects exactly 2 parameters, 1 given /Applications/MAMP/htdocs/cj/Application/Admin/Controller/AuthController.class.php 第 511 行.
NOTIC: [2] strrchr() expects exactly 2 parameters, 1 given /Applications/MAMP/htdocs/cj/Application/Admin/Controller/AuthController.class.php 第 511 行.
NOTIC: [2] strrchr() expects exactly 2 parameters, 1 given /Applications/MAMP/htdocs/cj/Application/Admin/Controller/AuthController.class.php 第 511 行.
NOTIC: [2] strrchr() expects exactly 2 parameters, 1 given /Applications/MAMP/htdocs/cj/Application/Admin/Controller/AuthController.class.php 第 511 行.
NOTIC: [2] strrchr() expects exactly 2 parameters, 1 given /Applications/MAMP/htdocs/cj/Application/Admin/Controller/AuthController.class.php 第 511 行.
NOTIC: [2] strrchr() expects exactly 2 parameters, 1 given /Applications/MAMP/htdocs/cj/Application/Admin/Controller/AuthController.class.php 第 511 行.
NOTIC: [2] strrchr() expects exactly 2 parameters, 1 given /Applications/MAMP/htdocs/cj/Application/Admin/Controller/AuthController.class.php 第 511 行.
NOTIC: [2] strrchr() expects exactly 2 parameters, 1 given /Applications/MAMP/htdocs/cj/Application/Admin/Controller/AuthController.class.php 第 511 行.
NOTIC: [2] strrchr() expects exactly 2 parameters, 1 given /Applications/MAMP/htdocs/cj/Application/Admin/Controller/AuthController.class.php 第 511 行.
NOTIC: [2] strrchr() expects exactly 2 parameters, 1 given /Applications/MAMP/htdocs/cj/Application/Admin/Controller/AuthController.class.php 第 511 行.
NOTIC: [2] strrchr() expects exactly 2 parameters, 1 given /Applications/MAMP/htdocs/cj/Application/Admin/Controller/AuthController.class.php 第 511 行.
NOTIC: [2] strrchr() expects exactly 2 parameters, 1 given /Applications/MAMP/htdocs/cj/Application/Admin/Controller/AuthController.class.php 第 511 行.
NOTIC: [2] strrchr() expects exactly 2 parameters, 1 given /Applications/MAMP/htdocs/cj/Application/Admin/Controller/AuthController.class.php 第 511 行.
NOTIC: [2] strrchr() expects exactly 2 parameters, 1 given /Applications/MAMP/htdocs/cj/Application/Admin/Controller/AuthController.class.php 第 511 行.
NOTIC: [2] strrchr() expects exactly 2 parameters, 1 given /Applications/MAMP/htdocs/cj/Application/Admin/Controller/AuthController.class.php 第 511 行.
NOTIC: [2] strrchr() expects exactly 2 parameters, 1 given /Applications/MAMP/htdocs/cj/Application/Admin/Controller/AuthController.class.php 第 511 行.
NOTIC: [2] strrchr() expects exactly 2 parameters, 1 given /Applications/MAMP/htdocs/cj/Application/Admin/Controller/AuthController.class.php 第 511 行.
NOTIC: [2] strrchr() expects exactly 2 parameters, 1 given /Applications/MAMP/htdocs/cj/Application/Admin/Controller/AuthController.class.php 第 511 行.
NOTIC: [2] strrchr() expects exactly 2 parameters, 1 given /Applications/MAMP/htdocs/cj/Application/Admin/Controller/AuthController.class.php 第 511 行.
NOTIC: [2] strrchr() expects exactly 2 parameters, 1 given /Applications/MAMP/htdocs/cj/Application/Admin/Controller/AuthController.class.php 第 511 行.
NOTIC: [2] strrchr() expects exactly 2 parameters, 1 given /Applications/MAMP/htdocs/cj/Application/Admin/Controller/AuthController.class.php 第 511 行.
NOTIC: [2] strrchr() expects exactly 2 parameters, 1 given /Applications/MAMP/htdocs/cj/Application/Admin/Controller/AuthController.class.php 第 511 行.
NOTIC: [2] strrchr() expects exactly 2 parameters, 1 given /Applications/MAMP/htdocs/cj/Application/Admin/Controller/AuthController.class.php 第 511 行.
NOTIC: [2] strrchr() expects exactly 2 parameters, 1 given /Applications/MAMP/htdocs/cj/Application/Admin/Controller/AuthController.class.php 第 511 行.
NOTIC: [2] strrchr() expects exactly 2 parameters, 1 given /Applications/MAMP/htdocs/cj/Application/Admin/Controller/AuthController.class.php 第 511 行.
NOTIC: [2] strrchr() expects exactly 2 parameters, 1 given /Applications/MAMP/htdocs/cj/Application/Admin/Controller/AuthController.class.php 第 511 行.
NOTIC: [8] Undefined offset: 39 /Applications/MAMP/htdocs/cj/Application/Admin/Controller/AuthController.class.php 第 214 行.
NOTIC: [8] Undefined offset: 39 /Applications/MAMP/htdocs/cj/Application/Admin/Controller/AuthController.class.php 第 214 行.
NOTIC: [8] Undefined offset: 39 /Applications/MAMP/htdocs/cj/Application/Admin/Controller/AuthController.class.php 第 214 行.
NOTIC: [8] Undefined offset: 39 /Applications/MAMP/htdocs/cj/Application/Admin/Controller/AuthController.class.php 第 214 行.
NOTIC: [8] Undefined offset: 1 /Applications/MAMP/htdocs/cj/Application/Admin/Controller/AuthController.class.php 第 224 行.
NOTIC: [8] Undefined offset: 39 /Applications/MAMP/htdocs/cj/Application/Admin/Controller/AuthController.class.php 第 214 行.
NOTIC: [8] Undefined offset: 39 /Applications/MAMP/htdocs/cj/Application/Admin/Controller/AuthController.class.php 第 214 行.
NOTIC: [8] Undefined offset: 1 /Applications/MAMP/htdocs/cj/Application/Admin/Controller/AuthController.class.php 第 224 行.
NOTIC: [8] Undefined offset: 39 /Applications/MAMP/htdocs/cj/Application/Admin/Controller/AuthController.class.php 第 214 行.
NOTIC: [8] Undefined offset: 39 /Applications/MAMP/htdocs/cj/Application/Admin/Controller/AuthController.class.php 第 214 行.
NOTIC: [8] Undefined offset: 94 /Applications/MAMP/htdocs/cj/Application/Admin/Controller/AuthController.class.php 第 214 行.
NOTIC: [8] Undefined offset: 94 /Applications/MAMP/htdocs/cj/Application/Admin/Controller/AuthController.class.php 第 214 行.
NOTIC: [8] Undefined offset: 94 /Applications/MAMP/htdocs/cj/Application/Admin/Controller/AuthController.class.php 第 214 行.
NOTIC: [8] Undefined offset: 99 /Applications/MAMP/htdocs/cj/Application/Admin/Controller/AuthController.class.php 第 214 行.
NOTIC: [8] Undefined offset: 99 /Applications/MAMP/htdocs/cj/Application/Admin/Controller/AuthController.class.php 第 214 行.
NOTIC: [8] Undefined offset: 99 /Applications/MAMP/htdocs/cj/Application/Admin/Controller/AuthController.class.php 第 214 行.
NOTIC: [8] Undefined offset: 99 /Applications/MAMP/htdocs/cj/Application/Admin/Controller/AuthController.class.php 第 214 行.
NOTIC: [8] Undefined offset: 99 /Applications/MAMP/htdocs/cj/Application/Admin/Controller/AuthController.class.php 第 214 行.
NOTIC: [8] Undefined offset: 99 /Applications/MAMP/htdocs/cj/Application/Admin/Controller/AuthController.class.php 第 214 行.
NOTIC: [8] Undefined offset: 100 /Applications/MAMP/htdocs/cj/Application/Admin/Controller/AuthController.class.php 第 214 行.
NOTIC: [8] Undefined offset: 100 /Applications/MAMP/htdocs/cj/Application/Admin/Controller/AuthController.class.php 第 214 行.
NOTIC: [8] Undefined offset: 100 /Applications/MAMP/htdocs/cj/Application/Admin/Controller/AuthController.class.php 第 214 行.
NOTIC: [8] Undefined offset: 100 /Applications/MAMP/htdocs/cj/Application/Admin/Controller/AuthController.class.php 第 214 行.
NOTIC: [8] Undefined offset: 100 /Applications/MAMP/htdocs/cj/Application/Admin/Controller/AuthController.class.php 第 214 行.
NOTIC: [8] Undefined offset: 100 /Applications/MAMP/htdocs/cj/Application/Admin/Controller/AuthController.class.php 第 214 行.
NOTIC: [8] Undefined offset: 100 /Applications/MAMP/htdocs/cj/Application/Admin/Controller/AuthController.class.php 第 214 行.
NOTIC: [8] Undefined offset: 109 /Applications/MAMP/htdocs/cj/Application/Admin/Controller/AuthController.class.php 第 214 行.
NOTIC: [8] Undefined index: childs /Applications/MAMP/htdocs/cj/Application/Admin/Controller/AuthController.class.php 第 245 行.

[ 2018-07-11T11:48:15+08:00 ] ::1 /admin/main/index.html
INFO: [ app_init ] --START--
INFO: Run Behavior\BuildLiteBehavior [ RunTime:0.000034s ]
INFO: [ app_init ] --END-- [ RunTime:0.000748s ]
INFO: [ app_begin ] --START--
INFO: Run Behavior\ReadHtmlCacheBehavior [ RunTime:0.000959s ]
INFO: [ app_begin ] --END-- [ RunTime:0.001111s ]
SQL: SHOW COLUMNS FROM `common_system_user` [ RunTime:0.0046s ]
INFO: [ view_parse ] --START--
INFO: [ template_filter ] --START--
INFO: Run Behavior\ContentReplaceBehavior [ RunTime:0.000200s ]
INFO: [ template_filter ] --END-- [ RunTime:0.000362s ]
INFO: Run Behavior\ParseTemplateBehavior [ RunTime:0.010386s ]
INFO: [ view_parse ] --END-- [ RunTime:0.010484s ]
INFO: [ view_filter ] --START--
INFO: Run Behavior\WriteHtmlCacheBehavior [ RunTime:0.000217s ]
INFO: [ view_filter ] --END-- [ RunTime:0.000292s ]
INFO: [ app_end ] --START--
INFO: Run Behavior\ShowPageTraceBehavior [ RunTime:0.003362s ]
INFO: [ app_end ] --END-- [ RunTime:0.004293s ]

[ 2018-07-11T11:48:16+08:00 ] ::1 /index.php/Admin/Uploader/ueditor.html?action=config&&noCache=1531280896001
INFO: [ app_init ] --START--
INFO: Run Behavior\BuildLiteBehavior [ RunTime:0.000022s ]
INFO: [ app_init ] --END-- [ RunTime:0.000403s ]
INFO: [ app_begin ] --START--
INFO: Run Behavior\ReadHtmlCacheBehavior [ RunTime:0.000523s ]
INFO: [ app_begin ] --END-- [ RunTime:0.000627s ]
SQL: SHOW COLUMNS FROM `common_system_user` [ RunTime:0.0031s ]
INFO: [ app_end ] --START--
INFO: Run Behavior\ShowPageTraceBehavior [ RunTime:0.000709s ]
INFO: [ app_end ] --END-- [ RunTime:0.000818s ]

[ 2018-07-11T11:48:17+08:00 ] ::1 /admin/main/lunbo
INFO: [ app_init ] --START--
INFO: Run Behavior\BuildLiteBehavior [ RunTime:0.000020s ]
INFO: [ app_init ] --END-- [ RunTime:0.000365s ]
INFO: [ app_begin ] --START--
INFO: Run Behavior\ReadHtmlCacheBehavior [ RunTime:0.000482s ]
INFO: [ app_begin ] --END-- [ RunTime:0.000564s ]
SQL: SHOW COLUMNS FROM `common_system_user` [ RunTime:0.0017s ]
SQL: SHOW COLUMNS FROM `home_image` [ RunTime:0.0014s ]
SQL: SELECT * FROM `home_image` LIMIT 0,10   [ RunTime:0.0005s ]
SQL: SELECT COUNT(*) AS tp_count FROM `home_image` LIMIT 1   [ RunTime:0.0002s ]
INFO: [ view_parse ] --START--
INFO: [ template_filter ] --START--
INFO: Run Behavior\ContentReplaceBehavior [ RunTime:0.000226s ]
INFO: [ template_filter ] --END-- [ RunTime:0.000405s ]
NOTIC: [8] Undefined variable: centreno /Applications/MAMP/htdocs/cj/Application/Runtime/Cache/Admin/693fb95b42aef6a4f677611d1562b6e3.php 第 303 行.
INFO: Run Behavior\ParseTemplateBehavior [ RunTime:0.016194s ]
INFO: [ view_parse ] --END-- [ RunTime:0.016277s ]
INFO: [ view_filter ] --START--
INFO: Run Behavior\WriteHtmlCacheBehavior [ RunTime:0.000182s ]
INFO: [ view_filter ] --END-- [ RunTime:0.000250s ]
INFO: [ app_end ] --START--
INFO: Run Behavior\ShowPageTraceBehavior [ RunTime:0.000636s ]
INFO: [ app_end ] --END-- [ RunTime:0.000737s ]

[ 2018-07-11T11:48:17+08:00 ] ::1 /index.php/Admin/Uploader/ueditor.html?action=config&&noCache=1531280897677
INFO: [ app_init ] --START--
INFO: Run Behavior\BuildLiteBehavior [ RunTime:0.000032s ]
INFO: [ app_init ] --END-- [ RunTime:0.000475s ]
INFO: [ app_begin ] --START--
INFO: Run Behavior\ReadHtmlCacheBehavior [ RunTime:0.000464s ]
INFO: [ app_begin ] --END-- [ RunTime:0.000552s ]
SQL: SHOW COLUMNS FROM `common_system_user` [ RunTime:0.0018s ]
INFO: [ app_end ] --START--
INFO: Run Behavior\ShowPageTraceBehavior [ RunTime:0.000645s ]
INFO: [ app_end ] --END-- [ RunTime:0.000769s ]

[ 2018-07-11T11:48:19+08:00 ] ::1 /admin/edit/aboutus
INFO: [ app_init ] --START--
INFO: Run Behavior\BuildLiteBehavior [ RunTime:0.000021s ]
INFO: [ app_init ] --END-- [ RunTime:0.000385s ]
INFO: [ app_begin ] --START--
INFO: Run Behavior\ReadHtmlCacheBehavior [ RunTime:0.000404s ]
INFO: [ app_begin ] --END-- [ RunTime:0.000484s ]
NOTIC: [2] Declaration of Admin\Controller\EditController::show() should be compatible with Think\Controller::show($content, $charset = '', $contentType = '', $prefix = '') /Applications/MAMP/htdocs/cj/Application/Admin/Controller/EditController.class.php 第 591 行.
SQL: SHOW COLUMNS FROM `common_system_user` [ RunTime:0.0020s ]
INFO: [ view_parse ] --START--
INFO: [ template_filter ] --START--
INFO: Run Behavior\ContentReplaceBehavior [ RunTime:0.000192s ]
INFO: [ template_filter ] --END-- [ RunTime:0.000294s ]
INFO: Run Behavior\ParseTemplateBehavior [ RunTime:0.007857s ]
INFO: [ view_parse ] --END-- [ RunTime:0.007957s ]
INFO: [ view_filter ] --START--
INFO: Run Behavior\WriteHtmlCacheBehavior [ RunTime:0.000295s ]
INFO: [ view_filter ] --END-- [ RunTime:0.000424s ]
INFO: [ app_end ] --START--
INFO: Run Behavior\ShowPageTraceBehavior [ RunTime:0.000959s ]
INFO: [ app_end ] --END-- [ RunTime:0.001132s ]

[ 2018-07-11T11:48:20+08:00 ] ::1 /index.php/Admin/Uploader/ueditor.html?action=config&&noCache=1531280900015
INFO: [ app_init ] --START--
INFO: Run Behavior\BuildLiteBehavior [ RunTime:0.000034s ]
INFO: [ app_init ] --END-- [ RunTime:0.000590s ]
INFO: [ app_begin ] --START--
INFO: Run Behavior\ReadHtmlCacheBehavior [ RunTime:0.000435s ]
INFO: [ app_begin ] --END-- [ RunTime:0.000522s ]
SQL: SHOW COLUMNS FROM `common_system_user` [ RunTime:0.0032s ]
INFO: [ app_end ] --START--
INFO: Run Behavior\ShowPageTraceBehavior [ RunTime:0.000640s ]
INFO: [ app_end ] --END-- [ RunTime:0.000756s ]

[ 2018-07-11T11:48:21+08:00 ] ::1 /admin/edit/information
INFO: [ app_init ] --START--
INFO: Run Behavior\BuildLiteBehavior [ RunTime:0.000021s ]
INFO: [ app_init ] --END-- [ RunTime:0.000373s ]
INFO: [ app_begin ] --START--
INFO: Run Behavior\ReadHtmlCacheBehavior [ RunTime:0.000496s ]
INFO: [ app_begin ] --END-- [ RunTime:0.000630s ]
NOTIC: [2] Declaration of Admin\Controller\EditController::show() should be compatible with Think\Controller::show($content, $charset = '', $contentType = '', $prefix = '') /Applications/MAMP/htdocs/cj/Application/Admin/Controller/EditController.class.php 第 591 行.
SQL: SHOW COLUMNS FROM `common_system_user` [ RunTime:0.0028s ]
SQL: SHOW COLUMNS FROM `information` [ RunTime:0.0017s ]
SQL: SELECT * FROM `information` WHERE ( type = 1 ) ORDER BY id desc LIMIT 0,10   [ RunTime:0.0004s ]
SQL: SELECT COUNT(*) AS tp_count FROM `information` WHERE ( type = 1 ) LIMIT 1   [ RunTime:0.0003s ]
INFO: [ view_parse ] --START--
INFO: [ template_filter ] --START--
INFO: Run Behavior\ContentReplaceBehavior [ RunTime:0.000230s ]
INFO: [ template_filter ] --END-- [ RunTime:0.000330s ]
NOTIC: [8] Use of undefined constant A - assumed 'A' /Applications/MAMP/htdocs/cj/Application/Runtime/Cache/Admin/329b2d785dcbb7cda36da04d40218ddc.php 第 300 行.
INFO: Run Behavior\ParseTemplateBehavior [ RunTime:0.012555s ]
INFO: [ view_parse ] --END-- [ RunTime:0.012636s ]
INFO: [ view_filter ] --START--
INFO: Run Behavior\WriteHtmlCacheBehavior [ RunTime:0.000169s ]
INFO: [ view_filter ] --END-- [ RunTime:0.000236s ]
INFO: [ app_end ] --START--
INFO: Run Behavior\ShowPageTraceBehavior [ RunTime:0.001188s ]
INFO: [ app_end ] --END-- [ RunTime:0.001324s ]

[ 2018-07-11T11:48:21+08:00 ] ::1 /index.php/Admin/Uploader/ueditor.html?action=config&&noCache=1531280901129
INFO: [ app_init ] --START--
INFO: Run Behavior\BuildLiteBehavior [ RunTime:0.000024s ]
INFO: [ app_init ] --END-- [ RunTime:0.000467s ]
INFO: [ app_begin ] --START--
INFO: Run Behavior\ReadHtmlCacheBehavior [ RunTime:0.000568s ]
INFO: [ app_begin ] --END-- [ RunTime:0.000990s ]
SQL: SHOW COLUMNS FROM `common_system_user` [ RunTime:0.0018s ]
INFO: [ app_end ] --START--
INFO: Run Behavior\ShowPageTraceBehavior [ RunTime:0.000720s ]
INFO: [ app_end ] --END-- [ RunTime:0.000871s ]

[ 2018-07-11T11:48:22+08:00 ] ::1 /admin/edit/production
INFO: [ app_init ] --START--
INFO: Run Behavior\BuildLiteBehavior [ RunTime:0.000024s ]
INFO: [ app_init ] --END-- [ RunTime:0.000429s ]
INFO: [ app_begin ] --START--
INFO: Run Behavior\ReadHtmlCacheBehavior [ RunTime:0.000433s ]
INFO: [ app_begin ] --END-- [ RunTime:0.000514s ]
NOTIC: [2] Declaration of Admin\Controller\EditController::show() should be compatible with Think\Controller::show($content, $charset = '', $contentType = '', $prefix = '') /Applications/MAMP/htdocs/cj/Application/Admin/Controller/EditController.class.php 第 591 行.
SQL: SHOW COLUMNS FROM `common_system_user` [ RunTime:0.0028s ]
SQL: SHOW COLUMNS FROM `production` [ RunTime:0.0017s ]
SQL: SELECT * FROM `production` WHERE ( type = 'A' ) ORDER BY id desc LIMIT 0,10   [ RunTime:0.0014s ]
SQL: SELECT COUNT(*) AS tp_count FROM `production` WHERE ( type = 'A' ) LIMIT 1   [ RunTime:0.0006s ]
NOTIC: [8] Undefined variable: pingtai /Applications/MAMP/htdocs/cj/Application/Admin/Controller/EditController.class.php 第 433 行.
INFO: [ view_parse ] --START--
INFO: [ template_filter ] --START--
INFO: Run Behavior\ContentReplaceBehavior [ RunTime:0.000178s ]
INFO: [ template_filter ] --END-- [ RunTime:0.000264s ]
INFO: Run Behavior\ParseTemplateBehavior [ RunTime:0.012039s ]
INFO: [ view_parse ] --END-- [ RunTime:0.012247s ]
INFO: [ view_filter ] --START--
INFO: Run Behavior\WriteHtmlCacheBehavior [ RunTime:0.000300s ]
INFO: [ view_filter ] --END-- [ RunTime:0.000417s ]
INFO: [ app_end ] --START--
INFO: Run Behavior\ShowPageTraceBehavior [ RunTime:0.000924s ]
INFO: [ app_end ] --END-- [ RunTime:0.001059s ]

[ 2018-07-11T11:48:22+08:00 ] ::1 /index.php/Admin/Uploader/ueditor.html?action=config&&noCache=1531280902483
INFO: [ app_init ] --START--
INFO: Run Behavior\BuildLiteBehavior [ RunTime:0.000040s ]
INFO: [ app_init ] --END-- [ RunTime:0.000869s ]
INFO: [ app_begin ] --START--
INFO: Run Behavior\ReadHtmlCacheBehavior [ RunTime:0.000469s ]
INFO: [ app_begin ] --END-- [ RunTime:0.000596s ]
SQL: SHOW COLUMNS FROM `common_system_user` [ RunTime:0.0029s ]
INFO: [ app_end ] --START--
INFO: Run Behavior\ShowPageTraceBehavior [ RunTime:0.000814s ]
INFO: [ app_end ] --END-- [ RunTime:0.000970s ]

[ 2018-07-11T11:48:23+08:00 ] ::1 /admin/edit/recruitment
INFO: [ app_init ] --START--
INFO: Run Behavior\BuildLiteBehavior [ RunTime:0.000021s ]
INFO: [ app_init ] --END-- [ RunTime:0.000373s ]
INFO: [ app_begin ] --START--
INFO: Run Behavior\ReadHtmlCacheBehavior [ RunTime:0.000735s ]
INFO: [ app_begin ] --END-- [ RunTime:0.000882s ]
NOTIC: [2] Declaration of Admin\Controller\EditController::show() should be compatible with Think\Controller::show($content, $charset = '', $contentType = '', $prefix = '') /Applications/MAMP/htdocs/cj/Application/Admin/Controller/EditController.class.php 第 591 行.
SQL: SHOW COLUMNS FROM `common_system_user` [ RunTime:0.0027s ]
SQL: SHOW COLUMNS FROM `recruitment` [ RunTime:0.0065s ]
SQL: SELECT * FROM `recruitment` LIMIT 1   [ RunTime:0.0003s ]
INFO: [ view_parse ] --START--
INFO: [ template_filter ] --START--
INFO: Run Behavior\ContentReplaceBehavior [ RunTime:0.000184s ]
INFO: [ template_filter ] --END-- [ RunTime:0.000367s ]
INFO: Run Behavior\ParseTemplateBehavior [ RunTime:0.009542s ]
INFO: [ view_parse ] --END-- [ RunTime:0.009667s ]
INFO: [ view_filter ] --START--
INFO: Run Behavior\WriteHtmlCacheBehavior [ RunTime:0.000197s ]
INFO: [ view_filter ] --END-- [ RunTime:0.000271s ]
INFO: [ app_end ] --START--
INFO: Run Behavior\ShowPageTraceBehavior [ RunTime:0.000853s ]
INFO: [ app_end ] --END-- [ RunTime:0.001017s ]

[ 2018-07-11T11:48:23+08:00 ] ::1 /index.php/Admin/Uploader/ueditor.html?action=config&&noCache=1531280903694
INFO: [ app_init ] --START--
INFO: Run Behavior\BuildLiteBehavior [ RunTime:0.000033s ]
INFO: [ app_init ] --END-- [ RunTime:0.000567s ]
INFO: [ app_begin ] --START--
INFO: Run Behavior\ReadHtmlCacheBehavior [ RunTime:0.000784s ]
INFO: [ app_begin ] --END-- [ RunTime:0.000983s ]
SQL: SHOW COLUMNS FROM `common_system_user` [ RunTime:0.0036s ]
INFO: [ app_end ] --START--
INFO: Run Behavior\ShowPageTraceBehavior [ RunTime:0.000787s ]
INFO: [ app_end ] --END-- [ RunTime:0.001110s ]

[ 2018-07-11T11:48:25+08:00 ] ::1 /admin/edit/contactus
INFO: [ app_init ] --START--
INFO: Run Behavior\BuildLiteBehavior [ RunTime:0.000020s ]
INFO: [ app_init ] --END-- [ RunTime:0.000437s ]
INFO: [ app_begin ] --START--
INFO: Run Behavior\ReadHtmlCacheBehavior [ RunTime:0.000583s ]
INFO: [ app_begin ] --END-- [ RunTime:0.000673s ]
NOTIC: [2] Declaration of Admin\Controller\EditController::show() should be compatible with Think\Controller::show($content, $charset = '', $contentType = '', $prefix = '') /Applications/MAMP/htdocs/cj/Application/Admin/Controller/EditController.class.php 第 591 行.
SQL: SHOW COLUMNS FROM `common_system_user` [ RunTime:0.0025s ]
SQL: SHOW COLUMNS FROM `contact` [ RunTime:0.0015s ]
SQL: SELECT * FROM `contact` LIMIT 1   [ RunTime:0.0003s ]
INFO: [ view_parse ] --START--
INFO: [ template_filter ] --START--
INFO: Run Behavior\ContentReplaceBehavior [ RunTime:0.000169s ]
INFO: [ template_filter ] --END-- [ RunTime:0.000253s ]
INFO: Run Behavior\ParseTemplateBehavior [ RunTime:0.009678s ]
INFO: [ view_parse ] --END-- [ RunTime:0.009765s ]
INFO: [ view_filter ] --START--
INFO: Run Behavior\WriteHtmlCacheBehavior [ RunTime:0.000168s ]
INFO: [ view_filter ] --END-- [ RunTime:0.000236s ]
INFO: [ app_end ] --START--
INFO: Run Behavior\ShowPageTraceBehavior [ RunTime:0.000701s ]
INFO: [ app_end ] --END-- [ RunTime:0.000791s ]

[ 2018-07-11T11:48:25+08:00 ] ::1 /index.php/Admin/Uploader/ueditor.html?action=config&&noCache=1531280905187
INFO: [ app_init ] --START--
INFO: Run Behavior\BuildLiteBehavior [ RunTime:0.000037s ]
INFO: [ app_init ] --END-- [ RunTime:0.000639s ]
INFO: [ app_begin ] --START--
INFO: Run Behavior\ReadHtmlCacheBehavior [ RunTime:0.000805s ]
INFO: [ app_begin ] --END-- [ RunTime:0.000940s ]
SQL: SHOW COLUMNS FROM `common_system_user` [ RunTime:0.0029s ]
INFO: [ app_end ] --START--
INFO: Run Behavior\ShowPageTraceBehavior [ RunTime:0.000529s ]
INFO: [ app_end ] --END-- [ RunTime:0.000627s ]

[ 2018-07-11T11:48:25+08:00 ] ::1 /admin/edit/recruitment
INFO: [ app_init ] --START--
INFO: Run Behavior\BuildLiteBehavior [ RunTime:0.000022s ]
INFO: [ app_init ] --END-- [ RunTime:0.000431s ]
INFO: [ app_begin ] --START--
INFO: Run Behavior\ReadHtmlCacheBehavior [ RunTime:0.001130s ]
INFO: [ app_begin ] --END-- [ RunTime:0.001264s ]
NOTIC: [2] Declaration of Admin\Controller\EditController::show() should be compatible with Think\Controller::show($content, $charset = '', $contentType = '', $prefix = '') /Applications/MAMP/htdocs/cj/Application/Admin/Controller/EditController.class.php 第 591 行.
SQL: SHOW COLUMNS FROM `common_system_user` [ RunTime:0.0028s ]
SQL: SHOW COLUMNS FROM `recruitment` [ RunTime:0.0021s ]
SQL: SELECT * FROM `recruitment` LIMIT 1   [ RunTime:0.0004s ]
INFO: [ view_parse ] --START--
INFO: [ template_filter ] --START--
INFO: Run Behavior\ContentReplaceBehavior [ RunTime:0.000188s ]
INFO: [ template_filter ] --END-- [ RunTime:0.000278s ]
INFO: Run Behavior\ParseTemplateBehavior [ RunTime:0.009484s ]
INFO: [ view_parse ] --END-- [ RunTime:0.009595s ]
INFO: [ view_filter ] --START--
INFO: Run Behavior\WriteHtmlCacheBehavior [ RunTime:0.000191s ]
INFO: [ view_filter ] --END-- [ RunTime:0.000265s ]
INFO: [ app_end ] --START--
INFO: Run Behavior\ShowPageTraceBehavior [ RunTime:0.000721s ]
INFO: [ app_end ] --END-- [ RunTime:0.000855s ]

[ 2018-07-11T11:48:25+08:00 ] ::1 /index.php/Admin/Uploader/ueditor.html?action=config&&noCache=1531280905874
INFO: [ app_init ] --START--
INFO: Run Behavior\BuildLiteBehavior [ RunTime:0.000024s ]
INFO: [ app_init ] --END-- [ RunTime:0.000552s ]
INFO: [ app_begin ] --START--
INFO: Run Behavior\ReadHtmlCacheBehavior [ RunTime:0.001036s ]
INFO: [ app_begin ] --END-- [ RunTime:0.001247s ]
SQL: SHOW COLUMNS FROM `common_system_user` [ RunTime:0.0019s ]
INFO: [ app_end ] --START--
INFO: Run Behavior\ShowPageTraceBehavior [ RunTime:0.000751s ]
INFO: [ app_end ] --END-- [ RunTime:0.000918s ]

[ 2018-07-11T11:48:26+08:00 ] ::1 /admin/edit/recruitment?de=B
INFO: [ app_init ] --START--
INFO: Run Behavior\BuildLiteBehavior [ RunTime:0.000020s ]
INFO: [ app_init ] --END-- [ RunTime:0.000443s ]
INFO: [ app_begin ] --START--
INFO: Run Behavior\ReadHtmlCacheBehavior [ RunTime:0.000428s ]
INFO: [ app_begin ] --END-- [ RunTime:0.000508s ]
NOTIC: [2] Declaration of Admin\Controller\EditController::show() should be compatible with Think\Controller::show($content, $charset = '', $contentType = '', $prefix = '') /Applications/MAMP/htdocs/cj/Application/Admin/Controller/EditController.class.php 第 591 行.
SQL: SHOW COLUMNS FROM `common_system_user` [ RunTime:0.0027s ]
SQL: SHOW COLUMNS FROM `recruitment` [ RunTime:0.0022s ]
SQL: SELECT * FROM `recruitment` LIMIT 1   [ RunTime:0.0004s ]
INFO: [ view_parse ] --START--
INFO: [ template_filter ] --START--
INFO: Run Behavior\ContentReplaceBehavior [ RunTime:0.000184s ]
INFO: [ template_filter ] --END-- [ RunTime:0.000270s ]
INFO: Run Behavior\ParseTemplateBehavior [ RunTime:0.008730s ]
INFO: [ view_parse ] --END-- [ RunTime:0.008840s ]
INFO: [ view_filter ] --START--
INFO: Run Behavior\WriteHtmlCacheBehavior [ RunTime:0.000179s ]
INFO: [ view_filter ] --END-- [ RunTime:0.000251s ]
INFO: [ app_end ] --START--
INFO: Run Behavior\ShowPageTraceBehavior [ RunTime:0.000902s ]
INFO: [ app_end ] --END-- [ RunTime:0.001466s ]

[ 2018-07-11T11:48:26+08:00 ] ::1 /index.php/Admin/Uploader/ueditor.html?action=config&&noCache=1531280906902
INFO: [ app_init ] --START--
INFO: Run Behavior\BuildLiteBehavior [ RunTime:0.000036s ]
INFO: [ app_init ] --END-- [ RunTime:0.000640s ]
INFO: [ app_begin ] --START--
INFO: Run Behavior\ReadHtmlCacheBehavior [ RunTime:0.004803s ]
INFO: [ app_begin ] --END-- [ RunTime:0.004966s ]
SQL: SHOW COLUMNS FROM `common_system_user` [ RunTime:0.0029s ]
INFO: [ app_end ] --START--
INFO: Run Behavior\ShowPageTraceBehavior [ RunTime:0.000500s ]
INFO: [ app_end ] --END-- [ RunTime:0.000631s ]

[ 2018-07-11T11:48:28+08:00 ] ::1 /index.php/admin/edit/yuangongPicture.html?type=1
INFO: [ app_init ] --START--
INFO: Run Behavior\BuildLiteBehavior [ RunTime:0.000130s ]
INFO: [ app_init ] --END-- [ RunTime:0.000558s ]
INFO: [ app_begin ] --START--
INFO: Run Behavior\ReadHtmlCacheBehavior [ RunTime:0.001132s ]
INFO: [ app_begin ] --END-- [ RunTime:0.001297s ]
NOTIC: [2] Declaration of Admin\Controller\EditController::show() should be compatible with Think\Controller::show($content, $charset = '', $contentType = '', $prefix = '') /Applications/MAMP/htdocs/cj/Application/Admin/Controller/EditController.class.php 第 591 行.
SQL: SHOW COLUMNS FROM `common_system_user` [ RunTime:0.0028s ]
SQL: SHOW COLUMNS FROM `yuangong_picture` [ RunTime:0.0041s ]
SQL: SELECT * FROM `yuangong_picture` WHERE ( type = 1 ) LIMIT 0,10   [ RunTime:0.0008s ]
SQL: SELECT COUNT(*) AS tp_count FROM `yuangong_picture` WHERE ( type = 1 ) LIMIT 1   [ RunTime:0.0005s ]
INFO: [ view_parse ] --START--
INFO: [ template_filter ] --START--
INFO: Run Behavior\ContentReplaceBehavior [ RunTime:0.000220s ]
INFO: [ template_filter ] --END-- [ RunTime:0.000312s ]
NOTIC: [8] Undefined variable: stamp /Applications/MAMP/htdocs/cj/Application/Runtime/Cache/Admin/0b49816ccd5a353ba5a68d42c158d49c.php 第 292 行.
NOTIC: [8] Undefined variable: stamp /Applications/MAMP/htdocs/cj/Application/Runtime/Cache/Admin/0b49816ccd5a353ba5a68d42c158d49c.php 第 293 行.
NOTIC: [8] Undefined variable: centreno /Applications/MAMP/htdocs/cj/Application/Runtime/Cache/Admin/0b49816ccd5a353ba5a68d42c158d49c.php 第 306 行.
INFO: Run Behavior\ParseTemplateBehavior [ RunTime:0.010666s ]
INFO: [ view_parse ] --END-- [ RunTime:0.010808s ]
INFO: [ view_filter ] --START--
INFO: Run Behavior\WriteHtmlCacheBehavior [ RunTime:0.000190s ]
INFO: [ view_filter ] --END-- [ RunTime:0.000267s ]
INFO: [ app_end ] --START--
INFO: Run Behavior\ShowPageTraceBehavior [ RunTime:0.000854s ]
INFO: [ app_end ] --END-- [ RunTime:0.001022s ]

[ 2018-07-11T11:48:28+08:00 ] ::1 /index.php/Admin/Uploader/ueditor.html?action=config&&noCache=1531280908454
INFO: [ app_init ] --START--
INFO: Run Behavior\BuildLiteBehavior [ RunTime:0.000035s ]
INFO: [ app_init ] --END-- [ RunTime:0.000730s ]
INFO: [ app_begin ] --START--
INFO: Run Behavior\ReadHtmlCacheBehavior [ RunTime:0.000642s ]
INFO: [ app_begin ] --END-- [ RunTime:0.000776s ]
SQL: SHOW COLUMNS FROM `common_system_user` [ RunTime:0.0035s ]
INFO: [ app_end ] --START--
INFO: Run Behavior\ShowPageTraceBehavior [ RunTime:0.000840s ]
INFO: [ app_end ] --END-- [ RunTime:0.001118s ]

[ 2018-07-11T11:48:37+08:00 ] ::1 /index.php/Admin/Uploader/start.html
INFO: [ app_init ] --START--
INFO: Run Behavior\BuildLiteBehavior [ RunTime:0.000037s ]
INFO: [ app_init ] --END-- [ RunTime:0.000559s ]
INFO: [ app_begin ] --START--
INFO: Run Behavior\ReadHtmlCacheBehavior [ RunTime:0.000891s ]
INFO: [ app_begin ] --END-- [ RunTime:0.001138s ]
SQL: SHOW COLUMNS FROM `common_system_user` [ RunTime:0.0019s ]
NOTIC: [2] call_user_func() expects parameter 1 to be a valid callback, no array or string given /Applications/MAMP/htdocs/cj/ThinkPHP/Library/Think/Upload.class.php 第 170 行.
INFO: [ app_end ] --START--
INFO: Run Behavior\ShowPageTraceBehavior [ RunTime:0.000590s ]
INFO: [ app_end ] --END-- [ RunTime:0.000700s ]

[ 2018-07-11T11:48:47+08:00 ] ::1 /index.php/Admin/Uploader/ueditor.html?action=config&&noCache=1531280927286
INFO: [ app_init ] --START--
INFO: Run Behavior\BuildLiteBehavior [ RunTime:0.000057s ]
INFO: [ app_init ] --END-- [ RunTime:0.000873s ]
INFO: [ app_begin ] --START--
INFO: Run Behavior\ReadHtmlCacheBehavior [ RunTime:0.000873s ]
INFO: [ app_begin ] --END-- [ RunTime:0.001046s ]
SQL: SHOW COLUMNS FROM `common_system_user` [ RunTime:0.0021s ]
INFO: [ app_end ] --START--
INFO: Run Behavior\ShowPageTraceBehavior [ RunTime:0.000578s ]
INFO: [ app_end ] --END-- [ RunTime:0.000686s ]

[ 2018-07-11T11:48:48+08:00 ] ::1 /index.php/admin/edit/yuangongPicture.html?type=1
INFO: [ app_init ] --START--
INFO: Run Behavior\BuildLiteBehavior [ RunTime:0.000033s ]
INFO: [ app_init ] --END-- [ RunTime:0.000576s ]
INFO: [ app_begin ] --START--
INFO: Run Behavior\ReadHtmlCacheBehavior [ RunTime:0.000788s ]
INFO: [ app_begin ] --END-- [ RunTime:0.001064s ]
NOTIC: [2] Declaration of Admin\Controller\EditController::show() should be compatible with Think\Controller::show($content, $charset = '', $contentType = '', $prefix = '') /Applications/MAMP/htdocs/cj/Application/Admin/Controller/EditController.class.php 第 591 行.
SQL: SHOW COLUMNS FROM `common_system_user` [ RunTime:0.0050s ]
SQL: SHOW COLUMNS FROM `yuangong_picture` [ RunTime:0.0031s ]
SQL: SELECT * FROM `yuangong_picture` WHERE ( type = 1 ) LIMIT 0,10   [ RunTime:0.0005s ]
SQL: SELECT COUNT(*) AS tp_count FROM `yuangong_picture` WHERE ( type = 1 ) LIMIT 1   [ RunTime:0.0005s ]
INFO: [ view_parse ] --START--
INFO: [ template_filter ] --START--
INFO: Run Behavior\ContentReplaceBehavior [ RunTime:0.000212s ]
INFO: [ template_filter ] --END-- [ RunTime:0.000297s ]
NOTIC: [8] Undefined variable: stamp /Applications/MAMP/htdocs/cj/Application/Runtime/Cache/Admin/0b49816ccd5a353ba5a68d42c158d49c.php 第 292 行.
NOTIC: [8] Undefined variable: stamp /Applications/MAMP/htdocs/cj/Application/Runtime/Cache/Admin/0b49816ccd5a353ba5a68d42c158d49c.php 第 293 行.
NOTIC: [8] Undefined variable: centreno /Applications/MAMP/htdocs/cj/Application/Runtime/Cache/Admin/0b49816ccd5a353ba5a68d42c158d49c.php 第 306 行.
INFO: Run Behavior\ParseTemplateBehavior [ RunTime:0.018671s ]
INFO: [ view_parse ] --END-- [ RunTime:0.018755s ]
INFO: [ view_filter ] --START--
INFO: Run Behavior\WriteHtmlCacheBehavior [ RunTime:0.000230s ]
INFO: [ view_filter ] --END-- [ RunTime:0.000302s ]
INFO: [ app_end ] --START--
INFO: Run Behavior\ShowPageTraceBehavior [ RunTime:0.000724s ]
INFO: [ app_end ] --END-- [ RunTime:0.000941s ]

[ 2018-07-11T11:48:49+08:00 ] ::1 /index.php/Admin/Uploader/ueditor.html?action=config&&noCache=1531280929017
INFO: [ app_init ] --START--
INFO: Run Behavior\BuildLiteBehavior [ RunTime:0.000029s ]
INFO: [ app_init ] --END-- [ RunTime:0.000398s ]
INFO: [ app_begin ] --START--
INFO: Run Behavior\ReadHtmlCacheBehavior [ RunTime:0.000526s ]
INFO: [ app_begin ] --END-- [ RunTime:0.000627s ]
SQL: SHOW COLUMNS FROM `common_system_user` [ RunTime:0.0027s ]
INFO: [ app_end ] --START--
INFO: Run Behavior\ShowPageTraceBehavior [ RunTime:0.000960s ]
INFO: [ app_end ] --END-- [ RunTime:0.001166s ]

[ 2018-07-11T11:57:34+08:00 ] ::1 /index.php/Admin/Uploader/start.html
INFO: [ app_init ] --START--
INFO: Run Behavior\BuildLiteBehavior [ RunTime:0.000054s ]
INFO: [ app_init ] --END-- [ RunTime:0.001237s ]
INFO: [ app_begin ] --START--
INFO: Run Behavior\ReadHtmlCacheBehavior [ RunTime:0.000933s ]
INFO: [ app_begin ] --END-- [ RunTime:0.001044s ]
SQL: SHOW COLUMNS FROM `common_system_user` [ RunTime:0.0020s ]
NOTIC: [2] call_user_func() expects parameter 1 to be a valid callback, no array or string given /Applications/MAMP/htdocs/cj/ThinkPHP/Library/Think/Upload.class.php 第 170 行.
INFO: [ app_end ] --START--
INFO: Run Behavior\ShowPageTraceBehavior [ RunTime:0.001764s ]
INFO: [ app_end ] --END-- [ RunTime:0.001999s ]

[ 2018-07-11T11:58:18+08:00 ] ::1 /index.php/admin/index.html
INFO: [ app_init ] --START--
INFO: Run Behavior\BuildLiteBehavior [ RunTime:0.000632s ]
INFO: [ app_init ] --END-- [ RunTime:0.001577s ]
INFO: [ app_begin ] --START--
INFO: Run Behavior\ReadHtmlCacheBehavior [ RunTime:0.001061s ]
INFO: [ app_begin ] --END-- [ RunTime:0.001419s ]
SQL: SHOW COLUMNS FROM `common_system_user` [ RunTime:0.0018s ]
INFO: [ view_parse ] --START--
INFO: [ template_filter ] --START--
INFO: Run Behavior\ContentReplaceBehavior [ RunTime:0.000189s ]
INFO: [ template_filter ] --END-- [ RunTime:0.000299s ]
INFO: Run Behavior\ParseTemplateBehavior [ RunTime:0.015503s ]
INFO: [ view_parse ] --END-- [ RunTime:0.015628s ]
INFO: [ view_filter ] --START--
INFO: Run Behavior\WriteHtmlCacheBehavior [ RunTime:0.000660s ]
INFO: [ view_filter ] --END-- [ RunTime:0.000755s ]
INFO: [ app_end ] --START--
INFO: Run Behavior\ShowPageTraceBehavior [ RunTime:0.000522s ]
INFO: [ app_end ] --END-- [ RunTime:0.000603s ]

[ 2018-07-11T11:58:18+08:00 ] ::1 /admin/main/index.html
INFO: [ app_init ] --START--
INFO: Run Behavior\BuildLiteBehavior [ RunTime:0.000035s ]
INFO: [ app_init ] --END-- [ RunTime:0.001001s ]
INFO: [ app_begin ] --START--
INFO: Run Behavior\ReadHtmlCacheBehavior [ RunTime:0.000727s ]
INFO: [ app_begin ] --END-- [ RunTime:0.000886s ]
SQL: SHOW COLUMNS FROM `common_system_user` [ RunTime:0.0034s ]
INFO: [ view_parse ] --START--
INFO: [ template_filter ] --START--
INFO: Run Behavior\ContentReplaceBehavior [ RunTime:0.000249s ]
INFO: [ template_filter ] --END-- [ RunTime:0.000472s ]
INFO: Run Behavior\ParseTemplateBehavior [ RunTime:0.013784s ]
INFO: [ view_parse ] --END-- [ RunTime:0.013911s ]
INFO: [ view_filter ] --START--
INFO: Run Behavior\WriteHtmlCacheBehavior [ RunTime:0.000461s ]
INFO: [ view_filter ] --END-- [ RunTime:0.000652s ]
INFO: [ app_end ] --START--
INFO: Run Behavior\ShowPageTraceBehavior [ RunTime:0.001137s ]
INFO: [ app_end ] --END-- [ RunTime:0.001308s ]

[ 2018-07-11T11:58:18+08:00 ] ::1 /index.php/admin/auth/menu.html
INFO: [ app_init ] --START--
INFO: Run Behavior\BuildLiteBehavior [ RunTime:0.000032s ]
INFO: [ app_init ] --END-- [ RunTime:0.000554s ]
INFO: [ app_begin ] --START--
INFO: Run Behavior\ReadHtmlCacheBehavior [ RunTime:0.000795s ]
INFO: [ app_begin ] --END-- [ RunTime:0.000964s ]
SQL: SHOW COLUMNS FROM `common_system_user` [ RunTime:0.0028s ]
SQL: SHOW COLUMNS FROM `common_admin_nav` [ RunTime:0.0026s ]
SQL: SELECT `id`,`name`,pid as parentid,`url`,`status`,`addtime`,`disorder`,`path`,`icon` FROM `common_admin_nav` WHERE ( status=1 ) ORDER BY pid asc,disorder asc  [ RunTime:0.0011s ]
NOTIC: [2] strrchr() expects exactly 2 parameters, 1 given /Applications/MAMP/htdocs/cj/Application/Admin/Controller/AuthController.class.php 第 511 行.
NOTIC: [2] strrchr() expects exactly 2 parameters, 1 given /Applications/MAMP/htdocs/cj/Application/Admin/Controller/AuthController.class.php 第 511 行.
NOTIC: [2] strrchr() expects exactly 2 parameters, 1 given /Applications/MAMP/htdocs/cj/Application/Admin/Controller/AuthController.class.php 第 511 行.
NOTIC: [2] strrchr() expects exactly 2 parameters, 1 given /Applications/MAMP/htdocs/cj/Application/Admin/Controller/AuthController.class.php 第 511 行.
NOTIC: [2] strrchr() expects exactly 2 parameters, 1 given /Applications/MAMP/htdocs/cj/Application/Admin/Controller/AuthController.class.php 第 511 行.
NOTIC: [2] strrchr() expects exactly 2 parameters, 1 given /Applications/MAMP/htdocs/cj/Application/Admin/Controller/AuthController.class.php 第 511 行.
NOTIC: [2] strrchr() expects exactly 2 parameters, 1 given /Applications/MAMP/htdocs/cj/Application/Admin/Controller/AuthController.class.php 第 511 行.
NOTIC: [2] strrchr() expects exactly 2 parameters, 1 given /Applications/MAMP/htdocs/cj/Application/Admin/Controller/AuthController.class.php 第 511 行.
NOTIC: [2] strrchr() expects exactly 2 parameters, 1 given /Applications/MAMP/htdocs/cj/Application/Admin/Controller/AuthController.class.php 第 511 行.
NOTIC: [2] strrchr() expects exactly 2 parameters, 1 given /Applications/MAMP/htdocs/cj/Application/Admin/Controller/AuthController.class.php 第 511 行.
NOTIC: [2] strrchr() expects exactly 2 parameters, 1 given /Applications/MAMP/htdocs/cj/Application/Admin/Controller/AuthController.class.php 第 511 行.
NOTIC: [2] strrchr() expects exactly 2 parameters, 1 given /Applications/MAMP/htdocs/cj/Application/Admin/Controller/AuthController.class.php 第 511 行.
NOTIC: [2] strrchr() expects exactly 2 parameters, 1 given /Applications/MAMP/htdocs/cj/Application/Admin/Controller/AuthController.class.php 第 511 行.
NOTIC: [2] strrchr() expects exactly 2 parameters, 1 given /Applications/MAMP/htdocs/cj/Application/Admin/Controller/AuthController.class.php 第 511 行.
NOTIC: [2] strrchr() expects exactly 2 parameters, 1 given /Applications/MAMP/htdocs/cj/Application/Admin/Controller/AuthController.class.php 第 511 行.
NOTIC: [2] strrchr() expects exactly 2 parameters, 1 given /Applications/MAMP/htdocs/cj/Application/Admin/Controller/AuthController.class.php 第 511 行.
NOTIC: [2] strrchr() expects exactly 2 parameters, 1 given /Applications/MAMP/htdocs/cj/Application/Admin/Controller/AuthController.class.php 第 511 行.
NOTIC: [2] strrchr() expects exactly 2 parameters, 1 given /Applications/MAMP/htdocs/cj/Application/Admin/Controller/AuthController.class.php 第 511 行.
NOTIC: [2] strrchr() expects exactly 2 parameters, 1 given /Applications/MAMP/htdocs/cj/Application/Admin/Controller/AuthController.class.php 第 511 行.
NOTIC: [2] strrchr() expects exactly 2 parameters, 1 given /Applications/MAMP/htdocs/cj/Application/Admin/Controller/AuthController.class.php 第 511 行.
NOTIC: [2] strrchr() expects exactly 2 parameters, 1 given /Applications/MAMP/htdocs/cj/Application/Admin/Controller/AuthController.class.php 第 511 行.
NOTIC: [2] strrchr() expects exactly 2 parameters, 1 given /Applications/MAMP/htdocs/cj/Application/Admin/Controller/AuthController.class.php 第 511 行.
NOTIC: [2] strrchr() expects exactly 2 parameters, 1 given /Applications/MAMP/htdocs/cj/Application/Admin/Controller/AuthController.class.php 第 511 行.
NOTIC: [2] strrchr() expects exactly 2 parameters, 1 given /Applications/MAMP/htdocs/cj/Application/Admin/Controller/AuthController.class.php 第 511 行.
NOTIC: [2] strrchr() expects exactly 2 parameters, 1 given /Applications/MAMP/htdocs/cj/Application/Admin/Controller/AuthController.class.php 第 511 行.
NOTIC: [2] strrchr() expects exactly 2 parameters, 1 given /Applications/MAMP/htdocs/cj/Application/Admin/Controller/AuthController.class.php 第 511 行.
NOTIC: [8] Undefined offset: 39 /Applications/MAMP/htdocs/cj/Application/Admin/Controller/AuthController.class.php 第 214 行.
NOTIC: [8] Undefined offset: 39 /Applications/MAMP/htdocs/cj/Application/Admin/Controller/AuthController.class.php 第 214 行.
NOTIC: [8] Undefined offset: 39 /Applications/MAMP/htdocs/cj/Application/Admin/Controller/AuthController.class.php 第 214 行.
NOTIC: [8] Undefined offset: 39 /Applications/MAMP/htdocs/cj/Application/Admin/Controller/AuthController.class.php 第 214 行.
NOTIC: [8] Undefined offset: 1 /Applications/MAMP/htdocs/cj/Application/Admin/Controller/AuthController.class.php 第 224 行.
NOTIC: [8] Undefined offset: 39 /Applications/MAMP/htdocs/cj/Application/Admin/Controller/AuthController.class.php 第 214 行.
NOTIC: [8] Undefined offset: 39 /Applications/MAMP/htdocs/cj/Application/Admin/Controller/AuthController.class.php 第 214 行.
NOTIC: [8] Undefined offset: 1 /Applications/MAMP/htdocs/cj/Application/Admin/Controller/AuthController.class.php 第 224 行.
NOTIC: [8] Undefined offset: 39 /Applications/MAMP/htdocs/cj/Application/Admin/Controller/AuthController.class.php 第 214 行.
NOTIC: [8] Undefined offset: 39 /Applications/MAMP/htdocs/cj/Application/Admin/Controller/AuthController.class.php 第 214 行.
NOTIC: [8] Undefined offset: 94 /Applications/MAMP/htdocs/cj/Application/Admin/Controller/AuthController.class.php 第 214 行.
NOTIC: [8] Undefined offset: 94 /Applications/MAMP/htdocs/cj/Application/Admin/Controller/AuthController.class.php 第 214 行.
NOTIC: [8] Undefined offset: 94 /Applications/MAMP/htdocs/cj/Application/Admin/Controller/AuthController.class.php 第 214 行.
NOTIC: [8] Undefined offset: 99 /Applications/MAMP/htdocs/cj/Application/Admin/Controller/AuthController.class.php 第 214 行.
NOTIC: [8] Undefined offset: 99 /Applications/MAMP/htdocs/cj/Application/Admin/Controller/AuthController.class.php 第 214 行.
NOTIC: [8] Undefined offset: 99 /Applications/MAMP/htdocs/cj/Application/Admin/Controller/AuthController.class.php 第 214 行.
NOTIC: [8] Undefined offset: 99 /Applications/MAMP/htdocs/cj/Application/Admin/Controller/AuthController.class.php 第 214 行.
NOTIC: [8] Undefined offset: 99 /Applications/MAMP/htdocs/cj/Application/Admin/Controller/AuthController.class.php 第 214 行.
NOTIC: [8] Undefined offset: 99 /Applications/MAMP/htdocs/cj/Application/Admin/Controller/AuthController.class.php 第 214 行.
NOTIC: [8] Undefined offset: 100 /Applications/MAMP/htdocs/cj/Application/Admin/Controller/AuthController.class.php 第 214 行.
NOTIC: [8] Undefined offset: 100 /Applications/MAMP/htdocs/cj/Application/Admin/Controller/AuthController.class.php 第 214 行.
NOTIC: [8] Undefined offset: 100 /Applications/MAMP/htdocs/cj/Application/Admin/Controller/AuthController.class.php 第 214 行.
NOTIC: [8] Undefined offset: 100 /Applications/MAMP/htdocs/cj/Application/Admin/Controller/AuthController.class.php 第 214 行.
NOTIC: [8] Undefined offset: 100 /Applications/MAMP/htdocs/cj/Application/Admin/Controller/AuthController.class.php 第 214 行.
NOTIC: [8] Undefined offset: 100 /Applications/MAMP/htdocs/cj/Application/Admin/Controller/AuthController.class.php 第 214 行.
NOTIC: [8] Undefined offset: 100 /Applications/MAMP/htdocs/cj/Application/Admin/Controller/AuthController.class.php 第 214 行.
NOTIC: [8] Undefined offset: 109 /Applications/MAMP/htdocs/cj/Application/Admin/Controller/AuthController.class.php 第 214 行.
NOTIC: [8] Undefined index: childs /Applications/MAMP/htdocs/cj/Application/Admin/Controller/AuthController.class.php 第 245 行.

[ 2018-07-11T11:58:19+08:00 ] ::1 /index.php/Admin/Uploader/ueditor.html?action=config&&noCache=1531281499332
INFO: [ app_init ] --START--
INFO: Run Behavior\BuildLiteBehavior [ RunTime:0.000035s ]
INFO: [ app_init ] --END-- [ RunTime:0.000609s ]
INFO: [ app_begin ] --START--
INFO: Run Behavior\ReadHtmlCacheBehavior [ RunTime:0.000846s ]
INFO: [ app_begin ] --END-- [ RunTime:0.001001s ]
SQL: SHOW COLUMNS FROM `common_system_user` [ RunTime:0.0028s ]
INFO: [ app_end ] --START--
INFO: Run Behavior\ShowPageTraceBehavior [ RunTime:0.001268s ]
INFO: [ app_end ] --END-- [ RunTime:0.001521s ]

[ 2018-07-11T12:18:47+08:00 ] ::1 /admin/main/lunbo
INFO: [ app_init ] --START--
INFO: Run Behavior\BuildLiteBehavior [ RunTime:0.000061s ]
INFO: [ app_init ] --END-- [ RunTime:0.000807s ]
INFO: [ app_begin ] --START--
INFO: Run Behavior\ReadHtmlCacheBehavior [ RunTime:0.001302s ]
INFO: [ app_begin ] --END-- [ RunTime:0.001492s ]
SQL: SHOW COLUMNS FROM `common_system_user` [ RunTime:0.0023s ]
SQL: SHOW COLUMNS FROM `home_image` [ RunTime:0.0024s ]
SQL: SELECT * FROM `home_image` LIMIT 0,10   [ RunTime:0.0005s ]
SQL: SELECT COUNT(*) AS tp_count FROM `home_image` LIMIT 1   [ RunTime:0.0006s ]
INFO: [ view_parse ] --START--
INFO: [ template_filter ] --START--
INFO: Run Behavior\ContentReplaceBehavior [ RunTime:0.000249s ]
INFO: [ template_filter ] --END-- [ RunTime:0.000354s ]
NOTIC: [8] Undefined variable: centreno /Applications/MAMP/htdocs/cj/Application/Runtime/Cache/Admin/693fb95b42aef6a4f677611d1562b6e3.php 第 303 行.
INFO: Run Behavior\ParseTemplateBehavior [ RunTime:0.021330s ]
INFO: [ view_parse ] --END-- [ RunTime:0.021443s ]
INFO: [ view_filter ] --START--
INFO: Run Behavior\WriteHtmlCacheBehavior [ RunTime:0.000409s ]
INFO: [ view_filter ] --END-- [ RunTime:0.000494s ]
INFO: [ app_end ] --START--
INFO: Run Behavior\ShowPageTraceBehavior [ RunTime:0.000829s ]
INFO: [ app_end ] --END-- [ RunTime:0.000960s ]

[ 2018-07-11T12:18:47+08:00 ] ::1 /index.php/Admin/Uploader/ueditor.html?action=config&&noCache=1531282727762
INFO: [ app_init ] --START--
INFO: Run Behavior\BuildLiteBehavior [ RunTime:0.000025s ]
INFO: [ app_init ] --END-- [ RunTime:0.000580s ]
INFO: [ app_begin ] --START--
INFO: Run Behavior\ReadHtmlCacheBehavior [ RunTime:0.000672s ]
INFO: [ app_begin ] --END-- [ RunTime:0.000819s ]
SQL: SHOW COLUMNS FROM `common_system_user` [ RunTime:0.0015s ]
INFO: [ app_end ] --START--
INFO: Run Behavior\ShowPageTraceBehavior [ RunTime:0.001151s ]
INFO: [ app_end ] --END-- [ RunTime:0.001324s ]

[ 2018-07-11T12:18:52+08:00 ] ::1 /admin/edit/aboutus
INFO: [ app_init ] --START--
INFO: Run Behavior\BuildLiteBehavior [ RunTime:0.000055s ]
INFO: [ app_init ] --END-- [ RunTime:0.001173s ]
INFO: [ app_begin ] --START--
INFO: Run Behavior\ReadHtmlCacheBehavior [ RunTime:0.000816s ]
INFO: [ app_begin ] --END-- [ RunTime:0.003853s ]
NOTIC: [2] Declaration of Admin\Controller\EditController::show() should be compatible with Think\Controller::show($content, $charset = '', $contentType = '', $prefix = '') /Applications/MAMP/htdocs/cj/Application/Admin/Controller/EditController.class.php 第 591 行.
SQL: SHOW COLUMNS FROM `common_system_user` [ RunTime:0.0018s ]
INFO: [ view_parse ] --START--
INFO: [ template_filter ] --START--
INFO: Run Behavior\ContentReplaceBehavior [ RunTime:0.000178s ]
INFO: [ template_filter ] --END-- [ RunTime:0.000269s ]
INFO: Run Behavior\ParseTemplateBehavior [ RunTime:0.011005s ]
INFO: [ view_parse ] --END-- [ RunTime:0.011161s ]
INFO: [ view_filter ] --START--
INFO: Run Behavior\WriteHtmlCacheBehavior [ RunTime:0.000186s ]
INFO: [ view_filter ] --END-- [ RunTime:0.000257s ]
INFO: [ app_end ] --START--
INFO: Run Behavior\ShowPageTraceBehavior [ RunTime:0.000839s ]
INFO: [ app_end ] --END-- [ RunTime:0.000943s ]

[ 2018-07-11T12:18:52+08:00 ] ::1 /index.php/Admin/Uploader/ueditor.html?action=config&&noCache=1531282732914
INFO: [ app_init ] --START--
INFO: Run Behavior\BuildLiteBehavior [ RunTime:0.000052s ]
INFO: [ app_init ] --END-- [ RunTime:0.001039s ]
INFO: [ app_begin ] --START--
INFO: Run Behavior\ReadHtmlCacheBehavior [ RunTime:0.000719s ]
INFO: [ app_begin ] --END-- [ RunTime:0.000868s ]
SQL: SHOW COLUMNS FROM `common_system_user` [ RunTime:0.0024s ]
INFO: [ app_end ] --START--
INFO: Run Behavior\ShowPageTraceBehavior [ RunTime:0.001264s ]
INFO: [ app_end ] --END-- [ RunTime:0.001964s ]

[ 2018-07-11T12:19:01+08:00 ] ::1 /admin/edit/recruitment
INFO: [ app_init ] --START--
INFO: Run Behavior\BuildLiteBehavior [ RunTime:0.000036s ]
INFO: [ app_init ] --END-- [ RunTime:0.000659s ]
INFO: [ app_begin ] --START--
INFO: Run Behavior\ReadHtmlCacheBehavior [ RunTime:0.000567s ]
INFO: [ app_begin ] --END-- [ RunTime:0.000669s ]
NOTIC: [2] Declaration of Admin\Controller\EditController::show() should be compatible with Think\Controller::show($content, $charset = '', $contentType = '', $prefix = '') /Applications/MAMP/htdocs/cj/Application/Admin/Controller/EditController.class.php 第 591 行.
SQL: SHOW COLUMNS FROM `common_system_user` [ RunTime:0.0027s ]
SQL: SHOW COLUMNS FROM `recruitment` [ RunTime:0.0015s ]
SQL: SELECT * FROM `recruitment` LIMIT 1   [ RunTime:0.0004s ]
INFO: [ view_parse ] --START--
INFO: [ template_filter ] --START--
INFO: Run Behavior\ContentReplaceBehavior [ RunTime:0.000210s ]
INFO: [ template_filter ] --END-- [ RunTime:0.000327s ]
INFO: Run Behavior\ParseTemplateBehavior [ RunTime:0.015969s ]
INFO: [ view_parse ] --END-- [ RunTime:0.016068s ]
INFO: [ view_filter ] --START--
INFO: Run Behavior\WriteHtmlCacheBehavior [ RunTime:0.000218s ]
INFO: [ view_filter ] --END-- [ RunTime:0.000293s ]
INFO: [ app_end ] --START--
INFO: Run Behavior\ShowPageTraceBehavior [ RunTime:0.000890s ]
INFO: [ app_end ] --END-- [ RunTime:0.001042s ]

[ 2018-07-11T12:19:01+08:00 ] ::1 /index.php/Admin/Uploader/ueditor.html?action=config&&noCache=1531282741737
INFO: [ app_init ] --START--
INFO: Run Behavior\BuildLiteBehavior [ RunTime:0.000043s ]
INFO: [ app_init ] --END-- [ RunTime:0.000757s ]
INFO: [ app_begin ] --START--
INFO: Run Behavior\ReadHtmlCacheBehavior [ RunTime:0.001852s ]
INFO: [ app_begin ] --END-- [ RunTime:0.002081s ]
SQL: SHOW COLUMNS FROM `common_system_user` [ RunTime:0.0033s ]
INFO: [ app_end ] --START--
INFO: Run Behavior\ShowPageTraceBehavior [ RunTime:0.000887s ]
INFO: [ app_end ] --END-- [ RunTime:0.001264s ]

[ 2018-07-11T12:19:03+08:00 ] ::1 /admin/edit/recruitment?de=B
INFO: [ app_init ] --START--
INFO: Run Behavior\BuildLiteBehavior [ RunTime:0.000036s ]
INFO: [ app_init ] --END-- [ RunTime:0.000718s ]
INFO: [ app_begin ] --START--
INFO: Run Behavior\ReadHtmlCacheBehavior [ RunTime:0.003727s ]
INFO: [ app_begin ] --END-- [ RunTime:0.003883s ]
NOTIC: [2] Declaration of Admin\Controller\EditController::show() should be compatible with Think\Controller::show($content, $charset = '', $contentType = '', $prefix = '') /Applications/MAMP/htdocs/cj/Application/Admin/Controller/EditController.class.php 第 591 行.
SQL: SHOW COLUMNS FROM `common_system_user` [ RunTime:0.0021s ]
SQL: SHOW COLUMNS FROM `recruitment` [ RunTime:0.0014s ]
SQL: SELECT * FROM `recruitment` LIMIT 1   [ RunTime:0.0004s ]
INFO: [ view_parse ] --START--
INFO: [ template_filter ] --START--
INFO: Run Behavior\ContentReplaceBehavior [ RunTime:0.000247s ]
INFO: [ template_filter ] --END-- [ RunTime:0.000342s ]
INFO: Run Behavior\ParseTemplateBehavior [ RunTime:0.012795s ]
INFO: [ view_parse ] --END-- [ RunTime:0.012951s ]
INFO: [ view_filter ] --START--
INFO: Run Behavior\WriteHtmlCacheBehavior [ RunTime:0.000196s ]
INFO: [ view_filter ] --END-- [ RunTime:0.000272s ]
INFO: [ app_end ] --START--
INFO: Run Behavior\ShowPageTraceBehavior [ RunTime:0.000848s ]
INFO: [ app_end ] --END-- [ RunTime:0.000950s ]

[ 2018-07-11T12:19:03+08:00 ] ::1 /index.php/Admin/Uploader/ueditor.html?action=config&&noCache=1531282743734
INFO: [ app_init ] --START--
INFO: Run Behavior\BuildLiteBehavior [ RunTime:0.000037s ]
INFO: [ app_init ] --END-- [ RunTime:0.000603s ]
INFO: [ app_begin ] --START--
INFO: Run Behavior\ReadHtmlCacheBehavior [ RunTime:0.001532s ]
INFO: [ app_begin ] --END-- [ RunTime:0.001688s ]
SQL: SHOW COLUMNS FROM `common_system_user` [ RunTime:0.0039s ]
INFO: [ app_end ] --START--
INFO: Run Behavior\ShowPageTraceBehavior [ RunTime:0.001034s ]
INFO: [ app_end ] --END-- [ RunTime:0.001234s ]

[ 2018-07-11T12:19:08+08:00 ] ::1 /index.php/admin/edit/yuangongPicture.html?type=1
INFO: [ app_init ] --START--
INFO: Run Behavior\BuildLiteBehavior [ RunTime:0.000021s ]
INFO: [ app_init ] --END-- [ RunTime:0.000405s ]
INFO: [ app_begin ] --START--
INFO: Run Behavior\ReadHtmlCacheBehavior [ RunTime:0.000435s ]
INFO: [ app_begin ] --END-- [ RunTime:0.000520s ]
NOTIC: [2] Declaration of Admin\Controller\EditController::show() should be compatible with Think\Controller::show($content, $charset = '', $contentType = '', $prefix = '') /Applications/MAMP/htdocs/cj/Application/Admin/Controller/EditController.class.php 第 591 行.
SQL: SHOW COLUMNS FROM `common_system_user` [ RunTime:0.0030s ]
SQL: SHOW COLUMNS FROM `yuangong_picture` [ RunTime:0.0016s ]
SQL: SELECT * FROM `yuangong_picture` WHERE ( type = 1 ) LIMIT 0,10   [ RunTime:0.0005s ]
SQL: SELECT COUNT(*) AS tp_count FROM `yuangong_picture` WHERE ( type = 1 ) LIMIT 1   [ RunTime:0.0003s ]
INFO: [ view_parse ] --START--
INFO: [ template_filter ] --START--
INFO: Run Behavior\ContentReplaceBehavior [ RunTime:0.000207s ]
INFO: [ template_filter ] --END-- [ RunTime:0.000295s ]
NOTIC: [8] Undefined variable: stamp /Applications/MAMP/htdocs/cj/Application/Runtime/Cache/Admin/0b49816ccd5a353ba5a68d42c158d49c.php 第 292 行.
NOTIC: [8] Undefined variable: stamp /Applications/MAMP/htdocs/cj/Application/Runtime/Cache/Admin/0b49816ccd5a353ba5a68d42c158d49c.php 第 293 行.
NOTIC: [8] Undefined variable: centreno /Applications/MAMP/htdocs/cj/Application/Runtime/Cache/Admin/0b49816ccd5a353ba5a68d42c158d49c.php 第 306 行.
INFO: Run Behavior\ParseTemplateBehavior [ RunTime:0.011305s ]
INFO: [ view_parse ] --END-- [ RunTime:0.011392s ]
INFO: [ view_filter ] --START--
INFO: Run Behavior\WriteHtmlCacheBehavior [ RunTime:0.000266s ]
INFO: [ view_filter ] --END-- [ RunTime:0.000348s ]
INFO: [ app_end ] --START--
INFO: Run Behavior\ShowPageTraceBehavior [ RunTime:0.000842s ]
INFO: [ app_end ] --END-- [ RunTime:0.000964s ]

[ 2018-07-11T12:19:09+08:00 ] ::1 /index.php/Admin/Uploader/ueditor.html?action=config&&noCache=1531282749128
INFO: [ app_init ] --START--
INFO: Run Behavior\BuildLiteBehavior [ RunTime:0.000031s ]
INFO: [ app_init ] --END-- [ RunTime:0.000553s ]
INFO: [ app_begin ] --START--
INFO: Run Behavior\ReadHtmlCacheBehavior [ RunTime:0.000603s ]
INFO: [ app_begin ] --END-- [ RunTime:0.000751s ]
SQL: SHOW COLUMNS FROM `common_system_user` [ RunTime:0.0040s ]
INFO: [ app_end ] --START--
INFO: Run Behavior\ShowPageTraceBehavior [ RunTime:0.001323s ]
INFO: [ app_end ] --END-- [ RunTime:0.001563s ]

[ 2018-07-11T12:19:24+08:00 ] ::1 /index.php/Admin/Uploader/start.html
INFO: [ app_init ] --START--
INFO: Run Behavior\BuildLiteBehavior [ RunTime:0.000024s ]
INFO: [ app_init ] --END-- [ RunTime:0.000458s ]
INFO: [ app_begin ] --START--
INFO: Run Behavior\ReadHtmlCacheBehavior [ RunTime:0.000547s ]
INFO: [ app_begin ] --END-- [ RunTime:0.000654s ]
SQL: SHOW COLUMNS FROM `common_system_user` [ RunTime:0.0021s ]
NOTIC: [2] call_user_func() expects parameter 1 to be a valid callback, no array or string given /Applications/MAMP/htdocs/cj/ThinkPHP/Library/Think/Upload.class.php 第 170 行.
NOTIC: [2] exif_read_data(1531282764.jpeg): File not supported /Applications/MAMP/htdocs/cj/Application/Admin/Controller/UploaderController.class.php 第 29 行.
NOTIC: [2] imagecreatefromjpeg(): gd-jpeg: JPEG library reports unrecoverable error:  /Applications/MAMP/htdocs/cj/Application/Admin/Controller/UploaderController.class.php 第 30 行.
NOTIC: [2] imagecreatefromjpeg(): './Public/attached/2018-07-11/1531282764.jpeg' is not a valid JPEG file /Applications/MAMP/htdocs/cj/Application/Admin/Controller/UploaderController.class.php 第 30 行.
NOTIC: [2] imagedestroy() expects parameter 1 to be resource, boolean given /Applications/MAMP/htdocs/cj/Application/Admin/Controller/UploaderController.class.php 第 42 行.
INFO: [ app_end ] --START--
INFO: Run Behavior\ShowPageTraceBehavior [ RunTime:0.001376s ]
INFO: [ app_end ] --END-- [ RunTime:0.001538s ]

[ 2018-07-11T12:27:43+08:00 ] ::1 /admin/shengedit/aboutus
INFO: [ app_init ] --START--
INFO: Run Behavior\BuildLiteBehavior [ RunTime:0.000102s ]
INFO: [ app_init ] --END-- [ RunTime:0.001621s ]
INFO: [ app_begin ] --START--
INFO: Run Behavior\ReadHtmlCacheBehavior [ RunTime:0.001989s ]
INFO: [ app_begin ] --END-- [ RunTime:0.002135s ]
NOTIC: [2] Declaration of Admin\Controller\shengeditController::show() should be compatible with Think\Controller::show($content, $charset = '', $contentType = '', $prefix = '') /Applications/MAMP/htdocs/cj/Application/Admin/Controller/ShengeditController.class.php 第 611 行.
SQL: SHOW COLUMNS FROM `common_system_user` [ RunTime:0.0026s ]
INFO: [ view_parse ] --START--
INFO: [ template_filter ] --START--
INFO: Run Behavior\ContentReplaceBehavior [ RunTime:0.000199s ]
INFO: [ template_filter ] --END-- [ RunTime:0.000344s ]
INFO: Run Behavior\ParseTemplateBehavior [ RunTime:0.016248s ]
INFO: [ view_parse ] --END-- [ RunTime:0.016385s ]
INFO: [ view_filter ] --START--
INFO: Run Behavior\WriteHtmlCacheBehavior [ RunTime:0.000523s ]
INFO: [ view_filter ] --END-- [ RunTime:0.000650s ]
INFO: [ app_end ] --START--
INFO: Run Behavior\ShowPageTraceBehavior [ RunTime:0.001091s ]
INFO: [ app_end ] --END-- [ RunTime:0.001238s ]

[ 2018-07-11T12:27:43+08:00 ] ::1 /index.php/Admin/Uploader/ueditor.html?action=config&&noCache=1531283263467
INFO: [ app_init ] --START--
INFO: Run Behavior\BuildLiteBehavior [ RunTime:0.000039s ]
INFO: [ app_init ] --END-- [ RunTime:0.000691s ]
INFO: [ app_begin ] --START--
INFO: Run Behavior\ReadHtmlCacheBehavior [ RunTime:0.000717s ]
INFO: [ app_begin ] --END-- [ RunTime:0.000888s ]
SQL: SHOW COLUMNS FROM `common_system_user` [ RunTime:0.0025s ]
INFO: [ app_end ] --START--
INFO: Run Behavior\ShowPageTraceBehavior [ RunTime:0.000793s ]
INFO: [ app_end ] --END-- [ RunTime:0.000961s ]

[ 2018-07-11T12:27:44+08:00 ] ::1 /admin/shengedit/contactus
INFO: [ app_init ] --START--
INFO: Run Behavior\BuildLiteBehavior [ RunTime:0.000033s ]
INFO: [ app_init ] --END-- [ RunTime:0.000554s ]
INFO: [ app_begin ] --START--
INFO: Run Behavior\ReadHtmlCacheBehavior [ RunTime:0.000505s ]
INFO: [ app_begin ] --END-- [ RunTime:0.000603s ]
NOTIC: [2] Declaration of Admin\Controller\shengeditController::show() should be compatible with Think\Controller::show($content, $charset = '', $contentType = '', $prefix = '') /Applications/MAMP/htdocs/cj/Application/Admin/Controller/ShengeditController.class.php 第 611 行.
SQL: SHOW COLUMNS FROM `common_system_user` [ RunTime:0.0031s ]
SQL: SHOW COLUMNS FROM `sheng_contact` [ RunTime:0.0047s ]
SQL: SELECT * FROM `sheng_contact` LIMIT 1   [ RunTime:0.0010s ]
INFO: [ view_parse ] --START--
INFO: [ template_filter ] --START--
INFO: Run Behavior\ContentReplaceBehavior [ RunTime:0.000182s ]
INFO: [ template_filter ] --END-- [ RunTime:0.000275s ]
INFO: Run Behavior\ParseTemplateBehavior [ RunTime:0.009782s ]
INFO: [ view_parse ] --END-- [ RunTime:0.009873s ]
INFO: [ view_filter ] --START--
INFO: Run Behavior\WriteHtmlCacheBehavior [ RunTime:0.000365s ]
INFO: [ view_filter ] --END-- [ RunTime:0.000483s ]
INFO: [ app_end ] --START--
INFO: Run Behavior\ShowPageTraceBehavior [ RunTime:0.000740s ]
INFO: [ app_end ] --END-- [ RunTime:0.000912s ]

[ 2018-07-11T12:27:45+08:00 ] ::1 /index.php/Admin/Uploader/ueditor.html?action=config&&noCache=1531283265069
INFO: [ app_init ] --START--
INFO: Run Behavior\BuildLiteBehavior [ RunTime:0.000035s ]
INFO: [ app_init ] --END-- [ RunTime:0.010832s ]
INFO: [ app_begin ] --START--
INFO: Run Behavior\ReadHtmlCacheBehavior [ RunTime:0.000488s ]
INFO: [ app_begin ] --END-- [ RunTime:0.000583s ]
SQL: SHOW COLUMNS FROM `common_system_user` [ RunTime:0.0025s ]
INFO: [ app_end ] --START--
INFO: Run Behavior\ShowPageTraceBehavior [ RunTime:0.000485s ]
INFO: [ app_end ] --END-- [ RunTime:0.000646s ]

[ 2018-07-11T13:09:49+08:00 ] 127.0.0.1 /index.php/admin/index.html
INFO: [ app_init ] --START--
INFO: Run Behavior\BuildLiteBehavior [ RunTime:0.000043s ]
INFO: [ app_init ] --END-- [ RunTime:0.002706s ]
INFO: [ app_begin ] --START--
INFO: Run Behavior\ReadHtmlCacheBehavior [ RunTime:0.000901s ]
INFO: [ app_begin ] --END-- [ RunTime:0.001074s ]
SQL: SHOW COLUMNS FROM `common_system_user` [ RunTime:0.0016s ]
INFO: [ view_parse ] --START--
INFO: [ template_filter ] --START--
INFO: Run Behavior\ContentReplaceBehavior [ RunTime:0.000085s ]
INFO: [ template_filter ] --END-- [ RunTime:0.000172s ]
INFO: Run Behavior\ParseTemplateBehavior [ RunTime:0.010758s ]
INFO: [ view_parse ] --END-- [ RunTime:0.010854s ]
INFO: [ view_filter ] --START--
INFO: Run Behavior\WriteHtmlCacheBehavior [ RunTime:0.000411s ]
INFO: [ view_filter ] --END-- [ RunTime:0.000494s ]
INFO: [ app_end ] --START--
INFO: Run Behavior\ShowPageTraceBehavior [ RunTime:0.000752s ]
INFO: [ app_end ] --END-- [ RunTime:0.000896s ]

[ 2018-07-11T13:09:49+08:00 ] 127.0.0.1 /index.php/admin/account/login.html
INFO: [ app_init ] --START--
INFO: Run Behavior\BuildLiteBehavior [ RunTime:0.000021s ]
INFO: [ app_init ] --END-- [ RunTime:0.000393s ]
INFO: [ app_begin ] --START--
INFO: Run Behavior\ReadHtmlCacheBehavior [ RunTime:0.000502s ]
INFO: [ app_begin ] --END-- [ RunTime:0.000592s ]
SQL: SHOW COLUMNS FROM `common_system_user` [ RunTime:0.0021s ]
NOTIC: [8] Undefined variable: body /Applications/MAMP/htdocs/cj/Application/Admin/Controller/AccountController.class.php 第 20 行.
INFO: [ view_parse ] --START--
INFO: [ template_filter ] --START--
INFO: Run Behavior\ContentReplaceBehavior [ RunTime:0.000088s ]
INFO: [ template_filter ] --END-- [ RunTime:0.000177s ]
INFO: Run Behavior\ParseTemplateBehavior [ RunTime:0.007048s ]
INFO: [ view_parse ] --END-- [ RunTime:0.007174s ]
INFO: [ view_filter ] --START--
INFO: Run Behavior\WriteHtmlCacheBehavior [ RunTime:0.000284s ]
INFO: [ view_filter ] --END-- [ RunTime:0.000375s ]
INFO: [ app_end ] --START--
INFO: Run Behavior\ShowPageTraceBehavior [ RunTime:0.000872s ]
INFO: [ app_end ] --END-- [ RunTime:0.000962s ]

[ 2018-07-11T13:09:49+08:00 ] 127.0.0.1 /index.php/admin/Account/yzmCode.html
INFO: [ app_init ] --START--
INFO: Run Behavior\BuildLiteBehavior [ RunTime:0.000032s ]
INFO: [ app_init ] --END-- [ RunTime:0.000575s ]
INFO: [ app_begin ] --START--
INFO: Run Behavior\ReadHtmlCacheBehavior [ RunTime:0.000670s ]
INFO: [ app_begin ] --END-- [ RunTime:0.001072s ]
INFO: [ app_end ] --START--
INFO: Run Behavior\ShowPageTraceBehavior [ RunTime:0.001349s ]
INFO: [ app_end ] --END-- [ RunTime:0.001625s ]

[ 2018-07-11T13:10:11+08:00 ] 127.0.0.1 /index.php/admin/account/doLogin.html
INFO: [ app_init ] --START--
INFO: Run Behavior\BuildLiteBehavior [ RunTime:0.000037s ]
INFO: [ app_init ] --END-- [ RunTime:0.000825s ]
INFO: [ app_begin ] --START--
INFO: Run Behavior\ReadHtmlCacheBehavior [ RunTime:0.000724s ]
INFO: [ app_begin ] --END-- [ RunTime:0.000870s ]
SQL: SHOW COLUMNS FROM `common_system_user` [ RunTime:0.0029s ]
SQL: SELECT * FROM `common_system_user` WHERE `username` = 'admin' AND `passwd` = 'dd6e5e5918e94d997c686fcebc56922f' AND `status` = 1 LIMIT 1   [ RunTime:0.0006s ]
SQL: UPDATE `common_system_user` SET `login_time`='2018-07-11 13:10:11' WHERE ( id=1 ) [ RunTime:0.0015s ]
NOTIC: [8] Undefined variable: role /Applications/MAMP/htdocs/cj/Application/Admin/Controller/AccountController.class.php 第 52 行.
NOTIC: [8] Undefined variable: role /Applications/MAMP/htdocs/cj/Application/Admin/Controller/AccountController.class.php 第 56 行.
NOTIC: [8] Undefined variable: menus /Applications/MAMP/htdocs/cj/Application/Admin/Controller/AccountController.class.php 第 59 行.

[ 2018-07-11T13:10:11+08:00 ] 127.0.0.1 /index.php/admin/account/login.html
INFO: [ app_init ] --START--
INFO: Run Behavior\BuildLiteBehavior [ RunTime:0.000034s ]
INFO: [ app_init ] --END-- [ RunTime:0.000723s ]
INFO: [ app_begin ] --START--
INFO: Run Behavior\ReadHtmlCacheBehavior [ RunTime:0.001458s ]
INFO: [ app_begin ] --END-- [ RunTime:0.001986s ]
SQL: SHOW COLUMNS FROM `common_system_user` [ RunTime:0.0027s ]

[ 2018-07-11T13:10:11+08:00 ] 127.0.0.1 /index.php/admin/index.html
INFO: [ app_init ] --START--
INFO: Run Behavior\BuildLiteBehavior [ RunTime:0.000037s ]
INFO: [ app_init ] --END-- [ RunTime:0.000706s ]
INFO: [ app_begin ] --START--
INFO: Run Behavior\ReadHtmlCacheBehavior [ RunTime:0.002313s ]
INFO: [ app_begin ] --END-- [ RunTime:0.002488s ]
SQL: SHOW COLUMNS FROM `common_system_user` [ RunTime:0.0025s ]
INFO: [ view_parse ] --START--
INFO: [ template_filter ] --START--
INFO: Run Behavior\ContentReplaceBehavior [ RunTime:0.000087s ]
INFO: [ template_filter ] --END-- [ RunTime:0.000256s ]
INFO: Run Behavior\ParseTemplateBehavior [ RunTime:0.014739s ]
INFO: [ view_parse ] --END-- [ RunTime:0.014822s ]
INFO: [ view_filter ] --START--
INFO: Run Behavior\WriteHtmlCacheBehavior [ RunTime:0.000239s ]
INFO: [ view_filter ] --END-- [ RunTime:0.000318s ]
INFO: [ app_end ] --START--
INFO: Run Behavior\ShowPageTraceBehavior [ RunTime:0.000494s ]
INFO: [ app_end ] --END-- [ RunTime:0.000569s ]

[ 2018-07-11T13:10:12+08:00 ] 127.0.0.1 /admin/main/index.html
INFO: [ app_init ] --START--
INFO: Run Behavior\BuildLiteBehavior [ RunTime:0.000095s ]
INFO: [ app_init ] --END-- [ RunTime:0.000908s ]
INFO: [ app_begin ] --START--
INFO: Run Behavior\ReadHtmlCacheBehavior [ RunTime:0.000507s ]
INFO: [ app_begin ] --END-- [ RunTime:0.000601s ]
SQL: SHOW COLUMNS FROM `common_system_user` [ RunTime:0.0019s ]
INFO: [ view_parse ] --START--
INFO: [ template_filter ] --START--
INFO: Run Behavior\ContentReplaceBehavior [ RunTime:0.000270s ]
INFO: [ template_filter ] --END-- [ RunTime:0.000410s ]
INFO: Run Behavior\ParseTemplateBehavior [ RunTime:0.017312s ]
INFO: [ view_parse ] --END-- [ RunTime:0.017462s ]
INFO: [ view_filter ] --START--
INFO: Run Behavior\WriteHtmlCacheBehavior [ RunTime:0.000359s ]
INFO: [ view_filter ] --END-- [ RunTime:0.000480s ]
INFO: [ app_end ] --START--
INFO: Run Behavior\ShowPageTraceBehavior [ RunTime:0.000874s ]
INFO: [ app_end ] --END-- [ RunTime:0.001032s ]

[ 2018-07-11T13:10:12+08:00 ] 127.0.0.1 /index.php/admin/auth/menu.html
INFO: [ app_init ] --START--
INFO: Run Behavior\BuildLiteBehavior [ RunTime:0.001154s ]
INFO: [ app_init ] --END-- [ RunTime:0.050210s ]
INFO: [ app_begin ] --START--
INFO: Run Behavior\ReadHtmlCacheBehavior [ RunTime:0.000902s ]
INFO: [ app_begin ] --END-- [ RunTime:0.001085s ]
SQL: SHOW COLUMNS FROM `common_system_user` [ RunTime:0.0022s ]
SQL: SHOW COLUMNS FROM `common_admin_nav` [ RunTime:0.0029s ]
SQL: SELECT `id`,`name`,pid as parentid,`url`,`status`,`addtime`,`disorder`,`path`,`icon` FROM `common_admin_nav` WHERE ( status=1 ) ORDER BY pid asc,disorder asc  [ RunTime:0.0017s ]
NOTIC: [2] strrchr() expects exactly 2 parameters, 1 given /Applications/MAMP/htdocs/cj/Application/Admin/Controller/AuthController.class.php 第 511 行.
NOTIC: [2] strrchr() expects exactly 2 parameters, 1 given /Applications/MAMP/htdocs/cj/Application/Admin/Controller/AuthController.class.php 第 511 行.
NOTIC: [2] strrchr() expects exactly 2 parameters, 1 given /Applications/MAMP/htdocs/cj/Application/Admin/Controller/AuthController.class.php 第 511 行.
NOTIC: [2] strrchr() expects exactly 2 parameters, 1 given /Applications/MAMP/htdocs/cj/Application/Admin/Controller/AuthController.class.php 第 511 行.
NOTIC: [2] strrchr() expects exactly 2 parameters, 1 given /Applications/MAMP/htdocs/cj/Application/Admin/Controller/AuthController.class.php 第 511 行.
NOTIC: [2] strrchr() expects exactly 2 parameters, 1 given /Applications/MAMP/htdocs/cj/Application/Admin/Controller/AuthController.class.php 第 511 行.
NOTIC: [2] strrchr() expects exactly 2 parameters, 1 given /Applications/MAMP/htdocs/cj/Application/Admin/Controller/AuthController.class.php 第 511 行.
NOTIC: [2] strrchr() expects exactly 2 parameters, 1 given /Applications/MAMP/htdocs/cj/Application/Admin/Controller/AuthController.class.php 第 511 行.
NOTIC: [2] strrchr() expects exactly 2 parameters, 1 given /Applications/MAMP/htdocs/cj/Application/Admin/Controller/AuthController.class.php 第 511 行.
NOTIC: [2] strrchr() expects exactly 2 parameters, 1 given /Applications/MAMP/htdocs/cj/Application/Admin/Controller/AuthController.class.php 第 511 行.
NOTIC: [2] strrchr() expects exactly 2 parameters, 1 given /Applications/MAMP/htdocs/cj/Application/Admin/Controller/AuthController.class.php 第 511 行.
NOTIC: [2] strrchr() expects exactly 2 parameters, 1 given /Applications/MAMP/htdocs/cj/Application/Admin/Controller/AuthController.class.php 第 511 行.
NOTIC: [2] strrchr() expects exactly 2 parameters, 1 given /Applications/MAMP/htdocs/cj/Application/Admin/Controller/AuthController.class.php 第 511 行.
NOTIC: [2] strrchr() expects exactly 2 parameters, 1 given /Applications/MAMP/htdocs/cj/Application/Admin/Controller/AuthController.class.php 第 511 行.
NOTIC: [2] strrchr() expects exactly 2 parameters, 1 given /Applications/MAMP/htdocs/cj/Application/Admin/Controller/AuthController.class.php 第 511 行.
NOTIC: [2] strrchr() expects exactly 2 parameters, 1 given /Applications/MAMP/htdocs/cj/Application/Admin/Controller/AuthController.class.php 第 511 行.
NOTIC: [2] strrchr() expects exactly 2 parameters, 1 given /Applications/MAMP/htdocs/cj/Application/Admin/Controller/AuthController.class.php 第 511 行.
NOTIC: [2] strrchr() expects exactly 2 parameters, 1 given /Applications/MAMP/htdocs/cj/Application/Admin/Controller/AuthController.class.php 第 511 行.
NOTIC: [2] strrchr() expects exactly 2 parameters, 1 given /Applications/MAMP/htdocs/cj/Application/Admin/Controller/AuthController.class.php 第 511 行.
NOTIC: [2] strrchr() expects exactly 2 parameters, 1 given /Applications/MAMP/htdocs/cj/Application/Admin/Controller/AuthController.class.php 第 511 行.
NOTIC: [2] strrchr() expects exactly 2 parameters, 1 given /Applications/MAMP/htdocs/cj/Application/Admin/Controller/AuthController.class.php 第 511 行.
NOTIC: [2] strrchr() expects exactly 2 parameters, 1 given /Applications/MAMP/htdocs/cj/Application/Admin/Controller/AuthController.class.php 第 511 行.
NOTIC: [2] strrchr() expects exactly 2 parameters, 1 given /Applications/MAMP/htdocs/cj/Application/Admin/Controller/AuthController.class.php 第 511 行.
NOTIC: [2] strrchr() expects exactly 2 parameters, 1 given /Applications/MAMP/htdocs/cj/Application/Admin/Controller/AuthController.class.php 第 511 行.
NOTIC: [2] strrchr() expects exactly 2 parameters, 1 given /Applications/MAMP/htdocs/cj/Application/Admin/Controller/AuthController.class.php 第 511 行.
NOTIC: [2] strrchr() expects exactly 2 parameters, 1 given /Applications/MAMP/htdocs/cj/Application/Admin/Controller/AuthController.class.php 第 511 行.
NOTIC: [8] Undefined offset: 39 /Applications/MAMP/htdocs/cj/Application/Admin/Controller/AuthController.class.php 第 214 行.
NOTIC: [8] Undefined offset: 39 /Applications/MAMP/htdocs/cj/Application/Admin/Controller/AuthController.class.php 第 214 行.
NOTIC: [8] Undefined offset: 39 /Applications/MAMP/htdocs/cj/Application/Admin/Controller/AuthController.class.php 第 214 行.
NOTIC: [8] Undefined offset: 39 /Applications/MAMP/htdocs/cj/Application/Admin/Controller/AuthController.class.php 第 214 行.
NOTIC: [8] Undefined offset: 1 /Applications/MAMP/htdocs/cj/Application/Admin/Controller/AuthController.class.php 第 224 行.
NOTIC: [8] Undefined offset: 39 /Applications/MAMP/htdocs/cj/Application/Admin/Controller/AuthController.class.php 第 214 行.
NOTIC: [8] Undefined offset: 39 /Applications/MAMP/htdocs/cj/Application/Admin/Controller/AuthController.class.php 第 214 行.
NOTIC: [8] Undefined offset: 1 /Applications/MAMP/htdocs/cj/Application/Admin/Controller/AuthController.class.php 第 224 行.
NOTIC: [8] Undefined offset: 39 /Applications/MAMP/htdocs/cj/Application/Admin/Controller/AuthController.class.php 第 214 行.
NOTIC: [8] Undefined offset: 39 /Applications/MAMP/htdocs/cj/Application/Admin/Controller/AuthController.class.php 第 214 行.
NOTIC: [8] Undefined offset: 94 /Applications/MAMP/htdocs/cj/Application/Admin/Controller/AuthController.class.php 第 214 行.
NOTIC: [8] Undefined offset: 94 /Applications/MAMP/htdocs/cj/Application/Admin/Controller/AuthController.class.php 第 214 行.
NOTIC: [8] Undefined offset: 94 /Applications/MAMP/htdocs/cj/Application/Admin/Controller/AuthController.class.php 第 214 行.
NOTIC: [8] Undefined offset: 99 /Applications/MAMP/htdocs/cj/Application/Admin/Controller/AuthController.class.php 第 214 行.
NOTIC: [8] Undefined offset: 99 /Applications/MAMP/htdocs/cj/Application/Admin/Controller/AuthController.class.php 第 214 行.
NOTIC: [8] Undefined offset: 99 /Applications/MAMP/htdocs/cj/Application/Admin/Controller/AuthController.class.php 第 214 行.
NOTIC: [8] Undefined offset: 99 /Applications/MAMP/htdocs/cj/Application/Admin/Controller/AuthController.class.php 第 214 行.
NOTIC: [8] Undefined offset: 99 /Applications/MAMP/htdocs/cj/Application/Admin/Controller/AuthController.class.php 第 214 行.
NOTIC: [8] Undefined offset: 99 /Applications/MAMP/htdocs/cj/Application/Admin/Controller/AuthController.class.php 第 214 行.
NOTIC: [8] Undefined offset: 100 /Applications/MAMP/htdocs/cj/Application/Admin/Controller/AuthController.class.php 第 214 行.
NOTIC: [8] Undefined offset: 100 /Applications/MAMP/htdocs/cj/Application/Admin/Controller/AuthController.class.php 第 214 行.
NOTIC: [8] Undefined offset: 100 /Applications/MAMP/htdocs/cj/Application/Admin/Controller/AuthController.class.php 第 214 行.
NOTIC: [8] Undefined offset: 100 /Applications/MAMP/htdocs/cj/Application/Admin/Controller/AuthController.class.php 第 214 行.
NOTIC: [8] Undefined offset: 100 /Applications/MAMP/htdocs/cj/Application/Admin/Controller/AuthController.class.php 第 214 行.
NOTIC: [8] Undefined offset: 100 /Applications/MAMP/htdocs/cj/Application/Admin/Controller/AuthController.class.php 第 214 行.
NOTIC: [8] Undefined offset: 100 /Applications/MAMP/htdocs/cj/Application/Admin/Controller/AuthController.class.php 第 214 行.
NOTIC: [8] Undefined offset: 109 /Applications/MAMP/htdocs/cj/Application/Admin/Controller/AuthController.class.php 第 214 行.
NOTIC: [8] Undefined index: childs /Applications/MAMP/htdocs/cj/Application/Admin/Controller/AuthController.class.php 第 245 行.

[ 2018-07-11T13:10:12+08:00 ] 127.0.0.1 /index.php/Admin/Uploader/ueditor.html?action=config&&noCache=1531285812610
INFO: [ app_init ] --START--
INFO: Run Behavior\BuildLiteBehavior [ RunTime:0.000043s ]
INFO: [ app_init ] --END-- [ RunTime:0.000770s ]
INFO: [ app_begin ] --START--
INFO: Run Behavior\ReadHtmlCacheBehavior [ RunTime:0.000878s ]
INFO: [ app_begin ] --END-- [ RunTime:0.001031s ]
SQL: SHOW COLUMNS FROM `common_system_user` [ RunTime:0.0028s ]
INFO: [ app_end ] --START--
INFO: Run Behavior\ShowPageTraceBehavior [ RunTime:0.001294s ]
INFO: [ app_end ] --END-- [ RunTime:0.001516s ]

[ 2018-07-11T13:10:18+08:00 ] 127.0.0.1 /admin/edit/aboutus
INFO: [ app_init ] --START--
INFO: Run Behavior\BuildLiteBehavior [ RunTime:0.000039s ]
INFO: [ app_init ] --END-- [ RunTime:0.001193s ]
INFO: [ app_begin ] --START--
INFO: Run Behavior\ReadHtmlCacheBehavior [ RunTime:0.000887s ]
INFO: [ app_begin ] --END-- [ RunTime:0.001110s ]
NOTIC: [2] Declaration of Admin\Controller\EditController::show() should be compatible with Think\Controller::show($content, $charset = '', $contentType = '', $prefix = '') /Applications/MAMP/htdocs/cj/Application/Admin/Controller/EditController.class.php 第 591 行.
SQL: SHOW COLUMNS FROM `common_system_user` [ RunTime:0.0016s ]
INFO: [ view_parse ] --START--
INFO: [ template_filter ] --START--
INFO: Run Behavior\ContentReplaceBehavior [ RunTime:0.000200s ]
INFO: [ template_filter ] --END-- [ RunTime:0.000295s ]
INFO: Run Behavior\ParseTemplateBehavior [ RunTime:0.014719s ]
INFO: [ view_parse ] --END-- [ RunTime:0.014814s ]
INFO: [ view_filter ] --START--
INFO: Run Behavior\WriteHtmlCacheBehavior [ RunTime:0.000189s ]
INFO: [ view_filter ] --END-- [ RunTime:0.000262s ]
INFO: [ app_end ] --START--
INFO: Run Behavior\ShowPageTraceBehavior [ RunTime:0.001908s ]
INFO: [ app_end ] --END-- [ RunTime:0.002628s ]

[ 2018-07-11T13:10:18+08:00 ] 127.0.0.1 /index.php/Admin/Uploader/ueditor.html?action=config&&noCache=1531285818654
INFO: [ app_init ] --START--
INFO: Run Behavior\BuildLiteBehavior [ RunTime:0.000034s ]
INFO: [ app_init ] --END-- [ RunTime:0.000578s ]
INFO: [ app_begin ] --START--
INFO: Run Behavior\ReadHtmlCacheBehavior [ RunTime:0.000834s ]
INFO: [ app_begin ] --END-- [ RunTime:0.001055s ]
SQL: SHOW COLUMNS FROM `common_system_user` [ RunTime:0.0085s ]
INFO: [ app_end ] --START--
INFO: Run Behavior\ShowPageTraceBehavior [ RunTime:0.000897s ]
INFO: [ app_end ] --END-- [ RunTime:0.001074s ]

[ 2018-07-11T13:10:20+08:00 ] 127.0.0.1 /admin/edit/contactus
INFO: [ app_init ] --START--
INFO: Run Behavior\BuildLiteBehavior [ RunTime:0.000040s ]
INFO: [ app_init ] --END-- [ RunTime:0.002238s ]
INFO: [ app_begin ] --START--
INFO: Run Behavior\ReadHtmlCacheBehavior [ RunTime:0.000843s ]
INFO: [ app_begin ] --END-- [ RunTime:0.001067s ]
NOTIC: [2] Declaration of Admin\Controller\EditController::show() should be compatible with Think\Controller::show($content, $charset = '', $contentType = '', $prefix = '') /Applications/MAMP/htdocs/cj/Application/Admin/Controller/EditController.class.php 第 591 行.
SQL: SHOW COLUMNS FROM `common_system_user` [ RunTime:0.0041s ]
SQL: SHOW COLUMNS FROM `contact` [ RunTime:0.0015s ]
SQL: SELECT * FROM `contact` LIMIT 1   [ RunTime:0.0004s ]
INFO: [ view_parse ] --START--
INFO: [ template_filter ] --START--
INFO: Run Behavior\ContentReplaceBehavior [ RunTime:0.000171s ]
INFO: [ template_filter ] --END-- [ RunTime:0.000283s ]
INFO: Run Behavior\ParseTemplateBehavior [ RunTime:0.012296s ]
INFO: [ view_parse ] --END-- [ RunTime:0.012375s ]
INFO: [ view_filter ] --START--
INFO: Run Behavior\WriteHtmlCacheBehavior [ RunTime:0.000175s ]
INFO: [ view_filter ] --END-- [ RunTime:0.000290s ]
INFO: [ app_end ] --START--
INFO: Run Behavior\ShowPageTraceBehavior [ RunTime:0.000697s ]
INFO: [ app_end ] --END-- [ RunTime:0.000799s ]

[ 2018-07-11T13:10:21+08:00 ] 127.0.0.1 /index.php/Admin/Uploader/ueditor.html?action=config&&noCache=1531285821147
INFO: [ app_init ] --START--
INFO: Run Behavior\BuildLiteBehavior [ RunTime:0.000288s ]
INFO: [ app_init ] --END-- [ RunTime:0.000967s ]
INFO: [ app_begin ] --START--
INFO: Run Behavior\ReadHtmlCacheBehavior [ RunTime:0.000928s ]
INFO: [ app_begin ] --END-- [ RunTime:0.001093s ]
SQL: SHOW COLUMNS FROM `common_system_user` [ RunTime:0.0026s ]
INFO: [ app_end ] --START--
INFO: Run Behavior\ShowPageTraceBehavior [ RunTime:0.000930s ]
INFO: [ app_end ] --END-- [ RunTime:0.001118s ]

[ 2018-07-11T13:10:21+08:00 ] 127.0.0.1 /admin/edit/recruitment
INFO: [ app_init ] --START--
INFO: Run Behavior\BuildLiteBehavior [ RunTime:0.000041s ]
INFO: [ app_init ] --END-- [ RunTime:0.000876s ]
INFO: [ app_begin ] --START--
INFO: Run Behavior\ReadHtmlCacheBehavior [ RunTime:0.001193s ]
INFO: [ app_begin ] --END-- [ RunTime:0.001327s ]
NOTIC: [2] Declaration of Admin\Controller\EditController::show() should be compatible with Think\Controller::show($content, $charset = '', $contentType = '', $prefix = '') /Applications/MAMP/htdocs/cj/Application/Admin/Controller/EditController.class.php 第 591 行.
SQL: SHOW COLUMNS FROM `common_system_user` [ RunTime:0.0038s ]
SQL: SHOW COLUMNS FROM `recruitment` [ RunTime:0.0018s ]
SQL: SELECT * FROM `recruitment` LIMIT 1   [ RunTime:0.0003s ]
INFO: [ view_parse ] --START--
INFO: [ template_filter ] --START--
INFO: Run Behavior\ContentReplaceBehavior [ RunTime:0.000186s ]
INFO: [ template_filter ] --END-- [ RunTime:0.000279s ]
INFO: Run Behavior\ParseTemplateBehavior [ RunTime:0.009902s ]
INFO: [ view_parse ] --END-- [ RunTime:0.009992s ]
INFO: [ view_filter ] --START--
INFO: Run Behavior\WriteHtmlCacheBehavior [ RunTime:0.000182s ]
INFO: [ view_filter ] --END-- [ RunTime:0.000255s ]
INFO: [ app_end ] --START--
INFO: Run Behavior\ShowPageTraceBehavior [ RunTime:0.000730s ]
INFO: [ app_end ] --END-- [ RunTime:0.000833s ]

[ 2018-07-11T13:10:21+08:00 ] 127.0.0.1 /index.php/Admin/Uploader/ueditor.html?action=config&&noCache=1531285821843
INFO: [ app_init ] --START--
INFO: Run Behavior\BuildLiteBehavior [ RunTime:0.000035s ]
INFO: [ app_init ] --END-- [ RunTime:0.000567s ]
INFO: [ app_begin ] --START--
INFO: Run Behavior\ReadHtmlCacheBehavior [ RunTime:0.000811s ]
INFO: [ app_begin ] --END-- [ RunTime:0.000983s ]
SQL: SHOW COLUMNS FROM `common_system_user` [ RunTime:0.0020s ]
INFO: [ app_end ] --START--
INFO: Run Behavior\ShowPageTraceBehavior [ RunTime:0.000455s ]
INFO: [ app_end ] --END-- [ RunTime:0.000556s ]

[ 2018-07-11T13:10:23+08:00 ] 127.0.0.1 /admin/edit/recruitment?de=B
INFO: [ app_init ] --START--
INFO: Run Behavior\BuildLiteBehavior [ RunTime:0.000050s ]
INFO: [ app_init ] --END-- [ RunTime:0.000805s ]
INFO: [ app_begin ] --START--
INFO: Run Behavior\ReadHtmlCacheBehavior [ RunTime:0.001099s ]
INFO: [ app_begin ] --END-- [ RunTime:0.001394s ]
NOTIC: [2] Declaration of Admin\Controller\EditController::show() should be compatible with Think\Controller::show($content, $charset = '', $contentType = '', $prefix = '') /Applications/MAMP/htdocs/cj/Application/Admin/Controller/EditController.class.php 第 591 行.
SQL: SHOW COLUMNS FROM `common_system_user` [ RunTime:0.0028s ]
SQL: SHOW COLUMNS FROM `recruitment` [ RunTime:0.0024s ]
SQL: SELECT * FROM `recruitment` LIMIT 1   [ RunTime:0.0004s ]
INFO: [ view_parse ] --START--
INFO: [ template_filter ] --START--
INFO: Run Behavior\ContentReplaceBehavior [ RunTime:0.000173s ]
INFO: [ template_filter ] --END-- [ RunTime:0.000259s ]
INFO: Run Behavior\ParseTemplateBehavior [ RunTime:0.013095s ]
INFO: [ view_parse ] --END-- [ RunTime:0.013180s ]
INFO: [ view_filter ] --START--
INFO: Run Behavior\WriteHtmlCacheBehavior [ RunTime:0.000170s ]
INFO: [ view_filter ] --END-- [ RunTime:0.000240s ]
INFO: [ app_end ] --START--
INFO: Run Behavior\ShowPageTraceBehavior [ RunTime:0.000741s ]
INFO: [ app_end ] --END-- [ RunTime:0.000894s ]

[ 2018-07-11T13:10:23+08:00 ] 127.0.0.1 /index.php/Admin/Uploader/ueditor.html?action=config&&noCache=1531285823392
INFO: [ app_init ] --START--
INFO: Run Behavior\BuildLiteBehavior [ RunTime:0.000038s ]
INFO: [ app_init ] --END-- [ RunTime:0.000692s ]
INFO: [ app_begin ] --START--
INFO: Run Behavior\ReadHtmlCacheBehavior [ RunTime:0.000732s ]
INFO: [ app_begin ] --END-- [ RunTime:0.000897s ]
SQL: SHOW COLUMNS FROM `common_system_user` [ RunTime:0.0024s ]
INFO: [ app_end ] --START--
INFO: Run Behavior\ShowPageTraceBehavior [ RunTime:0.000527s ]
INFO: [ app_end ] --END-- [ RunTime:0.000634s ]

[ 2018-07-11T13:10:26+08:00 ] 127.0.0.1 /index.php/admin/edit/yuangongPicture.html?type=1
INFO: [ app_init ] --START--
INFO: Run Behavior\BuildLiteBehavior [ RunTime:0.000048s ]
INFO: [ app_init ] --END-- [ RunTime:0.000851s ]
INFO: [ app_begin ] --START--
INFO: Run Behavior\ReadHtmlCacheBehavior [ RunTime:0.001195s ]
INFO: [ app_begin ] --END-- [ RunTime:0.001397s ]
NOTIC: [2] Declaration of Admin\Controller\EditController::show() should be compatible with Think\Controller::show($content, $charset = '', $contentType = '', $prefix = '') /Applications/MAMP/htdocs/cj/Application/Admin/Controller/EditController.class.php 第 591 行.
SQL: SHOW COLUMNS FROM `common_system_user` [ RunTime:0.0034s ]
SQL: SHOW COLUMNS FROM `yuangong_picture` [ RunTime:0.0023s ]
SQL: SELECT * FROM `yuangong_picture` WHERE ( type = 1 ) LIMIT 0,10   [ RunTime:0.0005s ]
SQL: SELECT COUNT(*) AS tp_count FROM `yuangong_picture` WHERE ( type = 1 ) LIMIT 1   [ RunTime:0.0007s ]
INFO: [ view_parse ] --START--
INFO: [ template_filter ] --START--
INFO: Run Behavior\ContentReplaceBehavior [ RunTime:0.000295s ]
INFO: [ template_filter ] --END-- [ RunTime:0.000416s ]
NOTIC: [8] Undefined variable: stamp /Applications/MAMP/htdocs/cj/Application/Runtime/Cache/Admin/0b49816ccd5a353ba5a68d42c158d49c.php 第 292 行.
NOTIC: [8] Undefined variable: stamp /Applications/MAMP/htdocs/cj/Application/Runtime/Cache/Admin/0b49816ccd5a353ba5a68d42c158d49c.php 第 293 行.
NOTIC: [8] Undefined variable: centreno /Applications/MAMP/htdocs/cj/Application/Runtime/Cache/Admin/0b49816ccd5a353ba5a68d42c158d49c.php 第 306 行.
INFO: Run Behavior\ParseTemplateBehavior [ RunTime:0.012357s ]
INFO: [ view_parse ] --END-- [ RunTime:0.012454s ]
INFO: [ view_filter ] --START--
INFO: Run Behavior\WriteHtmlCacheBehavior [ RunTime:0.000351s ]
INFO: [ view_filter ] --END-- [ RunTime:0.000572s ]
INFO: [ app_end ] --START--
INFO: Run Behavior\ShowPageTraceBehavior [ RunTime:0.001311s ]
INFO: [ app_end ] --END-- [ RunTime:0.001456s ]

[ 2018-07-11T13:10:27+08:00 ] 127.0.0.1 /index.php/Admin/Uploader/ueditor.html?action=config&&noCache=1531285827128
INFO: [ app_init ] --START--
INFO: Run Behavior\BuildLiteBehavior [ RunTime:0.000038s ]
INFO: [ app_init ] --END-- [ RunTime:0.000726s ]
INFO: [ app_begin ] --START--
INFO: Run Behavior\ReadHtmlCacheBehavior [ RunTime:0.001292s ]
INFO: [ app_begin ] --END-- [ RunTime:0.001453s ]
SQL: SHOW COLUMNS FROM `common_system_user` [ RunTime:0.0035s ]
INFO: [ app_end ] --START--
INFO: Run Behavior\ShowPageTraceBehavior [ RunTime:0.000813s ]
INFO: [ app_end ] --END-- [ RunTime:0.000988s ]

[ 2018-07-11T13:10:34+08:00 ] 127.0.0.1 /index.php/Admin/Uploader/start.html
INFO: [ app_init ] --START--
INFO: Run Behavior\BuildLiteBehavior [ RunTime:0.000041s ]
INFO: [ app_init ] --END-- [ RunTime:0.001326s ]
INFO: [ app_begin ] --START--
INFO: Run Behavior\ReadHtmlCacheBehavior [ RunTime:0.000925s ]
INFO: [ app_begin ] --END-- [ RunTime:0.001091s ]
SQL: SHOW COLUMNS FROM `common_system_user` [ RunTime:0.0037s ]
NOTIC: [2] call_user_func() expects parameter 1 to be a valid callback, no array or string given /Applications/MAMP/htdocs/cj/ThinkPHP/Library/Think/Upload.class.php 第 170 行.
NOTIC: [2] exif_read_data(1531285834.jpeg): File not supported /Applications/MAMP/htdocs/cj/Application/Admin/Controller/UploaderController.class.php 第 29 行.
NOTIC: [2] imagecreatefromjpeg(): gd-jpeg: JPEG library reports unrecoverable error:  /Applications/MAMP/htdocs/cj/Application/Admin/Controller/UploaderController.class.php 第 30 行.
NOTIC: [2] imagecreatefromjpeg(): './Public/attached/2018-07-11/1531285834.jpeg' is not a valid JPEG file /Applications/MAMP/htdocs/cj/Application/Admin/Controller/UploaderController.class.php 第 30 行.
NOTIC: [2] imagedestroy() expects parameter 1 to be resource, boolean given /Applications/MAMP/htdocs/cj/Application/Admin/Controller/UploaderController.class.php 第 42 行.
INFO: [ app_end ] --START--
INFO: Run Behavior\ShowPageTraceBehavior [ RunTime:0.001227s ]
INFO: [ app_end ] --END-- [ RunTime:0.001361s ]

