[ 2018-12-18T15:24:41+08:00 ] ::1 /admin/account/login.html
INFO: [ app_init ] --START--
INFO: Run Behavior\BuildLiteBehavior [ RunTime:0.000082s ]
INFO: [ app_init ] --END-- [ RunTime:0.001339s ]
INFO: [ app_begin ] --START--
INFO: Run Behavior\ReadHtmlCacheBehavior [ RunTime:0.000780s ]
INFO: [ app_begin ] --END-- [ RunTime:0.000982s ]
SQL: SHOW COLUMNS FROM `common_system_user` [ RunTime:0.0186s ]

[ 2018-12-18T15:24:41+08:00 ] ::1 /index.php/admin/index.html
INFO: [ app_init ] --START--
INFO: Run Behavior\BuildLiteBehavior [ RunTime:0.000020s ]
INFO: [ app_init ] --END-- [ RunTime:0.000340s ]
INFO: [ app_begin ] --START--
INFO: Run Behavior\ReadHtmlCacheBehavior [ RunTime:0.001018s ]
INFO: [ app_begin ] --END-- [ RunTime:0.001128s ]
SQL: SHOW COLUMNS FROM `common_system_user` [ RunTime:0.0021s ]
INFO: [ view_parse ] --START--
INFO: [ template_filter ] --START--
INFO: Run Behavior\ContentReplaceBehavior [ RunTime:0.000600s ]
INFO: [ template_filter ] --END-- [ RunTime:0.000703s ]
INFO: Run Behavior\ParseTemplateBehavior [ RunTime:0.011817s ]
INFO: [ view_parse ] --END-- [ RunTime:0.011925s ]
INFO: [ view_filter ] --START--
INFO: Run Behavior\WriteHtmlCacheBehavior [ RunTime:0.000401s ]
INFO: [ view_filter ] --END-- [ RunTime:0.000491s ]
INFO: [ app_end ] --START--
INFO: Run Behavior\ShowPageTraceBehavior [ RunTime:0.000755s ]
INFO: [ app_end ] --END-- [ RunTime:0.000841s ]

[ 2018-12-18T15:24:42+08:00 ] ::1 /admin/main/index.html
INFO: [ app_init ] --START--
INFO: Run Behavior\BuildLiteBehavior [ RunTime:0.000026s ]
INFO: [ app_init ] --END-- [ RunTime:0.000486s ]
INFO: [ app_begin ] --START--
INFO: Run Behavior\ReadHtmlCacheBehavior [ RunTime:0.000726s ]
INFO: [ app_begin ] --END-- [ RunTime:0.000937s ]
SQL: SHOW COLUMNS FROM `common_system_user` [ RunTime:0.0026s ]
INFO: [ view_parse ] --START--
INFO: [ template_filter ] --START--
INFO: Run Behavior\ContentReplaceBehavior [ RunTime:0.000202s ]
INFO: [ template_filter ] --END-- [ RunTime:0.000363s ]
INFO: Run Behavior\ParseTemplateBehavior [ RunTime:0.017125s ]
INFO: [ view_parse ] --END-- [ RunTime:0.017307s ]
INFO: [ view_filter ] --START--
INFO: Run Behavior\WriteHtmlCacheBehavior [ RunTime:0.000495s ]
INFO: [ view_filter ] --END-- [ RunTime:0.000743s ]
INFO: [ app_end ] --START--
INFO: Run Behavior\ShowPageTraceBehavior [ RunTime:0.000833s ]
INFO: [ app_end ] --END-- [ RunTime:0.000982s ]

[ 2018-12-18T15:24:42+08:00 ] ::1 /index.php/admin/auth/menu.html
INFO: [ app_init ] --START--
INFO: Run Behavior\BuildLiteBehavior [ RunTime:0.000076s ]
INFO: [ app_init ] --END-- [ RunTime:0.001738s ]
INFO: [ app_begin ] --START--
INFO: Run Behavior\ReadHtmlCacheBehavior [ RunTime:0.003563s ]
INFO: [ app_begin ] --END-- [ RunTime:0.003766s ]
SQL: SHOW COLUMNS FROM `common_system_user` [ RunTime:0.0044s ]
SQL: SHOW COLUMNS FROM `common_admin_nav` [ RunTime:0.0072s ]
SQL: SELECT `id`,`name`,pid as parentid,`url`,`status`,`addtime`,`disorder`,`path`,`icon` FROM `common_admin_nav` WHERE ( status=1 ) ORDER BY pid asc,disorder asc  [ RunTime:0.0064s ]
NOTIC: [2] strrchr() expects exactly 2 parameters, 1 given /Applications/MAMP/htdocs/cj/Application/Admin/Controller/AuthController.class.php 第 511 行.
NOTIC: [2] strrchr() expects exactly 2 parameters, 1 given /Applications/MAMP/htdocs/cj/Application/Admin/Controller/AuthController.class.php 第 511 行.
NOTIC: [2] strrchr() expects exactly 2 parameters, 1 given /Applications/MAMP/htdocs/cj/Application/Admin/Controller/AuthController.class.php 第 511 行.
NOTIC: [2] strrchr() expects exactly 2 parameters, 1 given /Applications/MAMP/htdocs/cj/Application/Admin/Controller/AuthController.class.php 第 511 行.
NOTIC: [2] strrchr() expects exactly 2 parameters, 1 given /Applications/MAMP/htdocs/cj/Application/Admin/Controller/AuthController.class.php 第 511 行.
NOTIC: [2] strrchr() expects exactly 2 parameters, 1 given /Applications/MAMP/htdocs/cj/Application/Admin/Controller/AuthController.class.php 第 511 行.
NOTIC: [2] strrchr() expects exactly 2 parameters, 1 given /Applications/MAMP/htdocs/cj/Application/Admin/Controller/AuthController.class.php 第 511 行.
NOTIC: [2] strrchr() expects exactly 2 parameters, 1 given /Applications/MAMP/htdocs/cj/Application/Admin/Controller/AuthController.class.php 第 511 行.
NOTIC: [2] strrchr() expects exactly 2 parameters, 1 given /Applications/MAMP/htdocs/cj/Application/Admin/Controller/AuthController.class.php 第 511 行.
NOTIC: [2] strrchr() expects exactly 2 parameters, 1 given /Applications/MAMP/htdocs/cj/Application/Admin/Controller/AuthController.class.php 第 511 行.
NOTIC: [2] strrchr() expects exactly 2 parameters, 1 given /Applications/MAMP/htdocs/cj/Application/Admin/Controller/AuthController.class.php 第 511 行.
NOTIC: [2] strrchr() expects exactly 2 parameters, 1 given /Applications/MAMP/htdocs/cj/Application/Admin/Controller/AuthController.class.php 第 511 行.
NOTIC: [2] strrchr() expects exactly 2 parameters, 1 given /Applications/MAMP/htdocs/cj/Application/Admin/Controller/AuthController.class.php 第 511 行.
NOTIC: [2] strrchr() expects exactly 2 parameters, 1 given /Applications/MAMP/htdocs/cj/Application/Admin/Controller/AuthController.class.php 第 511 行.
NOTIC: [2] strrchr() expects exactly 2 parameters, 1 given /Applications/MAMP/htdocs/cj/Application/Admin/Controller/AuthController.class.php 第 511 行.
NOTIC: [2] strrchr() expects exactly 2 parameters, 1 given /Applications/MAMP/htdocs/cj/Application/Admin/Controller/AuthController.class.php 第 511 行.
NOTIC: [2] strrchr() expects exactly 2 parameters, 1 given /Applications/MAMP/htdocs/cj/Application/Admin/Controller/AuthController.class.php 第 511 行.
NOTIC: [2] strrchr() expects exactly 2 parameters, 1 given /Applications/MAMP/htdocs/cj/Application/Admin/Controller/AuthController.class.php 第 511 行.
NOTIC: [2] strrchr() expects exactly 2 parameters, 1 given /Applications/MAMP/htdocs/cj/Application/Admin/Controller/AuthController.class.php 第 511 行.
NOTIC: [2] strrchr() expects exactly 2 parameters, 1 given /Applications/MAMP/htdocs/cj/Application/Admin/Controller/AuthController.class.php 第 511 行.
NOTIC: [2] strrchr() expects exactly 2 parameters, 1 given /Applications/MAMP/htdocs/cj/Application/Admin/Controller/AuthController.class.php 第 511 行.
NOTIC: [2] strrchr() expects exactly 2 parameters, 1 given /Applications/MAMP/htdocs/cj/Application/Admin/Controller/AuthController.class.php 第 511 行.
NOTIC: [2] strrchr() expects exactly 2 parameters, 1 given /Applications/MAMP/htdocs/cj/Application/Admin/Controller/AuthController.class.php 第 511 行.
NOTIC: [2] strrchr() expects exactly 2 parameters, 1 given /Applications/MAMP/htdocs/cj/Application/Admin/Controller/AuthController.class.php 第 511 行.
NOTIC: [2] strrchr() expects exactly 2 parameters, 1 given /Applications/MAMP/htdocs/cj/Application/Admin/Controller/AuthController.class.php 第 511 行.
NOTIC: [8] Undefined offset: 39 /Applications/MAMP/htdocs/cj/Application/Admin/Controller/AuthController.class.php 第 214 行.
NOTIC: [8] Undefined offset: 39 /Applications/MAMP/htdocs/cj/Application/Admin/Controller/AuthController.class.php 第 214 行.
NOTIC: [8] Undefined offset: 39 /Applications/MAMP/htdocs/cj/Application/Admin/Controller/AuthController.class.php 第 214 行.
NOTIC: [8] Undefined offset: 39 /Applications/MAMP/htdocs/cj/Application/Admin/Controller/AuthController.class.php 第 214 行.
NOTIC: [8] Undefined offset: 1 /Applications/MAMP/htdocs/cj/Application/Admin/Controller/AuthController.class.php 第 224 行.
NOTIC: [8] Undefined offset: 39 /Applications/MAMP/htdocs/cj/Application/Admin/Controller/AuthController.class.php 第 214 行.
NOTIC: [8] Undefined offset: 39 /Applications/MAMP/htdocs/cj/Application/Admin/Controller/AuthController.class.php 第 214 行.
NOTIC: [8] Undefined offset: 1 /Applications/MAMP/htdocs/cj/Application/Admin/Controller/AuthController.class.php 第 224 行.
NOTIC: [8] Undefined offset: 39 /Applications/MAMP/htdocs/cj/Application/Admin/Controller/AuthController.class.php 第 214 行.
NOTIC: [8] Undefined offset: 39 /Applications/MAMP/htdocs/cj/Application/Admin/Controller/AuthController.class.php 第 214 行.
NOTIC: [8] Undefined offset: 94 /Applications/MAMP/htdocs/cj/Application/Admin/Controller/AuthController.class.php 第 214 行.
NOTIC: [8] Undefined offset: 94 /Applications/MAMP/htdocs/cj/Application/Admin/Controller/AuthController.class.php 第 214 行.
NOTIC: [8] Undefined offset: 94 /Applications/MAMP/htdocs/cj/Application/Admin/Controller/AuthController.class.php 第 214 行.
NOTIC: [8] Undefined offset: 99 /Applications/MAMP/htdocs/cj/Application/Admin/Controller/AuthController.class.php 第 214 行.
NOTIC: [8] Undefined offset: 99 /Applications/MAMP/htdocs/cj/Application/Admin/Controller/AuthController.class.php 第 214 行.
NOTIC: [8] Undefined offset: 99 /Applications/MAMP/htdocs/cj/Application/Admin/Controller/AuthController.class.php 第 214 行.
NOTIC: [8] Undefined offset: 99 /Applications/MAMP/htdocs/cj/Application/Admin/Controller/AuthController.class.php 第 214 行.
NOTIC: [8] Undefined offset: 99 /Applications/MAMP/htdocs/cj/Application/Admin/Controller/AuthController.class.php 第 214 行.
NOTIC: [8] Undefined offset: 99 /Applications/MAMP/htdocs/cj/Application/Admin/Controller/AuthController.class.php 第 214 行.
NOTIC: [8] Undefined offset: 100 /Applications/MAMP/htdocs/cj/Application/Admin/Controller/AuthController.class.php 第 214 行.
NOTIC: [8] Undefined offset: 100 /Applications/MAMP/htdocs/cj/Application/Admin/Controller/AuthController.class.php 第 214 行.
NOTIC: [8] Undefined offset: 100 /Applications/MAMP/htdocs/cj/Application/Admin/Controller/AuthController.class.php 第 214 行.
NOTIC: [8] Undefined offset: 100 /Applications/MAMP/htdocs/cj/Application/Admin/Controller/AuthController.class.php 第 214 行.
NOTIC: [8] Undefined offset: 100 /Applications/MAMP/htdocs/cj/Application/Admin/Controller/AuthController.class.php 第 214 行.
NOTIC: [8] Undefined offset: 100 /Applications/MAMP/htdocs/cj/Application/Admin/Controller/AuthController.class.php 第 214 行.
NOTIC: [8] Undefined offset: 100 /Applications/MAMP/htdocs/cj/Application/Admin/Controller/AuthController.class.php 第 214 行.
NOTIC: [8] Undefined offset: 109 /Applications/MAMP/htdocs/cj/Application/Admin/Controller/AuthController.class.php 第 214 行.

[ 2018-12-18T15:24:42+08:00 ] ::1 /index.php/Admin/Uploader/ueditor.html?action=config&&noCache=1545117882201
INFO: [ app_init ] --START--
INFO: Run Behavior\BuildLiteBehavior [ RunTime:0.000069s ]
INFO: [ app_init ] --END-- [ RunTime:0.000857s ]
INFO: [ app_begin ] --START--
INFO: Run Behavior\ReadHtmlCacheBehavior [ RunTime:0.000783s ]
INFO: [ app_begin ] --END-- [ RunTime:0.000926s ]
NOTIC: [2] include(exif.php): failed to open stream: No such file or directory /Applications/MAMP/htdocs/cj/Application/Admin/Controller/UploaderController.class.php 第 4 行.
NOTIC: [2] include(): Failed opening 'exif.php' for inclusion (include_path='.:/Applications/MAMP/bin/php/php7.0.15/lib/php') /Applications/MAMP/htdocs/cj/Application/Admin/Controller/UploaderController.class.php 第 4 行.
SQL: SHOW COLUMNS FROM `common_system_user` [ RunTime:0.0020s ]
INFO: [ app_end ] --START--
INFO: Run Behavior\ShowPageTraceBehavior [ RunTime:0.000857s ]
INFO: [ app_end ] --END-- [ RunTime:0.001032s ]

[ 2018-12-18T15:24:45+08:00 ] ::1 /index.php/admin/account/logout.html
INFO: [ app_init ] --START--
INFO: Run Behavior\BuildLiteBehavior [ RunTime:0.000037s ]
INFO: [ app_init ] --END-- [ RunTime:0.000553s ]
INFO: [ app_begin ] --START--
INFO: Run Behavior\ReadHtmlCacheBehavior [ RunTime:0.000865s ]
INFO: [ app_begin ] --END-- [ RunTime:0.001021s ]
SQL: SHOW COLUMNS FROM `common_system_user` [ RunTime:0.0020s ]
INFO: [ app_end ] --START--
INFO: Run Behavior\ShowPageTraceBehavior [ RunTime:0.000503s ]
INFO: [ app_end ] --END-- [ RunTime:0.000581s ]

[ 2018-12-18T15:24:45+08:00 ] ::1 /index.php/admin/account/login.html
INFO: [ app_init ] --START--
INFO: Run Behavior\BuildLiteBehavior [ RunTime:0.000026s ]
INFO: [ app_init ] --END-- [ RunTime:0.000421s ]
INFO: [ app_begin ] --START--
INFO: Run Behavior\ReadHtmlCacheBehavior [ RunTime:0.000402s ]
INFO: [ app_begin ] --END-- [ RunTime:0.000481s ]
SQL: SHOW COLUMNS FROM `common_system_user` [ RunTime:0.0021s ]
NOTIC: [8] Undefined variable: body /Applications/MAMP/htdocs/cj/Application/Admin/Controller/AccountController.class.php 第 20 行.
INFO: [ view_parse ] --START--
INFO: [ template_filter ] --START--
INFO: Run Behavior\ContentReplaceBehavior [ RunTime:0.000134s ]
INFO: [ template_filter ] --END-- [ RunTime:0.000290s ]
INFO: Run Behavior\ParseTemplateBehavior [ RunTime:0.008195s ]
INFO: [ view_parse ] --END-- [ RunTime:0.008295s ]
INFO: [ view_filter ] --START--
INFO: Run Behavior\WriteHtmlCacheBehavior [ RunTime:0.000200s ]
INFO: [ view_filter ] --END-- [ RunTime:0.000277s ]
INFO: [ app_end ] --START--
INFO: Run Behavior\ShowPageTraceBehavior [ RunTime:0.000692s ]
INFO: [ app_end ] --END-- [ RunTime:0.000795s ]

[ 2018-12-18T15:24:45+08:00 ] ::1 /index.php/admin/Account/yzmCode.html
INFO: [ app_init ] --START--
INFO: Run Behavior\BuildLiteBehavior [ RunTime:0.000037s ]
INFO: [ app_init ] --END-- [ RunTime:0.000663s ]
INFO: [ app_begin ] --START--
INFO: Run Behavior\ReadHtmlCacheBehavior [ RunTime:0.001157s ]
INFO: [ app_begin ] --END-- [ RunTime:0.001444s ]
INFO: [ app_end ] --START--
INFO: Run Behavior\ShowPageTraceBehavior [ RunTime:0.001130s ]
INFO: [ app_end ] --END-- [ RunTime:0.001329s ]

[ 2018-12-18T15:29:54+08:00 ] ::1 /index.php/admin/account/login.html
INFO: [ app_init ] --START--
INFO: Run Behavior\BuildLiteBehavior [ RunTime:0.000037s ]
INFO: [ app_init ] --END-- [ RunTime:0.000827s ]
INFO: [ app_begin ] --START--
INFO: Run Behavior\ReadHtmlCacheBehavior [ RunTime:0.000992s ]
INFO: [ app_begin ] --END-- [ RunTime:0.001147s ]
SQL: SHOW COLUMNS FROM `common_system_user` [ RunTime:0.0027s ]
NOTIC: [8] Undefined variable: body /Applications/MAMP/htdocs/cj/Application/Admin/Controller/AccountController.class.php 第 20 行.
INFO: [ view_parse ] --START--
INFO: [ template_filter ] --START--
INFO: Run Behavior\ContentReplaceBehavior [ RunTime:0.000118s ]
INFO: [ template_filter ] --END-- [ RunTime:0.000253s ]
INFO: Run Behavior\ParseTemplateBehavior [ RunTime:0.011668s ]
INFO: [ view_parse ] --END-- [ RunTime:0.011816s ]
INFO: [ view_filter ] --START--
INFO: Run Behavior\WriteHtmlCacheBehavior [ RunTime:0.001221s ]
INFO: [ view_filter ] --END-- [ RunTime:0.001389s ]
INFO: [ app_end ] --START--
INFO: Run Behavior\ShowPageTraceBehavior [ RunTime:0.001179s ]
INFO: [ app_end ] --END-- [ RunTime:0.001336s ]

[ 2018-12-18T15:29:54+08:00 ] ::1 /index.php/admin/Account/yzmCode.html
INFO: [ app_init ] --START--
INFO: Run Behavior\BuildLiteBehavior [ RunTime:0.000060s ]
INFO: [ app_init ] --END-- [ RunTime:0.001252s ]
INFO: [ app_begin ] --START--
INFO: Run Behavior\ReadHtmlCacheBehavior [ RunTime:0.000970s ]
INFO: [ app_begin ] --END-- [ RunTime:0.001179s ]
INFO: [ app_end ] --START--
INFO: Run Behavior\ShowPageTraceBehavior [ RunTime:0.000800s ]
INFO: [ app_end ] --END-- [ RunTime:0.001033s ]

