[ 2019-03-03T15:09:17+08:00 ] 127.0.0.1 /admin
INFO: [ app_init ] --START--
INFO: Run Behavior\BuildLiteBehavior [ RunTime:0.000024s ]
INFO: [ app_init ] --END-- [ RunTime:0.001214s ]
INFO: [ app_begin ] --START--
INFO: Run Behavior\ReadHtmlCacheBehavior [ RunTime:0.001459s ]
INFO: [ app_begin ] --END-- [ RunTime:0.001561s ]
SQL: SHOW COLUMNS FROM `common_system_user` [ RunTime:0.0011s ]
INFO: [ view_parse ] --START--
INFO: [ template_filter ] --START--
INFO: Run Behavior\ContentReplaceBehavior [ RunTime:0.000113s ]
INFO: [ template_filter ] --END-- [ RunTime:0.000252s ]
INFO: Run Behavior\ParseTemplateBehavior [ RunTime:0.025964s ]
INFO: [ view_parse ] --END-- [ RunTime:0.026127s ]
INFO: [ view_filter ] --START--
INFO: Run Behavior\WriteHtmlCacheBehavior [ RunTime:0.002350s ]
INFO: [ view_filter ] --END-- [ RunTime:0.002500s ]
INFO: [ app_end ] --START--
INFO: Run Behavior\ShowPageTraceBehavior [ RunTime:0.002198s ]
INFO: [ app_end ] --END-- [ RunTime:0.002301s ]

[ 2019-03-03T15:09:17+08:00 ] 127.0.0.1 /index.php/admin/account/login.html
INFO: [ app_init ] --START--
INFO: Run Behavior\BuildLiteBehavior [ RunTime:0.000019s ]
INFO: [ app_init ] --END-- [ RunTime:0.000412s ]
INFO: [ app_begin ] --START--
INFO: Run Behavior\ReadHtmlCacheBehavior [ RunTime:0.000837s ]
INFO: [ app_begin ] --END-- [ RunTime:0.000932s ]
SQL: SHOW COLUMNS FROM `common_system_user` [ RunTime:0.0011s ]
NOTIC: [8] Undefined variable: body C:\BUPT\PHP\WAMPserver\www\chaojing\Application\Admin\Controller\AccountController.class.php 第 20 行.
INFO: [ view_parse ] --START--
INFO: [ template_filter ] --START--
INFO: Run Behavior\ContentReplaceBehavior [ RunTime:0.000073s ]
INFO: [ template_filter ] --END-- [ RunTime:0.000190s ]
INFO: Run Behavior\ParseTemplateBehavior [ RunTime:0.015062s ]
INFO: [ view_parse ] --END-- [ RunTime:0.015213s ]
INFO: [ view_filter ] --START--
INFO: Run Behavior\WriteHtmlCacheBehavior [ RunTime:0.000868s ]
INFO: [ view_filter ] --END-- [ RunTime:0.000971s ]
INFO: [ app_end ] --START--
INFO: Run Behavior\ShowPageTraceBehavior [ RunTime:0.000922s ]
INFO: [ app_end ] --END-- [ RunTime:0.001020s ]

[ 2019-03-03T15:09:17+08:00 ] 127.0.0.1 /index.php/admin/Account/yzmCode.html
INFO: [ app_init ] --START--
INFO: Run Behavior\BuildLiteBehavior [ RunTime:0.000023s ]
INFO: [ app_init ] --END-- [ RunTime:0.000466s ]
INFO: [ app_begin ] --START--
INFO: Run Behavior\ReadHtmlCacheBehavior [ RunTime:0.001099s ]
INFO: [ app_begin ] --END-- [ RunTime:0.001274s ]
INFO: [ app_end ] --START--
INFO: Run Behavior\ShowPageTraceBehavior [ RunTime:0.001343s ]
INFO: [ app_end ] --END-- [ RunTime:0.001475s ]

[ 2019-03-03T15:09:30+08:00 ] 127.0.0.1 /index.php/admin/account/doLogin.html
INFO: [ app_init ] --START--
INFO: Run Behavior\BuildLiteBehavior [ RunTime:0.000020s ]
INFO: [ app_init ] --END-- [ RunTime:0.000465s ]
INFO: [ app_begin ] --START--
INFO: Run Behavior\ReadHtmlCacheBehavior [ RunTime:0.000843s ]
INFO: [ app_begin ] --END-- [ RunTime:0.000927s ]
SQL: SHOW COLUMNS FROM `common_system_user` [ RunTime:0.0008s ]
SQL: SELECT * FROM `common_system_user` WHERE `username` = 'admin' AND `passwd` = 'dd6e5e5918e94d997c686fcebc56922f' AND `status` = 1 LIMIT 1   [ RunTime:0.0004s ]
SQL: UPDATE `common_system_user` SET `login_time`='2019-03-03 15:09:30' WHERE ( id=1 ) [ RunTime:0.0015s ]
NOTIC: [8] Undefined variable: role C:\BUPT\PHP\WAMPserver\www\chaojing\Application\Admin\Controller\AccountController.class.php 第 52 行.
NOTIC: [8] Undefined variable: role C:\BUPT\PHP\WAMPserver\www\chaojing\Application\Admin\Controller\AccountController.class.php 第 56 行.
NOTIC: [8] Undefined variable: menus C:\BUPT\PHP\WAMPserver\www\chaojing\Application\Admin\Controller\AccountController.class.php 第 60 行.

[ 2019-03-03T15:09:30+08:00 ] 127.0.0.1 /index.php/admin/account/login.html
INFO: [ app_init ] --START--
INFO: Run Behavior\BuildLiteBehavior [ RunTime:0.000052s ]
INFO: [ app_init ] --END-- [ RunTime:0.000790s ]
INFO: [ app_begin ] --START--
INFO: Run Behavior\ReadHtmlCacheBehavior [ RunTime:0.001181s ]
INFO: [ app_begin ] --END-- [ RunTime:0.001355s ]
SQL: SHOW COLUMNS FROM `common_system_user` [ RunTime:0.0006s ]

[ 2019-03-03T15:09:30+08:00 ] 127.0.0.1 /index.php/admin/index.html
INFO: [ app_init ] --START--
INFO: Run Behavior\BuildLiteBehavior [ RunTime:0.000021s ]
INFO: [ app_init ] --END-- [ RunTime:0.000423s ]
INFO: [ app_begin ] --START--
INFO: Run Behavior\ReadHtmlCacheBehavior [ RunTime:0.000988s ]
INFO: [ app_begin ] --END-- [ RunTime:0.001121s ]
SQL: SHOW COLUMNS FROM `common_system_user` [ RunTime:0.0011s ]
INFO: [ view_parse ] --START--
INFO: [ template_filter ] --START--
INFO: Run Behavior\ContentReplaceBehavior [ RunTime:0.000125s ]
INFO: [ template_filter ] --END-- [ RunTime:0.000277s ]
INFO: Run Behavior\ParseTemplateBehavior [ RunTime:0.013169s ]
INFO: [ view_parse ] --END-- [ RunTime:0.013328s ]
INFO: [ view_filter ] --START--
INFO: Run Behavior\WriteHtmlCacheBehavior [ RunTime:0.000987s ]
INFO: [ view_filter ] --END-- [ RunTime:0.001105s ]
INFO: [ app_end ] --START--
INFO: Run Behavior\ShowPageTraceBehavior [ RunTime:0.001095s ]
INFO: [ app_end ] --END-- [ RunTime:0.001192s ]

[ 2019-03-03T15:09:30+08:00 ] 127.0.0.1 /admin/main/index.html
INFO: [ app_init ] --START--
INFO: Run Behavior\BuildLiteBehavior [ RunTime:0.000062s ]
INFO: [ app_init ] --END-- [ RunTime:0.001347s ]
INFO: [ app_begin ] --START--
INFO: Run Behavior\ReadHtmlCacheBehavior [ RunTime:0.001122s ]
INFO: [ app_begin ] --END-- [ RunTime:0.001267s ]
SQL: SHOW COLUMNS FROM `common_system_user` [ RunTime:0.0014s ]
INFO: [ view_parse ] --START--
INFO: [ template_filter ] --START--
INFO: Run Behavior\ContentReplaceBehavior [ RunTime:0.000103s ]
INFO: [ template_filter ] --END-- [ RunTime:0.000219s ]
INFO: Run Behavior\ParseTemplateBehavior [ RunTime:0.015423s ]
INFO: [ view_parse ] --END-- [ RunTime:0.015618s ]
INFO: [ view_filter ] --START--
INFO: Run Behavior\WriteHtmlCacheBehavior [ RunTime:0.000798s ]
INFO: [ view_filter ] --END-- [ RunTime:0.000888s ]
INFO: [ app_end ] --START--
INFO: Run Behavior\ShowPageTraceBehavior [ RunTime:0.005466s ]
INFO: [ app_end ] --END-- [ RunTime:0.005672s ]

[ 2019-03-03T15:09:30+08:00 ] 127.0.0.1 /index.php/admin/auth/menu.html
INFO: [ app_init ] --START--
INFO: Run Behavior\BuildLiteBehavior [ RunTime:0.000023s ]
INFO: [ app_init ] --END-- [ RunTime:0.000586s ]
INFO: [ app_begin ] --START--
INFO: Run Behavior\ReadHtmlCacheBehavior [ RunTime:0.000892s ]
INFO: [ app_begin ] --END-- [ RunTime:0.000977s ]
SQL: SHOW COLUMNS FROM `common_system_user` [ RunTime:0.0007s ]
SQL: SHOW COLUMNS FROM `common_admin_nav` [ RunTime:0.0012s ]
SQL: SELECT `id`,`name`,pid as parentid,`url`,`status`,`addtime`,`disorder`,`path`,`icon` FROM `common_admin_nav` WHERE ( status=1 ) ORDER BY pid asc,disorder asc  [ RunTime:0.0008s ]
NOTIC: [2] strrchr() expects exactly 2 parameters, 1 given C:\BUPT\PHP\WAMPserver\www\chaojing\Application\Admin\Controller\AuthController.class.php 第 511 行.
NOTIC: [2] strrchr() expects exactly 2 parameters, 1 given C:\BUPT\PHP\WAMPserver\www\chaojing\Application\Admin\Controller\AuthController.class.php 第 511 行.
NOTIC: [2] strrchr() expects exactly 2 parameters, 1 given C:\BUPT\PHP\WAMPserver\www\chaojing\Application\Admin\Controller\AuthController.class.php 第 511 行.
NOTIC: [2] strrchr() expects exactly 2 parameters, 1 given C:\BUPT\PHP\WAMPserver\www\chaojing\Application\Admin\Controller\AuthController.class.php 第 511 行.
NOTIC: [2] strrchr() expects exactly 2 parameters, 1 given C:\BUPT\PHP\WAMPserver\www\chaojing\Application\Admin\Controller\AuthController.class.php 第 511 行.
NOTIC: [2] strrchr() expects exactly 2 parameters, 1 given C:\BUPT\PHP\WAMPserver\www\chaojing\Application\Admin\Controller\AuthController.class.php 第 511 行.
NOTIC: [2] strrchr() expects exactly 2 parameters, 1 given C:\BUPT\PHP\WAMPserver\www\chaojing\Application\Admin\Controller\AuthController.class.php 第 511 行.
NOTIC: [2] strrchr() expects exactly 2 parameters, 1 given C:\BUPT\PHP\WAMPserver\www\chaojing\Application\Admin\Controller\AuthController.class.php 第 511 行.
NOTIC: [2] strrchr() expects exactly 2 parameters, 1 given C:\BUPT\PHP\WAMPserver\www\chaojing\Application\Admin\Controller\AuthController.class.php 第 511 行.
NOTIC: [2] strrchr() expects exactly 2 parameters, 1 given C:\BUPT\PHP\WAMPserver\www\chaojing\Application\Admin\Controller\AuthController.class.php 第 511 行.
NOTIC: [2] strrchr() expects exactly 2 parameters, 1 given C:\BUPT\PHP\WAMPserver\www\chaojing\Application\Admin\Controller\AuthController.class.php 第 511 行.
NOTIC: [2] strrchr() expects exactly 2 parameters, 1 given C:\BUPT\PHP\WAMPserver\www\chaojing\Application\Admin\Controller\AuthController.class.php 第 511 行.
NOTIC: [2] strrchr() expects exactly 2 parameters, 1 given C:\BUPT\PHP\WAMPserver\www\chaojing\Application\Admin\Controller\AuthController.class.php 第 511 行.
NOTIC: [2] strrchr() expects exactly 2 parameters, 1 given C:\BUPT\PHP\WAMPserver\www\chaojing\Application\Admin\Controller\AuthController.class.php 第 511 行.
NOTIC: [2] strrchr() expects exactly 2 parameters, 1 given C:\BUPT\PHP\WAMPserver\www\chaojing\Application\Admin\Controller\AuthController.class.php 第 511 行.
NOTIC: [2] strrchr() expects exactly 2 parameters, 1 given C:\BUPT\PHP\WAMPserver\www\chaojing\Application\Admin\Controller\AuthController.class.php 第 511 行.
NOTIC: [2] strrchr() expects exactly 2 parameters, 1 given C:\BUPT\PHP\WAMPserver\www\chaojing\Application\Admin\Controller\AuthController.class.php 第 511 行.
NOTIC: [2] strrchr() expects exactly 2 parameters, 1 given C:\BUPT\PHP\WAMPserver\www\chaojing\Application\Admin\Controller\AuthController.class.php 第 511 行.
NOTIC: [2] strrchr() expects exactly 2 parameters, 1 given C:\BUPT\PHP\WAMPserver\www\chaojing\Application\Admin\Controller\AuthController.class.php 第 511 行.
NOTIC: [2] strrchr() expects exactly 2 parameters, 1 given C:\BUPT\PHP\WAMPserver\www\chaojing\Application\Admin\Controller\AuthController.class.php 第 511 行.
NOTIC: [2] strrchr() expects exactly 2 parameters, 1 given C:\BUPT\PHP\WAMPserver\www\chaojing\Application\Admin\Controller\AuthController.class.php 第 511 行.
NOTIC: [2] strrchr() expects exactly 2 parameters, 1 given C:\BUPT\PHP\WAMPserver\www\chaojing\Application\Admin\Controller\AuthController.class.php 第 511 行.
NOTIC: [2] strrchr() expects exactly 2 parameters, 1 given C:\BUPT\PHP\WAMPserver\www\chaojing\Application\Admin\Controller\AuthController.class.php 第 511 行.
NOTIC: [2] strrchr() expects exactly 2 parameters, 1 given C:\BUPT\PHP\WAMPserver\www\chaojing\Application\Admin\Controller\AuthController.class.php 第 511 行.
NOTIC: [2] strrchr() expects exactly 2 parameters, 1 given C:\BUPT\PHP\WAMPserver\www\chaojing\Application\Admin\Controller\AuthController.class.php 第 511 行.
NOTIC: [2] strrchr() expects exactly 2 parameters, 1 given C:\BUPT\PHP\WAMPserver\www\chaojing\Application\Admin\Controller\AuthController.class.php 第 511 行.
NOTIC: [8] Undefined offset: 39 C:\BUPT\PHP\WAMPserver\www\chaojing\Application\Admin\Controller\AuthController.class.php 第 214 行.
NOTIC: [8] Undefined offset: 39 C:\BUPT\PHP\WAMPserver\www\chaojing\Application\Admin\Controller\AuthController.class.php 第 214 行.
NOTIC: [8] Undefined offset: 39 C:\BUPT\PHP\WAMPserver\www\chaojing\Application\Admin\Controller\AuthController.class.php 第 214 行.
NOTIC: [8] Undefined offset: 39 C:\BUPT\PHP\WAMPserver\www\chaojing\Application\Admin\Controller\AuthController.class.php 第 214 行.
NOTIC: [8] Undefined offset: 1 C:\BUPT\PHP\WAMPserver\www\chaojing\Application\Admin\Controller\AuthController.class.php 第 224 行.
NOTIC: [8] Undefined offset: 39 C:\BUPT\PHP\WAMPserver\www\chaojing\Application\Admin\Controller\AuthController.class.php 第 214 行.
NOTIC: [8] Undefined offset: 39 C:\BUPT\PHP\WAMPserver\www\chaojing\Application\Admin\Controller\AuthController.class.php 第 214 行.
NOTIC: [8] Undefined offset: 1 C:\BUPT\PHP\WAMPserver\www\chaojing\Application\Admin\Controller\AuthController.class.php 第 224 行.
NOTIC: [8] Undefined offset: 39 C:\BUPT\PHP\WAMPserver\www\chaojing\Application\Admin\Controller\AuthController.class.php 第 214 行.
NOTIC: [8] Undefined offset: 39 C:\BUPT\PHP\WAMPserver\www\chaojing\Application\Admin\Controller\AuthController.class.php 第 214 行.
NOTIC: [8] Undefined offset: 94 C:\BUPT\PHP\WAMPserver\www\chaojing\Application\Admin\Controller\AuthController.class.php 第 214 行.
NOTIC: [8] Undefined offset: 94 C:\BUPT\PHP\WAMPserver\www\chaojing\Application\Admin\Controller\AuthController.class.php 第 214 行.
NOTIC: [8] Undefined offset: 94 C:\BUPT\PHP\WAMPserver\www\chaojing\Application\Admin\Controller\AuthController.class.php 第 214 行.
NOTIC: [8] Undefined offset: 99 C:\BUPT\PHP\WAMPserver\www\chaojing\Application\Admin\Controller\AuthController.class.php 第 214 行.
NOTIC: [8] Undefined offset: 99 C:\BUPT\PHP\WAMPserver\www\chaojing\Application\Admin\Controller\AuthController.class.php 第 214 行.
NOTIC: [8] Undefined offset: 99 C:\BUPT\PHP\WAMPserver\www\chaojing\Application\Admin\Controller\AuthController.class.php 第 214 行.
NOTIC: [8] Undefined offset: 99 C:\BUPT\PHP\WAMPserver\www\chaojing\Application\Admin\Controller\AuthController.class.php 第 214 行.
NOTIC: [8] Undefined offset: 99 C:\BUPT\PHP\WAMPserver\www\chaojing\Application\Admin\Controller\AuthController.class.php 第 214 行.
NOTIC: [8] Undefined offset: 99 C:\BUPT\PHP\WAMPserver\www\chaojing\Application\Admin\Controller\AuthController.class.php 第 214 行.
NOTIC: [8] Undefined offset: 100 C:\BUPT\PHP\WAMPserver\www\chaojing\Application\Admin\Controller\AuthController.class.php 第 214 行.
NOTIC: [8] Undefined offset: 100 C:\BUPT\PHP\WAMPserver\www\chaojing\Application\Admin\Controller\AuthController.class.php 第 214 行.
NOTIC: [8] Undefined offset: 100 C:\BUPT\PHP\WAMPserver\www\chaojing\Application\Admin\Controller\AuthController.class.php 第 214 行.
NOTIC: [8] Undefined offset: 100 C:\BUPT\PHP\WAMPserver\www\chaojing\Application\Admin\Controller\AuthController.class.php 第 214 行.
NOTIC: [8] Undefined offset: 100 C:\BUPT\PHP\WAMPserver\www\chaojing\Application\Admin\Controller\AuthController.class.php 第 214 行.
NOTIC: [8] Undefined offset: 100 C:\BUPT\PHP\WAMPserver\www\chaojing\Application\Admin\Controller\AuthController.class.php 第 214 行.
NOTIC: [8] Undefined offset: 100 C:\BUPT\PHP\WAMPserver\www\chaojing\Application\Admin\Controller\AuthController.class.php 第 214 行.
NOTIC: [8] Undefined offset: 109 C:\BUPT\PHP\WAMPserver\www\chaojing\Application\Admin\Controller\AuthController.class.php 第 214 行.
NOTIC: [8] Undefined offset: 125 C:\BUPT\PHP\WAMPserver\www\chaojing\Application\Admin\Controller\AuthController.class.php 第 214 行.
NOTIC: [8] Undefined index: childs C:\BUPT\PHP\WAMPserver\www\chaojing\Application\Admin\Controller\AuthController.class.php 第 245 行.

[ 2019-03-03T15:09:30+08:00 ] 127.0.0.1 /index.php/Admin/Uploader/ueditor.html?action=config&&noCache=1551596970720
INFO: [ app_init ] --START--
INFO: Run Behavior\BuildLiteBehavior [ RunTime:0.000036s ]
INFO: [ app_init ] --END-- [ RunTime:0.000786s ]
INFO: [ app_begin ] --START--
INFO: Run Behavior\ReadHtmlCacheBehavior [ RunTime:0.001279s ]
INFO: [ app_begin ] --END-- [ RunTime:0.001466s ]
NOTIC: [2] include(exif.php): failed to open stream: No such file or directory C:\BUPT\PHP\WAMPserver\www\chaojing\Application\Admin\Controller\UploaderController.class.php 第 4 行.
NOTIC: [2] include(): Failed opening 'exif.php' for inclusion (include_path='.;C:\php\pear') C:\BUPT\PHP\WAMPserver\www\chaojing\Application\Admin\Controller\UploaderController.class.php 第 4 行.
SQL: SHOW COLUMNS FROM `common_system_user` [ RunTime:0.0008s ]
INFO: [ app_end ] --START--
INFO: Run Behavior\ShowPageTraceBehavior [ RunTime:0.001146s ]
INFO: [ app_end ] --END-- [ RunTime:0.001259s ]

