[ 2019-03-18T19:33:06+08:00 ] 127.0.0.1 /admin
INFO: [ app_init ] --START--
INFO: Run Behavior\BuildLiteBehavior [ RunTime:0.000021s ]
INFO: [ app_init ] --END-- [ RunTime:0.000127s ]
INFO: [ app_begin ] --START--
INFO: Run Behavior\ReadHtmlCacheBehavior [ RunTime:0.000088s ]
INFO: [ app_begin ] --END-- [ RunTime:0.000150s ]
SQL: SHOW COLUMNS FROM `common_system_user` [ RunTime:0.2986s ]
INFO: [ view_parse ] --START--
INFO: [ template_filter ] --START--
INFO: Run Behavior\ContentReplaceBehavior [ RunTime:0.000204s ]
INFO: [ template_filter ] --END-- [ RunTime:0.000435s ]
INFO: Run Behavior\ParseTemplateBehavior [ RunTime:0.158427s ]
INFO: [ view_parse ] --END-- [ RunTime:0.158685s ]
INFO: [ view_filter ] --START--
INFO: Run Behavior\WriteHtmlCacheBehavior [ RunTime:0.000289s ]
INFO: [ view_filter ] --END-- [ RunTime:0.000499s ]
INFO: [ app_end ] --START--
INFO: Run Behavior\ShowPageTraceBehavior [ RunTime:0.000238s ]
INFO: [ app_end ] --END-- [ RunTime:0.000395s ]

[ 2019-03-18T19:33:07+08:00 ] 127.0.0.1 /index.php/admin/account/login.html
INFO: [ app_init ] --START--
INFO: Run Behavior\BuildLiteBehavior [ RunTime:0.000063s ]
INFO: [ app_init ] --END-- [ RunTime:0.000321s ]
INFO: [ app_begin ] --START--
INFO: Run Behavior\ReadHtmlCacheBehavior [ RunTime:0.000247s ]
INFO: [ app_begin ] --END-- [ RunTime:0.000457s ]
SQL: SHOW COLUMNS FROM `common_system_user` [ RunTime:0.1742s ]
NOTIC: [8] Undefined variable: body D:\9wampserver\www\jcweb\Application\Admin\Controller\AccountController.class.php 第 20 行.
INFO: [ view_parse ] --START--
INFO: [ template_filter ] --START--
INFO: Run Behavior\ContentReplaceBehavior [ RunTime:0.000138s ]
INFO: [ template_filter ] --END-- [ RunTime:0.000358s ]
INFO: Run Behavior\ParseTemplateBehavior [ RunTime:0.107768s ]
INFO: [ view_parse ] --END-- [ RunTime:0.108021s ]
INFO: [ view_filter ] --START--
INFO: Run Behavior\WriteHtmlCacheBehavior [ RunTime:0.000185s ]
INFO: [ view_filter ] --END-- [ RunTime:0.000326s ]
INFO: [ app_end ] --START--
INFO: Run Behavior\ShowPageTraceBehavior [ RunTime:0.000136s ]
INFO: [ app_end ] --END-- [ RunTime:0.000253s ]

[ 2019-03-18T19:33:08+08:00 ] 127.0.0.1 /index.php/admin/Account/yzmCode.html
INFO: [ app_init ] --START--
INFO: Run Behavior\BuildLiteBehavior [ RunTime:0.000029s ]
INFO: [ app_init ] --END-- [ RunTime:0.000179s ]
INFO: [ app_begin ] --START--
INFO: Run Behavior\ReadHtmlCacheBehavior [ RunTime:0.000146s ]
INFO: [ app_begin ] --END-- [ RunTime:0.000261s ]
INFO: [ app_end ] --START--
INFO: Run Behavior\ShowPageTraceBehavior [ RunTime:0.000155s ]
INFO: [ app_end ] --END-- [ RunTime:0.000301s ]

[ 2019-03-18T19:33:17+08:00 ] 127.0.0.1 /index.php/admin/Account/yzmCode.html?0.06074972552081037
INFO: [ app_init ] --START--
INFO: Run Behavior\BuildLiteBehavior [ RunTime:0.000016s ]
INFO: [ app_init ] --END-- [ RunTime:0.000106s ]
INFO: [ app_begin ] --START--
INFO: Run Behavior\ReadHtmlCacheBehavior [ RunTime:0.000081s ]
INFO: [ app_begin ] --END-- [ RunTime:0.000142s ]
INFO: [ app_end ] --START--
INFO: Run Behavior\ShowPageTraceBehavior [ RunTime:0.000130s ]
INFO: [ app_end ] --END-- [ RunTime:0.000202s ]

[ 2019-03-18T19:33:18+08:00 ] 127.0.0.1 /index.php/admin/Account/yzmCode.html?0.443701299675914
INFO: [ app_init ] --START--
INFO: Run Behavior\BuildLiteBehavior [ RunTime:0.000016s ]
INFO: [ app_init ] --END-- [ RunTime:0.000091s ]
INFO: [ app_begin ] --START--
INFO: Run Behavior\ReadHtmlCacheBehavior [ RunTime:0.000070s ]
INFO: [ app_begin ] --END-- [ RunTime:0.000129s ]
INFO: [ app_end ] --START--
INFO: Run Behavior\ShowPageTraceBehavior [ RunTime:0.000200s ]
INFO: [ app_end ] --END-- [ RunTime:0.000276s ]

[ 2019-03-18T19:33:18+08:00 ] 127.0.0.1 /index.php/admin/Account/yzmCode.html?0.12192437816933555
INFO: [ app_init ] --START--
INFO: Run Behavior\BuildLiteBehavior [ RunTime:0.000016s ]
INFO: [ app_init ] --END-- [ RunTime:0.000093s ]
INFO: [ app_begin ] --START--
INFO: Run Behavior\ReadHtmlCacheBehavior [ RunTime:0.000071s ]
INFO: [ app_begin ] --END-- [ RunTime:0.000131s ]
INFO: [ app_end ] --START--
INFO: Run Behavior\ShowPageTraceBehavior [ RunTime:0.000113s ]
INFO: [ app_end ] --END-- [ RunTime:0.000185s ]

[ 2019-03-18T19:33:19+08:00 ] 127.0.0.1 /index.php/admin/Account/yzmCode.html?0.4588201020893572
INFO: [ app_init ] --START--
INFO: Run Behavior\BuildLiteBehavior [ RunTime:0.000015s ]
INFO: [ app_init ] --END-- [ RunTime:0.000091s ]
INFO: [ app_begin ] --START--
INFO: Run Behavior\ReadHtmlCacheBehavior [ RunTime:0.000069s ]
INFO: [ app_begin ] --END-- [ RunTime:0.000129s ]
INFO: [ app_end ] --START--
INFO: Run Behavior\ShowPageTraceBehavior [ RunTime:0.000092s ]
INFO: [ app_end ] --END-- [ RunTime:0.000159s ]

[ 2019-03-18T19:33:20+08:00 ] 127.0.0.1 /index.php/admin/Account/yzmCode.html?0.1736990125146991
INFO: [ app_init ] --START--
INFO: Run Behavior\BuildLiteBehavior [ RunTime:0.000027s ]
INFO: [ app_init ] --END-- [ RunTime:0.000190s ]
INFO: [ app_begin ] --START--
INFO: Run Behavior\ReadHtmlCacheBehavior [ RunTime:0.000134s ]
INFO: [ app_begin ] --END-- [ RunTime:0.000249s ]
INFO: [ app_end ] --START--
INFO: Run Behavior\ShowPageTraceBehavior [ RunTime:0.000106s ]
INFO: [ app_end ] --END-- [ RunTime:0.000173s ]

[ 2019-03-18T19:33:21+08:00 ] 127.0.0.1 /index.php/admin/Account/yzmCode.html?0.20887508114816666
INFO: [ app_init ] --START--
INFO: Run Behavior\BuildLiteBehavior [ RunTime:0.000017s ]
INFO: [ app_init ] --END-- [ RunTime:0.000099s ]
INFO: [ app_begin ] --START--
INFO: Run Behavior\ReadHtmlCacheBehavior [ RunTime:0.000083s ]
INFO: [ app_begin ] --END-- [ RunTime:0.000147s ]
INFO: [ app_end ] --START--
INFO: Run Behavior\ShowPageTraceBehavior [ RunTime:0.000090s ]
INFO: [ app_end ] --END-- [ RunTime:0.000158s ]

[ 2019-03-18T19:33:21+08:00 ] 127.0.0.1 /index.php/admin/Account/yzmCode.html?0.38700890947012523
INFO: [ app_init ] --START--
INFO: Run Behavior\BuildLiteBehavior [ RunTime:0.000025s ]
INFO: [ app_init ] --END-- [ RunTime:0.000148s ]
INFO: [ app_begin ] --START--
INFO: Run Behavior\ReadHtmlCacheBehavior [ RunTime:0.000073s ]
INFO: [ app_begin ] --END-- [ RunTime:0.000133s ]
INFO: [ app_end ] --START--
INFO: Run Behavior\ShowPageTraceBehavior [ RunTime:0.000087s ]
INFO: [ app_end ] --END-- [ RunTime:0.000155s ]

[ 2019-03-18T19:33:26+08:00 ] 127.0.0.1 /index.php/admin/account/doLogin.html
INFO: [ app_init ] --START--
INFO: Run Behavior\BuildLiteBehavior [ RunTime:0.000017s ]
INFO: [ app_init ] --END-- [ RunTime:0.000132s ]
INFO: [ app_begin ] --START--
INFO: Run Behavior\ReadHtmlCacheBehavior [ RunTime:0.000078s ]
INFO: [ app_begin ] --END-- [ RunTime:0.000131s ]
SQL: SHOW COLUMNS FROM `common_system_user` [ RunTime:0.3073s ]
SQL: SELECT * FROM `common_system_user` WHERE `username` = 'admin' AND `passwd` = 'dd6e5e5918e94d997c686fcebc56922f' AND `status` = 1 LIMIT 1   [ RunTime:0.0085s ]
SQL: UPDATE `common_system_user` SET `login_time`='2019-03-18 19:33:26' WHERE ( id=1 ) [ RunTime:0.0875s ]
NOTIC: [8] Undefined variable: role D:\9wampserver\www\jcweb\Application\Admin\Controller\AccountController.class.php 第 52 行.
NOTIC: [8] Undefined variable: role D:\9wampserver\www\jcweb\Application\Admin\Controller\AccountController.class.php 第 56 行.
NOTIC: [8] Undefined variable: menus D:\9wampserver\www\jcweb\Application\Admin\Controller\AccountController.class.php 第 60 行.

[ 2019-03-18T19:33:27+08:00 ] 127.0.0.1 /index.php/admin/account/login.html
INFO: [ app_init ] --START--
INFO: Run Behavior\BuildLiteBehavior [ RunTime:0.000045s ]
INFO: [ app_init ] --END-- [ RunTime:0.000266s ]
INFO: [ app_begin ] --START--
INFO: Run Behavior\ReadHtmlCacheBehavior [ RunTime:0.000502s ]
INFO: [ app_begin ] --END-- [ RunTime:0.000817s ]
SQL: SHOW COLUMNS FROM `common_system_user` [ RunTime:0.0352s ]

[ 2019-03-18T19:33:27+08:00 ] 127.0.0.1 /index.php/admin/index.html
INFO: [ app_init ] --START--
INFO: Run Behavior\BuildLiteBehavior [ RunTime:0.000027s ]
INFO: [ app_init ] --END-- [ RunTime:0.000158s ]
INFO: [ app_begin ] --START--
INFO: Run Behavior\ReadHtmlCacheBehavior [ RunTime:0.000073s ]
INFO: [ app_begin ] --END-- [ RunTime:0.000147s ]
SQL: SHOW COLUMNS FROM `common_system_user` [ RunTime:0.0340s ]
INFO: [ view_parse ] --START--
INFO: [ template_filter ] --START--
INFO: Run Behavior\ContentReplaceBehavior [ RunTime:0.000176s ]
INFO: [ template_filter ] --END-- [ RunTime:0.000374s ]
INFO: Run Behavior\ParseTemplateBehavior [ RunTime:0.013060s ]
INFO: [ view_parse ] --END-- [ RunTime:0.013313s ]
INFO: [ view_filter ] --START--
INFO: Run Behavior\WriteHtmlCacheBehavior [ RunTime:0.000355s ]
INFO: [ view_filter ] --END-- [ RunTime:0.000558s ]
INFO: [ app_end ] --START--
INFO: Run Behavior\ShowPageTraceBehavior [ RunTime:0.000432s ]
INFO: [ app_end ] --END-- [ RunTime:0.000608s ]

[ 2019-03-18T19:33:28+08:00 ] 127.0.0.1 /admin/main/index.html
INFO: [ app_init ] --START--
INFO: Run Behavior\BuildLiteBehavior [ RunTime:0.000033s ]
INFO: [ app_init ] --END-- [ RunTime:0.000202s ]
INFO: [ app_begin ] --START--
INFO: Run Behavior\ReadHtmlCacheBehavior [ RunTime:0.000407s ]
INFO: [ app_begin ] --END-- [ RunTime:0.000552s ]
SQL: SHOW COLUMNS FROM `common_system_user` [ RunTime:0.1159s ]
INFO: [ view_parse ] --START--
INFO: [ template_filter ] --START--
INFO: Run Behavior\ContentReplaceBehavior [ RunTime:0.000161s ]
INFO: [ template_filter ] --END-- [ RunTime:0.000315s ]
INFO: Run Behavior\ParseTemplateBehavior [ RunTime:0.140192s ]
INFO: [ view_parse ] --END-- [ RunTime:0.140325s ]
INFO: [ view_filter ] --START--
INFO: Run Behavior\WriteHtmlCacheBehavior [ RunTime:0.000506s ]
INFO: [ view_filter ] --END-- [ RunTime:0.000657s ]
INFO: [ app_end ] --START--
INFO: Run Behavior\ShowPageTraceBehavior [ RunTime:0.000897s ]
INFO: [ app_end ] --END-- [ RunTime:0.001317s ]

[ 2019-03-18T19:33:28+08:00 ] 127.0.0.1 /index.php/admin/auth/menu.html
INFO: [ app_init ] --START--
INFO: Run Behavior\BuildLiteBehavior [ RunTime:0.000054s ]
INFO: [ app_init ] --END-- [ RunTime:0.000308s ]
INFO: [ app_begin ] --START--
INFO: Run Behavior\ReadHtmlCacheBehavior [ RunTime:0.000834s ]
INFO: [ app_begin ] --END-- [ RunTime:0.001047s ]
SQL: SHOW COLUMNS FROM `common_system_user` [ RunTime:0.0082s ]
SQL: SHOW COLUMNS FROM `common_admin_nav` [ RunTime:0.0113s ]
SQL: SELECT `id`,`name`,pid as parentid,`url`,`status`,`addtime`,`disorder`,`path`,`icon` FROM `common_admin_nav` WHERE ( status=1 ) ORDER BY pid asc,disorder asc  [ RunTime:0.0044s ]
NOTIC: [2] strrchr() expects exactly 2 parameters, 1 given D:\9wampserver\www\jcweb\Application\Admin\Controller\AuthController.class.php 第 511 行.
NOTIC: [2] strrchr() expects exactly 2 parameters, 1 given D:\9wampserver\www\jcweb\Application\Admin\Controller\AuthController.class.php 第 511 行.
NOTIC: [2] strrchr() expects exactly 2 parameters, 1 given D:\9wampserver\www\jcweb\Application\Admin\Controller\AuthController.class.php 第 511 行.
NOTIC: [2] strrchr() expects exactly 2 parameters, 1 given D:\9wampserver\www\jcweb\Application\Admin\Controller\AuthController.class.php 第 511 行.
NOTIC: [2] strrchr() expects exactly 2 parameters, 1 given D:\9wampserver\www\jcweb\Application\Admin\Controller\AuthController.class.php 第 511 行.
NOTIC: [2] strrchr() expects exactly 2 parameters, 1 given D:\9wampserver\www\jcweb\Application\Admin\Controller\AuthController.class.php 第 511 行.
NOTIC: [2] strrchr() expects exactly 2 parameters, 1 given D:\9wampserver\www\jcweb\Application\Admin\Controller\AuthController.class.php 第 511 行.
NOTIC: [2] strrchr() expects exactly 2 parameters, 1 given D:\9wampserver\www\jcweb\Application\Admin\Controller\AuthController.class.php 第 511 行.
NOTIC: [2] strrchr() expects exactly 2 parameters, 1 given D:\9wampserver\www\jcweb\Application\Admin\Controller\AuthController.class.php 第 511 行.
NOTIC: [2] strrchr() expects exactly 2 parameters, 1 given D:\9wampserver\www\jcweb\Application\Admin\Controller\AuthController.class.php 第 511 行.
NOTIC: [8] Undefined offset: 94 D:\9wampserver\www\jcweb\Application\Admin\Controller\AuthController.class.php 第 214 行.
NOTIC: [8] Undefined offset: 94 D:\9wampserver\www\jcweb\Application\Admin\Controller\AuthController.class.php 第 214 行.
NOTIC: [8] Undefined offset: 94 D:\9wampserver\www\jcweb\Application\Admin\Controller\AuthController.class.php 第 214 行.
NOTIC: [8] Undefined offset: 109 D:\9wampserver\www\jcweb\Application\Admin\Controller\AuthController.class.php 第 214 行.
NOTIC: [8] Undefined offset: 127 D:\9wampserver\www\jcweb\Application\Admin\Controller\AuthController.class.php 第 214 行.
NOTIC: [8] Undefined offset: 127 D:\9wampserver\www\jcweb\Application\Admin\Controller\AuthController.class.php 第 214 行.
NOTIC: [8] Undefined offset: 127 D:\9wampserver\www\jcweb\Application\Admin\Controller\AuthController.class.php 第 214 行.
NOTIC: [8] Undefined offset: 127 D:\9wampserver\www\jcweb\Application\Admin\Controller\AuthController.class.php 第 214 行.
NOTIC: [8] Undefined offset: 127 D:\9wampserver\www\jcweb\Application\Admin\Controller\AuthController.class.php 第 214 行.
NOTIC: [8] Undefined offset: 127 D:\9wampserver\www\jcweb\Application\Admin\Controller\AuthController.class.php 第 214 行.
NOTIC: [8] Undefined offset: 127 D:\9wampserver\www\jcweb\Application\Admin\Controller\AuthController.class.php 第 214 行.

[ 2019-03-18T19:33:29+08:00 ] 127.0.0.1 /index.php/Admin/Uploader/ueditor.html?action=config&&noCache=1552908808554
INFO: [ app_init ] --START--
INFO: Run Behavior\BuildLiteBehavior [ RunTime:0.000018s ]
INFO: [ app_init ] --END-- [ RunTime:0.000100s ]
INFO: [ app_begin ] --START--
INFO: Run Behavior\ReadHtmlCacheBehavior [ RunTime:0.000076s ]
INFO: [ app_begin ] --END-- [ RunTime:0.000142s ]
NOTIC: [2] include(exif.php): failed to open stream: No such file or directory D:\9wampserver\www\jcweb\Application\Admin\Controller\UploaderController.class.php 第 4 行.
NOTIC: [2] include(): Failed opening 'exif.php' for inclusion (include_path='.;C:\php\pear') D:\9wampserver\www\jcweb\Application\Admin\Controller\UploaderController.class.php 第 4 行.
SQL: SHOW COLUMNS FROM `common_system_user` [ RunTime:0.2003s ]
INFO: [ app_end ] --START--
INFO: Run Behavior\ShowPageTraceBehavior [ RunTime:0.000321s ]
INFO: [ app_end ] --END-- [ RunTime:0.000538s ]

[ 2019-03-18T19:33:38+08:00 ] 127.0.0.1 /admin/main/lunbo
INFO: [ app_init ] --START--
INFO: Run Behavior\BuildLiteBehavior [ RunTime:0.000052s ]
INFO: [ app_init ] --END-- [ RunTime:0.000421s ]
INFO: [ app_begin ] --START--
INFO: Run Behavior\ReadHtmlCacheBehavior [ RunTime:0.000162s ]
INFO: [ app_begin ] --END-- [ RunTime:0.000288s ]
SQL: SHOW COLUMNS FROM `common_system_user` [ RunTime:0.3084s ]
SQL: SHOW COLUMNS FROM `home_image` [ RunTime:0.2045s ]
SQL: SELECT * FROM `home_image` LIMIT 0,10   [ RunTime:0.0050s ]
SQL: SELECT COUNT(*) AS tp_count FROM `home_image` LIMIT 1   [ RunTime:0.0042s ]
INFO: [ view_parse ] --START--
INFO: [ template_filter ] --START--
INFO: Run Behavior\ContentReplaceBehavior [ RunTime:0.000288s ]
INFO: [ template_filter ] --END-- [ RunTime:0.000585s ]
NOTIC: [2] Use of undefined constant B - assumed 'B' (this will throw an Error in a future version of PHP) D:\9wampserver\www\jcweb\Application\Runtime\Cache\Admin\693fb95b42aef6a4f677611d1562b6e3.php 第 299 行.
NOTIC: [8] Undefined variable: centreno D:\9wampserver\www\jcweb\Application\Runtime\Cache\Admin\693fb95b42aef6a4f677611d1562b6e3.php 第 310 行.
NOTIC: [2] Use of undefined constant A - assumed 'A' (this will throw an Error in a future version of PHP) D:\9wampserver\www\jcweb\Application\Runtime\Cache\Admin\693fb95b42aef6a4f677611d1562b6e3.php 第 316 行.
NOTIC: [2] Use of undefined constant B - assumed 'B' (this will throw an Error in a future version of PHP) D:\9wampserver\www\jcweb\Application\Runtime\Cache\Admin\693fb95b42aef6a4f677611d1562b6e3.php 第 333 行.
INFO: Run Behavior\ParseTemplateBehavior [ RunTime:0.229522s ]
INFO: [ view_parse ] --END-- [ RunTime:0.229711s ]
INFO: [ view_filter ] --START--
INFO: Run Behavior\WriteHtmlCacheBehavior [ RunTime:0.000322s ]
INFO: [ view_filter ] --END-- [ RunTime:0.000514s ]
INFO: [ app_end ] --START--
INFO: Run Behavior\ShowPageTraceBehavior [ RunTime:0.000318s ]
INFO: [ app_end ] --END-- [ RunTime:0.000498s ]

[ 2019-03-18T19:33:39+08:00 ] 127.0.0.1 /index.php/Admin/Uploader/ueditor.html?action=config&&noCache=1552908819304
INFO: [ app_init ] --START--
INFO: Run Behavior\BuildLiteBehavior [ RunTime:0.000019s ]
INFO: [ app_init ] --END-- [ RunTime:0.000100s ]
INFO: [ app_begin ] --START--
INFO: Run Behavior\ReadHtmlCacheBehavior [ RunTime:0.000074s ]
INFO: [ app_begin ] --END-- [ RunTime:0.000134s ]
NOTIC: [2] include(exif.php): failed to open stream: No such file or directory D:\9wampserver\www\jcweb\Application\Admin\Controller\UploaderController.class.php 第 4 行.
NOTIC: [2] include(): Failed opening 'exif.php' for inclusion (include_path='.;C:\php\pear') D:\9wampserver\www\jcweb\Application\Admin\Controller\UploaderController.class.php 第 4 行.
SQL: SHOW COLUMNS FROM `common_system_user` [ RunTime:0.2614s ]
INFO: [ app_end ] --START--
INFO: Run Behavior\ShowPageTraceBehavior [ RunTime:0.000102s ]
INFO: [ app_end ] --END-- [ RunTime:0.000188s ]

