[ 2019-04-05T19:26:09+08:00 ] 127.0.0.1 /admin
INFO: [ app_init ] --START--
INFO: Run Behavior\BuildLiteBehavior [ RunTime:0.000016s ]
INFO: [ app_init ] --END-- [ RunTime:0.000161s ]
INFO: [ app_begin ] --START--
INFO: Run Behavior\ReadHtmlCacheBehavior [ RunTime:0.000239s ]
INFO: [ app_begin ] --END-- [ RunTime:0.000300s ]
SQL: SHOW COLUMNS FROM `common_system_user` [ RunTime:0.0448s ]
INFO: [ view_parse ] --START--
INFO: [ template_filter ] --START--
INFO: Run Behavior\ContentReplaceBehavior [ RunTime:0.000298s ]
INFO: [ template_filter ] --END-- [ RunTime:0.000358s ]
INFO: Run Behavior\ParseTemplateBehavior [ RunTime:0.038691s ]
INFO: [ view_parse ] --END-- [ RunTime:0.038775s ]
INFO: [ view_filter ] --START--
INFO: Run Behavior\WriteHtmlCacheBehavior [ RunTime:0.000183s ]
INFO: [ view_filter ] --END-- [ RunTime:0.000226s ]
INFO: [ app_end ] --START--
INFO: Run Behavior\ShowPageTraceBehavior [ RunTime:0.000148s ]
INFO: [ app_end ] --END-- [ RunTime:0.000190s ]

[ 2019-04-05T19:26:09+08:00 ] 127.0.0.1 /index.php/admin/account/login.html
INFO: [ app_init ] --START--
INFO: Run Behavior\BuildLiteBehavior [ RunTime:0.000012s ]
INFO: [ app_init ] --END-- [ RunTime:0.000071s ]
INFO: [ app_begin ] --START--
INFO: Run Behavior\ReadHtmlCacheBehavior [ RunTime:0.000076s ]
INFO: [ app_begin ] --END-- [ RunTime:0.000121s ]
SQL: SHOW COLUMNS FROM `common_system_user` [ RunTime:0.0085s ]
NOTIC: [8] Undefined variable: body C:\Coding\Php\Wampserver\www\jcweb\Application\Admin\Controller\AccountController.class.php 第 20 行.
INFO: [ view_parse ] --START--
INFO: [ template_filter ] --START--
INFO: Run Behavior\ContentReplaceBehavior [ RunTime:0.000037s ]
INFO: [ template_filter ] --END-- [ RunTime:0.000089s ]
INFO: Run Behavior\ParseTemplateBehavior [ RunTime:0.021967s ]
INFO: [ view_parse ] --END-- [ RunTime:0.022031s ]
INFO: [ view_filter ] --START--
INFO: Run Behavior\WriteHtmlCacheBehavior [ RunTime:0.000094s ]
INFO: [ view_filter ] --END-- [ RunTime:0.000135s ]
INFO: [ app_end ] --START--
INFO: Run Behavior\ShowPageTraceBehavior [ RunTime:0.000078s ]
INFO: [ app_end ] --END-- [ RunTime:0.000119s ]

[ 2019-04-05T19:26:09+08:00 ] 127.0.0.1 /index.php/admin/Account/yzmCode.html
INFO: [ app_init ] --START--
INFO: Run Behavior\BuildLiteBehavior [ RunTime:0.000017s ]
INFO: [ app_init ] --END-- [ RunTime:0.000092s ]
INFO: [ app_begin ] --START--
INFO: Run Behavior\ReadHtmlCacheBehavior [ RunTime:0.000096s ]
INFO: [ app_begin ] --END-- [ RunTime:0.000159s ]
INFO: [ app_end ] --START--
INFO: Run Behavior\ShowPageTraceBehavior [ RunTime:0.000169s ]
INFO: [ app_end ] --END-- [ RunTime:0.000237s ]

[ 2019-04-05T19:26:10+08:00 ] 127.0.0.1 /index.php/admin/Account/yzmCode.html
INFO: [ app_init ] --START--
INFO: Run Behavior\BuildLiteBehavior [ RunTime:0.000020s ]
INFO: [ app_init ] --END-- [ RunTime:0.000149s ]
INFO: [ app_begin ] --START--
INFO: Run Behavior\ReadHtmlCacheBehavior [ RunTime:0.000079s ]
INFO: [ app_begin ] --END-- [ RunTime:0.000130s ]
INFO: [ app_end ] --START--
INFO: Run Behavior\ShowPageTraceBehavior [ RunTime:0.000233s ]
INFO: [ app_end ] --END-- [ RunTime:0.000310s ]

[ 2019-04-05T19:26:20+08:00 ] 127.0.0.1 /index.php/admin/Account/yzmCode.html?0.21820765959035304
INFO: [ app_init ] --START--
INFO: Run Behavior\BuildLiteBehavior [ RunTime:0.000015s ]
INFO: [ app_init ] --END-- [ RunTime:0.000106s ]
INFO: [ app_begin ] --START--
INFO: Run Behavior\ReadHtmlCacheBehavior [ RunTime:0.000099s ]
INFO: [ app_begin ] --END-- [ RunTime:0.000148s ]
INFO: [ app_end ] --START--
INFO: Run Behavior\ShowPageTraceBehavior [ RunTime:0.000125s ]
INFO: [ app_end ] --END-- [ RunTime:0.000174s ]

[ 2019-04-05T19:26:21+08:00 ] 127.0.0.1 /index.php/admin/Account/yzmCode.html?0.2801630503170902
INFO: [ app_init ] --START--
INFO: Run Behavior\BuildLiteBehavior [ RunTime:0.000015s ]
INFO: [ app_init ] --END-- [ RunTime:0.000080s ]
INFO: [ app_begin ] --START--
INFO: Run Behavior\ReadHtmlCacheBehavior [ RunTime:0.000079s ]
INFO: [ app_begin ] --END-- [ RunTime:0.000130s ]
INFO: [ app_end ] --START--
INFO: Run Behavior\ShowPageTraceBehavior [ RunTime:0.000131s ]
INFO: [ app_end ] --END-- [ RunTime:0.000187s ]

[ 2019-04-05T19:26:26+08:00 ] 127.0.0.1 /index.php/admin/account/doLogin.html
INFO: [ app_init ] --START--
INFO: Run Behavior\BuildLiteBehavior [ RunTime:0.000041s ]
INFO: [ app_init ] --END-- [ RunTime:0.000145s ]
INFO: [ app_begin ] --START--
INFO: Run Behavior\ReadHtmlCacheBehavior [ RunTime:0.000092s ]
INFO: [ app_begin ] --END-- [ RunTime:0.000137s ]

[ 2019-04-05T19:26:26+08:00 ] 127.0.0.1 /index.php/admin/Account/yzmCode.html?0.7491799367977072
INFO: [ app_init ] --START--
INFO: Run Behavior\BuildLiteBehavior [ RunTime:0.000014s ]
INFO: [ app_init ] --END-- [ RunTime:0.000080s ]
INFO: [ app_begin ] --START--
INFO: Run Behavior\ReadHtmlCacheBehavior [ RunTime:0.000081s ]
INFO: [ app_begin ] --END-- [ RunTime:0.000131s ]
INFO: [ app_end ] --START--
INFO: Run Behavior\ShowPageTraceBehavior [ RunTime:0.000135s ]
INFO: [ app_end ] --END-- [ RunTime:0.000190s ]

[ 2019-04-05T19:26:33+08:00 ] 127.0.0.1 /index.php/admin/account/doLogin.html
INFO: [ app_init ] --START--
INFO: Run Behavior\BuildLiteBehavior [ RunTime:0.000014s ]
INFO: [ app_init ] --END-- [ RunTime:0.000103s ]
INFO: [ app_begin ] --START--
INFO: Run Behavior\ReadHtmlCacheBehavior [ RunTime:0.000094s ]
INFO: [ app_begin ] --END-- [ RunTime:0.000138s ]
SQL: SHOW COLUMNS FROM `common_system_user` [ RunTime:0.0213s ]
SQL: SELECT * FROM `common_system_user` WHERE `username` = 'admin' AND `passwd` = 'dd6e5e5918e94d997c686fcebc56922f' AND `status` = 1 LIMIT 1   [ RunTime:0.0050s ]
SQL: UPDATE `common_system_user` SET `login_time`='2019-04-05 19:26:33' WHERE ( id=1 ) [ RunTime:0.0052s ]
NOTIC: [8] Undefined variable: role C:\Coding\Php\Wampserver\www\jcweb\Application\Admin\Controller\AccountController.class.php 第 52 行.
NOTIC: [8] Undefined variable: role C:\Coding\Php\Wampserver\www\jcweb\Application\Admin\Controller\AccountController.class.php 第 56 行.
NOTIC: [8] Undefined variable: menus C:\Coding\Php\Wampserver\www\jcweb\Application\Admin\Controller\AccountController.class.php 第 60 行.

[ 2019-04-05T19:26:33+08:00 ] 127.0.0.1 /index.php/admin/account/login.html
INFO: [ app_init ] --START--
INFO: Run Behavior\BuildLiteBehavior [ RunTime:0.000015s ]
INFO: [ app_init ] --END-- [ RunTime:0.000083s ]
INFO: [ app_begin ] --START--
INFO: Run Behavior\ReadHtmlCacheBehavior [ RunTime:0.000108s ]
INFO: [ app_begin ] --END-- [ RunTime:0.000196s ]
SQL: SHOW COLUMNS FROM `common_system_user` [ RunTime:0.0072s ]

[ 2019-04-05T19:26:36+08:00 ] 127.0.0.1 /index.php/admin/index.html
INFO: [ app_init ] --START--
INFO: Run Behavior\BuildLiteBehavior [ RunTime:0.000014s ]
INFO: [ app_init ] --END-- [ RunTime:0.000081s ]
INFO: [ app_begin ] --START--
INFO: Run Behavior\ReadHtmlCacheBehavior [ RunTime:0.000081s ]
INFO: [ app_begin ] --END-- [ RunTime:0.000133s ]
SQL: SHOW COLUMNS FROM `common_system_user` [ RunTime:0.0129s ]
INFO: [ view_parse ] --START--
INFO: [ template_filter ] --START--
INFO: Run Behavior\ContentReplaceBehavior [ RunTime:0.000102s ]
INFO: [ template_filter ] --END-- [ RunTime:0.000245s ]
INFO: Run Behavior\ParseTemplateBehavior [ RunTime:0.006014s ]
INFO: [ view_parse ] --END-- [ RunTime:0.006108s ]
INFO: [ view_filter ] --START--
INFO: Run Behavior\WriteHtmlCacheBehavior [ RunTime:0.000117s ]
INFO: [ view_filter ] --END-- [ RunTime:0.000160s ]
INFO: [ app_end ] --START--
INFO: Run Behavior\ShowPageTraceBehavior [ RunTime:0.000096s ]
INFO: [ app_end ] --END-- [ RunTime:0.000137s ]

[ 2019-04-05T19:26:36+08:00 ] 127.0.0.1 /admin/main/index.html
INFO: [ app_init ] --START--
INFO: Run Behavior\BuildLiteBehavior [ RunTime:0.000031s ]
INFO: [ app_init ] --END-- [ RunTime:0.000170s ]
INFO: [ app_begin ] --START--
INFO: Run Behavior\ReadHtmlCacheBehavior [ RunTime:0.000099s ]
INFO: [ app_begin ] --END-- [ RunTime:0.000151s ]
SQL: SHOW COLUMNS FROM `common_system_user` [ RunTime:0.0187s ]
INFO: [ view_parse ] --START--
INFO: [ template_filter ] --START--
INFO: Run Behavior\ContentReplaceBehavior [ RunTime:0.000056s ]
INFO: [ template_filter ] --END-- [ RunTime:0.000113s ]
INFO: Run Behavior\ParseTemplateBehavior [ RunTime:0.040200s ]
INFO: [ view_parse ] --END-- [ RunTime:0.040337s ]
INFO: [ view_filter ] --START--
INFO: Run Behavior\WriteHtmlCacheBehavior [ RunTime:0.000145s ]
INFO: [ view_filter ] --END-- [ RunTime:0.000188s ]
INFO: [ app_end ] --START--
INFO: Run Behavior\ShowPageTraceBehavior [ RunTime:0.000102s ]
INFO: [ app_end ] --END-- [ RunTime:0.000147s ]

[ 2019-04-05T19:26:36+08:00 ] 127.0.0.1 /index.php/admin/auth/menu.html
INFO: [ app_init ] --START--
INFO: Run Behavior\BuildLiteBehavior [ RunTime:0.000015s ]
INFO: [ app_init ] --END-- [ RunTime:0.000105s ]
INFO: [ app_begin ] --START--
INFO: Run Behavior\ReadHtmlCacheBehavior [ RunTime:0.000296s ]
INFO: [ app_begin ] --END-- [ RunTime:0.000352s ]
SQL: SHOW COLUMNS FROM `common_system_user` [ RunTime:0.0205s ]
SQL: SHOW COLUMNS FROM `common_admin_nav` [ RunTime:0.0345s ]
SQL: SELECT `id`,`name`,pid as parentid,`url`,`status`,`addtime`,`disorder`,`path`,`icon` FROM `common_admin_nav` WHERE ( status=1 ) ORDER BY pid asc,disorder asc  [ RunTime:0.0043s ]
NOTIC: [2] strrchr() expects exactly 2 parameters, 1 given C:\Coding\Php\Wampserver\www\jcweb\Application\Admin\Controller\AuthController.class.php 第 511 行.
NOTIC: [2] strrchr() expects exactly 2 parameters, 1 given C:\Coding\Php\Wampserver\www\jcweb\Application\Admin\Controller\AuthController.class.php 第 511 行.
NOTIC: [2] strrchr() expects exactly 2 parameters, 1 given C:\Coding\Php\Wampserver\www\jcweb\Application\Admin\Controller\AuthController.class.php 第 511 行.
NOTIC: [2] strrchr() expects exactly 2 parameters, 1 given C:\Coding\Php\Wampserver\www\jcweb\Application\Admin\Controller\AuthController.class.php 第 511 行.
NOTIC: [2] strrchr() expects exactly 2 parameters, 1 given C:\Coding\Php\Wampserver\www\jcweb\Application\Admin\Controller\AuthController.class.php 第 511 行.
NOTIC: [2] strrchr() expects exactly 2 parameters, 1 given C:\Coding\Php\Wampserver\www\jcweb\Application\Admin\Controller\AuthController.class.php 第 511 行.
NOTIC: [2] strrchr() expects exactly 2 parameters, 1 given C:\Coding\Php\Wampserver\www\jcweb\Application\Admin\Controller\AuthController.class.php 第 511 行.
NOTIC: [2] strrchr() expects exactly 2 parameters, 1 given C:\Coding\Php\Wampserver\www\jcweb\Application\Admin\Controller\AuthController.class.php 第 511 行.
NOTIC: [2] strrchr() expects exactly 2 parameters, 1 given C:\Coding\Php\Wampserver\www\jcweb\Application\Admin\Controller\AuthController.class.php 第 511 行.
NOTIC: [2] strrchr() expects exactly 2 parameters, 1 given C:\Coding\Php\Wampserver\www\jcweb\Application\Admin\Controller\AuthController.class.php 第 511 行.
NOTIC: [2] strrchr() expects exactly 2 parameters, 1 given C:\Coding\Php\Wampserver\www\jcweb\Application\Admin\Controller\AuthController.class.php 第 511 行.
NOTIC: [8] Undefined offset: 94 C:\Coding\Php\Wampserver\www\jcweb\Application\Admin\Controller\AuthController.class.php 第 214 行.
NOTIC: [8] Undefined offset: 94 C:\Coding\Php\Wampserver\www\jcweb\Application\Admin\Controller\AuthController.class.php 第 214 行.
NOTIC: [8] Undefined offset: 94 C:\Coding\Php\Wampserver\www\jcweb\Application\Admin\Controller\AuthController.class.php 第 214 行.
NOTIC: [8] Undefined offset: 109 C:\Coding\Php\Wampserver\www\jcweb\Application\Admin\Controller\AuthController.class.php 第 214 行.
NOTIC: [8] Undefined offset: 127 C:\Coding\Php\Wampserver\www\jcweb\Application\Admin\Controller\AuthController.class.php 第 214 行.
NOTIC: [8] Undefined offset: 127 C:\Coding\Php\Wampserver\www\jcweb\Application\Admin\Controller\AuthController.class.php 第 214 行.
NOTIC: [8] Undefined offset: 127 C:\Coding\Php\Wampserver\www\jcweb\Application\Admin\Controller\AuthController.class.php 第 214 行.
NOTIC: [8] Undefined offset: 127 C:\Coding\Php\Wampserver\www\jcweb\Application\Admin\Controller\AuthController.class.php 第 214 行.
NOTIC: [8] Undefined offset: 127 C:\Coding\Php\Wampserver\www\jcweb\Application\Admin\Controller\AuthController.class.php 第 214 行.
NOTIC: [8] Undefined offset: 127 C:\Coding\Php\Wampserver\www\jcweb\Application\Admin\Controller\AuthController.class.php 第 214 行.
NOTIC: [8] Undefined offset: 127 C:\Coding\Php\Wampserver\www\jcweb\Application\Admin\Controller\AuthController.class.php 第 214 行.

[ 2019-04-05T19:26:36+08:00 ] 127.0.0.1 /index.php/Admin/Uploader/ueditor.html?action=config&&noCache=1554463596669
INFO: [ app_init ] --START--
INFO: Run Behavior\BuildLiteBehavior [ RunTime:0.000013s ]
INFO: [ app_init ] --END-- [ RunTime:0.000074s ]
INFO: [ app_begin ] --START--
INFO: Run Behavior\ReadHtmlCacheBehavior [ RunTime:0.000082s ]
INFO: [ app_begin ] --END-- [ RunTime:0.000128s ]
NOTIC: [2] include(exif.php): failed to open stream: No such file or directory C:\Coding\Php\Wampserver\www\jcweb\Application\Admin\Controller\UploaderController.class.php 第 4 行.
NOTIC: [2] include(): Failed opening 'exif.php' for inclusion (include_path='.;C:\php\pear') C:\Coding\Php\Wampserver\www\jcweb\Application\Admin\Controller\UploaderController.class.php 第 4 行.
SQL: SHOW COLUMNS FROM `common_system_user` [ RunTime:0.0109s ]
INFO: [ app_end ] --START--
INFO: Run Behavior\ShowPageTraceBehavior [ RunTime:0.000200s ]
INFO: [ app_end ] --END-- [ RunTime:0.000268s ]

[ 2019-04-05T19:26:40+08:00 ] 127.0.0.1 /admin/edit/standardized
INFO: [ app_init ] --START--
INFO: Run Behavior\BuildLiteBehavior [ RunTime:0.000012s ]
INFO: [ app_init ] --END-- [ RunTime:0.000126s ]
INFO: [ app_begin ] --START--
INFO: Run Behavior\ReadHtmlCacheBehavior [ RunTime:0.000100s ]
INFO: [ app_begin ] --END-- [ RunTime:0.000147s ]
NOTIC: [2] Declaration of Admin\Controller\EditController::show() should be compatible with Think\Controller::show($content, $charset = '', $contentType = '', $prefix = '') C:\Coding\Php\Wampserver\www\jcweb\Application\Admin\Controller\EditController.class.php 第 0 行.
SQL: SHOW COLUMNS FROM `common_system_user` [ RunTime:0.3136s ]
SQL: SHOW COLUMNS FROM `standard` [ RunTime:0.0413s ]
SQL: SELECT * FROM `standard` WHERE ( type = 0 ) LIMIT 0,10   [ RunTime:0.0043s ]
SQL: SELECT COUNT(*) AS tp_count FROM `standard` WHERE ( type = 0 ) LIMIT 1   [ RunTime:0.0042s ]
INFO: [ view_parse ] --START--
INFO: [ template_filter ] --START--
INFO: Run Behavior\ContentReplaceBehavior [ RunTime:0.000069s ]
INFO: [ template_filter ] --END-- [ RunTime:0.000126s ]
NOTIC: [2] Use of undefined constant A - assumed 'A' (this will throw an Error in a future version of PHP) C:\Coding\Php\Wampserver\www\jcweb\Application\Runtime\Cache\Admin\b6e9c1a33fbe12149d6496127f6c8405.php 第 303 行.
NOTIC: [2] Use of undefined constant B - assumed 'B' (this will throw an Error in a future version of PHP) C:\Coding\Php\Wampserver\www\jcweb\Application\Runtime\Cache\Admin\b6e9c1a33fbe12149d6496127f6c8405.php 第 304 行.
NOTIC: [2] Use of undefined constant C - assumed 'C' (this will throw an Error in a future version of PHP) C:\Coding\Php\Wampserver\www\jcweb\Application\Runtime\Cache\Admin\b6e9c1a33fbe12149d6496127f6c8405.php 第 305 行.
INFO: Run Behavior\ParseTemplateBehavior [ RunTime:0.039750s ]
INFO: [ view_parse ] --END-- [ RunTime:0.039805s ]
INFO: [ view_filter ] --START--
INFO: Run Behavior\WriteHtmlCacheBehavior [ RunTime:0.000186s ]
INFO: [ view_filter ] --END-- [ RunTime:0.000229s ]
INFO: [ app_end ] --START--
INFO: Run Behavior\ShowPageTraceBehavior [ RunTime:0.000148s ]
INFO: [ app_end ] --END-- [ RunTime:0.000192s ]

[ 2019-04-05T19:26:40+08:00 ] 127.0.0.1 /index.php/Admin/Uploader/ueditor.html?action=config&&noCache=1554463600466
INFO: [ app_init ] --START--
INFO: Run Behavior\BuildLiteBehavior [ RunTime:0.000012s ]
INFO: [ app_init ] --END-- [ RunTime:0.000078s ]
INFO: [ app_begin ] --START--
INFO: Run Behavior\ReadHtmlCacheBehavior [ RunTime:0.000078s ]
INFO: [ app_begin ] --END-- [ RunTime:0.000128s ]
NOTIC: [2] include(exif.php): failed to open stream: No such file or directory C:\Coding\Php\Wampserver\www\jcweb\Application\Admin\Controller\UploaderController.class.php 第 4 行.
NOTIC: [2] include(): Failed opening 'exif.php' for inclusion (include_path='.;C:\php\pear') C:\Coding\Php\Wampserver\www\jcweb\Application\Admin\Controller\UploaderController.class.php 第 4 行.
SQL: SHOW COLUMNS FROM `common_system_user` [ RunTime:0.0181s ]
INFO: [ app_end ] --START--
INFO: Run Behavior\ShowPageTraceBehavior [ RunTime:0.000088s ]
INFO: [ app_end ] --END-- [ RunTime:0.000148s ]

[ 2019-04-05T19:26:41+08:00 ] 127.0.0.1 /admin/edit/inspection
INFO: [ app_init ] --START--
INFO: Run Behavior\BuildLiteBehavior [ RunTime:0.000014s ]
INFO: [ app_init ] --END-- [ RunTime:0.000097s ]
INFO: [ app_begin ] --START--
INFO: Run Behavior\ReadHtmlCacheBehavior [ RunTime:0.000197s ]
INFO: [ app_begin ] --END-- [ RunTime:0.000248s ]
NOTIC: [2] Declaration of Admin\Controller\EditController::show() should be compatible with Think\Controller::show($content, $charset = '', $contentType = '', $prefix = '') C:\Coding\Php\Wampserver\www\jcweb\Application\Admin\Controller\EditController.class.php 第 0 行.
SQL: SHOW COLUMNS FROM `common_system_user` [ RunTime:0.0205s ]
SQL: SHOW COLUMNS FROM `inspection_process` [ RunTime:0.0228s ]
SQL: SELECT * FROM `inspection_process` LIMIT 1   [ RunTime:0.0040s ]
INFO: [ view_parse ] --START--
INFO: [ template_filter ] --START--
INFO: Run Behavior\ContentReplaceBehavior [ RunTime:0.000072s ]
INFO: [ template_filter ] --END-- [ RunTime:0.000123s ]
NOTIC: [2] Use of undefined constant A - assumed 'A' (this will throw an Error in a future version of PHP) C:\Coding\Php\Wampserver\www\jcweb\Application\Runtime\Cache\Admin\db41ffc0dfb04011f095ae5ac58e2868.php 第 294 行.
NOTIC: [2] Use of undefined constant B - assumed 'B' (this will throw an Error in a future version of PHP) C:\Coding\Php\Wampserver\www\jcweb\Application\Runtime\Cache\Admin\db41ffc0dfb04011f095ae5ac58e2868.php 第 311 行.
INFO: Run Behavior\ParseTemplateBehavior [ RunTime:0.048038s ]
INFO: [ view_parse ] --END-- [ RunTime:0.048132s ]
INFO: [ view_filter ] --START--
INFO: Run Behavior\WriteHtmlCacheBehavior [ RunTime:0.000167s ]
INFO: [ view_filter ] --END-- [ RunTime:0.000210s ]
INFO: [ app_end ] --START--
INFO: Run Behavior\ShowPageTraceBehavior [ RunTime:0.000230s ]
INFO: [ app_end ] --END-- [ RunTime:0.000295s ]

[ 2019-04-05T19:26:41+08:00 ] 127.0.0.1 /index.php/Admin/Uploader/ueditor.html?action=config&&noCache=1554463601229
INFO: [ app_init ] --START--
INFO: Run Behavior\BuildLiteBehavior [ RunTime:0.000013s ]
INFO: [ app_init ] --END-- [ RunTime:0.000073s ]
INFO: [ app_begin ] --START--
INFO: Run Behavior\ReadHtmlCacheBehavior [ RunTime:0.000079s ]
INFO: [ app_begin ] --END-- [ RunTime:0.000128s ]
NOTIC: [2] include(exif.php): failed to open stream: No such file or directory C:\Coding\Php\Wampserver\www\jcweb\Application\Admin\Controller\UploaderController.class.php 第 4 行.
NOTIC: [2] include(): Failed opening 'exif.php' for inclusion (include_path='.;C:\php\pear') C:\Coding\Php\Wampserver\www\jcweb\Application\Admin\Controller\UploaderController.class.php 第 4 行.
SQL: SHOW COLUMNS FROM `common_system_user` [ RunTime:0.0068s ]
INFO: [ app_end ] --START--
INFO: Run Behavior\ShowPageTraceBehavior [ RunTime:0.000139s ]
INFO: [ app_end ] --END-- [ RunTime:0.000220s ]

[ 2019-04-05T19:26:42+08:00 ] 127.0.0.1 /admin/edit/inspection?de=B
INFO: [ app_init ] --START--
INFO: Run Behavior\BuildLiteBehavior [ RunTime:0.000012s ]
INFO: [ app_init ] --END-- [ RunTime:0.000126s ]
INFO: [ app_begin ] --START--
INFO: Run Behavior\ReadHtmlCacheBehavior [ RunTime:0.000093s ]
INFO: [ app_begin ] --END-- [ RunTime:0.000139s ]
NOTIC: [2] Declaration of Admin\Controller\EditController::show() should be compatible with Think\Controller::show($content, $charset = '', $contentType = '', $prefix = '') C:\Coding\Php\Wampserver\www\jcweb\Application\Admin\Controller\EditController.class.php 第 0 行.
SQL: SHOW COLUMNS FROM `common_system_user` [ RunTime:0.0098s ]
SQL: SHOW COLUMNS FROM `inspection_scope` [ RunTime:0.0082s ]
SQL: SELECT * FROM `inspection_scope` ORDER BY id desc LIMIT 0,10   [ RunTime:0.0035s ]
SQL: SELECT COUNT(*) AS tp_count FROM `inspection_scope` LIMIT 1   [ RunTime:0.0038s ]
INFO: [ view_parse ] --START--
INFO: [ template_filter ] --START--
INFO: Run Behavior\ContentReplaceBehavior [ RunTime:0.000071s ]
INFO: [ template_filter ] --END-- [ RunTime:0.000118s ]
NOTIC: [2] Use of undefined constant A - assumed 'A' (this will throw an Error in a future version of PHP) C:\Coding\Php\Wampserver\www\jcweb\Application\Runtime\Cache\Admin\db41ffc0dfb04011f095ae5ac58e2868.php 第 294 行.
NOTIC: [2] Use of undefined constant B - assumed 'B' (this will throw an Error in a future version of PHP) C:\Coding\Php\Wampserver\www\jcweb\Application\Runtime\Cache\Admin\db41ffc0dfb04011f095ae5ac58e2868.php 第 311 行.
NOTIC: [8] Undefined variable: centreno C:\Coding\Php\Wampserver\www\jcweb\Application\Runtime\Cache\Admin\db41ffc0dfb04011f095ae5ac58e2868.php 第 350 行.
INFO: Run Behavior\ParseTemplateBehavior [ RunTime:0.031664s ]
INFO: [ view_parse ] --END-- [ RunTime:0.031717s ]
INFO: [ view_filter ] --START--
INFO: Run Behavior\WriteHtmlCacheBehavior [ RunTime:0.000177s ]
INFO: [ view_filter ] --END-- [ RunTime:0.000225s ]
INFO: [ app_end ] --START--
INFO: Run Behavior\ShowPageTraceBehavior [ RunTime:0.000145s ]
INFO: [ app_end ] --END-- [ RunTime:0.000199s ]

[ 2019-04-05T19:26:42+08:00 ] 127.0.0.1 /index.php/Admin/Uploader/ueditor.html?action=config&&noCache=1554463602329
INFO: [ app_init ] --START--
INFO: Run Behavior\BuildLiteBehavior [ RunTime:0.000013s ]
INFO: [ app_init ] --END-- [ RunTime:0.000073s ]
INFO: [ app_begin ] --START--
INFO: Run Behavior\ReadHtmlCacheBehavior [ RunTime:0.000075s ]
INFO: [ app_begin ] --END-- [ RunTime:0.000120s ]
NOTIC: [2] include(exif.php): failed to open stream: No such file or directory C:\Coding\Php\Wampserver\www\jcweb\Application\Admin\Controller\UploaderController.class.php 第 4 行.
NOTIC: [2] include(): Failed opening 'exif.php' for inclusion (include_path='.;C:\php\pear') C:\Coding\Php\Wampserver\www\jcweb\Application\Admin\Controller\UploaderController.class.php 第 4 行.
SQL: SHOW COLUMNS FROM `common_system_user` [ RunTime:0.0065s ]
INFO: [ app_end ] --START--
INFO: Run Behavior\ShowPageTraceBehavior [ RunTime:0.000084s ]
INFO: [ app_end ] --END-- [ RunTime:0.000148s ]

[ 2019-04-05T19:26:50+08:00 ] 127.0.0.1 /index.php/Admin/Uploader/excelUpload.html
INFO: [ app_init ] --START--
INFO: Run Behavior\BuildLiteBehavior [ RunTime:0.000012s ]
INFO: [ app_init ] --END-- [ RunTime:0.000096s ]
INFO: [ app_begin ] --START--
INFO: Run Behavior\ReadHtmlCacheBehavior [ RunTime:0.000088s ]
INFO: [ app_begin ] --END-- [ RunTime:0.000133s ]
NOTIC: [2] include(exif.php): failed to open stream: No such file or directory C:\Coding\Php\Wampserver\www\jcweb\Application\Admin\Controller\UploaderController.class.php 第 4 行.
NOTIC: [2] include(): Failed opening 'exif.php' for inclusion (include_path='.;C:\php\pear') C:\Coding\Php\Wampserver\www\jcweb\Application\Admin\Controller\UploaderController.class.php 第 4 行.
SQL: SHOW COLUMNS FROM `common_system_user` [ RunTime:0.0204s ]
NOTIC: [2] call_user_func() expects parameter 1 to be a valid callback, no array or string given C:\Coding\Php\Wampserver\www\jcweb\ThinkPHP\Library\Think\Upload.class.php 第 170 行.
INFO: [ app_end ] --START--
INFO: Run Behavior\ShowPageTraceBehavior [ RunTime:0.000324s ]
INFO: [ app_end ] --END-- [ RunTime:0.000384s ]

[ 2019-04-05T19:26:51+08:00 ] 127.0.0.1 /index.php/admin/edit/impt2.html
INFO: [ app_init ] --START--
INFO: Run Behavior\BuildLiteBehavior [ RunTime:0.000013s ]
INFO: [ app_init ] --END-- [ RunTime:0.000073s ]
INFO: [ app_begin ] --START--
INFO: Run Behavior\ReadHtmlCacheBehavior [ RunTime:0.000127s ]
INFO: [ app_begin ] --END-- [ RunTime:0.000175s ]
NOTIC: [2] Declaration of Admin\Controller\EditController::show() should be compatible with Think\Controller::show($content, $charset = '', $contentType = '', $prefix = '') C:\Coding\Php\Wampserver\www\jcweb\Application\Admin\Controller\EditController.class.php 第 0 行.
SQL: SHOW COLUMNS FROM `common_system_user` [ RunTime:0.0109s ]
NOTIC: [2] Illegal string offset 'error' C:\Coding\Php\Wampserver\www\jcweb\Application\Admin\Controller\EditController.class.php 第 1229 行.
INFO: [ app_end ] --START--
INFO: Run Behavior\ShowPageTraceBehavior [ RunTime:0.000108s ]
INFO: [ app_end ] --END-- [ RunTime:0.000157s ]

[ 2019-04-05T19:30:50+08:00 ] 127.0.0.1 /admin/edit/inspection
INFO: [ app_init ] --START--
INFO: Run Behavior\BuildLiteBehavior [ RunTime:0.000013s ]
INFO: [ app_init ] --END-- [ RunTime:0.000126s ]
INFO: [ app_begin ] --START--
INFO: Run Behavior\ReadHtmlCacheBehavior [ RunTime:0.000181s ]
INFO: [ app_begin ] --END-- [ RunTime:0.000227s ]
NOTIC: [2] Declaration of Admin\Controller\EditController::show() should be compatible with Think\Controller::show($content, $charset = '', $contentType = '', $prefix = '') C:\Coding\Php\Wampserver\www\jcweb\Application\Admin\Controller\EditController.class.php 第 0 行.
SQL: SHOW COLUMNS FROM `common_system_user` [ RunTime:0.0171s ]
SQL: SHOW COLUMNS FROM `inspection_process` [ RunTime:0.0089s ]
SQL: SELECT * FROM `inspection_process` LIMIT 1   [ RunTime:0.0033s ]
INFO: [ view_parse ] --START--
INFO: [ template_filter ] --START--
INFO: Run Behavior\ContentReplaceBehavior [ RunTime:0.000073s ]
INFO: [ template_filter ] --END-- [ RunTime:0.000120s ]
NOTIC: [2] Use of undefined constant A - assumed 'A' (this will throw an Error in a future version of PHP) C:\Coding\Php\Wampserver\www\jcweb\Application\Runtime\Cache\Admin\db41ffc0dfb04011f095ae5ac58e2868.php 第 294 行.
NOTIC: [2] Use of undefined constant B - assumed 'B' (this will throw an Error in a future version of PHP) C:\Coding\Php\Wampserver\www\jcweb\Application\Runtime\Cache\Admin\db41ffc0dfb04011f095ae5ac58e2868.php 第 311 行.
INFO: Run Behavior\ParseTemplateBehavior [ RunTime:0.030112s ]
INFO: [ view_parse ] --END-- [ RunTime:0.030170s ]
INFO: [ view_filter ] --START--
INFO: Run Behavior\WriteHtmlCacheBehavior [ RunTime:0.000198s ]
INFO: [ view_filter ] --END-- [ RunTime:0.000242s ]
INFO: [ app_end ] --START--
INFO: Run Behavior\ShowPageTraceBehavior [ RunTime:0.000169s ]
INFO: [ app_end ] --END-- [ RunTime:0.000213s ]

[ 2019-04-05T19:30:50+08:00 ] 127.0.0.1 /index.php/Admin/Uploader/ueditor.html?action=config&&noCache=1554463850255
INFO: [ app_init ] --START--
INFO: Run Behavior\BuildLiteBehavior [ RunTime:0.000015s ]
INFO: [ app_init ] --END-- [ RunTime:0.000085s ]
INFO: [ app_begin ] --START--
INFO: Run Behavior\ReadHtmlCacheBehavior [ RunTime:0.000087s ]
INFO: [ app_begin ] --END-- [ RunTime:0.000138s ]
NOTIC: [2] include(exif.php): failed to open stream: No such file or directory C:\Coding\Php\Wampserver\www\jcweb\Application\Admin\Controller\UploaderController.class.php 第 4 行.
NOTIC: [2] include(): Failed opening 'exif.php' for inclusion (include_path='.;C:\php\pear') C:\Coding\Php\Wampserver\www\jcweb\Application\Admin\Controller\UploaderController.class.php 第 4 行.
SQL: SHOW COLUMNS FROM `common_system_user` [ RunTime:0.0122s ]
INFO: [ app_end ] --START--
INFO: Run Behavior\ShowPageTraceBehavior [ RunTime:0.000090s ]
INFO: [ app_end ] --END-- [ RunTime:0.000144s ]

[ 2019-04-05T19:30:51+08:00 ] 127.0.0.1 /admin/edit/inspection?de=B
INFO: [ app_init ] --START--
INFO: Run Behavior\BuildLiteBehavior [ RunTime:0.000012s ]
INFO: [ app_init ] --END-- [ RunTime:0.000070s ]
INFO: [ app_begin ] --START--
INFO: Run Behavior\ReadHtmlCacheBehavior [ RunTime:0.000078s ]
INFO: [ app_begin ] --END-- [ RunTime:0.000122s ]
NOTIC: [2] Declaration of Admin\Controller\EditController::show() should be compatible with Think\Controller::show($content, $charset = '', $contentType = '', $prefix = '') C:\Coding\Php\Wampserver\www\jcweb\Application\Admin\Controller\EditController.class.php 第 0 行.
SQL: SHOW COLUMNS FROM `common_system_user` [ RunTime:0.0205s ]
SQL: SHOW COLUMNS FROM `inspection_scope` [ RunTime:0.0084s ]
SQL: SELECT * FROM `inspection_scope` ORDER BY id desc LIMIT 0,10   [ RunTime:0.0028s ]
SQL: SELECT COUNT(*) AS tp_count FROM `inspection_scope` LIMIT 1   [ RunTime:0.0029s ]
INFO: [ view_parse ] --START--
INFO: [ template_filter ] --START--
INFO: Run Behavior\ContentReplaceBehavior [ RunTime:0.000073s ]
INFO: [ template_filter ] --END-- [ RunTime:0.000126s ]
NOTIC: [2] Use of undefined constant A - assumed 'A' (this will throw an Error in a future version of PHP) C:\Coding\Php\Wampserver\www\jcweb\Application\Runtime\Cache\Admin\db41ffc0dfb04011f095ae5ac58e2868.php 第 294 行.
NOTIC: [2] Use of undefined constant B - assumed 'B' (this will throw an Error in a future version of PHP) C:\Coding\Php\Wampserver\www\jcweb\Application\Runtime\Cache\Admin\db41ffc0dfb04011f095ae5ac58e2868.php 第 311 行.
NOTIC: [8] Undefined variable: centreno C:\Coding\Php\Wampserver\www\jcweb\Application\Runtime\Cache\Admin\db41ffc0dfb04011f095ae5ac58e2868.php 第 350 行.
INFO: Run Behavior\ParseTemplateBehavior [ RunTime:0.031629s ]
INFO: [ view_parse ] --END-- [ RunTime:0.031682s ]
INFO: [ view_filter ] --START--
INFO: Run Behavior\WriteHtmlCacheBehavior [ RunTime:0.000098s ]
INFO: [ view_filter ] --END-- [ RunTime:0.000140s ]
INFO: [ app_end ] --START--
INFO: Run Behavior\ShowPageTraceBehavior [ RunTime:0.000087s ]
INFO: [ app_end ] --END-- [ RunTime:0.000136s ]

[ 2019-04-05T19:30:51+08:00 ] 127.0.0.1 /index.php/Admin/Uploader/ueditor.html?action=config&&noCache=1554463851304
INFO: [ app_init ] --START--
INFO: Run Behavior\BuildLiteBehavior [ RunTime:0.000012s ]
INFO: [ app_init ] --END-- [ RunTime:0.000074s ]
INFO: [ app_begin ] --START--
INFO: Run Behavior\ReadHtmlCacheBehavior [ RunTime:0.000085s ]
INFO: [ app_begin ] --END-- [ RunTime:0.000133s ]
NOTIC: [2] include(exif.php): failed to open stream: No such file or directory C:\Coding\Php\Wampserver\www\jcweb\Application\Admin\Controller\UploaderController.class.php 第 4 行.
NOTIC: [2] include(): Failed opening 'exif.php' for inclusion (include_path='.;C:\php\pear') C:\Coding\Php\Wampserver\www\jcweb\Application\Admin\Controller\UploaderController.class.php 第 4 行.
SQL: SHOW COLUMNS FROM `common_system_user` [ RunTime:0.0077s ]
INFO: [ app_end ] --START--
INFO: Run Behavior\ShowPageTraceBehavior [ RunTime:0.000092s ]
INFO: [ app_end ] --END-- [ RunTime:0.000146s ]

[ 2019-04-05T19:30:54+08:00 ] 127.0.0.1 /index.php/Admin/Uploader/excelUpload.html
INFO: [ app_init ] --START--
INFO: Run Behavior\BuildLiteBehavior [ RunTime:0.000012s ]
INFO: [ app_init ] --END-- [ RunTime:0.000095s ]
INFO: [ app_begin ] --START--
INFO: Run Behavior\ReadHtmlCacheBehavior [ RunTime:0.000091s ]
INFO: [ app_begin ] --END-- [ RunTime:0.000137s ]
NOTIC: [2] include(exif.php): failed to open stream: No such file or directory C:\Coding\Php\Wampserver\www\jcweb\Application\Admin\Controller\UploaderController.class.php 第 4 行.
NOTIC: [2] include(): Failed opening 'exif.php' for inclusion (include_path='.;C:\php\pear') C:\Coding\Php\Wampserver\www\jcweb\Application\Admin\Controller\UploaderController.class.php 第 4 行.
SQL: SHOW COLUMNS FROM `common_system_user` [ RunTime:0.3159s ]
NOTIC: [2] call_user_func() expects parameter 1 to be a valid callback, no array or string given C:\Coding\Php\Wampserver\www\jcweb\ThinkPHP\Library\Think\Upload.class.php 第 170 行.
INFO: [ app_end ] --START--
INFO: Run Behavior\ShowPageTraceBehavior [ RunTime:0.000294s ]
INFO: [ app_end ] --END-- [ RunTime:0.000417s ]

[ 2019-04-05T19:30:55+08:00 ] 127.0.0.1 /index.php/admin/edit/impt2.html
INFO: [ app_init ] --START--
INFO: Run Behavior\BuildLiteBehavior [ RunTime:0.000014s ]
INFO: [ app_init ] --END-- [ RunTime:0.000100s ]
INFO: [ app_begin ] --START--
INFO: Run Behavior\ReadHtmlCacheBehavior [ RunTime:0.000076s ]
INFO: [ app_begin ] --END-- [ RunTime:0.000123s ]
NOTIC: [2] Declaration of Admin\Controller\EditController::show() should be compatible with Think\Controller::show($content, $charset = '', $contentType = '', $prefix = '') C:\Coding\Php\Wampserver\www\jcweb\Application\Admin\Controller\EditController.class.php 第 0 行.
SQL: SHOW COLUMNS FROM `common_system_user` [ RunTime:0.0182s ]
NOTIC: [2] Illegal string offset 'error' C:\Coding\Php\Wampserver\www\jcweb\Application\Admin\Controller\EditController.class.php 第 1229 行.
INFO: [ app_end ] --START--
INFO: Run Behavior\ShowPageTraceBehavior [ RunTime:0.000102s ]
INFO: [ app_end ] --END-- [ RunTime:0.000149s ]

[ 2019-04-05T19:31:50+08:00 ] 127.0.0.1 /admin/edit/inspection
INFO: [ app_init ] --START--
INFO: Run Behavior\BuildLiteBehavior [ RunTime:0.000013s ]
INFO: [ app_init ] --END-- [ RunTime:0.000099s ]
INFO: [ app_begin ] --START--
INFO: Run Behavior\ReadHtmlCacheBehavior [ RunTime:0.000096s ]
INFO: [ app_begin ] --END-- [ RunTime:0.000168s ]
NOTIC: [2] Declaration of Admin\Controller\EditController::show() should be compatible with Think\Controller::show($content, $charset = '', $contentType = '', $prefix = '') C:\Coding\Php\Wampserver\www\jcweb\Application\Admin\Controller\EditController.class.php 第 1240 行.
SQL: SHOW COLUMNS FROM `common_system_user` [ RunTime:0.0198s ]
SQL: SHOW COLUMNS FROM `inspection_process` [ RunTime:0.0124s ]
SQL: SELECT * FROM `inspection_process` LIMIT 1   [ RunTime:0.0058s ]
INFO: [ view_parse ] --START--
INFO: [ template_filter ] --START--
INFO: Run Behavior\ContentReplaceBehavior [ RunTime:0.000075s ]
INFO: [ template_filter ] --END-- [ RunTime:0.000127s ]
NOTIC: [2] Use of undefined constant A - assumed 'A' (this will throw an Error in a future version of PHP) C:\Coding\Php\Wampserver\www\jcweb\Application\Runtime\Cache\Admin\db41ffc0dfb04011f095ae5ac58e2868.php 第 294 行.
NOTIC: [2] Use of undefined constant B - assumed 'B' (this will throw an Error in a future version of PHP) C:\Coding\Php\Wampserver\www\jcweb\Application\Runtime\Cache\Admin\db41ffc0dfb04011f095ae5ac58e2868.php 第 311 行.
INFO: Run Behavior\ParseTemplateBehavior [ RunTime:0.032188s ]
INFO: [ view_parse ] --END-- [ RunTime:0.032240s ]
INFO: [ view_filter ] --START--
INFO: Run Behavior\WriteHtmlCacheBehavior [ RunTime:0.000120s ]
INFO: [ view_filter ] --END-- [ RunTime:0.000162s ]
INFO: [ app_end ] --START--
INFO: Run Behavior\ShowPageTraceBehavior [ RunTime:0.000150s ]
INFO: [ app_end ] --END-- [ RunTime:0.000195s ]

[ 2019-04-05T19:31:50+08:00 ] 127.0.0.1 /index.php/Admin/Uploader/ueditor.html?action=config&&noCache=1554463910680
INFO: [ app_init ] --START--
INFO: Run Behavior\BuildLiteBehavior [ RunTime:0.000013s ]
INFO: [ app_init ] --END-- [ RunTime:0.000073s ]
INFO: [ app_begin ] --START--
INFO: Run Behavior\ReadHtmlCacheBehavior [ RunTime:0.000153s ]
INFO: [ app_begin ] --END-- [ RunTime:0.000216s ]
NOTIC: [2] include(exif.php): failed to open stream: No such file or directory C:\Coding\Php\Wampserver\www\jcweb\Application\Admin\Controller\UploaderController.class.php 第 4 行.
NOTIC: [2] include(): Failed opening 'exif.php' for inclusion (include_path='.;C:\php\pear') C:\Coding\Php\Wampserver\www\jcweb\Application\Admin\Controller\UploaderController.class.php 第 4 行.
SQL: SHOW COLUMNS FROM `common_system_user` [ RunTime:0.0081s ]
INFO: [ app_end ] --START--
INFO: Run Behavior\ShowPageTraceBehavior [ RunTime:0.000111s ]
INFO: [ app_end ] --END-- [ RunTime:0.000166s ]

[ 2019-04-05T19:31:51+08:00 ] 127.0.0.1 /admin/edit/inspection?de=B
INFO: [ app_init ] --START--
INFO: Run Behavior\BuildLiteBehavior [ RunTime:0.000014s ]
INFO: [ app_init ] --END-- [ RunTime:0.000078s ]
INFO: [ app_begin ] --START--
INFO: Run Behavior\ReadHtmlCacheBehavior [ RunTime:0.000138s ]
INFO: [ app_begin ] --END-- [ RunTime:0.000186s ]
NOTIC: [2] Declaration of Admin\Controller\EditController::show() should be compatible with Think\Controller::show($content, $charset = '', $contentType = '', $prefix = '') C:\Coding\Php\Wampserver\www\jcweb\Application\Admin\Controller\EditController.class.php 第 0 行.
SQL: SHOW COLUMNS FROM `common_system_user` [ RunTime:0.0193s ]
SQL: SHOW COLUMNS FROM `inspection_scope` [ RunTime:0.0218s ]
SQL: SELECT * FROM `inspection_scope` ORDER BY id desc LIMIT 0,10   [ RunTime:0.0052s ]
SQL: SELECT COUNT(*) AS tp_count FROM `inspection_scope` LIMIT 1   [ RunTime:0.0035s ]
INFO: [ view_parse ] --START--
INFO: [ template_filter ] --START--
INFO: Run Behavior\ContentReplaceBehavior [ RunTime:0.000154s ]
INFO: [ template_filter ] --END-- [ RunTime:0.000255s ]
NOTIC: [2] Use of undefined constant A - assumed 'A' (this will throw an Error in a future version of PHP) C:\Coding\Php\Wampserver\www\jcweb\Application\Runtime\Cache\Admin\db41ffc0dfb04011f095ae5ac58e2868.php 第 294 行.
NOTIC: [2] Use of undefined constant B - assumed 'B' (this will throw an Error in a future version of PHP) C:\Coding\Php\Wampserver\www\jcweb\Application\Runtime\Cache\Admin\db41ffc0dfb04011f095ae5ac58e2868.php 第 311 行.
NOTIC: [8] Undefined variable: centreno C:\Coding\Php\Wampserver\www\jcweb\Application\Runtime\Cache\Admin\db41ffc0dfb04011f095ae5ac58e2868.php 第 350 行.
INFO: Run Behavior\ParseTemplateBehavior [ RunTime:0.035600s ]
INFO: [ view_parse ] --END-- [ RunTime:0.035675s ]
INFO: [ view_filter ] --START--
INFO: Run Behavior\WriteHtmlCacheBehavior [ RunTime:0.000101s ]
INFO: [ view_filter ] --END-- [ RunTime:0.000143s ]
INFO: [ app_end ] --START--
INFO: Run Behavior\ShowPageTraceBehavior [ RunTime:0.000128s ]
INFO: [ app_end ] --END-- [ RunTime:0.000193s ]

[ 2019-04-05T19:31:51+08:00 ] 127.0.0.1 /index.php/Admin/Uploader/ueditor.html?action=config&&noCache=1554463911603
INFO: [ app_init ] --START--
INFO: Run Behavior\BuildLiteBehavior [ RunTime:0.000013s ]
INFO: [ app_init ] --END-- [ RunTime:0.000073s ]
INFO: [ app_begin ] --START--
INFO: Run Behavior\ReadHtmlCacheBehavior [ RunTime:0.000124s ]
INFO: [ app_begin ] --END-- [ RunTime:0.000179s ]
NOTIC: [2] include(exif.php): failed to open stream: No such file or directory C:\Coding\Php\Wampserver\www\jcweb\Application\Admin\Controller\UploaderController.class.php 第 4 行.
NOTIC: [2] include(): Failed opening 'exif.php' for inclusion (include_path='.;C:\php\pear') C:\Coding\Php\Wampserver\www\jcweb\Application\Admin\Controller\UploaderController.class.php 第 4 行.
SQL: SHOW COLUMNS FROM `common_system_user` [ RunTime:0.0293s ]
INFO: [ app_end ] --START--
INFO: Run Behavior\ShowPageTraceBehavior [ RunTime:0.000163s ]
INFO: [ app_end ] --END-- [ RunTime:0.000246s ]

[ 2019-04-05T19:31:54+08:00 ] 127.0.0.1 /index.php/Admin/Uploader/excelUpload.html
INFO: [ app_init ] --START--
INFO: Run Behavior\BuildLiteBehavior [ RunTime:0.000012s ]
INFO: [ app_init ] --END-- [ RunTime:0.000095s ]
INFO: [ app_begin ] --START--
INFO: Run Behavior\ReadHtmlCacheBehavior [ RunTime:0.000090s ]
INFO: [ app_begin ] --END-- [ RunTime:0.000140s ]
NOTIC: [2] include(exif.php): failed to open stream: No such file or directory C:\Coding\Php\Wampserver\www\jcweb\Application\Admin\Controller\UploaderController.class.php 第 4 行.
NOTIC: [2] include(): Failed opening 'exif.php' for inclusion (include_path='.;C:\php\pear') C:\Coding\Php\Wampserver\www\jcweb\Application\Admin\Controller\UploaderController.class.php 第 4 行.
SQL: SHOW COLUMNS FROM `common_system_user` [ RunTime:0.0101s ]
NOTIC: [2] call_user_func() expects parameter 1 to be a valid callback, no array or string given C:\Coding\Php\Wampserver\www\jcweb\ThinkPHP\Library\Think\Upload.class.php 第 170 行.
INFO: [ app_end ] --START--
INFO: Run Behavior\ShowPageTraceBehavior [ RunTime:0.000115s ]
INFO: [ app_end ] --END-- [ RunTime:0.000163s ]

[ 2019-04-05T19:31:55+08:00 ] 127.0.0.1 /index.php/admin/edit/impt2.html
INFO: [ app_init ] --START--
INFO: Run Behavior\BuildLiteBehavior [ RunTime:0.000013s ]
INFO: [ app_init ] --END-- [ RunTime:0.000071s ]
INFO: [ app_begin ] --START--
INFO: Run Behavior\ReadHtmlCacheBehavior [ RunTime:0.000074s ]
INFO: [ app_begin ] --END-- [ RunTime:0.000120s ]
NOTIC: [2] Declaration of Admin\Controller\EditController::show() should be compatible with Think\Controller::show($content, $charset = '', $contentType = '', $prefix = '') C:\Coding\Php\Wampserver\www\jcweb\Application\Admin\Controller\EditController.class.php 第 0 行.
SQL: SHOW COLUMNS FROM `common_system_user` [ RunTime:0.0113s ]
NOTIC: [2] Illegal string offset 'error' C:\Coding\Php\Wampserver\www\jcweb\Application\Admin\Controller\EditController.class.php 第 1229 行.
INFO: [ app_end ] --START--
INFO: Run Behavior\ShowPageTraceBehavior [ RunTime:0.000099s ]
INFO: [ app_end ] --END-- [ RunTime:0.000146s ]

[ 2019-04-05T20:14:31+08:00 ] 127.0.0.1 /admin/edit/inspection
INFO: [ app_init ] --START--
INFO: Run Behavior\BuildLiteBehavior [ RunTime:0.000013s ]
INFO: [ app_init ] --END-- [ RunTime:0.000140s ]
INFO: [ app_begin ] --START--
INFO: Run Behavior\ReadHtmlCacheBehavior [ RunTime:0.000176s ]
INFO: [ app_begin ] --END-- [ RunTime:0.000229s ]
NOTIC: [2] Declaration of Admin\Controller\EditController::show() should be compatible with Think\Controller::show($content, $charset = '', $contentType = '', $prefix = '') C:\Coding\Php\Wampserver\www\jcweb\Application\Admin\Controller\EditController.class.php 第 0 行.
SQL: SHOW COLUMNS FROM `common_system_user` [ RunTime:0.0162s ]
SQL: SHOW COLUMNS FROM `inspection_process` [ RunTime:0.0126s ]
SQL: SELECT * FROM `inspection_process` LIMIT 1   [ RunTime:0.0037s ]
INFO: [ view_parse ] --START--
INFO: [ template_filter ] --START--
INFO: Run Behavior\ContentReplaceBehavior [ RunTime:0.000074s ]
INFO: [ template_filter ] --END-- [ RunTime:0.000130s ]
NOTIC: [2] Use of undefined constant A - assumed 'A' (this will throw an Error in a future version of PHP) C:\Coding\Php\Wampserver\www\jcweb\Application\Runtime\Cache\Admin\db41ffc0dfb04011f095ae5ac58e2868.php 第 294 行.
NOTIC: [2] Use of undefined constant B - assumed 'B' (this will throw an Error in a future version of PHP) C:\Coding\Php\Wampserver\www\jcweb\Application\Runtime\Cache\Admin\db41ffc0dfb04011f095ae5ac58e2868.php 第 311 行.
INFO: Run Behavior\ParseTemplateBehavior [ RunTime:0.038127s ]
INFO: [ view_parse ] --END-- [ RunTime:0.038208s ]
INFO: [ view_filter ] --START--
INFO: Run Behavior\WriteHtmlCacheBehavior [ RunTime:0.000188s ]
INFO: [ view_filter ] --END-- [ RunTime:0.000230s ]
INFO: [ app_end ] --START--
INFO: Run Behavior\ShowPageTraceBehavior [ RunTime:0.000166s ]
INFO: [ app_end ] --END-- [ RunTime:0.000209s ]

[ 2019-04-05T20:14:32+08:00 ] 127.0.0.1 /index.php/Admin/Uploader/ueditor.html?action=config&&noCache=1554466471732
INFO: [ app_init ] --START--
INFO: Run Behavior\BuildLiteBehavior [ RunTime:0.000012s ]
INFO: [ app_init ] --END-- [ RunTime:0.000082s ]
INFO: [ app_begin ] --START--
INFO: Run Behavior\ReadHtmlCacheBehavior [ RunTime:0.000079s ]
INFO: [ app_begin ] --END-- [ RunTime:0.000132s ]
NOTIC: [2] include(exif.php): failed to open stream: No such file or directory C:\Coding\Php\Wampserver\www\jcweb\Application\Admin\Controller\UploaderController.class.php 第 4 行.
NOTIC: [2] include(): Failed opening 'exif.php' for inclusion (include_path='.;C:\php\pear') C:\Coding\Php\Wampserver\www\jcweb\Application\Admin\Controller\UploaderController.class.php 第 4 行.
SQL: SHOW COLUMNS FROM `common_system_user` [ RunTime:0.0193s ]
INFO: [ app_end ] --START--
INFO: Run Behavior\ShowPageTraceBehavior [ RunTime:0.000389s ]
INFO: [ app_end ] --END-- [ RunTime:0.000599s ]

[ 2019-04-05T20:14:32+08:00 ] 127.0.0.1 /admin/edit/inspection?de=B
INFO: [ app_init ] --START--
INFO: Run Behavior\BuildLiteBehavior [ RunTime:0.000013s ]
INFO: [ app_init ] --END-- [ RunTime:0.000080s ]
INFO: [ app_begin ] --START--
INFO: Run Behavior\ReadHtmlCacheBehavior [ RunTime:0.000078s ]
INFO: [ app_begin ] --END-- [ RunTime:0.000129s ]
NOTIC: [2] Declaration of Admin\Controller\EditController::show() should be compatible with Think\Controller::show($content, $charset = '', $contentType = '', $prefix = '') C:\Coding\Php\Wampserver\www\jcweb\Application\Admin\Controller\EditController.class.php 第 0 行.
SQL: SHOW COLUMNS FROM `common_system_user` [ RunTime:0.0191s ]
SQL: SHOW COLUMNS FROM `inspection_scope` [ RunTime:0.0075s ]
SQL: SELECT * FROM `inspection_scope` ORDER BY id desc LIMIT 0,10   [ RunTime:0.0038s ]
SQL: SELECT COUNT(*) AS tp_count FROM `inspection_scope` LIMIT 1   [ RunTime:0.0030s ]
INFO: [ view_parse ] --START--
INFO: [ template_filter ] --START--
INFO: Run Behavior\ContentReplaceBehavior [ RunTime:0.000076s ]
INFO: [ template_filter ] --END-- [ RunTime:0.000132s ]
NOTIC: [2] Use of undefined constant A - assumed 'A' (this will throw an Error in a future version of PHP) C:\Coding\Php\Wampserver\www\jcweb\Application\Runtime\Cache\Admin\db41ffc0dfb04011f095ae5ac58e2868.php 第 294 行.
NOTIC: [2] Use of undefined constant B - assumed 'B' (this will throw an Error in a future version of PHP) C:\Coding\Php\Wampserver\www\jcweb\Application\Runtime\Cache\Admin\db41ffc0dfb04011f095ae5ac58e2868.php 第 311 行.
NOTIC: [8] Undefined variable: centreno C:\Coding\Php\Wampserver\www\jcweb\Application\Runtime\Cache\Admin\db41ffc0dfb04011f095ae5ac58e2868.php 第 350 行.
INFO: Run Behavior\ParseTemplateBehavior [ RunTime:0.030153s ]
INFO: [ view_parse ] --END-- [ RunTime:0.030209s ]
INFO: [ view_filter ] --START--
INFO: Run Behavior\WriteHtmlCacheBehavior [ RunTime:0.000095s ]
INFO: [ view_filter ] --END-- [ RunTime:0.000137s ]
INFO: [ app_end ] --START--
INFO: Run Behavior\ShowPageTraceBehavior [ RunTime:0.000085s ]
INFO: [ app_end ] --END-- [ RunTime:0.000128s ]

[ 2019-04-05T20:14:33+08:00 ] 127.0.0.1 /index.php/Admin/Uploader/ueditor.html?action=config&&noCache=1554466472984
INFO: [ app_init ] --START--
INFO: Run Behavior\BuildLiteBehavior [ RunTime:0.000013s ]
INFO: [ app_init ] --END-- [ RunTime:0.000082s ]
INFO: [ app_begin ] --START--
INFO: Run Behavior\ReadHtmlCacheBehavior [ RunTime:0.000213s ]
INFO: [ app_begin ] --END-- [ RunTime:0.000331s ]
NOTIC: [2] include(exif.php): failed to open stream: No such file or directory C:\Coding\Php\Wampserver\www\jcweb\Application\Admin\Controller\UploaderController.class.php 第 4 行.
NOTIC: [2] include(): Failed opening 'exif.php' for inclusion (include_path='.;C:\php\pear') C:\Coding\Php\Wampserver\www\jcweb\Application\Admin\Controller\UploaderController.class.php 第 4 行.
SQL: SHOW COLUMNS FROM `common_system_user` [ RunTime:0.0140s ]
INFO: [ app_end ] --START--
INFO: Run Behavior\ShowPageTraceBehavior [ RunTime:0.000082s ]
INFO: [ app_end ] --END-- [ RunTime:0.000130s ]

[ 2019-04-05T20:14:35+08:00 ] 127.0.0.1 /index.php/Admin/Uploader/excelUpload.html
INFO: [ app_init ] --START--
INFO: Run Behavior\BuildLiteBehavior [ RunTime:0.000012s ]
INFO: [ app_init ] --END-- [ RunTime:0.000102s ]
INFO: [ app_begin ] --START--
INFO: Run Behavior\ReadHtmlCacheBehavior [ RunTime:0.000104s ]
INFO: [ app_begin ] --END-- [ RunTime:0.000159s ]
NOTIC: [2] include(exif.php): failed to open stream: No such file or directory C:\Coding\Php\Wampserver\www\jcweb\Application\Admin\Controller\UploaderController.class.php 第 4 行.
NOTIC: [2] include(): Failed opening 'exif.php' for inclusion (include_path='.;C:\php\pear') C:\Coding\Php\Wampserver\www\jcweb\Application\Admin\Controller\UploaderController.class.php 第 4 行.
SQL: SHOW COLUMNS FROM `common_system_user` [ RunTime:0.0117s ]
NOTIC: [2] call_user_func() expects parameter 1 to be a valid callback, no array or string given C:\Coding\Php\Wampserver\www\jcweb\ThinkPHP\Library\Think\Upload.class.php 第 170 行.
INFO: [ app_end ] --START--
INFO: Run Behavior\ShowPageTraceBehavior [ RunTime:0.000292s ]
INFO: [ app_end ] --END-- [ RunTime:0.000346s ]

[ 2019-04-05T20:14:37+08:00 ] 127.0.0.1 /index.php/admin/edit/impt2.html
INFO: [ app_init ] --START--
INFO: Run Behavior\BuildLiteBehavior [ RunTime:0.000012s ]
INFO: [ app_init ] --END-- [ RunTime:0.000070s ]
INFO: [ app_begin ] --START--
INFO: Run Behavior\ReadHtmlCacheBehavior [ RunTime:0.000128s ]
INFO: [ app_begin ] --END-- [ RunTime:0.000175s ]
NOTIC: [2] Declaration of Admin\Controller\EditController::show() should be compatible with Think\Controller::show($content, $charset = '', $contentType = '', $prefix = '') C:\Coding\Php\Wampserver\www\jcweb\Application\Admin\Controller\EditController.class.php 第 0 行.
SQL: SHOW COLUMNS FROM `common_system_user` [ RunTime:0.0122s ]
NOTIC: [2] Illegal string offset 'error' C:\Coding\Php\Wampserver\www\jcweb\Application\Admin\Controller\EditController.class.php 第 1228 行.
INFO: [ app_end ] --START--
INFO: Run Behavior\ShowPageTraceBehavior [ RunTime:0.000106s ]
INFO: [ app_end ] --END-- [ RunTime:0.000155s ]

