[ 2019-03-09T09:52:25+08:00 ] 127.0.0.1 /admin/main
INFO: [ app_init ] --START--
INFO: Run Behavior\BuildLiteBehavior [ RunTime:0.000024s ]
INFO: [ app_init ] --END-- [ RunTime:0.000488s ]
INFO: [ app_begin ] --START--
INFO: Run Behavior\ReadHtmlCacheBehavior [ RunTime:0.000624s ]
INFO: [ app_begin ] --END-- [ RunTime:0.000721s ]
SQL: SHOW COLUMNS FROM `common_system_user` [ RunTime:0.0110s ]
INFO: [ view_parse ] --START--
INFO: [ template_filter ] --START--
INFO: Run Behavior\ContentReplaceBehavior [ RunTime:0.000532s ]
INFO: [ template_filter ] --END-- [ RunTime:0.000695s ]
INFO: Run Behavior\ParseTemplateBehavior [ RunTime:0.021369s ]
INFO: [ view_parse ] --END-- [ RunTime:0.021553s ]
INFO: [ view_filter ] --START--
INFO: Run Behavior\WriteHtmlCacheBehavior [ RunTime:0.000677s ]
INFO: [ view_filter ] --END-- [ RunTime:0.000785s ]
INFO: [ app_end ] --START--
INFO: Run Behavior\ShowPageTraceBehavior [ RunTime:0.000845s ]
INFO: [ app_end ] --END-- [ RunTime:0.000974s ]

[ 2019-03-09T09:52:26+08:00 ] 127.0.0.1 /index.php/admin/account/login.html
INFO: [ app_init ] --START--
INFO: Run Behavior\BuildLiteBehavior [ RunTime:0.000020s ]
INFO: [ app_init ] --END-- [ RunTime:0.000355s ]
INFO: [ app_begin ] --START--
INFO: Run Behavior\ReadHtmlCacheBehavior [ RunTime:0.000438s ]
INFO: [ app_begin ] --END-- [ RunTime:0.000532s ]
SQL: SHOW COLUMNS FROM `common_system_user` [ RunTime:0.0105s ]
NOTIC: [8] Undefined variable: body C:\BUPT\PHP\WAMPserver\www\jcweb\Application\Admin\Controller\AccountController.class.php 第 20 行.
INFO: [ view_parse ] --START--
INFO: [ template_filter ] --START--
INFO: Run Behavior\ContentReplaceBehavior [ RunTime:0.000164s ]
INFO: [ template_filter ] --END-- [ RunTime:0.000428s ]
INFO: Run Behavior\ParseTemplateBehavior [ RunTime:0.018148s ]
INFO: [ view_parse ] --END-- [ RunTime:0.018424s ]
INFO: [ view_filter ] --START--
INFO: Run Behavior\WriteHtmlCacheBehavior [ RunTime:0.001549s ]
INFO: [ view_filter ] --END-- [ RunTime:0.001788s ]
INFO: [ app_end ] --START--
INFO: Run Behavior\ShowPageTraceBehavior [ RunTime:0.002027s ]
INFO: [ app_end ] --END-- [ RunTime:0.002284s ]

[ 2019-03-09T09:52:26+08:00 ] 127.0.0.1 /index.php/admin/Account/yzmCode.html
INFO: [ app_init ] --START--
INFO: Run Behavior\BuildLiteBehavior [ RunTime:0.000065s ]
INFO: [ app_init ] --END-- [ RunTime:0.000560s ]
INFO: [ app_begin ] --START--
INFO: Run Behavior\ReadHtmlCacheBehavior [ RunTime:0.000645s ]
INFO: [ app_begin ] --END-- [ RunTime:0.000801s ]
INFO: [ app_end ] --START--
INFO: Run Behavior\ShowPageTraceBehavior [ RunTime:0.001373s ]
INFO: [ app_end ] --END-- [ RunTime:0.001523s ]

[ 2019-03-09T09:52:36+08:00 ] 127.0.0.1 /index.php/admin/account/doLogin.html
INFO: [ app_init ] --START--
INFO: Run Behavior\BuildLiteBehavior [ RunTime:0.000021s ]
INFO: [ app_init ] --END-- [ RunTime:0.000383s ]
INFO: [ app_begin ] --START--
INFO: Run Behavior\ReadHtmlCacheBehavior [ RunTime:0.000431s ]
INFO: [ app_begin ] --END-- [ RunTime:0.000514s ]
SQL: SHOW COLUMNS FROM `common_system_user` [ RunTime:0.0120s ]
SQL: SELECT * FROM `common_system_user` WHERE `username` = 'admin' AND `passwd` = 'dd6e5e5918e94d997c686fcebc56922f' AND `status` = 1 LIMIT 1   [ RunTime:0.0033s ]
SQL: UPDATE `common_system_user` SET `login_time`='2019-03-09 09:52:36' WHERE ( id=1 ) [ RunTime:0.0029s ]
NOTIC: [8] Undefined variable: role C:\BUPT\PHP\WAMPserver\www\jcweb\Application\Admin\Controller\AccountController.class.php 第 52 行.
NOTIC: [8] Undefined variable: role C:\BUPT\PHP\WAMPserver\www\jcweb\Application\Admin\Controller\AccountController.class.php 第 56 行.
NOTIC: [8] Undefined variable: menus C:\BUPT\PHP\WAMPserver\www\jcweb\Application\Admin\Controller\AccountController.class.php 第 60 行.

[ 2019-03-09T09:52:36+08:00 ] 127.0.0.1 /index.php/admin/account/login.html
INFO: [ app_init ] --START--
INFO: Run Behavior\BuildLiteBehavior [ RunTime:0.000022s ]
INFO: [ app_init ] --END-- [ RunTime:0.000382s ]
INFO: [ app_begin ] --START--
INFO: Run Behavior\ReadHtmlCacheBehavior [ RunTime:0.001264s ]
INFO: [ app_begin ] --END-- [ RunTime:0.001536s ]
SQL: SHOW COLUMNS FROM `common_system_user` [ RunTime:0.0075s ]

[ 2019-03-09T09:52:36+08:00 ] 127.0.0.1 /index.php/admin/index.html
INFO: [ app_init ] --START--
INFO: Run Behavior\BuildLiteBehavior [ RunTime:0.000026s ]
INFO: [ app_init ] --END-- [ RunTime:0.000365s ]
INFO: [ app_begin ] --START--
INFO: Run Behavior\ReadHtmlCacheBehavior [ RunTime:0.000440s ]
INFO: [ app_begin ] --END-- [ RunTime:0.000538s ]
SQL: SHOW COLUMNS FROM `common_system_user` [ RunTime:0.0063s ]
INFO: [ view_parse ] --START--
INFO: [ template_filter ] --START--
INFO: Run Behavior\ContentReplaceBehavior [ RunTime:0.000070s ]
INFO: [ template_filter ] --END-- [ RunTime:0.000173s ]
INFO: Run Behavior\ParseTemplateBehavior [ RunTime:0.008838s ]
INFO: [ view_parse ] --END-- [ RunTime:0.008943s ]
INFO: [ view_filter ] --START--
INFO: Run Behavior\WriteHtmlCacheBehavior [ RunTime:0.000550s ]
INFO: [ view_filter ] --END-- [ RunTime:0.000636s ]
INFO: [ app_end ] --START--
INFO: Run Behavior\ShowPageTraceBehavior [ RunTime:0.000677s ]
INFO: [ app_end ] --END-- [ RunTime:0.000767s ]

[ 2019-03-09T09:52:36+08:00 ] 127.0.0.1 /admin/main/index.html
INFO: [ app_init ] --START--
INFO: Run Behavior\BuildLiteBehavior [ RunTime:0.000022s ]
INFO: [ app_init ] --END-- [ RunTime:0.000375s ]
INFO: [ app_begin ] --START--
INFO: Run Behavior\ReadHtmlCacheBehavior [ RunTime:0.000520s ]
INFO: [ app_begin ] --END-- [ RunTime:0.000662s ]
SQL: SHOW COLUMNS FROM `common_system_user` [ RunTime:0.0060s ]
INFO: [ view_parse ] --START--
INFO: [ template_filter ] --START--
INFO: Run Behavior\ContentReplaceBehavior [ RunTime:0.000103s ]
INFO: [ template_filter ] --END-- [ RunTime:0.000248s ]
INFO: Run Behavior\ParseTemplateBehavior [ RunTime:0.008912s ]
INFO: [ view_parse ] --END-- [ RunTime:0.009009s ]
INFO: [ view_filter ] --START--
INFO: Run Behavior\WriteHtmlCacheBehavior [ RunTime:0.000532s ]
INFO: [ view_filter ] --END-- [ RunTime:0.000614s ]
INFO: [ app_end ] --START--
INFO: Run Behavior\ShowPageTraceBehavior [ RunTime:0.000689s ]
INFO: [ app_end ] --END-- [ RunTime:0.000785s ]

[ 2019-03-09T09:52:36+08:00 ] 127.0.0.1 /index.php/admin/auth/menu.html
INFO: [ app_init ] --START--
INFO: Run Behavior\BuildLiteBehavior [ RunTime:0.000044s ]
INFO: [ app_init ] --END-- [ RunTime:0.000646s ]
INFO: [ app_begin ] --START--
INFO: Run Behavior\ReadHtmlCacheBehavior [ RunTime:0.000487s ]
INFO: [ app_begin ] --END-- [ RunTime:0.000583s ]
SQL: SHOW COLUMNS FROM `common_system_user` [ RunTime:0.0059s ]
SQL: SHOW COLUMNS FROM `common_admin_nav` [ RunTime:0.0080s ]
SQL: SELECT `id`,`name`,pid as parentid,`url`,`status`,`addtime`,`disorder`,`path`,`icon` FROM `common_admin_nav` WHERE ( status=1 ) ORDER BY pid asc,disorder asc  [ RunTime:0.0041s ]
NOTIC: [2] strrchr() expects exactly 2 parameters, 1 given C:\BUPT\PHP\WAMPserver\www\jcweb\Application\Admin\Controller\AuthController.class.php 第 511 行.
NOTIC: [2] strrchr() expects exactly 2 parameters, 1 given C:\BUPT\PHP\WAMPserver\www\jcweb\Application\Admin\Controller\AuthController.class.php 第 511 行.
NOTIC: [2] strrchr() expects exactly 2 parameters, 1 given C:\BUPT\PHP\WAMPserver\www\jcweb\Application\Admin\Controller\AuthController.class.php 第 511 行.
NOTIC: [2] strrchr() expects exactly 2 parameters, 1 given C:\BUPT\PHP\WAMPserver\www\jcweb\Application\Admin\Controller\AuthController.class.php 第 511 行.
NOTIC: [2] strrchr() expects exactly 2 parameters, 1 given C:\BUPT\PHP\WAMPserver\www\jcweb\Application\Admin\Controller\AuthController.class.php 第 511 行.
NOTIC: [8] Undefined offset: 94 C:\BUPT\PHP\WAMPserver\www\jcweb\Application\Admin\Controller\AuthController.class.php 第 214 行.
NOTIC: [8] Undefined offset: 94 C:\BUPT\PHP\WAMPserver\www\jcweb\Application\Admin\Controller\AuthController.class.php 第 214 行.
NOTIC: [8] Undefined offset: 94 C:\BUPT\PHP\WAMPserver\www\jcweb\Application\Admin\Controller\AuthController.class.php 第 214 行.
NOTIC: [8] Undefined offset: 109 C:\BUPT\PHP\WAMPserver\www\jcweb\Application\Admin\Controller\AuthController.class.php 第 214 行.
NOTIC: [8] Undefined offset: 127 C:\BUPT\PHP\WAMPserver\www\jcweb\Application\Admin\Controller\AuthController.class.php 第 214 行.
NOTIC: [8] Undefined offset: 127 C:\BUPT\PHP\WAMPserver\www\jcweb\Application\Admin\Controller\AuthController.class.php 第 214 行.
NOTIC: [8] Undefined offset: 127 C:\BUPT\PHP\WAMPserver\www\jcweb\Application\Admin\Controller\AuthController.class.php 第 214 行.
NOTIC: [8] Undefined offset: 127 C:\BUPT\PHP\WAMPserver\www\jcweb\Application\Admin\Controller\AuthController.class.php 第 214 行.
NOTIC: [8] Undefined offset: 127 C:\BUPT\PHP\WAMPserver\www\jcweb\Application\Admin\Controller\AuthController.class.php 第 214 行.
NOTIC: [8] Undefined offset: 127 C:\BUPT\PHP\WAMPserver\www\jcweb\Application\Admin\Controller\AuthController.class.php 第 214 行.
NOTIC: [8] Undefined offset: 127 C:\BUPT\PHP\WAMPserver\www\jcweb\Application\Admin\Controller\AuthController.class.php 第 214 行.

[ 2019-03-09T09:52:36+08:00 ] 127.0.0.1 /index.php/Admin/Uploader/ueditor.html?action=config&&noCache=1552096356750
INFO: [ app_init ] --START--
INFO: Run Behavior\BuildLiteBehavior [ RunTime:0.000020s ]
INFO: [ app_init ] --END-- [ RunTime:0.000366s ]
INFO: [ app_begin ] --START--
INFO: Run Behavior\ReadHtmlCacheBehavior [ RunTime:0.000481s ]
INFO: [ app_begin ] --END-- [ RunTime:0.000584s ]
NOTIC: [2] include(exif.php): failed to open stream: No such file or directory C:\BUPT\PHP\WAMPserver\www\jcweb\Application\Admin\Controller\UploaderController.class.php 第 4 行.
NOTIC: [2] include(): Failed opening 'exif.php' for inclusion (include_path='.;C:\php\pear') C:\BUPT\PHP\WAMPserver\www\jcweb\Application\Admin\Controller\UploaderController.class.php 第 4 行.
SQL: SHOW COLUMNS FROM `common_system_user` [ RunTime:0.0060s ]
INFO: [ app_end ] --START--
INFO: Run Behavior\ShowPageTraceBehavior [ RunTime:0.000721s ]
INFO: [ app_end ] --END-- [ RunTime:0.000832s ]

[ 2019-03-09T09:52:39+08:00 ] 127.0.0.1 /admin/main/lunbo
INFO: [ app_init ] --START--
INFO: Run Behavior\BuildLiteBehavior [ RunTime:0.000027s ]
INFO: [ app_init ] --END-- [ RunTime:0.000501s ]
INFO: [ app_begin ] --START--
INFO: Run Behavior\ReadHtmlCacheBehavior [ RunTime:0.000605s ]
INFO: [ app_begin ] --END-- [ RunTime:0.000730s ]
SQL: SHOW COLUMNS FROM `common_system_user` [ RunTime:0.0097s ]
SQL: SHOW COLUMNS FROM `home_image` [ RunTime:0.0095s ]
SQL: SELECT * FROM `home_image` LIMIT 0,10   [ RunTime:0.0025s ]
SQL: SELECT COUNT(*) AS tp_count FROM `home_image` LIMIT 1   [ RunTime:0.0024s ]
INFO: [ view_parse ] --START--
INFO: [ template_filter ] --START--
INFO: Run Behavior\ContentReplaceBehavior [ RunTime:0.000178s ]
INFO: [ template_filter ] --END-- [ RunTime:0.000313s ]
NOTIC: [8] Use of undefined constant B - assumed 'B' C:\BUPT\PHP\WAMPserver\www\jcweb\Application\Runtime\Cache\Admin\693fb95b42aef6a4f677611d1562b6e3.php 第 299 行.
NOTIC: [8] Undefined variable: centreno C:\BUPT\PHP\WAMPserver\www\jcweb\Application\Runtime\Cache\Admin\693fb95b42aef6a4f677611d1562b6e3.php 第 310 行.
NOTIC: [8] Use of undefined constant A - assumed 'A' C:\BUPT\PHP\WAMPserver\www\jcweb\Application\Runtime\Cache\Admin\693fb95b42aef6a4f677611d1562b6e3.php 第 316 行.
NOTIC: [8] Undefined index: pic_path C:\BUPT\PHP\WAMPserver\www\jcweb\Application\Runtime\Cache\Admin\693fb95b42aef6a4f677611d1562b6e3.php 第 324 行.
NOTIC: [8] Undefined index: pic_path C:\BUPT\PHP\WAMPserver\www\jcweb\Application\Runtime\Cache\Admin\693fb95b42aef6a4f677611d1562b6e3.php 第 324 行.
NOTIC: [8] Undefined index: pic_path C:\BUPT\PHP\WAMPserver\www\jcweb\Application\Runtime\Cache\Admin\693fb95b42aef6a4f677611d1562b6e3.php 第 324 行.
NOTIC: [8] Use of undefined constant B - assumed 'B' C:\BUPT\PHP\WAMPserver\www\jcweb\Application\Runtime\Cache\Admin\693fb95b42aef6a4f677611d1562b6e3.php 第 333 行.
INFO: Run Behavior\ParseTemplateBehavior [ RunTime:0.027029s ]
INFO: [ view_parse ] --END-- [ RunTime:0.027191s ]
INFO: [ view_filter ] --START--
INFO: Run Behavior\WriteHtmlCacheBehavior [ RunTime:0.000658s ]
INFO: [ view_filter ] --END-- [ RunTime:0.000755s ]
INFO: [ app_end ] --START--
INFO: Run Behavior\ShowPageTraceBehavior [ RunTime:0.000744s ]
INFO: [ app_end ] --END-- [ RunTime:0.000842s ]

[ 2019-03-09T09:52:39+08:00 ] 127.0.0.1 /index.php/Admin/Uploader/ueditor.html?action=config&&noCache=1552096359347
INFO: [ app_init ] --START--
INFO: Run Behavior\BuildLiteBehavior [ RunTime:0.000021s ]
INFO: [ app_init ] --END-- [ RunTime:0.000368s ]
INFO: [ app_begin ] --START--
INFO: Run Behavior\ReadHtmlCacheBehavior [ RunTime:0.000599s ]
INFO: [ app_begin ] --END-- [ RunTime:0.000709s ]
NOTIC: [2] include(exif.php): failed to open stream: No such file or directory C:\BUPT\PHP\WAMPserver\www\jcweb\Application\Admin\Controller\UploaderController.class.php 第 4 行.
NOTIC: [2] include(): Failed opening 'exif.php' for inclusion (include_path='.;C:\php\pear') C:\BUPT\PHP\WAMPserver\www\jcweb\Application\Admin\Controller\UploaderController.class.php 第 4 行.
SQL: SHOW COLUMNS FROM `common_system_user` [ RunTime:0.0103s ]
INFO: [ app_end ] --START--
INFO: Run Behavior\ShowPageTraceBehavior [ RunTime:0.001296s ]
INFO: [ app_end ] --END-- [ RunTime:0.001604s ]

[ 2019-03-09T09:52:40+08:00 ] 127.0.0.1 /admin/main/lunbo?de=B
INFO: [ app_init ] --START--
INFO: Run Behavior\BuildLiteBehavior [ RunTime:0.000019s ]
INFO: [ app_init ] --END-- [ RunTime:0.000356s ]
INFO: [ app_begin ] --START--
INFO: Run Behavior\ReadHtmlCacheBehavior [ RunTime:0.000432s ]
INFO: [ app_begin ] --END-- [ RunTime:0.000527s ]
SQL: SHOW COLUMNS FROM `common_system_user` [ RunTime:0.0134s ]
SQL: SHOW COLUMNS FROM `lab_image` [ RunTime:0.0084s ]
SQL: SELECT * FROM `lab_image` LIMIT 0,10   [ RunTime:0.0024s ]
SQL: SELECT COUNT(*) AS tp_count FROM `lab_image` LIMIT 1   [ RunTime:0.0022s ]
INFO: [ view_parse ] --START--
INFO: [ template_filter ] --START--
INFO: Run Behavior\ContentReplaceBehavior [ RunTime:0.000132s ]
INFO: [ template_filter ] --END-- [ RunTime:0.000227s ]
NOTIC: [8] Use of undefined constant B - assumed 'B' C:\BUPT\PHP\WAMPserver\www\jcweb\Application\Runtime\Cache\Admin\693fb95b42aef6a4f677611d1562b6e3.php 第 299 行.
NOTIC: [8] Undefined variable: centreno C:\BUPT\PHP\WAMPserver\www\jcweb\Application\Runtime\Cache\Admin\693fb95b42aef6a4f677611d1562b6e3.php 第 310 行.
NOTIC: [8] Use of undefined constant A - assumed 'A' C:\BUPT\PHP\WAMPserver\www\jcweb\Application\Runtime\Cache\Admin\693fb95b42aef6a4f677611d1562b6e3.php 第 316 行.
NOTIC: [8] Use of undefined constant B - assumed 'B' C:\BUPT\PHP\WAMPserver\www\jcweb\Application\Runtime\Cache\Admin\693fb95b42aef6a4f677611d1562b6e3.php 第 333 行.
INFO: Run Behavior\ParseTemplateBehavior [ RunTime:0.037646s ]
INFO: [ view_parse ] --END-- [ RunTime:0.037748s ]
INFO: [ view_filter ] --START--
INFO: Run Behavior\WriteHtmlCacheBehavior [ RunTime:0.000539s ]
INFO: [ view_filter ] --END-- [ RunTime:0.000622s ]
INFO: [ app_end ] --START--
INFO: Run Behavior\ShowPageTraceBehavior [ RunTime:0.000699s ]
INFO: [ app_end ] --END-- [ RunTime:0.001035s ]

[ 2019-03-09T09:52:40+08:00 ] 127.0.0.1 /index.php/Admin/Uploader/ueditor.html?action=config&&noCache=1552096360846
INFO: [ app_init ] --START--
INFO: Run Behavior\BuildLiteBehavior [ RunTime:0.000021s ]
INFO: [ app_init ] --END-- [ RunTime:0.000377s ]
INFO: [ app_begin ] --START--
INFO: Run Behavior\ReadHtmlCacheBehavior [ RunTime:0.000564s ]
INFO: [ app_begin ] --END-- [ RunTime:0.000721s ]
NOTIC: [2] include(exif.php): failed to open stream: No such file or directory C:\BUPT\PHP\WAMPserver\www\jcweb\Application\Admin\Controller\UploaderController.class.php 第 4 行.
NOTIC: [2] include(): Failed opening 'exif.php' for inclusion (include_path='.;C:\php\pear') C:\BUPT\PHP\WAMPserver\www\jcweb\Application\Admin\Controller\UploaderController.class.php 第 4 行.
SQL: SHOW COLUMNS FROM `common_system_user` [ RunTime:0.0062s ]
INFO: [ app_end ] --START--
INFO: Run Behavior\ShowPageTraceBehavior [ RunTime:0.001235s ]
INFO: [ app_end ] --END-- [ RunTime:0.001404s ]

[ 2019-03-09T09:52:42+08:00 ] 127.0.0.1 /admin/main/%E8%AE%BE%E5%A4%871
INFO: [ app_init ] --START--
INFO: Run Behavior\BuildLiteBehavior [ RunTime:0.000020s ]
INFO: [ app_init ] --END-- [ RunTime:0.000369s ]
INFO: [ app_begin ] --START--
INFO: Run Behavior\ReadHtmlCacheBehavior [ RunTime:0.000489s ]
INFO: [ app_begin ] --END-- [ RunTime:0.000616s ]
SQL: SHOW COLUMNS FROM `common_system_user` [ RunTime:0.0164s ]
ERR: 非法操作:设备1

[ 2019-03-09T09:54:27+08:00 ] 127.0.0.1 /admin/main/lunbo
INFO: [ app_init ] --START--
INFO: Run Behavior\BuildLiteBehavior [ RunTime:0.000025s ]
INFO: [ app_init ] --END-- [ RunTime:0.000441s ]
INFO: [ app_begin ] --START--
INFO: Run Behavior\ReadHtmlCacheBehavior [ RunTime:0.000634s ]
INFO: [ app_begin ] --END-- [ RunTime:0.000739s ]
SQL: SHOW COLUMNS FROM `common_system_user` [ RunTime:0.0108s ]
SQL: SHOW COLUMNS FROM `home_image` [ RunTime:0.0121s ]
SQL: SELECT * FROM `home_image` LIMIT 0,10   [ RunTime:0.0033s ]
SQL: SELECT COUNT(*) AS tp_count FROM `home_image` LIMIT 1   [ RunTime:0.0031s ]
INFO: [ view_parse ] --START--
INFO: [ template_filter ] --START--
INFO: Run Behavior\ContentReplaceBehavior [ RunTime:0.000126s ]
INFO: [ template_filter ] --END-- [ RunTime:0.000219s ]
NOTIC: [8] Use of undefined constant B - assumed 'B' C:\BUPT\PHP\WAMPserver\www\jcweb\Application\Runtime\Cache\Admin\693fb95b42aef6a4f677611d1562b6e3.php 第 299 行.
NOTIC: [8] Undefined variable: centreno C:\BUPT\PHP\WAMPserver\www\jcweb\Application\Runtime\Cache\Admin\693fb95b42aef6a4f677611d1562b6e3.php 第 310 行.
NOTIC: [8] Use of undefined constant A - assumed 'A' C:\BUPT\PHP\WAMPserver\www\jcweb\Application\Runtime\Cache\Admin\693fb95b42aef6a4f677611d1562b6e3.php 第 316 行.
NOTIC: [8] Use of undefined constant B - assumed 'B' C:\BUPT\PHP\WAMPserver\www\jcweb\Application\Runtime\Cache\Admin\693fb95b42aef6a4f677611d1562b6e3.php 第 333 行.
INFO: Run Behavior\ParseTemplateBehavior [ RunTime:0.014356s ]
INFO: [ view_parse ] --END-- [ RunTime:0.014458s ]
INFO: [ view_filter ] --START--
INFO: Run Behavior\WriteHtmlCacheBehavior [ RunTime:0.000640s ]
INFO: [ view_filter ] --END-- [ RunTime:0.000737s ]
INFO: [ app_end ] --START--
INFO: Run Behavior\ShowPageTraceBehavior [ RunTime:0.000744s ]
INFO: [ app_end ] --END-- [ RunTime:0.000841s ]

[ 2019-03-09T09:54:27+08:00 ] 127.0.0.1 /index.php/Admin/Uploader/ueditor.html?action=config&&noCache=1552096467074
INFO: [ app_init ] --START--
INFO: Run Behavior\BuildLiteBehavior [ RunTime:0.000028s ]
INFO: [ app_init ] --END-- [ RunTime:0.000426s ]
INFO: [ app_begin ] --START--
INFO: Run Behavior\ReadHtmlCacheBehavior [ RunTime:0.000507s ]
INFO: [ app_begin ] --END-- [ RunTime:0.000607s ]
NOTIC: [2] include(exif.php): failed to open stream: No such file or directory C:\BUPT\PHP\WAMPserver\www\jcweb\Application\Admin\Controller\UploaderController.class.php 第 4 行.
NOTIC: [2] include(): Failed opening 'exif.php' for inclusion (include_path='.;C:\php\pear') C:\BUPT\PHP\WAMPserver\www\jcweb\Application\Admin\Controller\UploaderController.class.php 第 4 行.
SQL: SHOW COLUMNS FROM `common_system_user` [ RunTime:0.0181s ]
INFO: [ app_end ] --START--
INFO: Run Behavior\ShowPageTraceBehavior [ RunTime:0.000875s ]
INFO: [ app_end ] --END-- [ RunTime:0.001026s ]

[ 2019-03-09T09:54:31+08:00 ] 127.0.0.1 /admin/main/lunbo?de=B
INFO: [ app_init ] --START--
INFO: Run Behavior\BuildLiteBehavior [ RunTime:0.000025s ]
INFO: [ app_init ] --END-- [ RunTime:0.000498s ]
INFO: [ app_begin ] --START--
INFO: Run Behavior\ReadHtmlCacheBehavior [ RunTime:0.000528s ]
INFO: [ app_begin ] --END-- [ RunTime:0.000644s ]
SQL: SHOW COLUMNS FROM `common_system_user` [ RunTime:0.0105s ]
SQL: SHOW COLUMNS FROM `lab_image` [ RunTime:0.0083s ]
SQL: SELECT * FROM `lab_image` LIMIT 0,10   [ RunTime:0.0023s ]
SQL: SELECT COUNT(*) AS tp_count FROM `lab_image` LIMIT 1   [ RunTime:0.0021s ]
INFO: [ view_parse ] --START--
INFO: [ template_filter ] --START--
INFO: Run Behavior\ContentReplaceBehavior [ RunTime:0.000133s ]
INFO: [ template_filter ] --END-- [ RunTime:0.000235s ]
NOTIC: [8] Use of undefined constant B - assumed 'B' C:\BUPT\PHP\WAMPserver\www\jcweb\Application\Runtime\Cache\Admin\693fb95b42aef6a4f677611d1562b6e3.php 第 299 行.
NOTIC: [8] Undefined variable: centreno C:\BUPT\PHP\WAMPserver\www\jcweb\Application\Runtime\Cache\Admin\693fb95b42aef6a4f677611d1562b6e3.php 第 310 行.
NOTIC: [8] Use of undefined constant A - assumed 'A' C:\BUPT\PHP\WAMPserver\www\jcweb\Application\Runtime\Cache\Admin\693fb95b42aef6a4f677611d1562b6e3.php 第 316 行.
NOTIC: [8] Use of undefined constant B - assumed 'B' C:\BUPT\PHP\WAMPserver\www\jcweb\Application\Runtime\Cache\Admin\693fb95b42aef6a4f677611d1562b6e3.php 第 333 行.
INFO: Run Behavior\ParseTemplateBehavior [ RunTime:0.013762s ]
INFO: [ view_parse ] --END-- [ RunTime:0.013858s ]
INFO: [ view_filter ] --START--
INFO: Run Behavior\WriteHtmlCacheBehavior [ RunTime:0.000551s ]
INFO: [ view_filter ] --END-- [ RunTime:0.000636s ]
INFO: [ app_end ] --START--
INFO: Run Behavior\ShowPageTraceBehavior [ RunTime:0.000719s ]
INFO: [ app_end ] --END-- [ RunTime:0.000811s ]

[ 2019-03-09T09:54:31+08:00 ] 127.0.0.1 /index.php/Admin/Uploader/ueditor.html?action=config&&noCache=1552096471426
INFO: [ app_init ] --START--
INFO: Run Behavior\BuildLiteBehavior [ RunTime:0.000041s ]
INFO: [ app_init ] --END-- [ RunTime:0.000623s ]
INFO: [ app_begin ] --START--
INFO: Run Behavior\ReadHtmlCacheBehavior [ RunTime:0.000443s ]
INFO: [ app_begin ] --END-- [ RunTime:0.000541s ]
NOTIC: [2] include(exif.php): failed to open stream: No such file or directory C:\BUPT\PHP\WAMPserver\www\jcweb\Application\Admin\Controller\UploaderController.class.php 第 4 行.
NOTIC: [2] include(): Failed opening 'exif.php' for inclusion (include_path='.;C:\php\pear') C:\BUPT\PHP\WAMPserver\www\jcweb\Application\Admin\Controller\UploaderController.class.php 第 4 行.
SQL: SHOW COLUMNS FROM `common_system_user` [ RunTime:0.0117s ]
INFO: [ app_end ] --START--
INFO: Run Behavior\ShowPageTraceBehavior [ RunTime:0.000778s ]
INFO: [ app_end ] --END-- [ RunTime:0.000907s ]

[ 2019-03-09T10:01:01+08:00 ] 127.0.0.1 /admin/
INFO: [ app_init ] --START--
INFO: Run Behavior\BuildLiteBehavior [ RunTime:0.000020s ]
INFO: [ app_init ] --END-- [ RunTime:0.000425s ]
INFO: [ app_begin ] --START--
INFO: Run Behavior\ReadHtmlCacheBehavior [ RunTime:0.000602s ]
INFO: [ app_begin ] --END-- [ RunTime:0.000697s ]
SQL: SHOW COLUMNS FROM `common_system_user` [ RunTime:0.0109s ]
INFO: [ view_parse ] --START--
INFO: [ template_filter ] --START--
INFO: Run Behavior\ContentReplaceBehavior [ RunTime:0.000069s ]
INFO: [ template_filter ] --END-- [ RunTime:0.000162s ]
INFO: Run Behavior\ParseTemplateBehavior [ RunTime:0.007985s ]
INFO: [ view_parse ] --END-- [ RunTime:0.008093s ]
INFO: [ view_filter ] --START--
INFO: Run Behavior\WriteHtmlCacheBehavior [ RunTime:0.000522s ]
INFO: [ view_filter ] --END-- [ RunTime:0.000605s ]
INFO: [ app_end ] --START--
INFO: Run Behavior\ShowPageTraceBehavior [ RunTime:0.000660s ]
INFO: [ app_end ] --END-- [ RunTime:0.000751s ]

[ 2019-03-09T10:01:01+08:00 ] 127.0.0.1 /admin/main/index.html
INFO: [ app_init ] --START--
INFO: Run Behavior\BuildLiteBehavior [ RunTime:0.000019s ]
INFO: [ app_init ] --END-- [ RunTime:0.000360s ]
INFO: [ app_begin ] --START--
INFO: Run Behavior\ReadHtmlCacheBehavior [ RunTime:0.000437s ]
INFO: [ app_begin ] --END-- [ RunTime:0.000532s ]
SQL: SHOW COLUMNS FROM `common_system_user` [ RunTime:0.0069s ]
INFO: [ view_parse ] --START--
INFO: [ template_filter ] --START--
INFO: Run Behavior\ContentReplaceBehavior [ RunTime:0.000085s ]
INFO: [ template_filter ] --END-- [ RunTime:0.000175s ]
INFO: Run Behavior\ParseTemplateBehavior [ RunTime:0.009009s ]
INFO: [ view_parse ] --END-- [ RunTime:0.009120s ]
INFO: [ view_filter ] --START--
INFO: Run Behavior\WriteHtmlCacheBehavior [ RunTime:0.000531s ]
INFO: [ view_filter ] --END-- [ RunTime:0.000615s ]
INFO: [ app_end ] --START--
INFO: Run Behavior\ShowPageTraceBehavior [ RunTime:0.000691s ]
INFO: [ app_end ] --END-- [ RunTime:0.000785s ]

[ 2019-03-09T10:01:01+08:00 ] 127.0.0.1 /index.php/admin/auth/menu.html
INFO: [ app_init ] --START--
INFO: Run Behavior\BuildLiteBehavior [ RunTime:0.000019s ]
INFO: [ app_init ] --END-- [ RunTime:0.000417s ]
INFO: [ app_begin ] --START--
INFO: Run Behavior\ReadHtmlCacheBehavior [ RunTime:0.000614s ]
INFO: [ app_begin ] --END-- [ RunTime:0.000701s ]
SQL: SHOW COLUMNS FROM `common_system_user` [ RunTime:0.0089s ]
SQL: SHOW COLUMNS FROM `common_admin_nav` [ RunTime:0.0178s ]
SQL: SELECT `id`,`name`,pid as parentid,`url`,`status`,`addtime`,`disorder`,`path`,`icon` FROM `common_admin_nav` WHERE ( status=1 ) ORDER BY pid asc,disorder asc  [ RunTime:0.0029s ]
NOTIC: [2] strrchr() expects exactly 2 parameters, 1 given C:\BUPT\PHP\WAMPserver\www\jcweb\Application\Admin\Controller\AuthController.class.php 第 511 行.
NOTIC: [2] strrchr() expects exactly 2 parameters, 1 given C:\BUPT\PHP\WAMPserver\www\jcweb\Application\Admin\Controller\AuthController.class.php 第 511 行.
NOTIC: [2] strrchr() expects exactly 2 parameters, 1 given C:\BUPT\PHP\WAMPserver\www\jcweb\Application\Admin\Controller\AuthController.class.php 第 511 行.
NOTIC: [2] strrchr() expects exactly 2 parameters, 1 given C:\BUPT\PHP\WAMPserver\www\jcweb\Application\Admin\Controller\AuthController.class.php 第 511 行.
NOTIC: [2] strrchr() expects exactly 2 parameters, 1 given C:\BUPT\PHP\WAMPserver\www\jcweb\Application\Admin\Controller\AuthController.class.php 第 511 行.
NOTIC: [8] Undefined offset: 94 C:\BUPT\PHP\WAMPserver\www\jcweb\Application\Admin\Controller\AuthController.class.php 第 214 行.
NOTIC: [8] Undefined offset: 94 C:\BUPT\PHP\WAMPserver\www\jcweb\Application\Admin\Controller\AuthController.class.php 第 214 行.
NOTIC: [8] Undefined offset: 94 C:\BUPT\PHP\WAMPserver\www\jcweb\Application\Admin\Controller\AuthController.class.php 第 214 行.
NOTIC: [8] Undefined offset: 109 C:\BUPT\PHP\WAMPserver\www\jcweb\Application\Admin\Controller\AuthController.class.php 第 214 行.
NOTIC: [8] Undefined offset: 127 C:\BUPT\PHP\WAMPserver\www\jcweb\Application\Admin\Controller\AuthController.class.php 第 214 行.
NOTIC: [8] Undefined offset: 127 C:\BUPT\PHP\WAMPserver\www\jcweb\Application\Admin\Controller\AuthController.class.php 第 214 行.
NOTIC: [8] Undefined offset: 127 C:\BUPT\PHP\WAMPserver\www\jcweb\Application\Admin\Controller\AuthController.class.php 第 214 行.
NOTIC: [8] Undefined offset: 127 C:\BUPT\PHP\WAMPserver\www\jcweb\Application\Admin\Controller\AuthController.class.php 第 214 行.
NOTIC: [8] Undefined offset: 127 C:\BUPT\PHP\WAMPserver\www\jcweb\Application\Admin\Controller\AuthController.class.php 第 214 行.
NOTIC: [8] Undefined offset: 127 C:\BUPT\PHP\WAMPserver\www\jcweb\Application\Admin\Controller\AuthController.class.php 第 214 行.
NOTIC: [8] Undefined offset: 127 C:\BUPT\PHP\WAMPserver\www\jcweb\Application\Admin\Controller\AuthController.class.php 第 214 行.

[ 2019-03-09T10:01:01+08:00 ] 127.0.0.1 /index.php/Admin/Uploader/ueditor.html?action=config&&noCache=1552096861345
INFO: [ app_init ] --START--
INFO: Run Behavior\BuildLiteBehavior [ RunTime:0.000024s ]
INFO: [ app_init ] --END-- [ RunTime:0.000394s ]
INFO: [ app_begin ] --START--
INFO: Run Behavior\ReadHtmlCacheBehavior [ RunTime:0.000440s ]
INFO: [ app_begin ] --END-- [ RunTime:0.000536s ]
NOTIC: [2] include(exif.php): failed to open stream: No such file or directory C:\BUPT\PHP\WAMPserver\www\jcweb\Application\Admin\Controller\UploaderController.class.php 第 4 行.
NOTIC: [2] include(): Failed opening 'exif.php' for inclusion (include_path='.;C:\php\pear') C:\BUPT\PHP\WAMPserver\www\jcweb\Application\Admin\Controller\UploaderController.class.php 第 4 行.
SQL: SHOW COLUMNS FROM `common_system_user` [ RunTime:0.0107s ]
INFO: [ app_end ] --START--
INFO: Run Behavior\ShowPageTraceBehavior [ RunTime:0.000680s ]
INFO: [ app_end ] --END-- [ RunTime:0.000787s ]

[ 2019-03-09T10:01:02+08:00 ] 127.0.0.1 /admin/main/lunbo
INFO: [ app_init ] --START--
INFO: Run Behavior\BuildLiteBehavior [ RunTime:0.000035s ]
INFO: [ app_init ] --END-- [ RunTime:0.000377s ]
INFO: [ app_begin ] --START--
INFO: Run Behavior\ReadHtmlCacheBehavior [ RunTime:0.000442s ]
INFO: [ app_begin ] --END-- [ RunTime:0.000538s ]
SQL: SHOW COLUMNS FROM `common_system_user` [ RunTime:0.0108s ]
SQL: SHOW COLUMNS FROM `home_image` [ RunTime:0.0089s ]
SQL: SELECT * FROM `home_image` LIMIT 0,10   [ RunTime:0.0023s ]
SQL: SELECT COUNT(*) AS tp_count FROM `home_image` LIMIT 1   [ RunTime:0.0029s ]
INFO: [ view_parse ] --START--
INFO: [ template_filter ] --START--
INFO: Run Behavior\ContentReplaceBehavior [ RunTime:0.000451s ]
INFO: [ template_filter ] --END-- [ RunTime:0.000793s ]
NOTIC: [8] Use of undefined constant B - assumed 'B' C:\BUPT\PHP\WAMPserver\www\jcweb\Application\Runtime\Cache\Admin\693fb95b42aef6a4f677611d1562b6e3.php 第 299 行.
NOTIC: [8] Undefined variable: centreno C:\BUPT\PHP\WAMPserver\www\jcweb\Application\Runtime\Cache\Admin\693fb95b42aef6a4f677611d1562b6e3.php 第 310 行.
NOTIC: [8] Use of undefined constant A - assumed 'A' C:\BUPT\PHP\WAMPserver\www\jcweb\Application\Runtime\Cache\Admin\693fb95b42aef6a4f677611d1562b6e3.php 第 316 行.
NOTIC: [8] Use of undefined constant B - assumed 'B' C:\BUPT\PHP\WAMPserver\www\jcweb\Application\Runtime\Cache\Admin\693fb95b42aef6a4f677611d1562b6e3.php 第 333 行.
INFO: Run Behavior\ParseTemplateBehavior [ RunTime:0.036947s ]
INFO: [ view_parse ] --END-- [ RunTime:0.037048s ]
INFO: [ view_filter ] --START--
INFO: Run Behavior\WriteHtmlCacheBehavior [ RunTime:0.000531s ]
INFO: [ view_filter ] --END-- [ RunTime:0.000619s ]
INFO: [ app_end ] --START--
INFO: Run Behavior\ShowPageTraceBehavior [ RunTime:0.001384s ]
INFO: [ app_end ] --END-- [ RunTime:0.001486s ]

[ 2019-03-09T10:01:02+08:00 ] 127.0.0.1 /index.php/Admin/Uploader/ueditor.html?action=config&&noCache=1552096862481
INFO: [ app_init ] --START--
INFO: Run Behavior\BuildLiteBehavior [ RunTime:0.000021s ]
INFO: [ app_init ] --END-- [ RunTime:0.000372s ]
INFO: [ app_begin ] --START--
INFO: Run Behavior\ReadHtmlCacheBehavior [ RunTime:0.000574s ]
INFO: [ app_begin ] --END-- [ RunTime:0.000705s ]
NOTIC: [2] include(exif.php): failed to open stream: No such file or directory C:\BUPT\PHP\WAMPserver\www\jcweb\Application\Admin\Controller\UploaderController.class.php 第 4 行.
NOTIC: [2] include(): Failed opening 'exif.php' for inclusion (include_path='.;C:\php\pear') C:\BUPT\PHP\WAMPserver\www\jcweb\Application\Admin\Controller\UploaderController.class.php 第 4 行.
SQL: SHOW COLUMNS FROM `common_system_user` [ RunTime:0.0072s ]
INFO: [ app_end ] --START--
INFO: Run Behavior\ShowPageTraceBehavior [ RunTime:0.000860s ]
INFO: [ app_end ] --END-- [ RunTime:0.000993s ]

[ 2019-03-09T10:01:05+08:00 ] 127.0.0.1 /admin/
INFO: [ app_init ] --START--
INFO: Run Behavior\BuildLiteBehavior [ RunTime:0.000027s ]
INFO: [ app_init ] --END-- [ RunTime:0.000507s ]
INFO: [ app_begin ] --START--
INFO: Run Behavior\ReadHtmlCacheBehavior [ RunTime:0.000616s ]
INFO: [ app_begin ] --END-- [ RunTime:0.000758s ]
SQL: SHOW COLUMNS FROM `common_system_user` [ RunTime:0.0124s ]
INFO: [ view_parse ] --START--
INFO: [ template_filter ] --START--
INFO: Run Behavior\ContentReplaceBehavior [ RunTime:0.000139s ]
INFO: [ template_filter ] --END-- [ RunTime:0.000345s ]
INFO: Run Behavior\ParseTemplateBehavior [ RunTime:0.017283s ]
INFO: [ view_parse ] --END-- [ RunTime:0.017501s ]
INFO: [ view_filter ] --START--
INFO: Run Behavior\WriteHtmlCacheBehavior [ RunTime:0.001192s ]
INFO: [ view_filter ] --END-- [ RunTime:0.001382s ]
INFO: [ app_end ] --START--
INFO: Run Behavior\ShowPageTraceBehavior [ RunTime:0.001503s ]
INFO: [ app_end ] --END-- [ RunTime:0.001702s ]

[ 2019-03-09T10:01:05+08:00 ] 127.0.0.1 /admin/main/index.html
INFO: [ app_init ] --START--
INFO: Run Behavior\BuildLiteBehavior [ RunTime:0.000019s ]
INFO: [ app_init ] --END-- [ RunTime:0.000355s ]
INFO: [ app_begin ] --START--
INFO: Run Behavior\ReadHtmlCacheBehavior [ RunTime:0.000436s ]
INFO: [ app_begin ] --END-- [ RunTime:0.000531s ]
SQL: SHOW COLUMNS FROM `common_system_user` [ RunTime:0.0268s ]
INFO: [ view_parse ] --START--
INFO: [ template_filter ] --START--
INFO: Run Behavior\ContentReplaceBehavior [ RunTime:0.000088s ]
INFO: [ template_filter ] --END-- [ RunTime:0.000182s ]
INFO: Run Behavior\ParseTemplateBehavior [ RunTime:0.009172s ]
INFO: [ view_parse ] --END-- [ RunTime:0.009273s ]
INFO: [ view_filter ] --START--
INFO: Run Behavior\WriteHtmlCacheBehavior [ RunTime:0.000541s ]
INFO: [ view_filter ] --END-- [ RunTime:0.000624s ]
INFO: [ app_end ] --START--
INFO: Run Behavior\ShowPageTraceBehavior [ RunTime:0.000699s ]
INFO: [ app_end ] --END-- [ RunTime:0.000794s ]

[ 2019-03-09T10:01:05+08:00 ] 127.0.0.1 /index.php/admin/auth/menu.html
INFO: [ app_init ] --START--
INFO: Run Behavior\BuildLiteBehavior [ RunTime:0.000025s ]
INFO: [ app_init ] --END-- [ RunTime:0.000376s ]
INFO: [ app_begin ] --START--
INFO: Run Behavior\ReadHtmlCacheBehavior [ RunTime:0.000656s ]
INFO: [ app_begin ] --END-- [ RunTime:0.000841s ]
SQL: SHOW COLUMNS FROM `common_system_user` [ RunTime:0.0145s ]
SQL: SHOW COLUMNS FROM `common_admin_nav` [ RunTime:0.0081s ]
SQL: SELECT `id`,`name`,pid as parentid,`url`,`status`,`addtime`,`disorder`,`path`,`icon` FROM `common_admin_nav` WHERE ( status=1 ) ORDER BY pid asc,disorder asc  [ RunTime:0.0025s ]
NOTIC: [2] strrchr() expects exactly 2 parameters, 1 given C:\BUPT\PHP\WAMPserver\www\jcweb\Application\Admin\Controller\AuthController.class.php 第 511 行.
NOTIC: [2] strrchr() expects exactly 2 parameters, 1 given C:\BUPT\PHP\WAMPserver\www\jcweb\Application\Admin\Controller\AuthController.class.php 第 511 行.
NOTIC: [2] strrchr() expects exactly 2 parameters, 1 given C:\BUPT\PHP\WAMPserver\www\jcweb\Application\Admin\Controller\AuthController.class.php 第 511 行.
NOTIC: [2] strrchr() expects exactly 2 parameters, 1 given C:\BUPT\PHP\WAMPserver\www\jcweb\Application\Admin\Controller\AuthController.class.php 第 511 行.
NOTIC: [2] strrchr() expects exactly 2 parameters, 1 given C:\BUPT\PHP\WAMPserver\www\jcweb\Application\Admin\Controller\AuthController.class.php 第 511 行.
NOTIC: [8] Undefined offset: 94 C:\BUPT\PHP\WAMPserver\www\jcweb\Application\Admin\Controller\AuthController.class.php 第 214 行.
NOTIC: [8] Undefined offset: 94 C:\BUPT\PHP\WAMPserver\www\jcweb\Application\Admin\Controller\AuthController.class.php 第 214 行.
NOTIC: [8] Undefined offset: 94 C:\BUPT\PHP\WAMPserver\www\jcweb\Application\Admin\Controller\AuthController.class.php 第 214 行.
NOTIC: [8] Undefined offset: 109 C:\BUPT\PHP\WAMPserver\www\jcweb\Application\Admin\Controller\AuthController.class.php 第 214 行.
NOTIC: [8] Undefined offset: 127 C:\BUPT\PHP\WAMPserver\www\jcweb\Application\Admin\Controller\AuthController.class.php 第 214 行.
NOTIC: [8] Undefined offset: 127 C:\BUPT\PHP\WAMPserver\www\jcweb\Application\Admin\Controller\AuthController.class.php 第 214 行.
NOTIC: [8] Undefined offset: 127 C:\BUPT\PHP\WAMPserver\www\jcweb\Application\Admin\Controller\AuthController.class.php 第 214 行.
NOTIC: [8] Undefined offset: 127 C:\BUPT\PHP\WAMPserver\www\jcweb\Application\Admin\Controller\AuthController.class.php 第 214 行.
NOTIC: [8] Undefined offset: 127 C:\BUPT\PHP\WAMPserver\www\jcweb\Application\Admin\Controller\AuthController.class.php 第 214 行.
NOTIC: [8] Undefined offset: 127 C:\BUPT\PHP\WAMPserver\www\jcweb\Application\Admin\Controller\AuthController.class.php 第 214 行.
NOTIC: [8] Undefined offset: 127 C:\BUPT\PHP\WAMPserver\www\jcweb\Application\Admin\Controller\AuthController.class.php 第 214 行.

[ 2019-03-09T10:01:05+08:00 ] 127.0.0.1 /index.php/Admin/Uploader/ueditor.html?action=config&&noCache=1552096865482
INFO: [ app_init ] --START--
INFO: Run Behavior\BuildLiteBehavior [ RunTime:0.000021s ]
INFO: [ app_init ] --END-- [ RunTime:0.000429s ]
INFO: [ app_begin ] --START--
INFO: Run Behavior\ReadHtmlCacheBehavior [ RunTime:0.000618s ]
INFO: [ app_begin ] --END-- [ RunTime:0.000729s ]
NOTIC: [2] include(exif.php): failed to open stream: No such file or directory C:\BUPT\PHP\WAMPserver\www\jcweb\Application\Admin\Controller\UploaderController.class.php 第 4 行.
NOTIC: [2] include(): Failed opening 'exif.php' for inclusion (include_path='.;C:\php\pear') C:\BUPT\PHP\WAMPserver\www\jcweb\Application\Admin\Controller\UploaderController.class.php 第 4 行.
SQL: SHOW COLUMNS FROM `common_system_user` [ RunTime:0.0099s ]
INFO: [ app_end ] --START--
INFO: Run Behavior\ShowPageTraceBehavior [ RunTime:0.000954s ]
INFO: [ app_end ] --END-- [ RunTime:0.001101s ]

[ 2019-03-09T10:01:06+08:00 ] 127.0.0.1 /admin/main/lunbo
INFO: [ app_init ] --START--
INFO: Run Behavior\BuildLiteBehavior [ RunTime:0.000028s ]
INFO: [ app_init ] --END-- [ RunTime:0.000514s ]
INFO: [ app_begin ] --START--
INFO: Run Behavior\ReadHtmlCacheBehavior [ RunTime:0.000548s ]
INFO: [ app_begin ] --END-- [ RunTime:0.000670s ]
SQL: SHOW COLUMNS FROM `common_system_user` [ RunTime:0.0124s ]
SQL: SHOW COLUMNS FROM `home_image` [ RunTime:0.0086s ]
SQL: SELECT * FROM `home_image` LIMIT 0,10   [ RunTime:0.0023s ]
SQL: SELECT COUNT(*) AS tp_count FROM `home_image` LIMIT 1   [ RunTime:0.0022s ]
INFO: [ view_parse ] --START--
INFO: [ template_filter ] --START--
INFO: Run Behavior\ContentReplaceBehavior [ RunTime:0.000121s ]
INFO: [ template_filter ] --END-- [ RunTime:0.000210s ]
NOTIC: [8] Use of undefined constant B - assumed 'B' C:\BUPT\PHP\WAMPserver\www\jcweb\Application\Runtime\Cache\Admin\693fb95b42aef6a4f677611d1562b6e3.php 第 299 行.
NOTIC: [8] Undefined variable: centreno C:\BUPT\PHP\WAMPserver\www\jcweb\Application\Runtime\Cache\Admin\693fb95b42aef6a4f677611d1562b6e3.php 第 310 行.
NOTIC: [8] Use of undefined constant A - assumed 'A' C:\BUPT\PHP\WAMPserver\www\jcweb\Application\Runtime\Cache\Admin\693fb95b42aef6a4f677611d1562b6e3.php 第 316 行.
NOTIC: [8] Use of undefined constant B - assumed 'B' C:\BUPT\PHP\WAMPserver\www\jcweb\Application\Runtime\Cache\Admin\693fb95b42aef6a4f677611d1562b6e3.php 第 333 行.
INFO: Run Behavior\ParseTemplateBehavior [ RunTime:0.014083s ]
INFO: [ view_parse ] --END-- [ RunTime:0.014181s ]
INFO: [ view_filter ] --START--
INFO: Run Behavior\WriteHtmlCacheBehavior [ RunTime:0.000547s ]
INFO: [ view_filter ] --END-- [ RunTime:0.000630s ]
INFO: [ app_end ] --START--
INFO: Run Behavior\ShowPageTraceBehavior [ RunTime:0.001080s ]
INFO: [ app_end ] --END-- [ RunTime:0.001213s ]

[ 2019-03-09T10:01:06+08:00 ] 127.0.0.1 /index.php/Admin/Uploader/ueditor.html?action=config&&noCache=1552096866539
INFO: [ app_init ] --START--
INFO: Run Behavior\BuildLiteBehavior [ RunTime:0.000021s ]
INFO: [ app_init ] --END-- [ RunTime:0.000364s ]
INFO: [ app_begin ] --START--
INFO: Run Behavior\ReadHtmlCacheBehavior [ RunTime:0.000438s ]
INFO: [ app_begin ] --END-- [ RunTime:0.000540s ]
NOTIC: [2] include(exif.php): failed to open stream: No such file or directory C:\BUPT\PHP\WAMPserver\www\jcweb\Application\Admin\Controller\UploaderController.class.php 第 4 行.
NOTIC: [2] include(): Failed opening 'exif.php' for inclusion (include_path='.;C:\php\pear') C:\BUPT\PHP\WAMPserver\www\jcweb\Application\Admin\Controller\UploaderController.class.php 第 4 行.
SQL: SHOW COLUMNS FROM `common_system_user` [ RunTime:0.0064s ]
INFO: [ app_end ] --START--
INFO: Run Behavior\ShowPageTraceBehavior [ RunTime:0.000830s ]
INFO: [ app_end ] --END-- [ RunTime:0.000975s ]

[ 2019-03-09T10:01:10+08:00 ] 127.0.0.1 /admin/main/lunbo
INFO: [ app_init ] --START--
INFO: Run Behavior\BuildLiteBehavior [ RunTime:0.000024s ]
INFO: [ app_init ] --END-- [ RunTime:0.000431s ]
INFO: [ app_begin ] --START--
INFO: Run Behavior\ReadHtmlCacheBehavior [ RunTime:0.000460s ]
INFO: [ app_begin ] --END-- [ RunTime:0.000559s ]
SQL: SHOW COLUMNS FROM `common_system_user` [ RunTime:0.0193s ]
SQL: SHOW COLUMNS FROM `home_image` [ RunTime:0.0187s ]
SQL: SELECT * FROM `home_image` LIMIT 0,10   [ RunTime:0.0026s ]
SQL: SELECT COUNT(*) AS tp_count FROM `home_image` LIMIT 1   [ RunTime:0.0024s ]
INFO: [ view_parse ] --START--
INFO: [ template_filter ] --START--
INFO: Run Behavior\ContentReplaceBehavior [ RunTime:0.000509s ]
INFO: [ template_filter ] --END-- [ RunTime:0.000887s ]
NOTIC: [8] Use of undefined constant B - assumed 'B' C:\BUPT\PHP\WAMPserver\www\jcweb\Application\Runtime\Cache\Admin\693fb95b42aef6a4f677611d1562b6e3.php 第 299 行.
NOTIC: [8] Undefined variable: centreno C:\BUPT\PHP\WAMPserver\www\jcweb\Application\Runtime\Cache\Admin\693fb95b42aef6a4f677611d1562b6e3.php 第 310 行.
NOTIC: [8] Use of undefined constant A - assumed 'A' C:\BUPT\PHP\WAMPserver\www\jcweb\Application\Runtime\Cache\Admin\693fb95b42aef6a4f677611d1562b6e3.php 第 316 行.
NOTIC: [8] Use of undefined constant B - assumed 'B' C:\BUPT\PHP\WAMPserver\www\jcweb\Application\Runtime\Cache\Admin\693fb95b42aef6a4f677611d1562b6e3.php 第 333 行.
INFO: Run Behavior\ParseTemplateBehavior [ RunTime:0.041959s ]
INFO: [ view_parse ] --END-- [ RunTime:0.042113s ]
INFO: [ view_filter ] --START--
INFO: Run Behavior\WriteHtmlCacheBehavior [ RunTime:0.000934s ]
INFO: [ view_filter ] --END-- [ RunTime:0.001077s ]
INFO: [ app_end ] --START--
INFO: Run Behavior\ShowPageTraceBehavior [ RunTime:0.001920s ]
INFO: [ app_end ] --END-- [ RunTime:0.002122s ]

[ 2019-03-09T10:01:10+08:00 ] 127.0.0.1 /index.php/Admin/Uploader/ueditor.html?action=config&&noCache=1552096870405
INFO: [ app_init ] --START--
INFO: Run Behavior\BuildLiteBehavior [ RunTime:0.000020s ]
INFO: [ app_init ] --END-- [ RunTime:0.000365s ]
INFO: [ app_begin ] --START--
INFO: Run Behavior\ReadHtmlCacheBehavior [ RunTime:0.000649s ]
INFO: [ app_begin ] --END-- [ RunTime:0.000824s ]
NOTIC: [2] include(exif.php): failed to open stream: No such file or directory C:\BUPT\PHP\WAMPserver\www\jcweb\Application\Admin\Controller\UploaderController.class.php 第 4 行.
NOTIC: [2] include(): Failed opening 'exif.php' for inclusion (include_path='.;C:\php\pear') C:\BUPT\PHP\WAMPserver\www\jcweb\Application\Admin\Controller\UploaderController.class.php 第 4 行.
SQL: SHOW COLUMNS FROM `common_system_user` [ RunTime:0.0097s ]
INFO: [ app_end ] --START--
INFO: Run Behavior\ShowPageTraceBehavior [ RunTime:0.000672s ]
INFO: [ app_end ] --END-- [ RunTime:0.000780s ]

[ 2019-03-09T10:01:11+08:00 ] 127.0.0.1 /admin/main/lunbo?de=B
INFO: [ app_init ] --START--
INFO: Run Behavior\BuildLiteBehavior [ RunTime:0.000027s ]
INFO: [ app_init ] --END-- [ RunTime:0.000497s ]
INFO: [ app_begin ] --START--
INFO: Run Behavior\ReadHtmlCacheBehavior [ RunTime:0.000616s ]
INFO: [ app_begin ] --END-- [ RunTime:0.000750s ]
SQL: SHOW COLUMNS FROM `common_system_user` [ RunTime:0.0063s ]
SQL: SHOW COLUMNS FROM `lab_image` [ RunTime:0.0101s ]
SQL: SELECT * FROM `lab_image` LIMIT 0,10   [ RunTime:0.0027s ]
SQL: SELECT COUNT(*) AS tp_count FROM `lab_image` LIMIT 1   [ RunTime:0.0021s ]
INFO: [ view_parse ] --START--
INFO: [ template_filter ] --START--
INFO: Run Behavior\ContentReplaceBehavior [ RunTime:0.000124s ]
INFO: [ template_filter ] --END-- [ RunTime:0.000215s ]
NOTIC: [8] Use of undefined constant B - assumed 'B' C:\BUPT\PHP\WAMPserver\www\jcweb\Application\Runtime\Cache\Admin\693fb95b42aef6a4f677611d1562b6e3.php 第 299 行.
NOTIC: [8] Undefined variable: centreno C:\BUPT\PHP\WAMPserver\www\jcweb\Application\Runtime\Cache\Admin\693fb95b42aef6a4f677611d1562b6e3.php 第 310 行.
NOTIC: [8] Use of undefined constant A - assumed 'A' C:\BUPT\PHP\WAMPserver\www\jcweb\Application\Runtime\Cache\Admin\693fb95b42aef6a4f677611d1562b6e3.php 第 316 行.
NOTIC: [8] Use of undefined constant B - assumed 'B' C:\BUPT\PHP\WAMPserver\www\jcweb\Application\Runtime\Cache\Admin\693fb95b42aef6a4f677611d1562b6e3.php 第 333 行.
INFO: Run Behavior\ParseTemplateBehavior [ RunTime:0.014199s ]
INFO: [ view_parse ] --END-- [ RunTime:0.014292s ]
INFO: [ view_filter ] --START--
INFO: Run Behavior\WriteHtmlCacheBehavior [ RunTime:0.000576s ]
INFO: [ view_filter ] --END-- [ RunTime:0.000660s ]
INFO: [ app_end ] --START--
INFO: Run Behavior\ShowPageTraceBehavior [ RunTime:0.001054s ]
INFO: [ app_end ] --END-- [ RunTime:0.001186s ]

[ 2019-03-09T10:01:11+08:00 ] 127.0.0.1 /index.php/Admin/Uploader/ueditor.html?action=config&&noCache=1552096871464
INFO: [ app_init ] --START--
INFO: Run Behavior\BuildLiteBehavior [ RunTime:0.000037s ]
INFO: [ app_init ] --END-- [ RunTime:0.000498s ]
INFO: [ app_begin ] --START--
INFO: Run Behavior\ReadHtmlCacheBehavior [ RunTime:0.000556s ]
INFO: [ app_begin ] --END-- [ RunTime:0.000703s ]
NOTIC: [2] include(exif.php): failed to open stream: No such file or directory C:\BUPT\PHP\WAMPserver\www\jcweb\Application\Admin\Controller\UploaderController.class.php 第 4 行.
NOTIC: [2] include(): Failed opening 'exif.php' for inclusion (include_path='.;C:\php\pear') C:\BUPT\PHP\WAMPserver\www\jcweb\Application\Admin\Controller\UploaderController.class.php 第 4 行.
SQL: SHOW COLUMNS FROM `common_system_user` [ RunTime:0.0085s ]
INFO: [ app_end ] --START--
INFO: Run Behavior\ShowPageTraceBehavior [ RunTime:0.000741s ]
INFO: [ app_end ] --END-- [ RunTime:0.000853s ]

[ 2019-03-09T10:01:13+08:00 ] 127.0.0.1 /admin/auth/navlist
INFO: [ app_init ] --START--
INFO: Run Behavior\BuildLiteBehavior [ RunTime:0.000047s ]
INFO: [ app_init ] --END-- [ RunTime:0.000597s ]
INFO: [ app_begin ] --START--
INFO: Run Behavior\ReadHtmlCacheBehavior [ RunTime:0.000635s ]
INFO: [ app_begin ] --END-- [ RunTime:0.000769s ]
SQL: SHOW COLUMNS FROM `common_system_user` [ RunTime:0.0106s ]
SQL: SHOW COLUMNS FROM `common_admin_nav` [ RunTime:0.0083s ]
SQL: SELECT `id`,`name`,pid as parentid,`url`,`status`,`addtime`,`disorder`,`path` FROM `common_admin_nav` ORDER BY pid asc,disorder asc  [ RunTime:0.0028s ]
NOTIC: [8] Undefined offset: 94 C:\BUPT\PHP\WAMPserver\www\jcweb\Application\Admin\Controller\AuthController.class.php 第 214 行.
NOTIC: [8] Undefined offset: 94 C:\BUPT\PHP\WAMPserver\www\jcweb\Application\Admin\Controller\AuthController.class.php 第 214 行.
NOTIC: [8] Undefined offset: 94 C:\BUPT\PHP\WAMPserver\www\jcweb\Application\Admin\Controller\AuthController.class.php 第 214 行.
NOTIC: [8] Undefined offset: 109 C:\BUPT\PHP\WAMPserver\www\jcweb\Application\Admin\Controller\AuthController.class.php 第 214 行.
NOTIC: [8] Undefined offset: 127 C:\BUPT\PHP\WAMPserver\www\jcweb\Application\Admin\Controller\AuthController.class.php 第 214 行.
NOTIC: [8] Undefined offset: 127 C:\BUPT\PHP\WAMPserver\www\jcweb\Application\Admin\Controller\AuthController.class.php 第 214 行.
NOTIC: [8] Undefined offset: 127 C:\BUPT\PHP\WAMPserver\www\jcweb\Application\Admin\Controller\AuthController.class.php 第 214 行.
NOTIC: [8] Undefined offset: 127 C:\BUPT\PHP\WAMPserver\www\jcweb\Application\Admin\Controller\AuthController.class.php 第 214 行.
NOTIC: [8] Undefined offset: 127 C:\BUPT\PHP\WAMPserver\www\jcweb\Application\Admin\Controller\AuthController.class.php 第 214 行.
NOTIC: [8] Undefined offset: 127 C:\BUPT\PHP\WAMPserver\www\jcweb\Application\Admin\Controller\AuthController.class.php 第 214 行.
NOTIC: [8] Undefined offset: 127 C:\BUPT\PHP\WAMPserver\www\jcweb\Application\Admin\Controller\AuthController.class.php 第 214 行.
INFO: [ view_parse ] --START--
INFO: [ template_filter ] --START--
INFO: Run Behavior\ContentReplaceBehavior [ RunTime:0.000134s ]
INFO: [ template_filter ] --END-- [ RunTime:0.000230s ]
INFO: Run Behavior\ParseTemplateBehavior [ RunTime:0.016839s ]
INFO: [ view_parse ] --END-- [ RunTime:0.016941s ]
INFO: [ view_filter ] --START--
INFO: Run Behavior\WriteHtmlCacheBehavior [ RunTime:0.000529s ]
INFO: [ view_filter ] --END-- [ RunTime:0.000612s ]
INFO: [ app_end ] --START--
INFO: Run Behavior\ShowPageTraceBehavior [ RunTime:0.000702s ]
INFO: [ app_end ] --END-- [ RunTime:0.000807s ]

[ 2019-03-09T10:01:13+08:00 ] 127.0.0.1 /index.php/Admin/Uploader/ueditor.html?action=config&&noCache=1552096873720
INFO: [ app_init ] --START--
INFO: Run Behavior\BuildLiteBehavior [ RunTime:0.000020s ]
INFO: [ app_init ] --END-- [ RunTime:0.000358s ]
INFO: [ app_begin ] --START--
INFO: Run Behavior\ReadHtmlCacheBehavior [ RunTime:0.000669s ]
INFO: [ app_begin ] --END-- [ RunTime:0.000822s ]
NOTIC: [2] include(exif.php): failed to open stream: No such file or directory C:\BUPT\PHP\WAMPserver\www\jcweb\Application\Admin\Controller\UploaderController.class.php 第 4 行.
NOTIC: [2] include(): Failed opening 'exif.php' for inclusion (include_path='.;C:\php\pear') C:\BUPT\PHP\WAMPserver\www\jcweb\Application\Admin\Controller\UploaderController.class.php 第 4 行.
SQL: SHOW COLUMNS FROM `common_system_user` [ RunTime:0.0063s ]
INFO: [ app_end ] --START--
INFO: Run Behavior\ShowPageTraceBehavior [ RunTime:0.000683s ]
INFO: [ app_end ] --END-- [ RunTime:0.000791s ]

